============================================================
   Tang Dynasty, V5.6.71036
      Copyright (c) 2012-2023 Anlogic Inc.
   Executable = D:/1.career/Anlogic/TD5.6.2/bin/td.exe
   Built at =   20:34:38 Mar 21 2023
   Run by =     tamochi
   Run Date =   Wed Oct 29 17:15:06 2025

   Run on =     TAMOWIN
============================================================
RUN-1002 : start command "open_project ES8388.prj"
RUN-1001 : Print Global Property
RUN-1001 : ---------------------------------------------------------------
RUN-1001 :        Parameters        |  Settings  |  Default Values  |  Note  
RUN-1001 : ---------------------------------------------------------------
RUN-1001 :          message         |  standard  |     standard     |        
RUN-1001 :   mixed_pack_place_flow  |     on     |        on        |        
RUN-1001 :        qor_monitor       |    off     |       off        |        
RUN-1001 :        syn_ip_flow       |    off     |       off        |        
RUN-1001 :          thread          |    auto    |       auto       |        
RUN-1001 : ---------------------------------------------------------------
RUN-1001 : Print Design Property
RUN-1001 : --------------------------------------------------------------
RUN-1001 :        Parameters       |  Settings  |  Default Values  |  Note  
RUN-1001 : --------------------------------------------------------------
RUN-1001 :   default_reg_initial   |    auto    |       auto       |        
RUN-1001 :        infer_add        |     on     |        on        |        
RUN-1001 :        infer_fsm        |    off     |       off        |        
RUN-1001 :        infer_mult       |     on     |        on        |        
RUN-1001 :        infer_ram        |     on     |        on        |        
RUN-1001 :        infer_reg        |     on     |        on        |        
RUN-1001 :   infer_reg_init_value  |     on     |        on        |        
RUN-1001 :        infer_rom        |     on     |        on        |        
RUN-1001 :      infer_shifter      |     on     |        on        |        
RUN-1001 : --------------------------------------------------------------
RUN-1001 : Print Rtl Property
RUN-1001 : --------------------------------------------------------------
RUN-1001 :        Parameters       |  Settings  |  Default Values  |  Note  
RUN-1001 : --------------------------------------------------------------
RUN-1001 :       compress_add      |   ripple   |      ripple      |        
RUN-1001 :        elf_sload        |    off     |       off        |        
RUN-1001 :       fix_undriven      |     0      |        0         |        
RUN-1001 :         flatten         |    off     |       off        |        
RUN-1001 :       gate_sharing      |     on     |        on        |        
RUN-1001 :    hdl_warning_level    |   normal   |      normal      |        
RUN-1001 :   impl_internal_tribuf  |     on     |        on        |        
RUN-1001 :      impl_set_reset     |     on     |        on        |        
RUN-1001 :        infer_gsr        |    off     |       off        |        
RUN-1001 :      keep_hierarchy     |    auto    |       auto       |        
RUN-1001 :        max_fanout       |    9999    |       9999       |        
RUN-1001 :      max_oh2bin_len     |     10     |        10        |        
RUN-1001 :       merge_equal       |     on     |        on        |        
RUN-1001 :       merge_equiv       |     on     |        on        |        
RUN-1001 :        merge_mux        |    off     |       off        |        
RUN-1001 :     min_control_set     |     8      |        8         |        
RUN-1001 :      min_ripple_len     |    auto    |       auto       |        
RUN-1001 :       oh2bin_ratio      |    0.08    |       0.08       |        
RUN-1001 :     opt_adder_fanout    |     on     |        on        |        
RUN-1001 :        opt_arith        |     on     |        on        |        
RUN-1001 :       opt_big_gate      |    off     |       off        |        
RUN-1001 :        opt_const        |     on     |        on        |        
RUN-1001 :      opt_const_mult     |     on     |        on        |        
RUN-1001 :       opt_lessthan      |     on     |        on        |        
RUN-1001 :         opt_mux         |    off     |       off        |        
RUN-1001 :         opt_ram         |    high    |       high       |        
RUN-1001 :      rtl_sim_model      |    off     |       off        |        
RUN-1001 :         seq_syn         |     on     |        on        |        
RUN-1001 : --------------------------------------------------------------
HDL-1007 : analyze verilog file ../../al_ip/clk_wiz_0.v
HDL-1007 : undeclared symbol 'open', assumed default net type 'wire' in ../../al_ip/clk_wiz_0.v(80)
HDL-1007 : analyze verilog file ../../../RTL/audio_receive.v
HDL-1007 : analyze verilog file ../../../RTL/audio_send.v
HDL-1007 : analyze verilog file ../../../RTL/audio_speak.v
HDL-1007 : undeclared symbol 'chipwatcherclk', assumed default net type 'wire' in ../../../RTL/audio_speak.v(47)
HDL-1007 : analyze verilog file ../../../RTL/es8388_config.v
HDL-1007 : analyze verilog file ../../../RTL/es8388_ctrl.v
HDL-1007 : analyze verilog file ../../../RTL/i2c_dri.v
HDL-1007 : analyze verilog file ../../../RTL/i2c_reg_cfg.v
RUN-1001 : Project manager successfully analyzed 8 source files.
RUN-1002 : start command "import_device eagle_s20.db -package EG4S20BG256"
ARC-1001 : Device Initialization.
ARC-1001 : ------------------------------------------------------------------
ARC-1001 :            OPTION            |          IO          |   SETTING   
ARC-1001 : ------------------------------------------------------------------
ARC-1001 :   cso_b/cclk/mosi/miso/dout  |  T3/R11/T10/P10/S11  |    gpio    
ARC-1001 :             done             |         P13          |    gpio    
ARC-1001 :           program_b          |          T2          |  dedicate  
ARC-1001 :        tdi/tms/tck/tdo       |   C12/A15/C14/E14    |  dedicate  
ARC-1001 : ------------------------------------------------------------------
ARC-1004 : Device setting, marked 5 dedicate IOs in total.
RUN-1002 : start command "elaborate -top audio_speak"
RUN-1001 : Print Design Property
RUN-1001 : --------------------------------------------------------------
RUN-1001 :        Parameters       |  Settings  |  Default Values  |  Note  
RUN-1001 : --------------------------------------------------------------
RUN-1001 :   default_reg_initial   |    auto    |       auto       |        
RUN-1001 :        infer_add        |     on     |        on        |        
RUN-1001 :        infer_fsm        |    off     |       off        |        
RUN-1001 :        infer_mult       |     on     |        on        |        
RUN-1001 :        infer_ram        |     on     |        on        |        
RUN-1001 :        infer_reg        |     on     |        on        |        
RUN-1001 :   infer_reg_init_value  |     on     |        on        |        
RUN-1001 :        infer_rom        |     on     |        on        |        
RUN-1001 :      infer_shifter      |     on     |        on        |        
RUN-1001 : --------------------------------------------------------------
RUN-1001 : Print Rtl Property
RUN-1001 : --------------------------------------------------------------
RUN-1001 :        Parameters       |  Settings  |  Default Values  |  Note  
RUN-1001 : --------------------------------------------------------------
RUN-1001 :       compress_add      |   ripple   |      ripple      |        
RUN-1001 :        elf_sload        |    off     |       off        |        
RUN-1001 :       fix_undriven      |     0      |        0         |        
RUN-1001 :         flatten         |    off     |       off        |        
RUN-1001 :       gate_sharing      |     on     |        on        |        
RUN-1001 :    hdl_warning_level    |   normal   |      normal      |        
RUN-1001 :   impl_internal_tribuf  |     on     |        on        |        
RUN-1001 :      impl_set_reset     |     on     |        on        |        
RUN-1001 :        infer_gsr        |    off     |       off        |        
RUN-1001 :      keep_hierarchy     |    auto    |       auto       |        
RUN-1001 :        max_fanout       |    9999    |       9999       |        
RUN-1001 :      max_oh2bin_len     |     10     |        10        |        
RUN-1001 :       merge_equal       |     on     |        on        |        
RUN-1001 :       merge_equiv       |     on     |        on        |        
RUN-1001 :        merge_mux        |    off     |       off        |        
RUN-1001 :     min_control_set     |     8      |        8         |        
RUN-1001 :      min_ripple_len     |    auto    |       auto       |        
RUN-1001 :       oh2bin_ratio      |    0.08    |       0.08       |        
RUN-1001 :     opt_adder_fanout    |     on     |        on        |        
RUN-1001 :        opt_arith        |     on     |        on        |        
RUN-1001 :       opt_big_gate      |    off     |       off        |        
RUN-1001 :        opt_const        |     on     |        on        |        
RUN-1001 :      opt_const_mult     |     on     |        on        |        
RUN-1001 :       opt_lessthan      |     on     |        on        |        
RUN-1001 :         opt_mux         |    off     |       off        |        
RUN-1001 :         opt_ram         |    high    |       high       |        
RUN-1001 :      rtl_sim_model      |    off     |       off        |        
RUN-1001 :         seq_syn         |     on     |        on        |        
RUN-1001 : --------------------------------------------------------------
RUN-1001 : Print Global Property
RUN-1001 : ---------------------------------------------------------------
RUN-1001 :        Parameters        |  Settings  |  Default Values  |  Note  
RUN-1001 : ---------------------------------------------------------------
RUN-1001 :          message         |  standard  |     standard     |        
RUN-1001 :   mixed_pack_place_flow  |     on     |        on        |        
RUN-1001 :        qor_monitor       |    off     |       off        |        
RUN-1001 :        syn_ip_flow       |    off     |       off        |        
RUN-1001 :          thread          |    auto    |       auto       |        
RUN-1001 : ---------------------------------------------------------------
RUN-1001 : Print Design Property
RUN-1001 : --------------------------------------------------------------
RUN-1001 :        Parameters       |  Settings  |  Default Values  |  Note  
RUN-1001 : --------------------------------------------------------------
RUN-1001 :   default_reg_initial   |    auto    |       auto       |        
RUN-1001 :        infer_add        |     on     |        on        |        
RUN-1001 :        infer_fsm        |    off     |       off        |        
RUN-1001 :        infer_mult       |     on     |        on        |        
RUN-1001 :        infer_ram        |     on     |        on        |        
RUN-1001 :        infer_reg        |     on     |        on        |        
RUN-1001 :   infer_reg_init_value  |     on     |        on        |        
RUN-1001 :        infer_rom        |     on     |        on        |        
RUN-1001 :      infer_shifter      |     on     |        on        |        
RUN-1001 : --------------------------------------------------------------
HDL-1007 : elaborate module audio_speak in ../../../RTL/audio_speak.v(1)
HDL-1007 : elaborate module clk_wiz_0 in ../../al_ip/clk_wiz_0.v(23)
HDL-1007 : elaborate module EG_LOGIC_BUFG in D:/1.career/Anlogic/TD5.6.2/arch/eagle_macro.v(8)
HDL-1007 : elaborate module EG_PHY_PLL(FIN="50.000",FBCLK_DIV=4,CLKC0_DIV=4,CLKC1_DIV=65,CLKC0_ENABLE="ENABLE",CLKC1_ENABLE="ENABLE",FEEDBK_PATH="CLKC0_EXT",CLKC0_CPHASE=3,CLKC1_CPHASE=64,GMC_GAIN=4,ICP_CURRENT=13,KVCO=4,LPF_CAPACITOR=1,LPF_RESISTOR=4,SYNC_ENABLE="DISABLE") in D:/1.career/Anlogic/TD5.6.2/arch/eagle_macro.v(930)
HDL-1007 : elaborate module es8388_ctrl in ../../../RTL/es8388_ctrl.v(1)
HDL-1007 : elaborate module es8388_config(WL=6'b011000) in ../../../RTL/es8388_config.v(3)
HDL-1007 : elaborate module i2c_reg_cfg(WL=6'b011000) in ../../../RTL/i2c_reg_cfg.v(1)
HDL-1007 : elaborate module i2c_dri in ../../../RTL/i2c_dri.v(1)
HDL-5007 WARNING: actual bit length 8 differs from formal bit length 16 for port 'i2c_addr' in ../../../RTL/es8388_config.v(59)
HDL-1007 : elaborate module audio_receive(WL=6'b011000) in ../../../RTL/audio_receive.v(1)
HDL-1007 : elaborate module audio_send(WL=6'b011000) in ../../../RTL/audio_send.v(1)
HDL-1200 : Current top model is audio_speak
HDL-1100 : Inferred 0 RAMs.
RUN-1002 : start command "export_db ES8388_elaborate.db"
RUN-1001 : Exported /
RUN-1001 : Exported flow parameters
RUN-1001 : Exported libs
RUN-1001 : Exported entities
RUN-1001 : Exported ports
RUN-1001 : Exported pins
RUN-1001 : Exported instances
RUN-1001 : Exported nets
RUN-1001 : Exported buses
RUN-1001 : Exported models
RUN-1001 : Exported congestions
RUN-1001 : Exported violations
RUN-1001 : Exported IO constraints
RUN-1001 : Exported Inst constraints
RUN-1002 : start command "read_adc ../../ES8388.adc"
RUN-1002 : start command "set_pin_assignment  aud_adcdat   LOCATION = R14; "
RUN-1002 : start command "set_pin_assignment  aud_bclk   LOCATION = M6; "
RUN-1002 : start command "set_pin_assignment  aud_dacdat   LOCATION = P6; "
RUN-1002 : start command "set_pin_assignment  aud_lrc   LOCATION = M7; "
RUN-1002 : start command "set_pin_assignment  aud_mclk   LOCATION = N5; "
RUN-1002 : start command "set_pin_assignment  aud_scl   LOCATION = R12; "
RUN-1002 : start command "set_pin_assignment  aud_sda   LOCATION = R9; "
RUN-1002 : start command "set_pin_assignment  ilaclk   LOCATION = T5; "
RUN-1002 : start command "set_pin_assignment  led   LOCATION = B14; "
RUN-1002 : start command "set_pin_assignment  sys_clk   LOCATION = R7; "
RUN-1002 : start command "set_pin_assignment  sys_rst_n   LOCATION = A9; "
RUN-1002 : start command "set_pin_assignment  volume[0]   LOCATION = A10; "
RUN-1002 : start command "set_pin_assignment  volume[1]   LOCATION = B10; "
RUN-1001 : Starting of IO setups legality check.
RUN-1001 : Starting of IO setups legality check.
RUN-1001 : Starting of IO vref setups legality check.
RUN-1002 : start command "optimize_rtl"
RUN-1001 : Open license file D:/1.career/Anlogic/TD5.6.2/license/Anlogic.lic
RUN-1001 : Print Global Property
RUN-1001 : ---------------------------------------------------------------
RUN-1001 :        Parameters        |  Settings  |  Default Values  |  Note  
RUN-1001 : ---------------------------------------------------------------
RUN-1001 :          message         |  standard  |     standard     |        
RUN-1001 :   mixed_pack_place_flow  |     on     |        on        |        
RUN-1001 :        qor_monitor       |    off     |       off        |        
RUN-1001 :        syn_ip_flow       |    off     |       off        |        
RUN-1001 :          thread          |    auto    |       auto       |        
RUN-1001 : ---------------------------------------------------------------
RUN-1001 : Print Rtl Property
RUN-1001 : --------------------------------------------------------------
RUN-1001 :        Parameters       |  Settings  |  Default Values  |  Note  
RUN-1001 : --------------------------------------------------------------
RUN-1001 :       compress_add      |   ripple   |      ripple      |        
RUN-1001 :        elf_sload        |    off     |       off        |        
RUN-1001 :       fix_undriven      |     0      |        0         |        
RUN-1001 :         flatten         |    off     |       off        |        
RUN-1001 :       gate_sharing      |     on     |        on        |        
RUN-1001 :    hdl_warning_level    |   normal   |      normal      |        
RUN-1001 :   impl_internal_tribuf  |     on     |        on        |        
RUN-1001 :      impl_set_reset     |     on     |        on        |        
RUN-1001 :        infer_gsr        |    off     |       off        |        
RUN-1001 :      keep_hierarchy     |    auto    |       auto       |        
RUN-1001 :        max_fanout       |    9999    |       9999       |        
RUN-1001 :      max_oh2bin_len     |     10     |        10        |        
RUN-1001 :       merge_equal       |     on     |        on        |        
RUN-1001 :       merge_equiv       |     on     |        on        |        
RUN-1001 :        merge_mux        |    off     |       off        |        
RUN-1001 :     min_control_set     |     8      |        8         |        
RUN-1001 :      min_ripple_len     |    auto    |       auto       |        
RUN-1001 :       oh2bin_ratio      |    0.08    |       0.08       |        
RUN-1001 :     opt_adder_fanout    |     on     |        on        |        
RUN-1001 :        opt_arith        |     on     |        on        |        
RUN-1001 :       opt_big_gate      |    off     |       off        |        
RUN-1001 :        opt_const        |     on     |        on        |        
RUN-1001 :      opt_const_mult     |     on     |        on        |        
RUN-1001 :       opt_lessthan      |     on     |        on        |        
RUN-1001 :         opt_mux         |    off     |       off        |        
RUN-1001 :         opt_ram         |    high    |       high       |        
RUN-1001 :      rtl_sim_model      |    off     |       off        |        
RUN-1001 :         seq_syn         |     on     |        on        |        
RUN-1001 : --------------------------------------------------------------
SYN-1012 : SanityCheck: Model "audio_speak"
SYN-1012 : SanityCheck: Model "es8388_ctrl"
SYN-1012 : SanityCheck: Model "audio_receive(WL=6'b011000)"
SYN-1012 : SanityCheck: Model "audio_send(WL=6'b011000)"
SYN-1012 : SanityCheck: Model "es8388_config(WL=6'b011000)"
SYN-1012 : SanityCheck: Model "i2c_dri"
SYN-1012 : SanityCheck: Model "i2c_reg_cfg(WL=6'b011000)"
SYN-1012 : SanityCheck: Model "clk_wiz_0"
SYN-1043 : Mark clk_wiz_0 as IO macro for instance bufg_feedback
SYN-1043 : Mark i2c_dri as IO macro for instance sda_i
SYN-1043 : Mark es8388_config(WL=6'b011000) as IO macro for instance u_i2c_dri
SYN-1043 : Mark es8388_ctrl as IO macro for instance u_es8388_config
SYN-1011 : Flatten model audio_speak
SYN-1032 : 1173/70 useful/useless nets, 608/16 useful/useless insts
SYN-1016 : Merged 7819 instances.
SYN-1032 : 1492/718 useful/useless nets, 1098/471 useful/useless insts
SYN-1016 : Merged 288 instances.
SYN-1032 : 1233/2 useful/useless nets, 1162/54 useful/useless insts
SYN-1014 : Optimize round 1
SYN-1018 : Transformed 24 mux instances.
SYN-1019 : Optimized 27 mux instances.
SYN-1021 : Optimized 5 onehot mux instances.
SYN-1020 : Optimized 5 distributor mux.
SYN-1001 : Optimize 2 less-than instances
SYN-1016 : Merged 15 instances.
SYN-1015 : Optimize round 1, 333 better
SYN-1014 : Optimize round 2
SYN-1044 : Optimized 1 inv instances.
SYN-1032 : 1099/39 useful/useless nets, 1028/37 useful/useless insts
SYN-1017 : Remove 3 const input seq instances
SYN-1002 :     u_es8388_ctrl/u_audio_receive/reg0_syn_26
SYN-1002 :     u_es8388_ctrl/u_es8388_config/u_i2c_dri/wr_flag_reg
SYN-1002 :     u_es8388_ctrl/u_audio_send/reg0_syn_26
SYN-1019 : Optimized 1 mux instances.
SYN-1020 : Optimized 1 distributor mux.
SYN-1016 : Merged 1 instances.
SYN-1015 : Optimize round 2, 96 better
SYN-1032 : 1093/0 useful/useless nets, 1022/2 useful/useless insts
SYN-3004 : Optimized 6 const0 DFF(s)
SYN-1032 : 1044/49 useful/useless nets, 973/43 useful/useless insts
SYN-1014 : Optimize round 1
SYN-1032 : 812/66 useful/useless nets, 741/72 useful/useless insts
SYN-1016 : Merged 1 instances.
SYN-1015 : Optimize round 1, 310 better
SYN-1014 : Optimize round 2
SYN-1032 : 796/3 useful/useless nets, 725/0 useful/useless insts
SYN-1015 : Optimize round 2, 12 better
SYN-1014 : Optimize round 3
SYN-1015 : Optimize round 3, 0 better
RUN-1002 : start command "report_area -file ES8388_rtl.area"
RUN-1001 : standard
***Report Model: audio_speak Device: EG4S20BG256***

IO Statistics
#IO                        13
  #input                    7
  #output                   5
  #inout                    1

Gate Statistics
#Basic gates              627
  #and                    170
  #nand                     0
  #or                     264
  #nor                      0
  #xor                      1
  #xnor                     0
  #buf                      0
  #not                     16
  #bufif1                   1
  #MX21                    21
  #FADD                     0
  #DFF                    154
  #LATCH                    0
#MACRO_ADD                 11
#MACRO_EQ                  41
#MACRO_MUX                 41
#MACRO_OTHERS               1

Report Hierarchy Area:
+-----------------------------------------------------------+
|Instance            |Module        |gates  |seq    |macros |
+-----------------------------------------------------------+
|top                 |audio_speak   |473    |154    |53     |
|  u_es8388_ctrl     |es8388_ctrl   |472    |146    |51     |
|    u_audio_receive |audio_receive |26     |55     |5      |
|    u_audio_send    |audio_send    |1      |25     |0      |
|    u_es8388_config |es8388_config |445    |66     |46     |
|      u_i2c_dri     |i2c_dri       |442    |40     |40     |
|      u_i2c_reg_cfg |i2c_reg_cfg   |3      |26     |6      |
|  u_pll_clk         |clk_wiz_0     |0      |0      |1      |
+-----------------------------------------------------------+

RUN-1002 : start command "export_db ES8388_rtl.db"
RUN-1001 : Exported /
RUN-1001 : Exported flow parameters
RUN-1001 : Exported libs
RUN-1001 : Exported entities
RUN-1001 : Exported ports
RUN-1001 : Exported pins
RUN-1001 : Exported instances
RUN-1001 : Exported nets
RUN-1001 : Exported buses
RUN-1001 : Exported models
RUN-1001 : Exported congestions
RUN-1001 : Exported violations
RUN-1001 : Exported IO constraints
RUN-1001 : Exported Inst constraints
RUN-1002 : start command "optimize_gate -maparea ES8388_gate.area"
RUN-1001 : Open license file D:/1.career/Anlogic/TD5.6.2/license/Anlogic.lic
RUN-1001 : Print Global Property
RUN-1001 : ---------------------------------------------------------------
RUN-1001 :        Parameters        |  Settings  |  Default Values  |  Note  
RUN-1001 : ---------------------------------------------------------------
RUN-1001 :          message         |  standard  |     standard     |        
RUN-1001 :   mixed_pack_place_flow  |     on     |        on        |        
RUN-1001 :        qor_monitor       |    off     |       off        |        
RUN-1001 :        syn_ip_flow       |    off     |       off        |        
RUN-1001 :          thread          |    auto    |       auto       |        
RUN-1001 : ---------------------------------------------------------------
RUN-1001 : Print Gate Property
RUN-1001 : ------------------------------------------------------------------
RUN-1001 :          Parameters         |  Settings  |  Default Values  |  Note  
RUN-1001 : ------------------------------------------------------------------
RUN-1001 :         cascade_dsp         |    off     |       off        |        
RUN-1001 :         cascade_eram        |    off     |       off        |        
RUN-1001 :        gate_sim_model       |    off     |       off        |        
RUN-1001 :        map_sim_model        |    off     |       off        |        
RUN-1001 :         map_strategy        |     1      |        1         |        
RUN-1001 :           opt_area          |   medium   |      medium      |        
RUN-1001 :          opt_timing         |    auto    |       auto       |        
RUN-1001 :         pack_effort         |   medium   |      medium      |        
RUN-1001 :      pack_lslice_ripple     |     on     |        on        |        
RUN-1001 :   pack_lslice_ripple_ratio  |    0.5     |       0.5        |        
RUN-1001 :        pack_seq_in_io       |    auto    |       auto       |        
RUN-1001 :        ph1_mux_ratio        |    1.0     |       1.0        |        
RUN-1001 :            report           |  standard  |     standard     |        
RUN-1001 :           retiming          |    off     |       off        |        
RUN-1001 : ------------------------------------------------------------------
SYN-2001 : Map 13 IOs to PADs
SYN-1032 : 807/2 useful/useless nets, 734/4 useful/useless insts
RUN-1002 : start command "update_pll_param -module audio_speak"
SYN-2501 : Processed 0 LOGIC_BUF instances.
SYN-2501 : 1 BUFG to GCLK
SYN-2571 : Optimize after map_dsp, round 1
SYN-2571 : Optimize after map_dsp, round 1, 0 better
SYN-1001 : Throwback 29 control mux instances
SYN-2501 : Optimize round 1
SYN-1016 : Merged 222 instances.
SYN-2501 : Optimize round 1, 500 better
SYN-2501 : Optimize round 2
SYN-2501 : Optimize round 2, 0 better
SYN-2501 : Map 11 macro adder
SYN-1019 : Optimized 145 mux instances.
SYN-1016 : Merged 217 instances.
SYN-1032 : 1135/42 useful/useless nets, 1086/8 useful/useless insts
SYN-3001 : Running gate level optimization.
SYN-2581 : Mapping with K=5, #lut = 235 (3.91), #lev = 6 (2.48)
SYN-2551 : Post LUT mapping optimization.
SYN-2581 : Mapping with K=5, #lut = 197 (3.74), #lev = 5 (2.58)
SYN-3001 : Logic optimization runtime opt =   0.02 sec, map =   0.00 sec
SYN-3001 : Mapper mapped 848 instances into 198 LUTs, name keeping = 52%.
RUN-1002 : start command "report_area -file ES8388_gate.area"
RUN-1001 : standard
***Report Model: audio_speak Device: EG4S20BG256***

IO Statistics
#IO                        13
  #input                    7
  #output                   5
  #inout                    1

LUT Statistics
#Total_luts               267
  #lut4                   167
  #lut5                    31
  #lut6                     0
  #lut5_mx41                0
  #lut4_alu1b              69

Utilization Statistics
#lut                      267   out of  19600    1.36%
#reg                      151   out of  19600    0.77%
#le                         0
#dsp                        0   out of     29    0.00%
#bram                       0   out of     64    0.00%
  #bram9k                   0
  #fifo9k                   0
#bram32k                    0   out of     16    0.00%
#pad                       13   out of    188    6.91%
  #ireg                     2
  #oreg                     3
  #treg                     1
#pll                        1   out of      4   25.00%

Report Hierarchy Area:
+--------------------------------------------------------------------------------+
|Instance            |Module        |lut     |ripple  |seq     |bram    |dsp     |
+--------------------------------------------------------------------------------+
|top                 |audio_speak   |198     |69      |157     |0       |0       |
|  u_es8388_ctrl     |es8388_ctrl   |197     |60      |143     |0       |0       |
|    u_audio_receive |audio_receive |44      |22      |53      |0       |0       |
|    u_audio_send    |audio_send    |17      |0       |24      |0       |0       |
|    u_es8388_config |es8388_config |136     |38      |66      |0       |0       |
|      u_i2c_dri     |i2c_dri       |98      |19      |40      |0       |0       |
|      u_i2c_reg_cfg |i2c_reg_cfg   |38      |19      |26      |0       |0       |
|  u_pll_clk         |clk_wiz_0     |1       |0       |0       |0       |0       |
+--------------------------------------------------------------------------------+

SYN-1001 : Packing model "audio_speak" ...
SYN-4010 : Pack lib has 58 rtl pack models with 25 top pack blocks
SYN-1014 : Optimize round 1
SYN-1015 : Optimize round 1, 0 better
SYN-4002 : Packing 151 DFF/LATCH to SEQ ...
SYN-4009 : Pack 4 carry chain into lslice
SYN-4007 : Packing 32 adder to BLE ...
SYN-4008 : Packed 32 adder and 0 SEQ to BLE.
SYN-4007 : Packing 0 gate4 to BLE ...
SYN-4008 : Packed 0 gate4 and 0 SEQ to BLE.
SYN-4012 : Packed 0 FxMUX
RUN-1002 : start command "legalize_phy_inst"
SYN-1011 : Flatten model audio_speak
RUN-1002 : start command "export_db ES8388_gate.db"
RUN-1001 : Exported /
RUN-1001 : Exported flow parameters
RUN-1001 : Exported libs
RUN-1001 : Exported entities
RUN-1001 : Exported ports
RUN-1001 : Exported pins
RUN-1001 : Exported instances
RUN-1001 : Exported nets
RUN-1001 : Exported buses
RUN-1001 : Exported models
RUN-1001 : Exported congestions
RUN-1001 : Exported violations
RUN-1001 : Exported IO constraints
RUN-1001 : Exported Inst constraints
RUN-1002 : start command "backup_run_log run.log ../.logs/syn_1/td_20251029_171506.log"
