============================================================
   Tang Dynasty, V5.6.71036
      Copyright (c) 2012-2023 Anlogic Inc.
   Executable = D:/1.career/Anlogic/TD5.6.2/bin/td.exe
   Built at =   20:34:38 Mar 21 2023
   Run by =     tamochi
   Run Date =   Tue Nov 25 19:57:20 2025

   Run on =     TAMOWIN
============================================================
RUN-1002 : start command "open_project ES8388.prj"
RUN-1001 : Print Global Property
RUN-1001 : ---------------------------------------------------------------
RUN-1001 :        Parameters        |  Settings  |  Default Values  |  Note  
RUN-1001 : ---------------------------------------------------------------
RUN-1001 :          message         |  standard  |     standard     |        
RUN-1001 :   mixed_pack_place_flow  |     on     |        on        |        
RUN-1001 :        qor_monitor       |    off     |       off        |        
RUN-1001 :        syn_ip_flow       |    off     |       off        |        
RUN-1001 :          thread          |    auto    |       auto       |        
RUN-1001 : ---------------------------------------------------------------
RUN-1001 : Print Design Property
RUN-1001 : --------------------------------------------------------------
RUN-1001 :        Parameters       |  Settings  |  Default Values  |  Note  
RUN-1001 : --------------------------------------------------------------
RUN-1001 :   default_reg_initial   |    auto    |       auto       |        
RUN-1001 :        infer_add        |     on     |        on        |        
RUN-1001 :        infer_fsm        |    off     |       off        |        
RUN-1001 :        infer_mult       |     on     |        on        |        
RUN-1001 :        infer_ram        |     on     |        on        |        
RUN-1001 :        infer_reg        |     on     |        on        |        
RUN-1001 :   infer_reg_init_value  |     on     |        on        |        
RUN-1001 :        infer_rom        |     on     |        on        |        
RUN-1001 :      infer_shifter      |     on     |        on        |        
RUN-1001 : --------------------------------------------------------------
RUN-1001 : Print Rtl Property
RUN-1001 : --------------------------------------------------------------
RUN-1001 :        Parameters       |  Settings  |  Default Values  |  Note  
RUN-1001 : --------------------------------------------------------------
RUN-1001 :       compress_add      |   ripple   |      ripple      |        
RUN-1001 :        elf_sload        |    off     |       off        |        
RUN-1001 :       fix_undriven      |     0      |        0         |        
RUN-1001 :         flatten         |    off     |       off        |        
RUN-1001 :       gate_sharing      |     on     |        on        |        
RUN-1001 :    hdl_warning_level    |   normal   |      normal      |        
RUN-1001 :   impl_internal_tribuf  |     on     |        on        |        
RUN-1001 :      impl_set_reset     |     on     |        on        |        
RUN-1001 :        infer_gsr        |    off     |       off        |        
RUN-1001 :      keep_hierarchy     |    auto    |       auto       |        
RUN-1001 :        max_fanout       |    9999    |       9999       |        
RUN-1001 :      max_oh2bin_len     |     10     |        10        |        
RUN-1001 :       merge_equal       |     on     |        on        |        
RUN-1001 :       merge_equiv       |     on     |        on        |        
RUN-1001 :        merge_mux        |    off     |       off        |        
RUN-1001 :     min_control_set     |     8      |        8         |        
RUN-1001 :      min_ripple_len     |    auto    |       auto       |        
RUN-1001 :       oh2bin_ratio      |    0.08    |       0.08       |        
RUN-1001 :     opt_adder_fanout    |     on     |        on        |        
RUN-1001 :        opt_arith        |     on     |        on        |        
RUN-1001 :       opt_big_gate      |    off     |       off        |        
RUN-1001 :        opt_const        |     on     |        on        |        
RUN-1001 :      opt_const_mult     |     on     |        on        |        
RUN-1001 :       opt_lessthan      |     on     |        on        |        
RUN-1001 :         opt_mux         |    off     |       off        |        
RUN-1001 :         opt_ram         |    high    |       high       |        
RUN-1001 :      rtl_sim_model      |    off     |       off        |        
RUN-1001 :         seq_syn         |     on     |        on        |        
RUN-1001 : --------------------------------------------------------------
HDL-1007 : analyze verilog file ../../al_ip/clk_wiz_0.v
HDL-1007 : undeclared symbol 'open', assumed default net type 'wire' in ../../al_ip/clk_wiz_0.v(80)
HDL-1007 : analyze verilog file ../../../RTL/audio_receive.v
HDL-1007 : analyze verilog file ../../../RTL/audio_send.v
HDL-1007 : analyze verilog file ../../../RTL/audio_speak.v
HDL-1007 : undeclared symbol 'chipwatcherclk', assumed default net type 'wire' in ../../../RTL/audio_speak.v(64)
HDL-1007 : analyze verilog file ../../../RTL/es8388_config.v
HDL-1007 : analyze verilog file ../../../RTL/es8388_ctrl.v
HDL-1007 : analyze verilog file ../../../RTL/i2c_dri.v
HDL-1007 : analyze verilog file ../../../RTL/i2c_reg_cfg.v
HDL-1007 : analyze verilog file ../../../RTL/audio_eq.v
HDL-1007 : analyze verilog file ../../../RTL/audio_led_visualizer.v
RUN-1001 : Project manager successfully analyzed 10 source files.
RUN-1002 : start command "import_device eagle_s20.db -package EG4S20BG256"
ARC-1001 : Device Initialization.
ARC-1001 : ------------------------------------------------------------------
ARC-1001 :            OPTION            |          IO          |   SETTING   
ARC-1001 : ------------------------------------------------------------------
ARC-1001 :   cso_b/cclk/mosi/miso/dout  |  T3/R11/T10/P10/S11  |    gpio    
ARC-1001 :             done             |         P13          |    gpio    
ARC-1001 :           program_b          |          T2          |  dedicate  
ARC-1001 :        tdi/tms/tck/tdo       |   C12/A15/C14/E14    |  dedicate  
ARC-1001 : ------------------------------------------------------------------
ARC-1004 : Device setting, marked 5 dedicate IOs in total.
RUN-1002 : start command "elaborate -top audio_speak"
RUN-1001 : Print Design Property
RUN-1001 : --------------------------------------------------------------
RUN-1001 :        Parameters       |  Settings  |  Default Values  |  Note  
RUN-1001 : --------------------------------------------------------------
RUN-1001 :   default_reg_initial   |    auto    |       auto       |        
RUN-1001 :        infer_add        |     on     |        on        |        
RUN-1001 :        infer_fsm        |    off     |       off        |        
RUN-1001 :        infer_mult       |     on     |        on        |        
RUN-1001 :        infer_ram        |     on     |        on        |        
RUN-1001 :        infer_reg        |     on     |        on        |        
RUN-1001 :   infer_reg_init_value  |     on     |        on        |        
RUN-1001 :        infer_rom        |     on     |        on        |        
RUN-1001 :      infer_shifter      |     on     |        on        |        
RUN-1001 : --------------------------------------------------------------
RUN-1001 : Print Rtl Property
RUN-1001 : --------------------------------------------------------------
RUN-1001 :        Parameters       |  Settings  |  Default Values  |  Note  
RUN-1001 : --------------------------------------------------------------
RUN-1001 :       compress_add      |   ripple   |      ripple      |        
RUN-1001 :        elf_sload        |    off     |       off        |        
RUN-1001 :       fix_undriven      |     0      |        0         |        
RUN-1001 :         flatten         |    off     |       off        |        
RUN-1001 :       gate_sharing      |     on     |        on        |        
RUN-1001 :    hdl_warning_level    |   normal   |      normal      |        
RUN-1001 :   impl_internal_tribuf  |     on     |        on        |        
RUN-1001 :      impl_set_reset     |     on     |        on        |        
RUN-1001 :        infer_gsr        |    off     |       off        |        
RUN-1001 :      keep_hierarchy     |    auto    |       auto       |        
RUN-1001 :        max_fanout       |    9999    |       9999       |        
RUN-1001 :      max_oh2bin_len     |     10     |        10        |        
RUN-1001 :       merge_equal       |     on     |        on        |        
RUN-1001 :       merge_equiv       |     on     |        on        |        
RUN-1001 :        merge_mux        |    off     |       off        |        
RUN-1001 :     min_control_set     |     8      |        8         |        
RUN-1001 :      min_ripple_len     |    auto    |       auto       |        
RUN-1001 :       oh2bin_ratio      |    0.08    |       0.08       |        
RUN-1001 :     opt_adder_fanout    |     on     |        on        |        
RUN-1001 :        opt_arith        |     on     |        on        |        
RUN-1001 :       opt_big_gate      |    off     |       off        |        
RUN-1001 :        opt_const        |     on     |        on        |        
RUN-1001 :      opt_const_mult     |     on     |        on        |        
RUN-1001 :       opt_lessthan      |     on     |        on        |        
RUN-1001 :         opt_mux         |    off     |       off        |        
RUN-1001 :         opt_ram         |    high    |       high       |        
RUN-1001 :      rtl_sim_model      |    off     |       off        |        
RUN-1001 :         seq_syn         |     on     |        on        |        
RUN-1001 : --------------------------------------------------------------
RUN-1001 : Print Global Property
RUN-1001 : ---------------------------------------------------------------
RUN-1001 :        Parameters        |  Settings  |  Default Values  |  Note  
RUN-1001 : ---------------------------------------------------------------
RUN-1001 :          message         |  standard  |     standard     |        
RUN-1001 :   mixed_pack_place_flow  |     on     |        on        |        
RUN-1001 :        qor_monitor       |    off     |       off        |        
RUN-1001 :        syn_ip_flow       |    off     |       off        |        
RUN-1001 :          thread          |    auto    |       auto       |        
RUN-1001 : ---------------------------------------------------------------
RUN-1001 : Print Design Property
RUN-1001 : --------------------------------------------------------------
RUN-1001 :        Parameters       |  Settings  |  Default Values  |  Note  
RUN-1001 : --------------------------------------------------------------
RUN-1001 :   default_reg_initial   |    auto    |       auto       |        
RUN-1001 :        infer_add        |     on     |        on        |        
RUN-1001 :        infer_fsm        |    off     |       off        |        
RUN-1001 :        infer_mult       |     on     |        on        |        
RUN-1001 :        infer_ram        |     on     |        on        |        
RUN-1001 :        infer_reg        |     on     |        on        |        
RUN-1001 :   infer_reg_init_value  |     on     |        on        |        
RUN-1001 :        infer_rom        |     on     |        on        |        
RUN-1001 :      infer_shifter      |     on     |        on        |        
RUN-1001 : --------------------------------------------------------------
HDL-1007 : elaborate module audio_speak in ../../../RTL/audio_speak.v(1)
HDL-1007 : elaborate module clk_wiz_0 in ../../al_ip/clk_wiz_0.v(23)
HDL-1007 : elaborate module EG_LOGIC_BUFG in D:/1.career/Anlogic/TD5.6.2/arch/eagle_macro.v(8)
HDL-1007 : elaborate module EG_PHY_PLL(FIN="50.000",FBCLK_DIV=4,CLKC0_DIV=4,CLKC1_DIV=65,CLKC0_ENABLE="ENABLE",CLKC1_ENABLE="ENABLE",FEEDBK_PATH="CLKC0_EXT",CLKC0_CPHASE=3,CLKC1_CPHASE=64,GMC_GAIN=4,ICP_CURRENT=13,KVCO=4,LPF_CAPACITOR=1,LPF_RESISTOR=4,SYNC_ENABLE="DISABLE") in D:/1.career/Anlogic/TD5.6.2/arch/eagle_macro.v(930)
HDL-1007 : elaborate module audio_eq in ../../../RTL/audio_eq.v(1)
HDL-1007 : elaborate module audio_led_visualizer in ../../../RTL/audio_led_visualizer.v(1)
HDL-1007 : elaborate module es8388_ctrl in ../../../RTL/es8388_ctrl.v(1)
HDL-1007 : elaborate module es8388_config(WL=6'b011000) in ../../../RTL/es8388_config.v(3)
HDL-1007 : elaborate module i2c_reg_cfg(WL=6'b011000) in ../../../RTL/i2c_reg_cfg.v(1)
HDL-1007 : elaborate module i2c_dri in ../../../RTL/i2c_dri.v(1)
HDL-5007 WARNING: actual bit length 8 differs from formal bit length 16 for port 'i2c_addr' in ../../../RTL/es8388_config.v(59)
HDL-1007 : elaborate module audio_receive(WL=6'b011000) in ../../../RTL/audio_receive.v(1)
HDL-1007 : elaborate module audio_send(WL=6'b011000) in ../../../RTL/audio_send.v(1)
HDL-1200 : Current top model is audio_speak
HDL-1100 : Inferred 0 RAMs.
RUN-1002 : start command "export_db ES8388_elaborate.db"
RUN-1001 : Exported /
RUN-1001 : Exported flow parameters
RUN-1001 : Exported libs
RUN-1001 : Exported entities
RUN-1001 : Exported ports
RUN-1001 : Exported pins
RUN-1001 : Exported instances
RUN-1001 : Exported nets
RUN-1001 : Exported buses
RUN-1001 : Exported models
RUN-1001 : Exported congestions
RUN-1001 : Exported violations
RUN-1001 : Exported IO constraints
RUN-1001 : Exported Inst constraints
RUN-1002 : start command "read_adc ../../ES8388.adc"
RUN-1002 : start command "set_pin_assignment  aud_adcdat   LOCATION = R14; "
RUN-1002 : start command "set_pin_assignment  aud_bclk   LOCATION = M6; "
RUN-1002 : start command "set_pin_assignment  aud_dacdat   LOCATION = P6; "
RUN-1002 : start command "set_pin_assignment  aud_lrc   LOCATION = M7; "
RUN-1002 : start command "set_pin_assignment  aud_mclk   LOCATION = N5; "
RUN-1002 : start command "set_pin_assignment  aud_scl   LOCATION = R12; "
RUN-1002 : start command "set_pin_assignment  aud_sda   LOCATION = R9; "
RUN-1002 : start command "set_pin_assignment  ilaclk   LOCATION = T5; "
RUN-1002 : start command "set_pin_assignment  sys_clk   LOCATION = R7; "
RUN-1002 : start command "set_pin_assignment  switch_mute   LOCATION = A14; "
RUN-1002 : start command "set_pin_assignment  volume[1]   LOCATION = A13; "
RUN-1002 : start command "set_pin_assignment  volume[0]   LOCATION = B12; "
RUN-1002 : start command "set_pin_assignment  sw_treble_up   LOCATION = A12; "
RUN-1002 : start command "set_pin_assignment  sw_treble_down   LOCATION = A11; "
RUN-1002 : start command "set_pin_assignment  sw_bass_up   LOCATION = B10; "
RUN-1002 : start command "set_pin_assignment  sw_bass_down   LOCATION = A10; "
RUN-1002 : start command "set_pin_assignment  sw_visualizer   LOCATION = A9; "
RUN-1002 : start command "set_pin_assignment  led_visualizer[0]   LOCATION = F16; "
RUN-1002 : start command "set_pin_assignment  led_visualizer[1]   LOCATION = E16; "
RUN-1002 : start command "set_pin_assignment  led_visualizer[2]   LOCATION = E13; "
RUN-1002 : start command "set_pin_assignment  led_visualizer[3]   LOCATION = C16; "
RUN-1002 : start command "set_pin_assignment  led_visualizer[4]   LOCATION = C15; "
RUN-1002 : start command "set_pin_assignment  led_visualizer[5]   LOCATION = B16; "
RUN-1002 : start command "set_pin_assignment  led_visualizer[6]   LOCATION = B15; "
RUN-1002 : start command "set_pin_assignment  led_visualizer[7]   LOCATION = B14; "
RUN-1001 : Starting of IO setups legality check.
RUN-1001 : Starting of IO setups legality check.
RUN-1001 : Starting of IO vref setups legality check.
USR-6010 WARNING: ADC constraints: top model pin led has no constraint.
USR-6010 WARNING: ADC constraints: top model pin sys_rst_n has no constraint.
RUN-1002 : start command "optimize_rtl"
RUN-1001 : Open license file D:/1.career/Anlogic/TD5.6.2/license/Anlogic.lic
RUN-1001 : Print Global Property
RUN-1001 : ---------------------------------------------------------------
RUN-1001 :        Parameters        |  Settings  |  Default Values  |  Note  
RUN-1001 : ---------------------------------------------------------------
RUN-1001 :          message         |  standard  |     standard     |        
RUN-1001 :   mixed_pack_place_flow  |     on     |        on        |        
RUN-1001 :        qor_monitor       |    off     |       off        |        
RUN-1001 :        syn_ip_flow       |    off     |       off        |        
RUN-1001 :          thread          |    auto    |       auto       |        
RUN-1001 : ---------------------------------------------------------------
RUN-1001 : Print Rtl Property
RUN-1001 : --------------------------------------------------------------
RUN-1001 :        Parameters       |  Settings  |  Default Values  |  Note  
RUN-1001 : --------------------------------------------------------------
RUN-1001 :       compress_add      |   ripple   |      ripple      |        
RUN-1001 :        elf_sload        |    off     |       off        |        
RUN-1001 :       fix_undriven      |     0      |        0         |        
RUN-1001 :         flatten         |    off     |       off        |        
RUN-1001 :       gate_sharing      |     on     |        on        |        
RUN-1001 :    hdl_warning_level    |   normal   |      normal      |        
RUN-1001 :   impl_internal_tribuf  |     on     |        on        |        
RUN-1001 :      impl_set_reset     |     on     |        on        |        
RUN-1001 :        infer_gsr        |    off     |       off        |        
RUN-1001 :      keep_hierarchy     |    auto    |       auto       |        
RUN-1001 :        max_fanout       |    9999    |       9999       |        
RUN-1001 :      max_oh2bin_len     |     10     |        10        |        
RUN-1001 :       merge_equal       |     on     |        on        |        
RUN-1001 :       merge_equiv       |     on     |        on        |        
RUN-1001 :        merge_mux        |    off     |       off        |        
RUN-1001 :     min_control_set     |     8      |        8         |        
RUN-1001 :      min_ripple_len     |    auto    |       auto       |        
RUN-1001 :       oh2bin_ratio      |    0.08    |       0.08       |        
RUN-1001 :     opt_adder_fanout    |     on     |        on        |        
RUN-1001 :        opt_arith        |     on     |        on        |        
RUN-1001 :       opt_big_gate      |    off     |       off        |        
RUN-1001 :        opt_const        |     on     |        on        |        
RUN-1001 :      opt_const_mult     |     on     |        on        |        
RUN-1001 :       opt_lessthan      |     on     |        on        |        
RUN-1001 :         opt_mux         |    off     |       off        |        
RUN-1001 :         opt_ram         |    high    |       high       |        
RUN-1001 :      rtl_sim_model      |    off     |       off        |        
RUN-1001 :         seq_syn         |     on     |        on        |        
RUN-1001 : --------------------------------------------------------------
SYN-1012 : SanityCheck: Model "audio_speak"
SYN-1012 : SanityCheck: Model "audio_eq"
SYN-1012 : SanityCheck: Model "audio_led_visualizer"
SYN-1012 : SanityCheck: Model "es8388_ctrl"
SYN-1012 : SanityCheck: Model "audio_receive(WL=6'b011000)"
SYN-1012 : SanityCheck: Model "audio_send(WL=6'b011000)"
SYN-1012 : SanityCheck: Model "es8388_config(WL=6'b011000)"
SYN-1012 : SanityCheck: Model "i2c_dri"
SYN-1012 : SanityCheck: Model "i2c_reg_cfg(WL=6'b011000)"
SYN-1012 : SanityCheck: Model "clk_wiz_0"
SYN-1043 : Mark clk_wiz_0 as IO macro for instance bufg_feedback
SYN-1043 : Mark i2c_dri as IO macro for instance sda_i
SYN-1043 : Mark es8388_config(WL=6'b011000) as IO macro for instance u_i2c_dri
SYN-1043 : Mark es8388_ctrl as IO macro for instance u_es8388_config
SYN-1011 : Flatten model audio_speak
SYN-1032 : 2352/354 useful/useless nets, 769/23 useful/useless insts
SYN-1016 : Merged 7825 instances.
SYN-1032 : 2535/824 useful/useless nets, 1221/479 useful/useless insts
SYN-1016 : Merged 302 instances.
SYN-1032 : 2258/12 useful/useless nets, 1901/73 useful/useless insts
SYN-1014 : Optimize round 1
SYN-1017 : Remove 1 const input seq instances
SYN-1002 :     u_audio_led_visualizer/reg0_syn_24
SYN-1018 : Transformed 25 mux instances.
SYN-1019 : Optimized 28 mux instances.
SYN-1021 : Optimized 5 onehot mux instances.
SYN-1020 : Optimized 87 distributor mux.
SYN-1001 : Optimize 3 less-than instances
SYN-1019 : Optimized 1 mux instances.
SYN-1016 : Merged 176 instances.
SYN-1015 : Optimize round 1, 795 better
SYN-1014 : Optimize round 2
SYN-1044 : Optimized 1 inv instances.
SYN-1032 : 1954/43 useful/useless nets, 1597/144 useful/useless insts
SYN-1017 : Remove 3 const input seq instances
SYN-1002 :     u_audio_eq/reg2_syn_26
SYN-1002 :     u_audio_led_visualizer/reg3_syn_13
SYN-1002 :     u_es8388_ctrl/u_es8388_config/u_i2c_dri/wr_flag_reg
SYN-1019 : Optimized 2 mux instances.
SYN-1020 : Optimized 1 distributor mux.
SYN-1016 : Merged 1 instances.
SYN-1015 : Optimize round 2, 209 better
SYN-1032 : 1947/0 useful/useless nets, 1590/2 useful/useless insts
SYN-3004 : Optimized 1 const0 DFF(s)
SYN-3004 : Optimized 4 const0 DFF(s)
SYN-1032 : 1916/31 useful/useless nets, 1559/26 useful/useless insts
SYN-1014 : Optimize round 1
SYN-1032 : 1679/66 useful/useless nets, 1322/72 useful/useless insts
SYN-1016 : Merged 1 instances.
SYN-1015 : Optimize round 1, 315 better
SYN-1014 : Optimize round 2
SYN-1032 : 1663/3 useful/useless nets, 1306/0 useful/useless insts
SYN-1015 : Optimize round 2, 12 better
SYN-1014 : Optimize round 3
SYN-1015 : Optimize round 3, 0 better
RUN-1002 : start command "report_area -file ES8388_rtl.area"
RUN-1001 : standard
***Report Model: audio_speak Device: EG4S20BG256***

IO Statistics
#IO                        27
  #input                   13
  #output                  13
  #inout                    1

Gate Statistics
#Basic gates              904
  #and                    191
  #nand                     0
  #or                     276
  #nor                      0
  #xor                      1
  #xnor                     0
  #buf                      0
  #not                     48
  #bufif1                   1
  #MX21                    92
  #FADD                     0
  #DFF                    295
  #LATCH                    0
#MACRO_ADD                 38
#MACRO_EQ                  45
#MACRO_MUX                314
#MACRO_OTHERS               1

Report Hierarchy Area:
+-----------------------------------------------------------------------+
|Instance                 |Module               |gates  |seq    |macros |
+-----------------------------------------------------------------------+
|top                      |audio_speak          |609    |295    |84     |
|  u_audio_eq             |audio_eq             |2      |72     |8      |
|  u_audio_led_visualizer |audio_led_visualizer |104    |61     |21     |
|  u_es8388_ctrl          |es8388_ctrl          |501    |154    |53     |
|    u_audio_receive      |audio_receive        |26     |56     |5      |
|    u_audio_send         |audio_send           |1      |25     |0      |
|    u_es8388_config      |es8388_config        |474    |73     |48     |
|      u_i2c_dri          |i2c_dri              |467    |42     |40     |
|      u_i2c_reg_cfg      |i2c_reg_cfg          |7      |31     |8      |
|  u_pll_clk              |clk_wiz_0            |0      |0      |1      |
+-----------------------------------------------------------------------+

RUN-1002 : start command "export_db ES8388_rtl.db"
RUN-1001 : Exported /
RUN-1001 : Exported flow parameters
RUN-1001 : Exported libs
RUN-1001 : Exported entities
RUN-1001 : Exported ports
RUN-1001 : Exported pins
RUN-1001 : Exported instances
RUN-1001 : Exported nets
RUN-1001 : Exported buses
RUN-1001 : Exported models
RUN-1001 : Exported congestions
RUN-1001 : Exported violations
RUN-1001 : Exported IO constraints
RUN-1001 : Exported Inst constraints
RUN-1002 : start command "optimize_gate -maparea ES8388_gate.area"
RUN-1001 : Open license file D:/1.career/Anlogic/TD5.6.2/license/Anlogic.lic
RUN-1001 : Print Global Property
RUN-1001 : ---------------------------------------------------------------
RUN-1001 :        Parameters        |  Settings  |  Default Values  |  Note  
RUN-1001 : ---------------------------------------------------------------
RUN-1001 :          message         |  standard  |     standard     |        
RUN-1001 :   mixed_pack_place_flow  |     on     |        on        |        
RUN-1001 :        qor_monitor       |    off     |       off        |        
RUN-1001 :        syn_ip_flow       |    off     |       off        |        
RUN-1001 :          thread          |    auto    |       auto       |        
RUN-1001 : ---------------------------------------------------------------
RUN-1001 : Print Gate Property
RUN-1001 : ------------------------------------------------------------------
RUN-1001 :          Parameters         |  Settings  |  Default Values  |  Note  
RUN-1001 : ------------------------------------------------------------------
RUN-1001 :         cascade_dsp         |    off     |       off        |        
RUN-1001 :         cascade_eram        |    off     |       off        |        
RUN-1001 :        gate_sim_model       |    off     |       off        |        
RUN-1001 :        map_sim_model        |    off     |       off        |        
RUN-1001 :         map_strategy        |     1      |        1         |        
RUN-1001 :           opt_area          |   medium   |      medium      |        
RUN-1001 :          opt_timing         |    auto    |       auto       |        
RUN-1001 :         pack_effort         |   medium   |      medium      |        
RUN-1001 :      pack_lslice_ripple     |     on     |        on        |        
RUN-1001 :   pack_lslice_ripple_ratio  |    0.5     |       0.5        |        
RUN-1001 :        pack_seq_in_io       |    auto    |       auto       |        
RUN-1001 :        ph1_mux_ratio        |    1.0     |       1.0        |        
RUN-1001 :            report           |  standard  |     standard     |        
RUN-1001 :           retiming          |    off     |       off        |        
RUN-1001 : ------------------------------------------------------------------
SYN-2001 : Map 27 IOs to PADs
SYN-1032 : 1687/2 useful/useless nets, 1326/6 useful/useless insts
RUN-1002 : start command "update_pll_param -module audio_speak"
SYN-2501 : Processed 0 LOGIC_BUF instances.
SYN-2501 : 1 BUFG to GCLK
SYN-2571 : Optimize after map_dsp, round 1
SYN-2571 : Optimize after map_dsp, round 1, 0 better
SYN-1001 : Throwback 24 control mux instances
SYN-1001 : Convert 1 adder
SYN-2501 : Optimize round 1
SYN-1032 : 2036/0 useful/useless nets, 1677/24 useful/useless insts
SYN-1016 : Merged 224 instances.
SYN-2501 : Optimize round 1, 537 better
SYN-2501 : Optimize round 2
SYN-2501 : Optimize round 2, 0 better
SYN-2501 : Map 38 macro adder
SYN-3001 : Mapper mapped 3 instances into 1 LUTs, name keeping = 100%.
SYN-3001 : Mapper mapped 3 instances into 1 LUTs, name keeping = 100%.
SYN-1019 : Optimized 159 mux instances.
SYN-1016 : Merged 226 instances.
SYN-1032 : 2637/53 useful/useless nets, 2301/8 useful/useless insts
SYN-3001 : Running gate level optimization.
SYN-2581 : Mapping with K=5, #lut = 470 (3.72), #lev = 6 (1.78)
SYN-2551 : Post LUT mapping optimization.
SYN-2581 : Mapping with K=5, #lut = 438 (3.70), #lev = 5 (1.77)
SYN-3001 : Logic optimization runtime opt =   0.04 sec, map =   0.00 sec
SYN-3001 : Mapper mapped 1318 instances into 439 LUTs, name keeping = 72%.
RUN-1002 : start command "report_area -file ES8388_gate.area"
RUN-1001 : standard
***Report Model: audio_speak Device: EG4S20BG256***

IO Statistics
#IO                        27
  #input                   13
  #output                  13
  #inout                    1

LUT Statistics
#Total_luts              1101
  #lut4                   349
  #lut5                    90
  #lut6                     0
  #lut5_mx41                0
  #lut4_alu1b             662

Utilization Statistics
#lut                     1101   out of  19600    5.62%
#reg                      290   out of  19600    1.48%
#le                         0
#dsp                        0   out of     29    0.00%
#bram                       0   out of     64    0.00%
  #bram9k                   0
  #fifo9k                   0
#bram32k                    0   out of     16    0.00%
#pad                       26   out of    188   13.83%
  #ireg                     4
  #oreg                     3
  #treg                     1
#pll                        1   out of      4   25.00%

Report Hierarchy Area:
+--------------------------------------------------------------------------------------------+
|Instance                 |Module               |lut     |ripple  |seq     |bram    |dsp     |
+--------------------------------------------------------------------------------------------+
|top                      |audio_speak          |439     |662     |298     |0       |0       |
|  u_audio_eq             |audio_eq             |74      |200     |72      |0       |0       |
|  u_audio_led_visualizer |audio_led_visualizer |111     |368     |61      |0       |0       |
|  u_es8388_ctrl          |es8388_ctrl          |241     |60      |149     |0       |0       |
|    u_audio_receive      |audio_receive        |43      |22      |54      |0       |0       |
|    u_audio_send         |audio_send           |17      |0       |24      |0       |0       |
|    u_es8388_config      |es8388_config        |157     |38      |71      |0       |0       |
|      u_i2c_dri          |i2c_dri              |96      |19      |42      |0       |0       |
|      u_i2c_reg_cfg      |i2c_reg_cfg          |61      |19      |29      |0       |0       |
|  u_pll_clk              |clk_wiz_0            |1       |0       |0       |0       |0       |
+--------------------------------------------------------------------------------------------+

SYN-1001 : Packing model "audio_speak" ...
SYN-4010 : Pack lib has 58 rtl pack models with 25 top pack blocks
SYN-1014 : Optimize round 1
SYN-1015 : Optimize round 1, 0 better
SYN-4002 : Packing 290 DFF/LATCH to SEQ ...
SYN-4009 : Pack 16 carry chain into lslice
SYN-4007 : Packing 325 adder to BLE ...
SYN-4008 : Packed 325 adder and 0 SEQ to BLE.
SYN-4007 : Packing 0 gate4 to BLE ...
SYN-4008 : Packed 0 gate4 and 0 SEQ to BLE.
SYN-4012 : Packed 0 FxMUX
RUN-1002 : start command "legalize_phy_inst"
SYN-1011 : Flatten model audio_speak
RUN-1002 : start command "export_db ES8388_gate.db"
RUN-1001 : Exported /
RUN-1001 : Exported flow parameters
RUN-1001 : Exported libs
RUN-1001 : Exported entities
RUN-1001 : Exported ports
RUN-1001 : Exported pins
RUN-1001 : Exported instances
RUN-1001 : Exported nets
RUN-1001 : Exported buses
RUN-1001 : Exported models
RUN-1001 : Exported congestions
RUN-1001 : Exported violations
RUN-1001 : Exported IO constraints
RUN-1001 : Exported Inst constraints
RUN-1002 : start command "backup_run_log run.log ../.logs/syn_1/td_20251125_195720.log"
