============================================================
   Tang Dynasty, V5.6.71036
      Copyright (c) 2012-2023 Anlogic Inc.
   Executable = D:/1.career/Anlogic/TD5.6.2/bin/td.exe
   Built at =   20:34:38 Mar 21 2023
   Run by =     tamochi
   Run Date =   Wed Oct 29 18:38:43 2025

   Run on =     TAMOWIN
============================================================
RUN-1001 : open_run phy_1.
RUN-1002 : start command "import_db C:/Users/tamochi/Desktop/es8388/TD/ES8388_Runs/phy_1/ES8388_pr.db"
RUN-1001 : Importing database generated by Tang Dynasty, V5.6.71036.
RUN-1001 : Database version number 46146.
RUN-1001 : Import flow parameters
PHY-1001 : Generate detailed routing grids ...
PHY-1001 : Processed IO instance aud_dacdat_syn_4 with INV attribute.
PHY-1001 : Generate nets ...
PHY-1001 : clock net aud_bclk_syn_4 will be merged with clock aud_bclk_dup_1
PHY-1001 : net aud_mclk_dup_1 will be routed on clock mesh
PHY-1001 : net sys_clk_dup_1 will be routed on clock mesh
PHY-1001 : clock net u_pll_clk/clk0_out will be merged with clock u_pll_clk/clk0_buf
PHY-1001 : clock net u_es8388_ctrl/u_es8388_config/u_i2c_dri/dri_clk_syn_4 will be merged with clock u_es8388_ctrl/u_es8388_config/u_i2c_dri/dri_clk
PHY-1001 : eco open net = 0
PHY-1001 : 4 feed throughs used by 3 nets
RUN-1001 : Import IO constraints
RUN-1001 : Import Inst constraints
RUN-1001 : Import design success TD_VERSION=5.6.71036 , DB_VERSION=46146
RUN-1003 : finish command "import_db C:/Users/tamochi/Desktop/es8388/TD/ES8388_Runs/phy_1/ES8388_pr.db" in  3.704195s wall, 3.671875s user + 0.156250s system = 3.828125s CPU (103.3%)

RUN-1004 : used memory is 448 MB, reserved memory is 469 MB, peak memory is 476 MB
RUN-1002 : start command "download -bit ES8388_Runs\phy_1\ES8388.bit -mode program_spi -v -spd 9 -sec 64 -cable 0 -flashsize 128"
PRG-2014 : Chip validation success: EAGLE_S20_BG256
PRG-1001 : SPI Flash ID is:  ef
RUN-1002 : start command "bit_to_vec -chip EAGLE_S20_BG256 -m program_spi -freq 12 -bit ES8388_Runs/phy_1/ES8388.bit"
RUN-1003 : finish command "bit_to_vec -chip EAGLE_S20_BG256 -m program_spi -freq 12 -bit ES8388_Runs/phy_1/ES8388.bit" in  1.333830s wall, 1.171875s user + 0.171875s system = 1.343750s CPU (100.7%)

RUN-1004 : used memory is 839 MB, reserved memory is 855 MB, peak memory is 849 MB
RUN-1002 : start command "program_spi -cable 0 -spd 9"
RUN-1003 : finish command "program_spi -cable 0 -spd 9" in  90.693635s wall, 4.484375s user + 4.187500s system = 8.671875s CPU (9.6%)

RUN-1004 : used memory is 837 MB, reserved memory is 852 MB, peak memory is 849 MB
RUN-1002 : start command "bit_to_vec -chip EAGLE_S20_BG256 -m verify_spi -freq 12 -bit ES8388_Runs/phy_1/ES8388.bit"
RUN-1002 : start command "program -cable 0 -spd 4"
RUN-1003 : finish command "program -cable 0 -spd 4" in  25.807413s wall, 0.578125s user + 1.046875s system = 1.625000s CPU (6.3%)

RUN-1004 : used memory is 645 MB, reserved memory is 652 MB, peak memory is 849 MB
RUN-1003 : finish command "download -bit ES8388_Runs\phy_1\ES8388.bit -mode program_spi -v -spd 9 -sec 64 -cable 0 -flashsize 128" in  122.857990s wall, 8.000000s user + 5.750000s system = 13.750000s CPU (11.2%)

RUN-1004 : used memory is 645 MB, reserved memory is 652 MB, peak memory is 849 MB
GUI-1001 : Downloading succeeded!
HDL-1007 : analyze verilog file ../RTL/i2c_reg_cfg.v
RUN-1001 : reset_run syn_1 phy_1.
RUN-6001 WARNING: Failed to reset phy_1: some files can't be removed in C:/Users/tamochi/Desktop/es8388/TD/ES8388_Runs/phy_1
GUI-6001 WARNING: File C:/Users/tamochi/Desktop/es8388/TD/ES8388_Runs/phy_1/ES8388.bit does not exist!
RUN-1001 : launch_runs syn_1 phy_1  -jobs 6.
RUN-1001 : syn_1: run complete.
RUN-1001 : phy_1: run complete.
RUN-1001 : open_run phy_1.
RUN-1002 : start command "import_db C:/Users/tamochi/Desktop/es8388/TD/ES8388_Runs/phy_1/ES8388_pr.db"
RUN-1001 : Importing database generated by Tang Dynasty, V5.6.71036.
RUN-1001 : Database version number 46146.
RUN-1001 : Import flow parameters
PHY-1001 : Generate detailed routing grids ...
PHY-1001 : Processed IO instance aud_dacdat_syn_4 with INV attribute.
PHY-1001 : Generate nets ...
PHY-1001 : clock net aud_bclk_syn_4 will be merged with clock aud_bclk_dup_1
PHY-1001 : net aud_mclk_dup_1 will be routed on clock mesh
PHY-1001 : net sys_clk_dup_1 will be routed on clock mesh
PHY-1001 : clock net u_pll_clk/clk0_out will be merged with clock u_pll_clk/clk0_buf
PHY-1001 : clock net u_es8388_ctrl/u_es8388_config/u_i2c_dri/dri_clk_syn_4 will be merged with clock u_es8388_ctrl/u_es8388_config/u_i2c_dri/dri_clk
PHY-1001 : eco open net = 0
PHY-1001 : 4 feed throughs used by 3 nets
RUN-1001 : Import IO constraints
RUN-1001 : Import Inst constraints
RUN-1001 : Import design success TD_VERSION=5.6.71036 , DB_VERSION=46146
RUN-1002 : start command "download -bit ES8388_Runs\phy_1\ES8388.bit -mode jtag -spd 7 -sec 64 -cable 0"
PRG-2014 : Chip validation success: EAGLE_S20_BG256
RUN-1002 : start command "bit_to_vec -chip EAGLE_S20_BG256 -m jtag_burst -freq 4 -bit ES8388_Runs/phy_1/ES8388.bit"
RUN-1002 : start command "program -cable 0 -mode svf -spd 7 -p"
RUN-1003 : finish command "program -cable 0 -mode svf -spd 7 -p" in  6.640984s wall, 0.250000s user + 0.250000s system = 0.500000s CPU (7.5%)

RUN-1004 : used memory is 698 MB, reserved memory is 704 MB, peak memory is 849 MB
RUN-1003 : finish command "download -bit ES8388_Runs\phy_1\ES8388.bit -mode jtag -spd 7 -sec 64 -cable 0" in  7.034210s wall, 0.312500s user + 0.265625s system = 0.578125s CPU (8.2%)

RUN-1004 : used memory is 698 MB, reserved memory is 704 MB, peak memory is 849 MB
GUI-1001 : Downloading succeeded!
HDL-1007 : analyze verilog file ../RTL/i2c_reg_cfg.v
RUN-1001 : reset_run syn_1 phy_1.
GUI-6001 WARNING: File C:/Users/tamochi/Desktop/es8388/TD/ES8388_Runs/phy_1/ES8388.bit does not exist!
RUN-1001 : launch_runs syn_1 phy_1  -jobs 6.
RUN-1001 : syn_1: run complete.
RUN-1001 : phy_1: run complete.
RUN-1001 : open_run phy_1.
RUN-1002 : start command "import_db C:/Users/tamochi/Desktop/es8388/TD/ES8388_Runs/phy_1/ES8388_pr.db"
RUN-1001 : Importing database generated by Tang Dynasty, V5.6.71036.
RUN-1001 : Database version number 46146.
RUN-1001 : Import flow parameters
PHY-1001 : Generate detailed routing grids ...
PHY-1001 : Processed IO instance aud_dacdat_syn_4 with INV attribute.
PHY-1001 : Generate nets ...
PHY-1001 : clock net aud_bclk_syn_4 will be merged with clock aud_bclk_dup_1
PHY-1001 : net aud_mclk_dup_1 will be routed on clock mesh
PHY-1001 : net sys_clk_dup_1 will be routed on clock mesh
PHY-1001 : clock net u_pll_clk/clk0_out will be merged with clock u_pll_clk/clk0_buf
PHY-1001 : clock net u_es8388_ctrl/u_es8388_config/u_i2c_dri/dri_clk_syn_4 will be merged with clock u_es8388_ctrl/u_es8388_config/u_i2c_dri/dri_clk
PHY-1001 : eco open net = 0
PHY-1001 : 10 feed throughs used by 9 nets
RUN-1001 : Import IO constraints
RUN-1001 : Import Inst constraints
RUN-1001 : Import design success TD_VERSION=5.6.71036 , DB_VERSION=46146
RUN-1002 : start command "download -bit ES8388_Runs\phy_1\ES8388.bit -mode jtag -spd 7 -sec 64 -cable 0"
PRG-2014 : Chip validation success: EAGLE_S20_BG256
RUN-1002 : start command "bit_to_vec -chip EAGLE_S20_BG256 -m jtag_burst -freq 4 -bit ES8388_Runs/phy_1/ES8388.bit"
RUN-1002 : start command "program -cable 0 -mode svf -spd 7 -p"
RUN-1003 : finish command "program -cable 0 -mode svf -spd 7 -p" in  6.622252s wall, 0.156250s user + 0.437500s system = 0.593750s CPU (9.0%)

RUN-1004 : used memory is 723 MB, reserved memory is 728 MB, peak memory is 849 MB
RUN-1003 : finish command "download -bit ES8388_Runs\phy_1\ES8388.bit -mode jtag -spd 7 -sec 64 -cable 0" in  7.012387s wall, 0.234375s user + 0.468750s system = 0.703125s CPU (10.0%)

RUN-1004 : used memory is 723 MB, reserved memory is 728 MB, peak memory is 849 MB
GUI-1001 : Downloading succeeded!
HDL-1007 : analyze verilog file ../RTL/i2c_reg_cfg.v
RUN-1001 : reset_run syn_1 phy_1.
GUI-6001 WARNING: File C:/Users/tamochi/Desktop/es8388/TD/ES8388_Runs/phy_1/ES8388.bit does not exist!
RUN-1001 : launch_runs syn_1 phy_1  -jobs 6.
RUN-1001 : syn_1: run complete.
RUN-1001 : phy_1: run complete.
RUN-1001 : open_run phy_1.
RUN-1002 : start command "import_db C:/Users/tamochi/Desktop/es8388/TD/ES8388_Runs/phy_1/ES8388_pr.db"
RUN-1001 : Importing database generated by Tang Dynasty, V5.6.71036.
RUN-1001 : Database version number 46146.
RUN-1001 : Import flow parameters
PHY-1001 : Generate detailed routing grids ...
PHY-1001 : Processed IO instance aud_dacdat_syn_4 with INV attribute.
PHY-1001 : Generate nets ...
PHY-1001 : clock net aud_bclk_syn_4 will be merged with clock aud_bclk_dup_1
PHY-1001 : net aud_mclk_dup_1 will be routed on clock mesh
PHY-1001 : net sys_clk_dup_1 will be routed on clock mesh
PHY-1001 : clock net u_pll_clk/clk0_out will be merged with clock u_pll_clk/clk0_buf
PHY-1001 : clock net u_es8388_ctrl/u_es8388_config/u_i2c_dri/dri_clk_syn_4 will be merged with clock u_es8388_ctrl/u_es8388_config/u_i2c_dri/dri_clk
PHY-1001 : eco open net = 0
PHY-1001 : 4 feed throughs used by 3 nets
RUN-1001 : Import IO constraints
RUN-1001 : Import Inst constraints
RUN-1001 : Import design success TD_VERSION=5.6.71036 , DB_VERSION=46146
RUN-1001 : reset_run syn_1 phy_1.
GUI-6001 WARNING: File C:/Users/tamochi/Desktop/es8388/TD/ES8388_Runs/phy_1/ES8388.bit does not exist!
RUN-1001 : launch_runs syn_1 phy_1  -jobs 6.
RUN-1001 : syn_1: run complete.
RUN-1001 : phy_1: run complete.
RUN-1002 : start command "download -bit ES8388_Runs\phy_1\ES8388.bit -mode jtag -spd 7 -sec 64 -cable 0"
PRG-2014 : Chip validation success: EAGLE_S20_BG256
RUN-1002 : start command "bit_to_vec -chip EAGLE_S20_BG256 -m jtag_burst -freq 4 -bit ES8388_Runs/phy_1/ES8388.bit"
RUN-1002 : start command "program -cable 0 -mode svf -spd 7 -p"
RUN-1003 : finish command "program -cable 0 -mode svf -spd 7 -p" in  6.639731s wall, 0.250000s user + 0.312500s system = 0.562500s CPU (8.5%)

RUN-1004 : used memory is 732 MB, reserved memory is 736 MB, peak memory is 849 MB
RUN-1003 : finish command "download -bit ES8388_Runs\phy_1\ES8388.bit -mode jtag -spd 7 -sec 64 -cable 0" in  7.032606s wall, 0.343750s user + 0.328125s system = 0.671875s CPU (9.6%)

RUN-1004 : used memory is 732 MB, reserved memory is 736 MB, peak memory is 849 MB
GUI-1001 : Downloading succeeded!
