============================================================
   Tang Dynasty, V5.6.56362
   Copyright (c) 2012-2022 Anlogic
   Executable = C:/Anlogic/TD5.6.56362/bin/td.exe
   Built at =   19:51:00 Jul 25 2022
   Run by =     Frank
   Run Date =   Mon Jun  9 10:33:05 2025

   Run on =     DESKTOP-C83U48A
============================================================
RUN-1001 : open_run phy_1.
RUN-1002 : start command "import_db F:/BaiduNetdiskDownload/Anlogic/es8388_EG4S20/es8388_EG4S20/es8388/TD/ES8388_Runs/phy_1/ES8388_pr.db"
RUN-1001 : Importing database generated by Tang Dynasty, V5.6.71036.
RUN-1001 : Database version number 46146.
RUN-8012 ERROR: Failed to import database; current release supports database version up to 46140.
RUN-8001 ERROR: Open run error: cannot import db file F:/BaiduNetdiskDownload/Anlogic/es8388_EG4S20/es8388_EG4S20/es8388/TD/ES8388_Runs/phy_1/ES8388_pr.db
RUN-1002 : start command "report_timing"
RUN-1002 : start command "start_timer"
TMR-8003 ERROR: Please import a netlist at first.
RUN-1001 : reset_run syn_1 phy_1.
RUN-6001 WARNING: Failed to reset phy_1: some files can't be removed in F:/BaiduNetdiskDownload/Anlogic/es8388_EG4S20/es8388_EG4S20/es8388/TD/ES8388_Runs/phy_1
RUN-6001 WARNING: Failed to reset syn_1: some files can't be removed in F:/BaiduNetdiskDownload/Anlogic/es8388_EG4S20/es8388_EG4S20/es8388/TD/ES8388_Runs/syn_1
RUN-1001 : launch_runs syn_1 phy_1  -jobs 6.
RUN-1001 : syn_1: run complete.
RUN-1001 : phy_1: run complete.
RUN-1001 : open_run phy_1.
RUN-1002 : start command "import_db F:/BaiduNetdiskDownload/Anlogic/es8388_EG4S20/es8388_EG4S20/es8388/TD/ES8388_Runs/phy_1/ES8388_pr.db"
RUN-1001 : Importing database generated by Tang Dynasty, V5.6.56362.
RUN-1001 : Database version number 46140.
RUN-1001 : Import flow parameters
PHY-1001 : Generate detailed routing grids ...
PHY-1001 : Generate nets ...
PHY-1001 : clock net aud_bclk_syn_4 will be merged with clock aud_bclk_dup_1
PHY-1001 : net aud_mclk_dup_1 will be routed on clock mesh
PHY-1001 : net sys_clk_dup_1 will be routed on clock mesh
PHY-1001 : clock net u_pll_clk/clk0_out will be merged with clock u_pll_clk/clk0_buf
PHY-1001 : clock net u_es8388_ctrl/u_es8388_config/u_i2c_dri/dri_clk_syn_4 will be merged with clock u_es8388_ctrl/u_es8388_config/u_i2c_dri/dri_clk
PHY-1001 : eco open net = 0
PHY-1001 : 9 feed throughs used by 8 nets
RUN-1001 : Import timing constraints
RUN-1001 : Import IO constraints
RUN-1001 : Import Inst constraints
RUN-1001 : Import design success TD_VERSION=5.6.56362 , DB_VERSION=46140
RUN-1003 : finish command "import_db F:/BaiduNetdiskDownload/Anlogic/es8388_EG4S20/es8388_EG4S20/es8388/TD/ES8388_Runs/phy_1/ES8388_pr.db" in  3.389992s wall, 3.265625s user + 0.171875s system = 3.437500s CPU (101.4%)

RUN-1004 : used memory is 444 MB, reserved memory is 401 MB, peak memory is 474 MB
RUN-1002 : start command "report_timing"
RUN-1002 : start command "start_timer"
RUN-1002 : start command "end_timer"
RUN-1002 : start command "download -bit ES8388_Runs\phy_1\ES8388.bit -mode jtag -spd 7 -sec 64 -cable 0"
PRG-2014 : Chip validation success: EAGLE_S20_BG256
RUN-1002 : start command "bit_to_vec -chip EAGLE_S20_BG256 -m jtag_burst -freq 4 -bit ES8388_Runs/phy_1/ES8388.bit"
RUN-1002 : start command "program -cable 0 -mode svf -spd 7 -p"
RUN-1003 : finish command "program -cable 0 -mode svf -spd 7 -p" in  6.255772s wall, 0.093750s user + 0.156250s system = 0.250000s CPU (4.0%)

RUN-1004 : used memory is 527 MB, reserved memory is 455 MB, peak memory is 543 MB
RUN-1003 : finish command "download -bit ES8388_Runs\phy_1\ES8388.bit -mode jtag -spd 7 -sec 64 -cable 0" in  6.438817s wall, 0.171875s user + 0.203125s system = 0.375000s CPU (5.8%)

RUN-1004 : used memory is 527 MB, reserved memory is 455 MB, peak memory is 543 MB
GUI-1001 : Download success!
RUN-1002 : start command "download -bit ES8388_Runs\phy_1\ES8388.bit -mode jtag -spd 7 -sec 64 -cable 0"
PRG-9505 ERROR: USB device open error, please re-connect the USB cable!
PRG-9505 ERROR: USB device open error, please re-connect the USB cable!
PRG-9525 ERROR: Chip validation failed! Please check the connection or type of chip!
GUI-8702 ERROR: Downloading failed!
RUN-1002 : start command "download -bit ES8388_Runs\phy_1\ES8388.bit -mode jtag -spd 7 -sec 64 -cable 0"
PRG-2014 : Chip validation success: EAGLE_S20_BG256
RUN-1002 : start command "bit_to_vec -chip EAGLE_S20_BG256 -m jtag_burst -freq 4 -bit ES8388_Runs/phy_1/ES8388.bit"
RUN-1002 : start command "program -cable 0 -mode svf -spd 7 -p"
RUN-1003 : finish command "program -cable 0 -mode svf -spd 7 -p" in  6.255831s wall, 0.296875s user + 0.046875s system = 0.343750s CPU (5.5%)

RUN-1004 : used memory is 535 MB, reserved memory is 462 MB, peak memory is 551 MB
RUN-1003 : finish command "download -bit ES8388_Runs\phy_1\ES8388.bit -mode jtag -spd 7 -sec 64 -cable 0" in  6.434555s wall, 0.343750s user + 0.109375s system = 0.453125s CPU (7.0%)

RUN-1004 : used memory is 535 MB, reserved memory is 462 MB, peak memory is 551 MB
GUI-1001 : Download success!
RUN-1002 : start command "download -bit ES8388_Runs\phy_1\ES8388.bit -mode jtag -spd 7 -sec 64 -cable 0"
PRG-2014 : Chip validation success: EAGLE_S20_BG256
RUN-1002 : start command "bit_to_vec -chip EAGLE_S20_BG256 -m jtag_burst -freq 4 -bit ES8388_Runs/phy_1/ES8388.bit"
RUN-1002 : start command "program -cable 0 -mode svf -spd 7 -p"
RUN-1003 : finish command "program -cable 0 -mode svf -spd 7 -p" in  6.258154s wall, 0.187500s user + 0.125000s system = 0.312500s CPU (5.0%)

RUN-1004 : used memory is 527 MB, reserved memory is 460 MB, peak memory is 551 MB
RUN-1003 : finish command "download -bit ES8388_Runs\phy_1\ES8388.bit -mode jtag -spd 7 -sec 64 -cable 0" in  6.905018s wall, 0.265625s user + 0.125000s system = 0.390625s CPU (5.7%)

RUN-1004 : used memory is 527 MB, reserved memory is 460 MB, peak memory is 551 MB
GUI-1001 : Download success!
