============================================================
   Tang Dynasty, V5.6.56362
   Copyright (c) 2012-2022 Anlogic
   Executable = C:/Anlogic/TD5.6.56362/bin/td.exe
   Built at =   19:51:00 Jul 25 2022
   Run by =     Frank
   Run Date =   Tue Jul  1 09:37:49 2025

   Run on =     DESKTOP-C83U48A
============================================================
RUN-1001 : open_run phy_1.
RUN-1002 : start command "import_db F:/BaiduNetdiskDownload/Anlogic/es8388_EG4S20/es8388_EG4S20/es8388/TD/ES8388_Runs/phy_1/ES8388_pr.db"
RUN-1001 : Importing database generated by Tang Dynasty, V5.6.56362.
RUN-1001 : Database version number 46140.
RUN-1001 : Import flow parameters
PHY-1001 : Generate detailed routing grids ...
PHY-1001 : Generate nets ...
PHY-1001 : clock net aud_bclk_syn_4 will be merged with clock aud_bclk_dup_1
PHY-1001 : net aud_mclk_dup_1 will be routed on clock mesh
PHY-1001 : net sys_clk_dup_1 will be routed on clock mesh
PHY-1001 : clock net u_pll_clk/clk0_out will be merged with clock u_pll_clk/clk0_buf
PHY-1001 : clock net u_es8388_ctrl/u_es8388_config/u_i2c_dri/dri_clk_syn_4 will be merged with clock u_es8388_ctrl/u_es8388_config/u_i2c_dri/dri_clk
PHY-1001 : eco open net = 0
PHY-1001 : 9 feed throughs used by 8 nets
RUN-1001 : Import timing constraints
RUN-1001 : Import IO constraints
RUN-1001 : Import Inst constraints
RUN-1001 : Import design success TD_VERSION=5.6.56362 , DB_VERSION=46140
RUN-1003 : finish command "import_db F:/BaiduNetdiskDownload/Anlogic/es8388_EG4S20/es8388_EG4S20/es8388/TD/ES8388_Runs/phy_1/ES8388_pr.db" in  3.200521s wall, 3.125000s user + 0.125000s system = 3.250000s CPU (101.5%)

RUN-1004 : used memory is 445 MB, reserved memory is 400 MB, peak memory is 473 MB
RUN-1002 : start command "report_timing"
RUN-1002 : start command "start_timer"
RUN-1002 : start command "end_timer"
RUN-1002 : start command "download -bit ES8388_Runs\phy_1\ES8388.bit -mode jtag -spd 7 -sec 64 -cable 0"
PRG-2014 : Chip validation success: EAGLE_S20_BG256
RUN-1002 : start command "bit_to_vec -chip EAGLE_S20_BG256 -m jtag_burst -freq 4 -bit ES8388_Runs/phy_1/ES8388.bit"
RUN-1002 : start command "program -cable 0 -mode svf -spd 7 -p"
RUN-1003 : finish command "program -cable 0 -mode svf -spd 7 -p" in  6.246066s wall, 0.187500s user + 0.000000s system = 0.187500s CPU (3.0%)

RUN-1004 : used memory is 490 MB, reserved memory is 444 MB, peak memory is 506 MB
RUN-1003 : finish command "download -bit ES8388_Runs\phy_1\ES8388.bit -mode jtag -spd 7 -sec 64 -cable 0" in  6.417601s wall, 0.265625s user + 0.031250s system = 0.296875s CPU (4.6%)

RUN-1004 : used memory is 490 MB, reserved memory is 444 MB, peak memory is 506 MB
GUI-1001 : Download success!
RUN-1002 : start command "download -bit ES8388_Runs\phy_1\ES8388.bit -mode jtag -spd 7 -sec 64 -cable 0"
PRG-2014 : Chip validation success: EAGLE_S20_BG256
RUN-1002 : start command "bit_to_vec -chip EAGLE_S20_BG256 -m jtag_burst -freq 4 -bit ES8388_Runs/phy_1/ES8388.bit"
RUN-1002 : start command "program -cable 0 -mode svf -spd 7 -p"
RUN-1003 : finish command "program -cable 0 -mode svf -spd 7 -p" in  11.799244s wall, 0.359375s user + 0.218750s system = 0.578125s CPU (4.9%)

RUN-1004 : used memory is 492 MB, reserved memory is 445 MB, peak memory is 509 MB
RUN-1003 : finish command "download -bit ES8388_Runs\phy_1\ES8388.bit -mode jtag -spd 7 -sec 64 -cable 0" in  12.094990s wall, 0.406250s user + 0.296875s system = 0.703125s CPU (5.8%)

RUN-1004 : used memory is 492 MB, reserved memory is 445 MB, peak memory is 509 MB
GUI-1001 : Download success!
