============================================================
   Tang Dynasty, V5.6.71036
      Copyright (c) 2012-2023 Anlogic Inc.
   Executable = D:/1.career/Anlogic/TD5.6.2/bin/td.exe
   Built at =   20:34:38 Mar 21 2023
   Run by =     tamochi
   Run Date =   Sun Nov  2 20:40:14 2025

   Run on =     TAMOWIN
============================================================
RUN-1002 : start command "open_project ES8388.prj"
RUN-1001 : Print Global Property
RUN-1001 : ---------------------------------------------------------------
RUN-1001 :        Parameters        |  Settings  |  Default Values  |  Note  
RUN-1001 : ---------------------------------------------------------------
RUN-1001 :          message         |  standard  |     standard     |        
RUN-1001 :   mixed_pack_place_flow  |     on     |        on        |        
RUN-1001 :        qor_monitor       |    off     |       off        |        
RUN-1001 :        syn_ip_flow       |    off     |       off        |        
RUN-1001 :          thread          |    auto    |       auto       |        
RUN-1001 : ---------------------------------------------------------------
RUN-1001 : Print Design Property
RUN-1001 : --------------------------------------------------------------
RUN-1001 :        Parameters       |  Settings  |  Default Values  |  Note  
RUN-1001 : --------------------------------------------------------------
RUN-1001 :   default_reg_initial   |    auto    |       auto       |        
RUN-1001 :        infer_add        |     on     |        on        |        
RUN-1001 :        infer_fsm        |    off     |       off        |        
RUN-1001 :        infer_mult       |     on     |        on        |        
RUN-1001 :        infer_ram        |     on     |        on        |        
RUN-1001 :        infer_reg        |     on     |        on        |        
RUN-1001 :   infer_reg_init_value  |     on     |        on        |        
RUN-1001 :        infer_rom        |     on     |        on        |        
RUN-1001 :      infer_shifter      |     on     |        on        |        
RUN-1001 : --------------------------------------------------------------
RUN-1001 : Print Rtl Property
RUN-1001 : --------------------------------------------------------------
RUN-1001 :        Parameters       |  Settings  |  Default Values  |  Note  
RUN-1001 : --------------------------------------------------------------
RUN-1001 :       compress_add      |   ripple   |      ripple      |        
RUN-1001 :        elf_sload        |    off     |       off        |        
RUN-1001 :       fix_undriven      |     0      |        0         |        
RUN-1001 :         flatten         |    off     |       off        |        
RUN-1001 :       gate_sharing      |     on     |        on        |        
RUN-1001 :    hdl_warning_level    |   normal   |      normal      |        
RUN-1001 :   impl_internal_tribuf  |     on     |        on        |        
RUN-1001 :      impl_set_reset     |     on     |        on        |        
RUN-1001 :        infer_gsr        |    off     |       off        |        
RUN-1001 :      keep_hierarchy     |    auto    |       auto       |        
RUN-1001 :        max_fanout       |    9999    |       9999       |        
RUN-1001 :      max_oh2bin_len     |     10     |        10        |        
RUN-1001 :       merge_equal       |     on     |        on        |        
RUN-1001 :       merge_equiv       |     on     |        on        |        
RUN-1001 :        merge_mux        |    off     |       off        |        
RUN-1001 :     min_control_set     |     8      |        8         |        
RUN-1001 :      min_ripple_len     |    auto    |       auto       |        
RUN-1001 :       oh2bin_ratio      |    0.08    |       0.08       |        
RUN-1001 :     opt_adder_fanout    |     on     |        on        |        
RUN-1001 :        opt_arith        |     on     |        on        |        
RUN-1001 :       opt_big_gate      |    off     |       off        |        
RUN-1001 :        opt_const        |     on     |        on        |        
RUN-1001 :      opt_const_mult     |     on     |        on        |        
RUN-1001 :       opt_lessthan      |     on     |        on        |        
RUN-1001 :         opt_mux         |    off     |       off        |        
RUN-1001 :         opt_ram         |    high    |       high       |        
RUN-1001 :      rtl_sim_model      |    off     |       off        |        
RUN-1001 :         seq_syn         |     on     |        on        |        
RUN-1001 : --------------------------------------------------------------
HDL-1007 : analyze verilog file ../../al_ip/clk_wiz_0.v
HDL-1007 : undeclared symbol 'open', assumed default net type 'wire' in ../../al_ip/clk_wiz_0.v(80)
HDL-1007 : analyze verilog file ../../../RTL/audio_receive.v
HDL-1007 : analyze verilog file ../../../RTL/audio_send.v
HDL-1007 : analyze verilog file ../../../RTL/audio_speak.v
HDL-1007 : undeclared symbol 'chipwatcherclk', assumed default net type 'wire' in ../../../RTL/audio_speak.v(47)
HDL-1007 : analyze verilog file ../../../RTL/es8388_config.v
HDL-1007 : analyze verilog file ../../../RTL/es8388_ctrl.v
HDL-1007 : analyze verilog file ../../../RTL/i2c_dri.v
HDL-1007 : analyze verilog file ../../../RTL/i2c_reg_cfg.v
RUN-1001 : Project manager successfully analyzed 8 source files.
RUN-1002 : start command "import_device eagle_s20.db -package EG4S20BG256"
ARC-1001 : Device Initialization.
ARC-1001 : ------------------------------------------------------------------
ARC-1001 :            OPTION            |          IO          |   SETTING   
ARC-1001 : ------------------------------------------------------------------
ARC-1001 :   cso_b/cclk/mosi/miso/dout  |  T3/R11/T10/P10/S11  |    gpio    
ARC-1001 :             done             |         P13          |    gpio    
ARC-1001 :           program_b          |          T2          |  dedicate  
ARC-1001 :        tdi/tms/tck/tdo       |   C12/A15/C14/E14    |  dedicate  
ARC-1001 : ------------------------------------------------------------------
ARC-1004 : Device setting, marked 5 dedicate IOs in total.
RUN-1002 : start command "import_db ../syn_1/ES8388_gate.db"
RUN-1001 : Importing database generated by Tang Dynasty, V5.6.71036.
RUN-1001 : Database version number 46146.
RUN-1001 : Import flow parameters
RUN-1001 : Import IO constraints
RUN-1001 : Import Inst constraints
RUN-1001 : Import design success TD_VERSION=5.6.71036 , DB_VERSION=46146
RUN-1002 : start command "place"
RUN-1001 : Open license file D:/1.career/Anlogic/TD5.6.2/license/Anlogic.lic
RUN-1001 : Print Global Property
RUN-1001 : ---------------------------------------------------------------
RUN-1001 :        Parameters        |  Settings  |  Default Values  |  Note  
RUN-1001 : ---------------------------------------------------------------
RUN-1001 :          message         |  standard  |     standard     |        
RUN-1001 :   mixed_pack_place_flow  |     on     |        on        |        
RUN-1001 :        qor_monitor       |    off     |       off        |        
RUN-1001 :        syn_ip_flow       |    off     |       off        |        
RUN-1001 :          thread          |    auto    |       auto       |        
RUN-1001 : ---------------------------------------------------------------
RUN-1001 : Print Place Property
RUN-1001 : --------------------------------------------------------------
RUN-1001 :        Parameters       |  Settings  |  Default Values  |  Note  
RUN-1001 : --------------------------------------------------------------
RUN-1001 :      detailed_place     |     on     |        on        |        
RUN-1001 :          effort         |   medium   |      medium      |        
RUN-1001 :         fix_hold        |    off     |       off        |        
RUN-1001 :       legalization      |    ori     |       ori        |        
RUN-1001 :      new_spreading      |     on     |        on        |        
RUN-1001 :        opt_timing       |   medium   |      medium      |        
RUN-1001 :   post_clock_route_opt  |    off     |       off        |        
RUN-1001 :       pr_strategy       |     1      |        1         |        
RUN-1001 :        relaxation       |    1.00    |       1.00       |        
RUN-1001 :         retiming        |    off     |       off        |        
RUN-1001 : --------------------------------------------------------------
PHY-3001 : Placer runs in 16 thread(s).
RUN-1002 : start command "legalize_phy_inst"
SYN-1011 : Flatten model audio_speak
RUN-1002 : start command "phys_opt -simplify_lut"
SYN-4016 : Net u_pll_clk/clk0_out driven by BUFG (0 clock/control pins, 1 other pins).
SYN-4027 : Net aud_mclk_dup_1 is clkc1 of pll u_pll_clk/pll_inst.
SYN-4019 : Net sys_clk_dup_1 is refclk of pll u_pll_clk/pll_inst.
SYN-4020 : Net sys_clk_dup_1 is fbclk of pll u_pll_clk/pll_inst.
SYN-4024 : Net "aud_bclk_dup_1" drives clk pins.
SYN-4024 : Net "u_es8388_ctrl/u_es8388_config/u_i2c_dri/dri_clk" drives clk pins.
SYN-4025 : Tag rtl::Net aud_bclk_dup_1 as clock net
SYN-4025 : Tag rtl::Net aud_mclk_dup_1 as clock net
SYN-4025 : Tag rtl::Net sys_clk_dup_1 as clock net
SYN-4025 : Tag rtl::Net u_es8388_ctrl/u_es8388_config/u_i2c_dri/dri_clk as clock net
SYN-4025 : Tag rtl::Net u_pll_clk/clk0_out as clock net
SYN-4026 : Tagged 5 rtl::Net as clock net
SYN-4015 : Create BUFG instance for clk Net aud_bclk_dup_1 to drive 80 clock pins.
SYN-4015 : Create BUFG instance for clk Net u_es8388_ctrl/u_es8388_config/u_i2c_dri/dri_clk to drive 59 clock pins.
PHY-1001 : Populate physical database on model audio_speak.
RUN-1001 : There are total 412 instances
RUN-0007 : 211 luts, 153 seqs, 17 mslices, 11 lslices, 13 pads, 0 brams, 0 dsps
RUN-1001 : There are total 457 nets
RUN-1001 : 295 nets have 2 pins
RUN-1001 : 109 nets have [3 - 5] pins
RUN-1001 : 20 nets have [6 - 10] pins
RUN-1001 : 20 nets have [11 - 20] pins
RUN-1001 : 12 nets have [21 - 99] pins
RUN-1001 : 1 nets have 100+ pins
RUN-1001 : Report Control nets information:
RUN-1001 : DFF Distribution
RUN-1001 : ----------------------------------
RUN-1001 :   CE   |  SSR  |  ASR  |  DFF Count  
RUN-1001 : ----------------------------------
RUN-1001 :   No   |  No   |  No   |      0      
RUN-1001 :   No   |  No   |  Yes  |     73      
RUN-1001 :   No   |  Yes  |  No   |      0      
RUN-1001 :   Yes  |  No   |  No   |      8      
RUN-1001 :   Yes  |  No   |  Yes  |     72      
RUN-1001 :   Yes  |  Yes  |  No   |      0      
RUN-1001 : ----------------------------------
RUN-0007 : Control Group Statistic
RUN-0007 : ---------------------------
RUN-0007 :   #CLK  |  #CE  |  #SSR/ASR  
RUN-0007 : ---------------------------
RUN-0007 :    3    |   6   |     2      
RUN-0007 : ---------------------------
RUN-0007 : Control Set = 8
PHY-3001 : Initial placement ...
PHY-3001 : design contains 410 instances, 211 luts, 153 seqs, 28 slices, 8 macros(28 instances: 17 mslices 11 lslices)
PHY-0007 : Cell area utilization is 1%
PHY-3001 : Global placement ...
PHY-3001 : Initial: Len = 106325
PHY-3001 : Clustering ...
PHY-3001 : Level 0 #clusters 410.
PHY-3001 : End clustering;  0.000014s wall, 0.000000s user + 0.000000s system = 0.000000s CPU (n/a%)

PHY-3001 : Run with size of 4
PHY-3001 : Cell area utilization is 1%
PHY-3001 : :::0::: Try harder cell spreading with beta_ = 0
PHY-3002 : Step(1): len = 67494, overlap = 0
PHY-3002 : Step(2): len = 42922.7, overlap = 0
PHY-3002 : Step(3): len = 29361.9, overlap = 0
PHY-3002 : Step(4): len = 22226, overlap = 0
PHY-3002 : Step(5): len = 18440.3, overlap = 0
PHY-3002 : Step(6): len = 16473.4, overlap = 0
PHY-3002 : Step(7): len = 13840.6, overlap = 0
PHY-3002 : Step(8): len = 12593.2, overlap = 0
PHY-3002 : Step(9): len = 12204.2, overlap = 0
PHY-3002 : Step(10): len = 11326.5, overlap = 0
PHY-3002 : Step(11): len = 10372.9, overlap = 0
PHY-3002 : Step(12): len = 10270.5, overlap = 0
PHY-3002 : Step(13): len = 10042.5, overlap = 0
PHY-3002 : Step(14): len = 10214.4, overlap = 0
PHY-3002 : Step(15): len = 10165.4, overlap = 0
PHY-3002 : Step(16): len = 9111.8, overlap = 0.4375
PHY-3002 : Step(17): len = 9055.3, overlap = 1
PHY-3002 : Step(18): len = 8040.1, overlap = 0.9375
PHY-3002 : Step(19): len = 8153.9, overlap = 0.9375
PHY-3002 : Step(20): len = 7829.7, overlap = 0.9375
PHY-3002 : Step(21): len = 7170, overlap = 0.875
PHY-3002 : Step(22): len = 6704.1, overlap = 0.9375
PHY-3002 : Step(23): len = 6704.1, overlap = 0.9375
PHY-3002 : Step(24): len = 6590.7, overlap = 0.9375
PHY-3001 : Legalization ...
PHY-3001 : End legalization;  0.002815s wall, 0.000000s user + 0.000000s system = 0.000000s CPU (n/a%)

PHY-3001 : Run with size of 4
PHY-3001 : Cell area utilization is 1%
PHY-3001 : :::0::: Try harder cell spreading with beta_ = 0
PHY-3002 : Step(25): len = 6449.2, overlap = 9.09375
PHY-3002 : Step(26): len = 6449.2, overlap = 9.09375
PHY-3002 : Step(27): len = 6401.6, overlap = 9.09375
PHY-3002 : Step(28): len = 6401.6, overlap = 9.09375
PHY-3002 : Step(29): len = 6316.7, overlap = 9.09375
PHY-3002 : Step(30): len = 6316.7, overlap = 9.09375
PHY-3002 : Step(31): len = 6318.3, overlap = 9.09375
PHY-3002 : Step(32): len = 6318.3, overlap = 9.09375
PHY-3002 : Step(33): len = 6232, overlap = 9.09375
PHY-3002 : Step(34): len = 6232, overlap = 9.09375
PHY-3002 : Step(35): len = 6191.3, overlap = 9.09375
PHY-3002 : Step(36): len = 6191.3, overlap = 9.09375
PHY-3002 : Step(37): len = 6237.1, overlap = 9.09375
PHY-3002 : Step(38): len = 6237.1, overlap = 9.09375
PHY-3002 : Step(39): len = 6144.4, overlap = 9.09375
PHY-3002 : Step(40): len = 6144.4, overlap = 9.09375
PHY-3002 : Step(41): len = 6116.5, overlap = 9.09375
PHY-3002 : Step(42): len = 6116.5, overlap = 9.09375
PHY-3002 : Step(43): len = 6094.3, overlap = 9.09375
PHY-3002 : Step(44): len = 6094.3, overlap = 9.09375
PHY-3002 : Step(45): len = 6120.4, overlap = 9.09375
PHY-3002 : Step(46): len = 6120.4, overlap = 9.09375
PHY-3002 : Step(47): len = 6079.6, overlap = 9.09375
PHY-3002 : Step(48): len = 6079.6, overlap = 9.09375
PHY-3002 : Step(49): len = 6052.4, overlap = 9.09375
PHY-3002 : Step(50): len = 6052.4, overlap = 9.09375
PHY-3002 : Step(51): len = 6036.6, overlap = 9.09375
PHY-3002 : Step(52): len = 6036.6, overlap = 9.09375
PHY-3002 : Step(53): len = 6021.8, overlap = 9.09375
PHY-3002 : Step(54): len = 6021.8, overlap = 9.09375
PHY-3002 : Step(55): len = 6011.3, overlap = 9.09375
PHY-3002 : Step(56): len = 6011.3, overlap = 9.09375
PHY-3002 : Step(57): len = 6000.9, overlap = 9.09375
PHY-3002 : Step(58): len = 6000.9, overlap = 9.09375
PHY-3002 : Step(59): len = 5992.3, overlap = 9.09375
PHY-3002 : Step(60): len = 5992.3, overlap = 9.09375
PHY-3002 : Step(61): len = 5981.6, overlap = 9.28125
PHY-3002 : Step(62): len = 5981.6, overlap = 9.28125
PHY-3002 : Step(63): len = 5976.2, overlap = 9.28125
PHY-3002 : Step(64): len = 5976.2, overlap = 9.28125
PHY-3002 : Step(65): len = 5965.5, overlap = 9.28125
PHY-3002 : Step(66): len = 5965.5, overlap = 9.28125
PHY-3002 : Step(67): len = 5963.3, overlap = 9.375
PHY-3002 : Step(68): len = 5963.3, overlap = 9.375
PHY-3002 : Step(69): len = 5958, overlap = 9.65625
PHY-3002 : Step(70): len = 5958, overlap = 9.65625
PHY-3002 : Step(71): len = 5952.3, overlap = 9.65625
PHY-3002 : Step(72): len = 5952.3, overlap = 9.65625
PHY-3002 : Step(73): len = 5946.3, overlap = 9.65625
PHY-3002 : Step(74): len = 5946.3, overlap = 9.65625
PHY-3002 : Step(75): len = 5941.4, overlap = 9.65625
PHY-3002 : Step(76): len = 5941.4, overlap = 9.65625
PHY-3002 : Step(77): len = 5934.9, overlap = 9.65625
PHY-3002 : Step(78): len = 5934.9, overlap = 9.65625
PHY-3002 : Step(79): len = 5930.2, overlap = 9.65625
PHY-3002 : Step(80): len = 5930.2, overlap = 9.65625
PHY-3002 : Step(81): len = 5925.9, overlap = 9.65625
PHY-3002 : Step(82): len = 5925.9, overlap = 9.65625
PHY-3002 : Step(83): len = 5919.5, overlap = 9.65625
PHY-3002 : Step(84): len = 5919.5, overlap = 9.65625
PHY-3002 : Step(85): len = 5912.7, overlap = 9.5625
PHY-3002 : Step(86): len = 5912.7, overlap = 9.5625
PHY-3002 : Step(87): len = 5909.5, overlap = 9.5625
PHY-3002 : Step(88): len = 5909.5, overlap = 9.5625
PHY-3002 : Step(89): len = 5902.1, overlap = 9.6875
PHY-3002 : Step(90): len = 5902.1, overlap = 9.6875
PHY-3002 : Step(91): len = 5900.1, overlap = 9.6875
PHY-3002 : Step(92): len = 5900.1, overlap = 9.6875
PHY-3002 : Step(93): len = 5893.2, overlap = 9.625
PHY-3002 : Step(94): len = 5893.2, overlap = 9.625
PHY-3002 : Step(95): len = 5888, overlap = 9.625
PHY-3002 : Step(96): len = 5888, overlap = 9.625
PHY-3002 : Step(97): len = 5886.1, overlap = 9.71875
PHY-3002 : Step(98): len = 5886.1, overlap = 9.71875
PHY-3002 : Step(99): len = 5882, overlap = 9.625
PHY-3002 : Step(100): len = 5882, overlap = 9.625
PHY-3002 : Step(101): len = 5878.7, overlap = 9.625
PHY-3002 : Step(102): len = 5878.7, overlap = 9.625
PHY-3002 : Step(103): len = 5832.3, overlap = 9.625
PHY-3002 : Step(104): len = 5832.3, overlap = 9.625
PHY-3002 : Step(105): len = 5883.4, overlap = 9.875
PHY-3002 : Step(106): len = 5883.4, overlap = 9.875
PHY-3002 : Step(107): len = 5821.7, overlap = 10.0625
PHY-3002 : Step(108): len = 5821.7, overlap = 10.0625
PHY-3002 : Step(109): len = 5825.8, overlap = 10
PHY-3002 : Step(110): len = 5825.8, overlap = 10
PHY-3002 : Step(111): len = 5828.6, overlap = 9.875
PHY-3002 : Step(112): len = 5828.6, overlap = 9.875
PHY-3002 : Step(113): len = 5831.5, overlap = 9.875
PHY-3002 : Step(114): len = 5831.5, overlap = 9.875
PHY-3002 : Step(115): len = 5834.7, overlap = 9.875
PHY-3002 : Step(116): len = 5834.7, overlap = 9.875
PHY-3002 : Step(117): len = 5791.7, overlap = 9.875
PHY-3002 : Step(118): len = 5791.7, overlap = 9.875
PHY-3002 : Step(119): len = 5801.7, overlap = 9.875
PHY-3002 : Step(120): len = 5801.7, overlap = 9.875
PHY-3002 : Step(121): len = 5805.7, overlap = 9.78125
PHY-3002 : Step(122): len = 5805.7, overlap = 9.78125
PHY-3002 : Step(123): len = 5811.1, overlap = 9.96875
PHY-3002 : Step(124): len = 5811.1, overlap = 9.96875
PHY-3002 : Step(125): len = 5813.9, overlap = 9.96875
PHY-3002 : Step(126): len = 5813.9, overlap = 9.96875
PHY-3002 : Step(127): len = 5772, overlap = 9.96875
PHY-3002 : Step(128): len = 5772, overlap = 9.96875
PHY-3002 : Step(129): len = 5781.5, overlap = 9.90625
PHY-3002 : Step(130): len = 5781.5, overlap = 9.90625
PHY-3002 : Step(131): len = 5790, overlap = 9.84375
PHY-3002 : Step(132): len = 5790, overlap = 9.84375
PHY-3002 : Step(133): len = 5794.9, overlap = 9.59375
PHY-3002 : Step(134): len = 5794.9, overlap = 9.59375
PHY-3002 : Step(135): len = 5757.4, overlap = 9.53125
PHY-3002 : Step(136): len = 5757.4, overlap = 9.53125
PHY-3002 : Step(137): len = 5763.9, overlap = 9.46875
PHY-3002 : Step(138): len = 5763.9, overlap = 9.46875
PHY-3002 : Step(139): len = 5773.7, overlap = 9.34375
PHY-3002 : Step(140): len = 5773.7, overlap = 9.34375
PHY-3002 : Step(141): len = 5778.3, overlap = 9.21875
PHY-3002 : Step(142): len = 5778.3, overlap = 9.21875
PHY-3002 : Step(143): len = 5737.7, overlap = 9.09375
PHY-3002 : Step(144): len = 5737.7, overlap = 9.09375
PHY-3002 : Step(145): len = 5749, overlap = 8.90625
PHY-3002 : Step(146): len = 5749, overlap = 8.90625
PHY-3002 : Step(147): len = 5755.3, overlap = 8.71875
PHY-3002 : Step(148): len = 5755.3, overlap = 8.71875
PHY-3002 : Step(149): len = 5762.4, overlap = 8.71875
PHY-3002 : Step(150): len = 5762.4, overlap = 8.71875
PHY-3002 : Step(151): len = 5721.1, overlap = 8.40625
PHY-3002 : Step(152): len = 5721.1, overlap = 8.40625
PHY-3002 : Step(153): len = 5731.3, overlap = 7.75
PHY-3002 : Step(154): len = 5731.3, overlap = 7.75
PHY-3002 : Step(155): len = 5739.5, overlap = 7.625
PHY-3002 : Step(156): len = 5739.5, overlap = 7.625
PHY-3002 : Step(157): len = 5749.2, overlap = 7.40625
PHY-3002 : Step(158): len = 5749.2, overlap = 7.40625
PHY-3002 : Step(159): len = 5706.3, overlap = 7.09375
PHY-3002 : Step(160): len = 5706.3, overlap = 7.09375
PHY-3002 : Step(161): len = 5719.6, overlap = 6.65625
PHY-3002 : Step(162): len = 5719.6, overlap = 6.65625
PHY-3002 : Step(163): len = 5726.9, overlap = 6.375
PHY-3002 : Step(164): len = 5726.9, overlap = 6.375
PHY-3002 : Step(165): len = 5736.5, overlap = 6.375
PHY-3002 : Step(166): len = 5736.5, overlap = 6.375
PHY-3002 : Step(167): len = 5691.4, overlap = 6.25
PHY-3002 : Step(168): len = 5691.4, overlap = 6.25
PHY-3002 : Step(169): len = 5708.3, overlap = 6.375
PHY-3002 : Step(170): len = 5708.3, overlap = 6.375
PHY-3002 : Step(171): len = 5713.2, overlap = 6.75
PHY-3002 : Step(172): len = 5713.2, overlap = 6.75
PHY-3002 : Step(173): len = 5724.1, overlap = 6.8125
PHY-3002 : Step(174): len = 5724.1, overlap = 6.8125
PHY-3002 : Step(175): len = 5681.3, overlap = 7.3125
PHY-3002 : Step(176): len = 5681.3, overlap = 7.3125
PHY-3002 : Step(177): len = 5696.5, overlap = 7.21875
PHY-3002 : Step(178): len = 5696.5, overlap = 7.21875
PHY-3002 : Step(179): len = 5700, overlap = 7.21875
PHY-3002 : Step(180): len = 5700, overlap = 7.21875
PHY-3002 : Step(181): len = 5669.3, overlap = 7.21875
PHY-3002 : Step(182): len = 5669.3, overlap = 7.21875
PHY-3002 : Step(183): len = 5681.2, overlap = 6.6875
PHY-3002 : Step(184): len = 5681.2, overlap = 6.6875
PHY-3002 : Step(185): len = 5699, overlap = 6.21875
PHY-3002 : Step(186): len = 5699, overlap = 6.21875
PHY-3002 : Step(187): len = 5663.8, overlap = 5.9375
PHY-3002 : Step(188): len = 5663.8, overlap = 5.9375
PHY-3002 : Step(189): len = 5677.2, overlap = 5.75
PHY-3002 : Step(190): len = 5677.2, overlap = 5.75
PHY-3002 : Step(191): len = 5687.3, overlap = 5.46875
PHY-3002 : Step(192): len = 5687.3, overlap = 5.46875
PHY-3002 : Step(193): len = 5654.2, overlap = 5.28125
PHY-3002 : Step(194): len = 5654.2, overlap = 5.28125
PHY-3002 : Step(195): len = 5668.1, overlap = 4.6875
PHY-3002 : Step(196): len = 5668.1, overlap = 4.6875
PHY-3002 : Step(197): len = 5679, overlap = 4.0625
PHY-3001 : Run with size of 2
PHY-3001 : Cell area utilization is 1%
PHY-3001 : :::0::: Try harder cell spreading with beta_ = 1.22534e-05
PHY-3002 : Step(198): len = 5970, overlap = 20.3438
PHY-3002 : Step(199): len = 5970, overlap = 20.3438
PHY-3001 : :::1::: Try harder cell spreading with beta_ = 2.45069e-05
PHY-3002 : Step(200): len = 6409.3, overlap = 19.1562
PHY-3002 : Step(201): len = 6409.3, overlap = 19.1562
PHY-3002 : Step(202): len = 6297.5, overlap = 18.5938
PHY-3002 : Step(203): len = 6297.5, overlap = 18.5938
PHY-3002 : Step(204): len = 6458.2, overlap = 17.5625
PHY-3002 : Step(205): len = 6528.3, overlap = 17.5625
PHY-3002 : Step(206): len = 7001.2, overlap = 14.125
PHY-3002 : Step(207): len = 6905.8, overlap = 13.5312
PHY-3002 : Step(208): len = 6697.3, overlap = 13.2188
PHY-3001 : :::2::: Try harder cell spreading with beta_ = 4.90137e-05
PHY-3002 : Step(209): len = 6704.2, overlap = 13.2812
PHY-3002 : Step(210): len = 6704.2, overlap = 13.2812
PHY-3001 : :::3::: Try harder cell spreading with beta_ = 9.80275e-05
PHY-3002 : Step(211): len = 7113.5, overlap = 11.4688
PHY-3002 : Step(212): len = 7113.5, overlap = 11.4688
PHY-3002 : Step(213): len = 6928.6, overlap = 10.875
PHY-3001 : :::4::: Try harder cell spreading with beta_ = 0.000196055
PHY-3002 : Step(214): len = 7292.6, overlap = 9.1875
PHY-3002 : Step(215): len = 7292.6, overlap = 9.1875
PHY-3002 : Step(216): len = 7127.8, overlap = 8.9375
OPT-1001 : Start physical optimization ...
OPT-1001 : Total overflow 22.47 peak overflow 3.47
OPT-1001 : Start high-fanout net optimization ...
OPT-1001 : Update timing in global mode
PHY-1001 : Start incremental global routing, caller is place ...
RUN-1001 : Generating global routing grids ...
RUN-1001 : Building simple global routing graph ...
PHY-1001 : Generate routing nets ...
PHY-1001 : Reuse net number 0/457.
PHY-1001 : Global iterations in 16 thread ...
PHY-1002 : len = 7568, over cnt = 31(0%), over = 169, worst = 16
PHY-1001 : End global iterations;  0.011831s wall, 0.015625s user + 0.000000s system = 0.015625s CPU (132.1%)

PHY-1001 : Congestion index: top1 = 17.18, top5 = 4.74, top10 = 2.37, top15 = 1.58.
PHY-1001 : End incremental global routing;  0.054577s wall, 0.062500s user + 0.000000s system = 0.062500s CPU (114.5%)

RUN-1002 : start command "start_timer -report"
TMR-5001 WARNING: No sdc constraints found while initiating timer.
TMR-2505 : Start building timing graph for model audio_speak.
TMR-2506 : Build timing graph completely. Port num: 12, tpin num: 1880, tnet num: 455, tinst num: 410, tnode num: 2432, tedge num: 2954.
TMR-2508 : Levelizing timing graph completed, there are 17 levels in total.
TMR-2501 : Timing graph initialized successfully.
OPT-1001 : End timing update;  0.088325s wall, 0.078125s user + 0.000000s system = 0.078125s CPU (88.5%)

OPT-1001 : 0 high-fanout net processed.
OPT-1001 : End high-fanout net optimization;  0.147890s wall, 0.156250s user + 0.000000s system = 0.156250s CPU (105.7%)

OPT-1001 : Current memory(MB): used = 146, reserve = 117, peak = 146.
OPT-1001 : End physical optimization;  0.152259s wall, 0.156250s user + 0.000000s system = 0.156250s CPU (102.6%)

PHY-3001 : Start packing ...
SYN-4007 : Packing 0 MUX to BLE ...
SYN-4008 : Packed 0 MUX and 0 SEQ to BLE.
SYN-4007 : Packing 211 LUT to BLE ...
SYN-4008 : Packed 211 LUT and 82 SEQ to BLE.
SYN-4003 : Packing 71 remaining SEQ's ...
SYN-4005 : Packed 41 SEQ with LUT/SLICE
SYN-4006 : 96 single LUT's are left
SYN-4006 : 30 single SEQ's are left
SYN-4011 : Packing model "audio_speak" (AL_USER_NORMAL) with 241/289 primitive instances ...
PHY-3001 : End packing;  0.010782s wall, 0.000000s user + 0.000000s system = 0.000000s CPU (n/a%)

PHY-1001 : Populate physical database on model audio_speak.
RUN-1001 : There are total 182 instances
RUN-1001 : 81 mslices, 81 lslices, 13 pads, 0 brams, 0 dsps
RUN-1001 : There are total 378 nets
RUN-1001 : 206 nets have 2 pins
RUN-1001 : 118 nets have [3 - 5] pins
RUN-1001 : 20 nets have [6 - 10] pins
RUN-1001 : 22 nets have [11 - 20] pins
RUN-1001 : 12 nets have [21 - 99] pins
PHY-3001 : design contains 180 instances, 162 slices, 8 macros(28 instances: 17 mslices 11 lslices)
PHY-3001 : Cell area utilization is 2%
PHY-3001 : After packing: Len = 7219.6, Over = 14
PHY-3001 : Run with size of 2
PHY-3001 : Cell area utilization is 2%
PHY-3001 : :::0::: Try harder cell spreading with beta_ = 2.4248e-05
PHY-3002 : Step(217): len = 6934.1, overlap = 13.75
PHY-3002 : Step(218): len = 6950.4, overlap = 13.75
PHY-3002 : Step(219): len = 6969.4, overlap = 13.75
PHY-3001 : :::1::: Try harder cell spreading with beta_ = 4.8496e-05
PHY-3002 : Step(220): len = 7125.7, overlap = 15
PHY-3002 : Step(221): len = 7125.7, overlap = 15
PHY-3002 : Step(222): len = 7084.1, overlap = 15.5
PHY-3001 : :::2::: Try harder cell spreading with beta_ = 9.6992e-05
PHY-3002 : Step(223): len = 7445.9, overlap = 14
PHY-3002 : Step(224): len = 7445.9, overlap = 14
PHY-3002 : Step(225): len = 7383.5, overlap = 14.25
PHY-3001 : Legalization ...
PHY-3001 : End legalization;  0.034915s wall, 0.031250s user + 0.062500s system = 0.093750s CPU (268.5%)

PHY-3001 : Trial Legalized: Len = 12985.5
PHY-3001 : Run with size of 2
PHY-3001 : Cell area utilization is 2%
PHY-3001 : :::0::: Try harder cell spreading with beta_ = 0
PHY-3002 : Step(226): len = 9624.2, overlap = 4
PHY-3002 : Step(227): len = 8211.7, overlap = 10
PHY-3002 : Step(228): len = 7634.7, overlap = 14.5
PHY-3002 : Step(229): len = 7240.7, overlap = 15.5
PHY-3002 : Step(230): len = 7011.7, overlap = 15.75
PHY-3002 : Step(231): len = 7039.4, overlap = 14.75
PHY-3002 : Step(232): len = 6799.6, overlap = 17
PHY-3002 : Step(233): len = 6831.4, overlap = 16.5
PHY-3002 : Step(234): len = 6851.2, overlap = 16.25
PHY-3001 : :::1::: Try harder cell spreading with beta_ = 1.57822e-05
PHY-3002 : Step(235): len = 6902.4, overlap = 14.75
PHY-3002 : Step(236): len = 7084, overlap = 14
PHY-3002 : Step(237): len = 7233.8, overlap = 11.75
PHY-3002 : Step(238): len = 6956, overlap = 10.75
PHY-3002 : Step(239): len = 6966.5, overlap = 11.75
PHY-3001 : :::2::: Try harder cell spreading with beta_ = 3.15644e-05
PHY-3002 : Step(240): len = 7070.5, overlap = 10.5
PHY-3002 : Step(241): len = 7070.5, overlap = 10.5
PHY-3001 : Legalization ...
PHY-3001 : End legalization;  0.004200s wall, 0.000000s user + 0.000000s system = 0.000000s CPU (n/a%)

PHY-3001 : Legalized: Len = 10957.8, Over = 0
PHY-3001 : End spreading;  0.001931s wall, 0.000000s user + 0.000000s system = 0.000000s CPU (n/a%)

PHY-3001 : Final: Len = 10957.8, Over = 0
OPT-1001 : Start physical optimization ...
OPT-1001 : Total overflow 0.00 peak overflow 0.00
OPT-1001 : Start high-fanout net optimization ...
OPT-1001 : Update timing in global mode
PHY-1001 : Start incremental global routing, caller is place ...
RUN-1001 : Generating global routing grids ...
PHY-1001 : Generate routing nets ...
PHY-1001 : Reuse net number 19/378.
PHY-1001 : Global iterations in 16 thread ...
PHY-1002 : len = 12552, over cnt = 30(0%), over = 38, worst = 3
PHY-1002 : len = 12752, over cnt = 2(0%), over = 2, worst = 1
PHY-1002 : len = 12784, over cnt = 0(0%), over = 0, worst = 0
PHY-1001 : End global iterations;  0.028770s wall, 0.031250s user + 0.000000s system = 0.031250s CPU (108.6%)

PHY-1001 : Congestion index: top1 = 20.86, top5 = 8.09, top10 = 4.20, top15 = 2.80.
PHY-1001 : End incremental global routing;  0.075473s wall, 0.078125s user + 0.000000s system = 0.078125s CPU (103.5%)

RUN-1002 : start command "start_timer -report"
TMR-5001 WARNING: No sdc constraints found while initiating timer.
TMR-2505 : Start building timing graph for model audio_speak.
TMR-2506 : Build timing graph completely. Port num: 12, tpin num: 1614, tnet num: 376, tinst num: 180, tnode num: 2013, tedge num: 2654.
TMR-2508 : Levelizing timing graph completed, there are 17 levels in total.
TMR-2501 : Timing graph initialized successfully.
OPT-1001 : End timing update;  0.062803s wall, 0.062500s user + 0.000000s system = 0.062500s CPU (99.5%)

OPT-1001 : 0 high-fanout net processed.
OPT-1001 : End high-fanout net optimization;  0.143190s wall, 0.156250s user + 0.000000s system = 0.156250s CPU (109.1%)

OPT-1001 : Current memory(MB): used = 148, reserve = 119, peak = 148.
OPT-1001 : Update timing in Manhattan mode
OPT-1001 : End timing update;  0.000278s wall, 0.000000s user + 0.000000s system = 0.000000s CPU (n/a%)

OPT-1001 : Start pin optimization...
OPT-1001 : skip pin optimization...
RUN-1001 : Generating global routing grids ...
PHY-1001 : Generate routing nets ...
PHY-1001 : Reuse net number 307/378.
PHY-1001 : Global iterations in 16 thread ...
PHY-1002 : len = 12784, over cnt = 0(0%), over = 0, worst = 0
PHY-1001 : End global iterations;  0.001098s wall, 0.000000s user + 0.000000s system = 0.000000s CPU (n/a%)

PHY-1001 : Congestion index: top1 = 20.86, top5 = 8.09, top10 = 4.20, top15 = 2.80.
OPT-1001 : Update timing in Manhattan mode
OPT-1001 : End timing update;  0.000593s wall, 0.000000s user + 0.000000s system = 0.000000s CPU (n/a%)

RUN-1001 : QoR Analysis:
OPT-0007 :   WNS 2147483647 TNS 0 NUM_FEPS 0
RUN-1001 :   No local congestion issue, and most congested 1% tile average routing util is 20.448276
RUN-1001 :   Top critical paths
OPT-1001 : End physical optimization;  0.190453s wall, 0.203125s user + 0.000000s system = 0.203125s CPU (106.7%)

RUN-1003 : finish command "place" in  4.612175s wall, 5.765625s user + 7.359375s system = 13.125000s CPU (284.6%)

RUN-1004 : used memory is 138 MB, reserved memory is 109 MB, peak memory is 149 MB
RUN-1002 : start command "export_db ES8388_place.db"
RUN-1001 : Exported /
RUN-1001 : Exported flow parameters
RUN-1001 : Exported libs
RUN-1001 : Exported entities
RUN-1001 : Exported ports
RUN-1001 : Exported pins
RUN-1001 : Exported instances
RUN-1001 : Exported nets
RUN-1001 : Exported buses
RUN-1001 : Exported models
RUN-1001 : Exported congestions
RUN-1001 : Exported violations
RUN-1001 : Exported IO constraints
RUN-1001 : Exported Inst constraints
RUN-1002 : start command "route"
RUN-1001 : Open license file D:/1.career/Anlogic/TD5.6.2/license/Anlogic.lic
RUN-1001 : Print Global Property
RUN-1001 : ---------------------------------------------------------------
RUN-1001 :        Parameters        |  Settings  |  Default Values  |  Note  
RUN-1001 : ---------------------------------------------------------------
RUN-1001 :          message         |  standard  |     standard     |        
RUN-1001 :   mixed_pack_place_flow  |     on     |        on        |        
RUN-1001 :        qor_monitor       |    off     |       off        |        
RUN-1001 :        syn_ip_flow       |    off     |       off        |        
RUN-1001 :          thread          |    auto    |       auto       |        
RUN-1001 : ---------------------------------------------------------------
RUN-1001 : Print Route Property
RUN-1001 : -------------------------------------------------------
RUN-1001 :    Parameters    |  Settings  |  Default Values  |  Note  
RUN-1001 : -------------------------------------------------------
RUN-1001 :      effort      |   medium   |      medium      |        
RUN-1001 :     fix_hold     |    off     |       off        |        
RUN-1001 :    opt_timing    |   medium   |      medium      |        
RUN-1001 :   phy_sim_model  |    off     |       off        |        
RUN-1001 :     priority     |   timing   |      timing      |        
RUN-1001 :     swap_pin     |     on     |        on        |        
RUN-1001 : -------------------------------------------------------
PHY-1001 : Route runs in 16 thread(s)
RUN-1001 : There are total 182 instances
RUN-1001 : 81 mslices, 81 lslices, 13 pads, 0 brams, 0 dsps
RUN-1001 : There are total 378 nets
RUN-1001 : 206 nets have 2 pins
RUN-1001 : 118 nets have [3 - 5] pins
RUN-1001 : 20 nets have [6 - 10] pins
RUN-1001 : 22 nets have [11 - 20] pins
RUN-1001 : 12 nets have [21 - 99] pins
RUN-1002 : start command "start_timer -report"
TMR-5001 WARNING: No sdc constraints found while initiating timer.
TMR-2505 : Start building timing graph for model audio_speak.
TMR-2506 : Build timing graph completely. Port num: 12, tpin num: 1614, tnet num: 376, tinst num: 180, tnode num: 2013, tedge num: 2654.
TMR-2508 : Levelizing timing graph completed, there are 17 levels in total.
TMR-2501 : Timing graph initialized successfully.
PHY-1001 : 81 mslices, 81 lslices, 13 pads, 0 brams, 0 dsps
TMR-2503 : Start to update net delay, extr mode = 3.
TMR-2504 : Update delay of 376 nets completely.
TMR-2502 : Annotate delay completely, extr mode = 3.
TMR-3002 : No user constraint, initiate default constraint.
TMR-1501 : Assign derive clock DeriveClock to 194 clock pins, and constraint 396 relative nodes.
TMR-3003 : Constraints initiated successfully.
TMR-3501 : Forward propagation: start to calculate arrival time...
TMR-3502 : Backward propagation: start to calculate required time...
TMR-3503 : Timing propagation completes.
PHY-1001 : Start global routing, caller is route ...
RUN-1001 : Generating global routing grids ...
PHY-1001 : Generate routing nets ...
PHY-1001 : Global iterations in 16 thread ...
PHY-1002 : len = 12424, over cnt = 29(0%), over = 38, worst = 3
PHY-1002 : len = 12656, over cnt = 2(0%), over = 2, worst = 1
PHY-1002 : len = 12688, over cnt = 0(0%), over = 0, worst = 0
PHY-1001 : End global iterations;  0.027539s wall, 0.031250s user + 0.000000s system = 0.031250s CPU (113.5%)

PHY-1001 : Congestion index: top1 = 20.80, top5 = 8.05, top10 = 4.15, top15 = 2.77.
PHY-1001 : End global routing;  0.070366s wall, 0.062500s user + 0.000000s system = 0.062500s CPU (88.8%)

PHY-1001 : Start detail routing ...
PHY-1001 : Current memory(MB): used = 171, reserve = 142, peak = 186.
PHY-1001 : Detailed router is running in normal mode.
PHY-1001 : Generate detailed routing grids ...
PHY-1001 : Processed IO instance aud_dacdat_syn_4 with INV attribute.
PHY-1001 : Generate nets ...
PHY-1001 : clock net aud_bclk_syn_4 will be merged with clock aud_bclk_dup_1
PHY-1001 : net aud_mclk_dup_1 will be routed on clock mesh
PHY-1001 : net sys_clk_dup_1 will be routed on clock mesh
PHY-1001 : clock net u_pll_clk/clk0_out will be merged with clock u_pll_clk/clk0_buf
PHY-1001 : clock net u_es8388_ctrl/u_es8388_config/u_i2c_dri/dri_clk_syn_4 will be merged with clock u_es8388_ctrl/u_es8388_config/u_i2c_dri/dri_clk
PHY-1001 : Current memory(MB): used = 439, reserve = 415, peak = 439.
PHY-1001 : End build detailed router design. 2.588096s wall, 2.515625s user + 0.062500s system = 2.578125s CPU (99.6%)

PHY-1001 : Detail Route ...
PHY-1001 : ===== Detail Route Phase 1 =====
PHY-1001 : Clock net routing.....
PHY-1001 : Routed 1% nets.
PHY-1022 : len = 7688, over cnt = 0(0%), over = 0, worst = 0, crit = 0
PHY-1001 : End initial clock net routed; 0.951664s wall, 0.921875s user + 0.031250s system = 0.953125s CPU (100.2%)

PHY-1001 : Current memory(MB): used = 471, reserve = 448, peak = 471.
PHY-1001 : End phase 1; 0.954175s wall, 0.921875s user + 0.031250s system = 0.953125s CPU (99.9%)

PHY-1001 : ===== Detail Route Phase 2 =====
PHY-1001 : Initial routing.....
PHY-1001 : Routed 37% nets.
PHY-1001 : Routed 46% nets.
PHY-1001 : Routed 56% nets.
PHY-1001 : Routed 68% nets.
PHY-1001 : Routed 89% nets.
PHY-1022 : len = 62016, over cnt = 18(0%), over = 18, worst = 1, crit = 0
PHY-1001 : Current memory(MB): used = 471, reserve = 448, peak = 471.
PHY-1001 : End initial routed; 0.387665s wall, 0.500000s user + 0.093750s system = 0.593750s CPU (153.2%)

PHY-1001 : Current memory(MB): used = 471, reserve = 448, peak = 471.
PHY-1001 : End phase 2; 0.387730s wall, 0.500000s user + 0.093750s system = 0.593750s CPU (153.1%)

PHY-1001 : ===== Detail Route Phase 3 =====
PHY-1001 : Ripup-reroute.....
PHY-1001 : ===== DR Iter 1 =====
PHY-1022 : len = 61832, over cnt = 5(0%), over = 5, worst = 1, crit = 0
PHY-1001 : End DR Iter 1; 0.010590s wall, 0.015625s user + 0.000000s system = 0.015625s CPU (147.5%)

PHY-1001 : ===== DR Iter 2 =====
PHY-1022 : len = 61848, over cnt = 0(0%), over = 0, worst = 0, crit = 0
PHY-1001 : End DR Iter 2; 0.010213s wall, 0.015625s user + 0.000000s system = 0.015625s CPU (153.0%)

PHY-1001 : Commit to database.....
PHY-1001 : 4 feed throughs used by 3 nets
PHY-1001 : End commit to database; 0.039692s wall, 0.046875s user + 0.000000s system = 0.046875s CPU (118.1%)

PHY-1001 : Current memory(MB): used = 482, reserve = 458, peak = 482.
PHY-1001 : End phase 3; 0.150367s wall, 0.156250s user + 0.000000s system = 0.156250s CPU (103.9%)

PHY-1003 : Routed, final wirelength = 61848
PHY-1001 : Current memory(MB): used = 482, reserve = 458, peak = 482.
PHY-1001 : End export database. 0.003661s wall, 0.000000s user + 0.000000s system = 0.000000s CPU (n/a%)

PHY-1001 : End detail routing;  4.246307s wall, 4.218750s user + 0.234375s system = 4.453125s CPU (104.9%)

RUN-1003 : finish command "route" in  4.435804s wall, 4.406250s user + 0.234375s system = 4.640625s CPU (104.6%)

RUN-1004 : used memory is 422 MB, reserved memory is 399 MB, peak memory is 482 MB
RUN-1002 : start command "report_area -io_info -file ES8388_phy.area"
RUN-1001 : standard
***Report Model: audio_speak Device: EG4S20BG256***

IO Statistics
#IO                        13
  #input                    7
  #output                   5
  #inout                    1

Utilization Statistics
#lut                      279   out of  19600    1.42%
#reg                      153   out of  19600    0.78%
#le                       309
  #lut only               156   out of    309   50.49%
  #reg only                30   out of    309    9.71%
  #lut&reg                123   out of    309   39.81%
#dsp                        0   out of     29    0.00%
#bram                       0   out of     64    0.00%
  #bram9k                   0
  #fifo9k                   0
#bram32k                    0   out of     16    0.00%
#pad                       13   out of    188    6.91%
  #ireg                     2
  #oreg                     3
  #treg                     1
#pll                        1   out of      4   25.00%
#gclk                       3   out of     16   18.75%

Clock Resource Statistics
Index     ClockNet                                           Type               DriverType         Driver                                                          Fanout
#1        aud_bclk_dup_1                                     GCLK               io                 aud_bclk_syn_2.di                                               44
#2        u_es8388_ctrl/u_es8388_config/u_i2c_dri/dri_clk    GCLK               lslice             u_es8388_ctrl/u_es8388_config/u_i2c_dri/dri_clk_reg_syn_9.q1    43
#3        sys_clk_dup_1                                      GCLK               io                 sys_clk_syn_2.di                                                11
#4        aud_mclk_dup_1                                     GCLK               pll                u_pll_clk/pll_inst.clkc1                                        0
#5        u_pll_clk/clk0_buf                                 GCLK               pll                u_pll_clk/pll_inst.clkc0                                        0


Detailed IO Report

     Name       Direction    Location    IOStandard    DriveStrength    PullType     PackReg   
  aud_adcdat      INPUT        R14        LVCMOS25          N/A          PULLUP       IREG     
   aud_bclk       INPUT         M6        LVCMOS25          N/A          PULLUP       NONE     
   aud_lrc        INPUT         M7        LVCMOS25          N/A          PULLUP       IREG     
   sys_clk        INPUT         R7        LVCMOS25          N/A          PULLUP       NONE     
  sys_rst_n       INPUT         A9        LVCMOS25          N/A          PULLUP       NONE     
  volume[1]       INPUT        B10        LVCMOS25          N/A          PULLUP       NONE     
  volume[0]       INPUT        A10        LVCMOS25          N/A          PULLUP       NONE     
  aud_dacdat     OUTPUT         P6        LVCMOS25           8            NONE        OREG     
   aud_mclk      OUTPUT         N5        LVCMOS25           8            NONE        NONE     
   aud_scl       OUTPUT        R12        LVCMOS25           8            NONE        OREG     
    ilaclk       OUTPUT         T5        LVCMOS25           8            NONE        NONE     
     led         OUTPUT        B14        LVCMOS25           8            NONE        NONE     
   aud_sda        INOUT         R9        LVCMOS25           8           PULLUP     OREG;TREG  

Report Hierarchy Area:
+----------------------------------------------------------------------------------------+
|Instance            |Module        |le     |lut     |ripple  |seq     |bram    |dsp     |
+----------------------------------------------------------------------------------------+
|top                 |audio_speak   |309    |251     |28      |159     |0       |0       |
|  u_es8388_ctrl     |es8388_ctrl   |296    |247     |25      |145     |0       |0       |
|    u_audio_receive |audio_receive |80     |48      |12      |53      |0       |0       |
|    u_audio_send    |audio_send    |26     |25      |0       |24      |0       |0       |
|    u_es8388_config |es8388_config |190    |174     |13      |68      |0       |0       |
|      u_i2c_dri     |i2c_dri       |127    |120     |5       |41      |0       |0       |
|      u_i2c_reg_cfg |i2c_reg_cfg   |63     |54      |8       |27      |0       |0       |
|  u_pll_clk         |clk_wiz_0     |1      |1       |0       |0       |0       |0       |
+----------------------------------------------------------------------------------------+


DataNet Average Fanout:

   Index     Fanout    Nets  
    #1         1       191   
    #2         2        79   
    #3         3        30   
    #4         4        9    
    #5        5-10      23   
    #6       11-50      25   
    #7       51-100     1    
  Average     3.14           

RUN-1002 : start command "export_db ES8388_pr.db"
RUN-1001 : Exported /
RUN-1001 : Exported flow parameters
RUN-1001 : Exported libs
RUN-1001 : Exported entities
RUN-1001 : Exported ports
RUN-1001 : Exported pins
RUN-1001 : Exported instances
RUN-1001 : Exported nets
RUN-1001 : Exported buses
RUN-1001 : Exported models
RUN-1001 : Exported congestions
RUN-1001 : Exported violations
RUN-1001 : Exported IO constraints
RUN-1001 : Exported Inst constraints
RUN-1002 : start command "export_bid ES8388_inst.bid"
RUN-1002 : start command "bitgen -bit ES8388.bit -unused_io_status pulldown"
BIT-1003 : Start to generate bitstream. 
BIT-1002 : Bitgen processed 175 unused pads, reserve input tri_state with pulldown
BIT-1002 : Init instances with 16 threads.
BIT-1002 : Init instances completely, inst num: 355
BIT-1002 : Init pips with 16 threads.
BIT-1002 : Init pips completely, net num: 378, pip num: 3982
BIT-1002 : Init feedthrough completely, num: 4
BIT-1003 : Multithreading accelaration with 16 threads.
BIT-1003 : Generate bitstream completely, there are 916 valid insts, and 11215 bits set as '1'.
BIT-1004 : PLL setting string = 0010
BIT-1004 : Generate bits file ES8388.bit.
RUN-1002 : start command "backup_run_log run.log ../.logs/phy_1/td_20251102_204014.log"
