============================================================
   Tang Dynasty, V5.6.71036
      Copyright (c) 2012-2023 Anlogic Inc.
   Executable = C:/Anlogic/TD5.6.2/bin/td.exe
   Built at =   20:34:38 Mar 21 2023
   Run by =     Frank
   Run Date =   Sun Jun  8 15:35:48 2025

   Run on =     FRANK
============================================================
RUN-1002 : start command "open_project ES8388.prj"
RUN-1001 : Print Global Property
RUN-1001 : ---------------------------------------------------------------
RUN-1001 :        Parameters        |  Settings  |  Default Values  |  Note  
RUN-1001 : ---------------------------------------------------------------
RUN-1001 :          message         |  standard  |     standard     |        
RUN-1001 :   mixed_pack_place_flow  |     on     |        on        |        
RUN-1001 :        qor_monitor       |    off     |       off        |        
RUN-1001 :        syn_ip_flow       |    off     |       off        |        
RUN-1001 :          thread          |    auto    |       auto       |        
RUN-1001 : ---------------------------------------------------------------
RUN-1001 : Print Design Property
RUN-1001 : --------------------------------------------------------------
RUN-1001 :        Parameters       |  Settings  |  Default Values  |  Note  
RUN-1001 : --------------------------------------------------------------
RUN-1001 :   default_reg_initial   |    auto    |       auto       |        
RUN-1001 :        infer_add        |     on     |        on        |        
RUN-1001 :        infer_fsm        |    off     |       off        |        
RUN-1001 :        infer_mult       |     on     |        on        |        
RUN-1001 :        infer_ram        |     on     |        on        |        
RUN-1001 :        infer_reg        |     on     |        on        |        
RUN-1001 :   infer_reg_init_value  |     on     |        on        |        
RUN-1001 :        infer_rom        |     on     |        on        |        
RUN-1001 :      infer_shifter      |     on     |        on        |        
RUN-1001 : --------------------------------------------------------------
RUN-1001 : Print Rtl Property
RUN-1001 : --------------------------------------------------------------
RUN-1001 :        Parameters       |  Settings  |  Default Values  |  Note  
RUN-1001 : --------------------------------------------------------------
RUN-1001 :       compress_add      |   ripple   |      ripple      |        
RUN-1001 :        elf_sload        |    off     |       off        |        
RUN-1001 :       fix_undriven      |     0      |        0         |        
RUN-1001 :         flatten         |    off     |       off        |        
RUN-1001 :       gate_sharing      |     on     |        on        |        
RUN-1001 :    hdl_warning_level    |   normal   |      normal      |        
RUN-1001 :   impl_internal_tribuf  |     on     |        on        |        
RUN-1001 :      impl_set_reset     |     on     |        on        |        
RUN-1001 :        infer_gsr        |    off     |       off        |        
RUN-1001 :      keep_hierarchy     |    auto    |       auto       |        
RUN-1001 :        max_fanout       |    9999    |       9999       |        
RUN-1001 :      max_oh2bin_len     |     10     |        10        |        
RUN-1001 :       merge_equal       |     on     |        on        |        
RUN-1001 :       merge_equiv       |     on     |        on        |        
RUN-1001 :        merge_mux        |    off     |       off        |        
RUN-1001 :     min_control_set     |     8      |        8         |        
RUN-1001 :      min_ripple_len     |    auto    |       auto       |        
RUN-1001 :       oh2bin_ratio      |    0.08    |       0.08       |        
RUN-1001 :     opt_adder_fanout    |     on     |        on        |        
RUN-1001 :        opt_arith        |     on     |        on        |        
RUN-1001 :       opt_big_gate      |    off     |       off        |        
RUN-1001 :        opt_const        |     on     |        on        |        
RUN-1001 :      opt_const_mult     |     on     |        on        |        
RUN-1001 :       opt_lessthan      |     on     |        on        |        
RUN-1001 :         opt_mux         |    off     |       off        |        
RUN-1001 :         opt_ram         |    high    |       high       |        
RUN-1001 :      rtl_sim_model      |    off     |       off        |        
RUN-1001 :         seq_syn         |     on     |        on        |        
RUN-1001 : --------------------------------------------------------------
HDL-1007 : analyze verilog file ../../al_ip/clk_wiz_0.v
HDL-1007 : undeclared symbol 'open', assumed default net type 'wire' in ../../al_ip/clk_wiz_0.v(80)
HDL-1007 : analyze verilog file ../../../RTL/audio_receive.v
HDL-1007 : analyze verilog file ../../../RTL/audio_send.v
HDL-1007 : analyze verilog file ../../../RTL/audio_speak.v
HDL-1007 : undeclared symbol 'chipwatcherclk', assumed default net type 'wire' in ../../../RTL/audio_speak.v(47)
HDL-1007 : analyze verilog file ../../../RTL/es8388_config.v
HDL-1007 : analyze verilog file ../../../RTL/es8388_ctrl.v
HDL-1007 : analyze verilog file ../../../RTL/i2c_dri.v
HDL-1007 : analyze verilog file ../../../RTL/i2c_reg_cfg.v
RUN-1001 : Project manager successfully analyzed 8 source files.
RUN-1002 : start command "import_device eagle_s20.db -package EG4S20BG256"
ARC-1001 : Device Initialization.
ARC-1001 : ------------------------------------------------------------------
ARC-1001 :            OPTION            |          IO          |   SETTING   
ARC-1001 : ------------------------------------------------------------------
ARC-1001 :   cso_b/cclk/mosi/miso/dout  |  T3/R11/T10/P10/S11  |    gpio    
ARC-1001 :             done             |         P13          |    gpio    
ARC-1001 :           program_b          |          T2          |  dedicate  
ARC-1001 :        tdi/tms/tck/tdo       |   C12/A15/C14/E14    |  dedicate  
ARC-1001 : ------------------------------------------------------------------
ARC-1004 : Device setting, marked 5 dedicate IOs in total.
RUN-1002 : start command "import_db ../syn_1/ES8388_gate.db"
RUN-1001 : Importing database generated by Tang Dynasty, V5.6.71036.
RUN-1001 : Database version number 46146.
RUN-1001 : Import flow parameters
RUN-1001 : Import IO constraints
RUN-1001 : Import Inst constraints
RUN-1001 : Import design success TD_VERSION=5.6.71036 , DB_VERSION=46146
RUN-1002 : start command "place"
RUN-1001 : Open license file C:/Anlogic/TD5.6.2/license/Anlogic.lic
RUN-1001 : Print Global Property
RUN-1001 : ---------------------------------------------------------------
RUN-1001 :        Parameters        |  Settings  |  Default Values  |  Note  
RUN-1001 : ---------------------------------------------------------------
RUN-1001 :          message         |  standard  |     standard     |        
RUN-1001 :   mixed_pack_place_flow  |     on     |        on        |        
RUN-1001 :        qor_monitor       |    off     |       off        |        
RUN-1001 :        syn_ip_flow       |    off     |       off        |        
RUN-1001 :          thread          |    auto    |       auto       |        
RUN-1001 : ---------------------------------------------------------------
RUN-1001 : Print Place Property
RUN-1001 : --------------------------------------------------------------
RUN-1001 :        Parameters       |  Settings  |  Default Values  |  Note  
RUN-1001 : --------------------------------------------------------------
RUN-1001 :      detailed_place     |     on     |        on        |        
RUN-1001 :          effort         |   medium   |      medium      |        
RUN-1001 :         fix_hold        |    off     |       off        |        
RUN-1001 :       legalization      |    ori     |       ori        |        
RUN-1001 :      new_spreading      |     on     |        on        |        
RUN-1001 :        opt_timing       |   medium   |      medium      |        
RUN-1001 :   post_clock_route_opt  |    off     |       off        |        
RUN-1001 :       pr_strategy       |     1      |        1         |        
RUN-1001 :        relaxation       |    1.00    |       1.00       |        
RUN-1001 :         retiming        |    off     |       off        |        
RUN-1001 : --------------------------------------------------------------
PHY-3001 : Placer runs in 16 thread(s).
RUN-1002 : start command "legalize_phy_inst"
SYN-1011 : Flatten model audio_speak
RUN-1002 : start command "phys_opt -simplify_lut"
SYN-4016 : Net u_pll_clk/clk0_out driven by BUFG (0 clock/control pins, 1 other pins).
SYN-4027 : Net aud_mclk_dup_1 is clkc1 of pll u_pll_clk/pll_inst.
SYN-4019 : Net sys_clk_dup_1 is refclk of pll u_pll_clk/pll_inst.
SYN-4020 : Net sys_clk_dup_1 is fbclk of pll u_pll_clk/pll_inst.
SYN-4024 : Net "aud_bclk_dup_1" drives clk pins.
SYN-4024 : Net "u_es8388_ctrl/u_es8388_config/u_i2c_dri/dri_clk" drives clk pins.
SYN-4025 : Tag rtl::Net aud_bclk_dup_1 as clock net
SYN-4025 : Tag rtl::Net aud_mclk_dup_1 as clock net
SYN-4025 : Tag rtl::Net sys_clk_dup_1 as clock net
SYN-4025 : Tag rtl::Net u_es8388_ctrl/u_es8388_config/u_i2c_dri/dri_clk as clock net
SYN-4025 : Tag rtl::Net u_pll_clk/clk0_out as clock net
SYN-4026 : Tagged 5 rtl::Net as clock net
SYN-4015 : Create BUFG instance for clk Net aud_bclk_dup_1 to drive 80 clock pins.
SYN-4015 : Create BUFG instance for clk Net u_es8388_ctrl/u_es8388_config/u_i2c_dri/dri_clk to drive 59 clock pins.
PHY-1001 : Populate physical database on model audio_speak.
RUN-1001 : There are total 406 instances
RUN-0007 : 205 luts, 153 seqs, 17 mslices, 11 lslices, 13 pads, 0 brams, 0 dsps
RUN-1001 : There are total 451 nets
RUN-1001 : 285 nets have 2 pins
RUN-1001 : 115 nets have [3 - 5] pins
RUN-1001 : 18 nets have [6 - 10] pins
RUN-1001 : 20 nets have [11 - 20] pins
RUN-1001 : 12 nets have [21 - 99] pins
RUN-1001 : 1 nets have 100+ pins
RUN-1001 : Report Control nets information:
RUN-1001 : DFF Distribution
RUN-1001 : ----------------------------------
RUN-1001 :   CE   |  SSR  |  ASR  |  DFF Count  
RUN-1001 : ----------------------------------
RUN-1001 :   No   |  No   |  No   |      0      
RUN-1001 :   No   |  No   |  Yes  |     73      
RUN-1001 :   No   |  Yes  |  No   |      0      
RUN-1001 :   Yes  |  No   |  No   |      8      
RUN-1001 :   Yes  |  No   |  Yes  |     72      
RUN-1001 :   Yes  |  Yes  |  No   |      0      
RUN-1001 : ----------------------------------
RUN-0007 : Control Group Statistic
RUN-0007 : ---------------------------
RUN-0007 :   #CLK  |  #CE  |  #SSR/ASR  
RUN-0007 : ---------------------------
RUN-0007 :    3    |   6   |     2      
RUN-0007 : ---------------------------
RUN-0007 : Control Set = 8
PHY-3001 : Initial placement ...
PHY-3001 : design contains 404 instances, 205 luts, 153 seqs, 28 slices, 8 macros(28 instances: 17 mslices 11 lslices)
PHY-0007 : Cell area utilization is 1%
PHY-3001 : Global placement ...
PHY-3001 : Initial: Len = 107450
PHY-3001 : Clustering ...
PHY-3001 : Level 0 #clusters 404.
PHY-3001 : End clustering;  0.000016s wall, 0.000000s user + 0.000000s system = 0.000000s CPU (n/a%)

PHY-3001 : Run with size of 4
PHY-3001 : Cell area utilization is 1%
PHY-3001 : :::0::: Try harder cell spreading with beta_ = 0
PHY-3002 : Step(1): len = 66193.1, overlap = 0
PHY-3002 : Step(2): len = 41624.6, overlap = 0
PHY-3002 : Step(3): len = 28389.2, overlap = 0
PHY-3002 : Step(4): len = 21560.2, overlap = 0
PHY-3002 : Step(5): len = 17409.2, overlap = 0
PHY-3002 : Step(6): len = 15079.3, overlap = 0
PHY-3002 : Step(7): len = 13412.9, overlap = 0
PHY-3002 : Step(8): len = 12708.2, overlap = 0
PHY-3002 : Step(9): len = 12189.5, overlap = 0
PHY-3002 : Step(10): len = 10919.9, overlap = 0
PHY-3002 : Step(11): len = 10255.3, overlap = 0
PHY-3002 : Step(12): len = 9982.5, overlap = 0
PHY-3002 : Step(13): len = 10027.3, overlap = 0
PHY-3002 : Step(14): len = 9065.6, overlap = 0
PHY-3002 : Step(15): len = 9206.2, overlap = 0
PHY-3002 : Step(16): len = 8963.5, overlap = 0.375
PHY-3002 : Step(17): len = 8915, overlap = 0.625
PHY-3002 : Step(18): len = 8514.2, overlap = 0.3125
PHY-3002 : Step(19): len = 8105.6, overlap = 0
PHY-3002 : Step(20): len = 7911.3, overlap = 0
PHY-3002 : Step(21): len = 7461.9, overlap = 0
PHY-3002 : Step(22): len = 7417.7, overlap = 0
PHY-3002 : Step(23): len = 7186.6, overlap = 0
PHY-3002 : Step(24): len = 7186.6, overlap = 0
PHY-3002 : Step(25): len = 6789.1, overlap = 0
PHY-3002 : Step(26): len = 6789.1, overlap = 0
PHY-3002 : Step(27): len = 6611.3, overlap = 0
PHY-3001 : Legalization ...
PHY-3001 : End legalization;  0.004503s wall, 0.015625s user + 0.000000s system = 0.015625s CPU (347.0%)

PHY-3001 : Run with size of 4
PHY-3001 : Cell area utilization is 1%
PHY-3001 : :::0::: Try harder cell spreading with beta_ = 0
PHY-3002 : Step(28): len = 6562.3, overlap = 6.71875
PHY-3002 : Step(29): len = 6562.3, overlap = 6.71875
PHY-3002 : Step(30): len = 6450.5, overlap = 6.8125
PHY-3002 : Step(31): len = 6450.5, overlap = 6.8125
PHY-3002 : Step(32): len = 6441.3, overlap = 6.90625
PHY-3002 : Step(33): len = 6441.3, overlap = 6.90625
PHY-3002 : Step(34): len = 6334.8, overlap = 7
PHY-3002 : Step(35): len = 6334.8, overlap = 7
PHY-3002 : Step(36): len = 6350.1, overlap = 7.34375
PHY-3002 : Step(37): len = 6350.1, overlap = 7.34375
PHY-3002 : Step(38): len = 6237.9, overlap = 7.34375
PHY-3002 : Step(39): len = 6237.9, overlap = 7.34375
PHY-3002 : Step(40): len = 6271, overlap = 7.53125
PHY-3002 : Step(41): len = 6271, overlap = 7.53125
PHY-3002 : Step(42): len = 6170, overlap = 7.53125
PHY-3002 : Step(43): len = 6170, overlap = 7.53125
PHY-3002 : Step(44): len = 6185.8, overlap = 7.53125
PHY-3002 : Step(45): len = 6185.8, overlap = 7.53125
PHY-3002 : Step(46): len = 6116.7, overlap = 7.53125
PHY-3002 : Step(47): len = 6116.7, overlap = 7.53125
PHY-3002 : Step(48): len = 6098.2, overlap = 7.40625
PHY-3002 : Step(49): len = 6098.2, overlap = 7.40625
PHY-3002 : Step(50): len = 6083.9, overlap = 7.15625
PHY-3002 : Step(51): len = 6083.9, overlap = 7.15625
PHY-3002 : Step(52): len = 6061.3, overlap = 7.09375
PHY-3002 : Step(53): len = 6061.3, overlap = 7.09375
PHY-3002 : Step(54): len = 6027.9, overlap = 7.28125
PHY-3002 : Step(55): len = 6027.9, overlap = 7.28125
PHY-3002 : Step(56): len = 6016.9, overlap = 7.28125
PHY-3002 : Step(57): len = 6016.9, overlap = 7.28125
PHY-3002 : Step(58): len = 5991.9, overlap = 7.28125
PHY-3002 : Step(59): len = 5991.9, overlap = 7.28125
PHY-3002 : Step(60): len = 5976.7, overlap = 7.15625
PHY-3002 : Step(61): len = 5976.7, overlap = 7.15625
PHY-3002 : Step(62): len = 5955.1, overlap = 7.0625
PHY-3002 : Step(63): len = 5955.1, overlap = 7.0625
PHY-3002 : Step(64): len = 5950.1, overlap = 7.0625
PHY-3002 : Step(65): len = 5950.1, overlap = 7.0625
PHY-3002 : Step(66): len = 5930.8, overlap = 6.9375
PHY-3002 : Step(67): len = 5930.8, overlap = 6.9375
PHY-3002 : Step(68): len = 5922.5, overlap = 6.71875
PHY-3002 : Step(69): len = 5922.5, overlap = 6.71875
PHY-3002 : Step(70): len = 5903.5, overlap = 6.375
PHY-3002 : Step(71): len = 5903.5, overlap = 6.375
PHY-3002 : Step(72): len = 5897.6, overlap = 5.6875
PHY-3002 : Step(73): len = 5897.6, overlap = 5.6875
PHY-3002 : Step(74): len = 5883.7, overlap = 5.8125
PHY-3002 : Step(75): len = 5883.7, overlap = 5.8125
PHY-3002 : Step(76): len = 5878.1, overlap = 5.15625
PHY-3002 : Step(77): len = 5878.1, overlap = 5.15625
PHY-3002 : Step(78): len = 5862.2, overlap = 4.75
PHY-3002 : Step(79): len = 5862.2, overlap = 4.75
PHY-3002 : Step(80): len = 5859.5, overlap = 4.15625
PHY-3002 : Step(81): len = 5859.5, overlap = 4.15625
PHY-3002 : Step(82): len = 5843.6, overlap = 4
PHY-3002 : Step(83): len = 5843.6, overlap = 4
PHY-3002 : Step(84): len = 5842.8, overlap = 3.90625
PHY-3002 : Step(85): len = 5842.8, overlap = 3.90625
PHY-3002 : Step(86): len = 5822.5, overlap = 3.5
PHY-3002 : Step(87): len = 5822.5, overlap = 3.5
PHY-3002 : Step(88): len = 5825.2, overlap = 3.09375
PHY-3002 : Step(89): len = 5825.2, overlap = 3.09375
PHY-3002 : Step(90): len = 5806.6, overlap = 3.09375
PHY-3002 : Step(91): len = 5806.6, overlap = 3.09375
PHY-3002 : Step(92): len = 5811.9, overlap = 2.8125
PHY-3002 : Step(93): len = 5811.9, overlap = 2.8125
PHY-3002 : Step(94): len = 5794, overlap = 2.0625
PHY-3002 : Step(95): len = 5794, overlap = 2.0625
PHY-3002 : Step(96): len = 5798.4, overlap = 1.71875
PHY-3002 : Step(97): len = 5798.4, overlap = 1.71875
PHY-3002 : Step(98): len = 5752.8, overlap = 1.75
PHY-3002 : Step(99): len = 5752.8, overlap = 1.75
PHY-3002 : Step(100): len = 5756.9, overlap = 1.3125
PHY-3002 : Step(101): len = 5756.9, overlap = 1.3125
PHY-3002 : Step(102): len = 5752.8, overlap = 0.9375
PHY-3002 : Step(103): len = 5752.8, overlap = 0.9375
PHY-3002 : Step(104): len = 5760, overlap = 0.625
PHY-3002 : Step(105): len = 5760, overlap = 0.625
PHY-3002 : Step(106): len = 5750.7, overlap = 0.5
PHY-3002 : Step(107): len = 5750.7, overlap = 0.5
PHY-3002 : Step(108): len = 5756.4, overlap = 0.4375
PHY-3002 : Step(109): len = 5756.4, overlap = 0.4375
PHY-3002 : Step(110): len = 5712, overlap = 0.375
PHY-3002 : Step(111): len = 5712, overlap = 0.375
PHY-3002 : Step(112): len = 5719.9, overlap = 0.3125
PHY-3002 : Step(113): len = 5719.9, overlap = 0.3125
PHY-3002 : Step(114): len = 5717.3, overlap = 0.5
PHY-3002 : Step(115): len = 5717.3, overlap = 0.5
PHY-3002 : Step(116): len = 5727.9, overlap = 0.875
PHY-3002 : Step(117): len = 5727.9, overlap = 0.875
PHY-3002 : Step(118): len = 5686.9, overlap = 0.875
PHY-3002 : Step(119): len = 5686.9, overlap = 0.875
PHY-3002 : Step(120): len = 5697.5, overlap = 1.75
PHY-3002 : Step(121): len = 5697.5, overlap = 1.75
PHY-3002 : Step(122): len = 5696.3, overlap = 1.875
PHY-3002 : Step(123): len = 5696.3, overlap = 1.875
PHY-3002 : Step(124): len = 5706.1, overlap = 2.0625
PHY-3002 : Step(125): len = 5706.1, overlap = 2.0625
PHY-3002 : Step(126): len = 5669.7, overlap = 2.125
PHY-3002 : Step(127): len = 5669.7, overlap = 2.125
PHY-3002 : Step(128): len = 5679.2, overlap = 2.25
PHY-3002 : Step(129): len = 5679.2, overlap = 2.25
PHY-3002 : Step(130): len = 5679.6, overlap = 2.25
PHY-3002 : Step(131): len = 5679.6, overlap = 2.25
PHY-3002 : Step(132): len = 5688.1, overlap = 2.5
PHY-3002 : Step(133): len = 5688.1, overlap = 2.5
PHY-3002 : Step(134): len = 5650.3, overlap = 2.625
PHY-3002 : Step(135): len = 5650.3, overlap = 2.625
PHY-3002 : Step(136): len = 5665.5, overlap = 2.75
PHY-3002 : Step(137): len = 5665.5, overlap = 2.75
PHY-3002 : Step(138): len = 5666, overlap = 2.8125
PHY-3002 : Step(139): len = 5666, overlap = 2.8125
PHY-3002 : Step(140): len = 5675.1, overlap = 2.9375
PHY-3002 : Step(141): len = 5675.1, overlap = 2.9375
PHY-3002 : Step(142): len = 5636.4, overlap = 3.0625
PHY-3002 : Step(143): len = 5636.4, overlap = 3.0625
PHY-3002 : Step(144): len = 5649.7, overlap = 3.0625
PHY-3002 : Step(145): len = 5649.7, overlap = 3.0625
PHY-3002 : Step(146): len = 5652.7, overlap = 3.125
PHY-3002 : Step(147): len = 5652.7, overlap = 3.125
PHY-3002 : Step(148): len = 5661.7, overlap = 3.25
PHY-3001 : Run with size of 2
PHY-3001 : Cell area utilization is 1%
PHY-3001 : :::0::: Try harder cell spreading with beta_ = 9.39892e-06
PHY-3002 : Step(149): len = 5881.9, overlap = 22.8125
PHY-3002 : Step(150): len = 5881.9, overlap = 22.8125
PHY-3001 : :::1::: Try harder cell spreading with beta_ = 1.87978e-05
PHY-3002 : Step(151): len = 6154, overlap = 21.8125
PHY-3002 : Step(152): len = 6154, overlap = 21.8125
PHY-3002 : Step(153): len = 6048.6, overlap = 22.25
PHY-3002 : Step(154): len = 6125.4, overlap = 22.25
PHY-3002 : Step(155): len = 6238.8, overlap = 22.25
PHY-3001 : :::2::: Try harder cell spreading with beta_ = 3.75957e-05
PHY-3002 : Step(156): len = 6510.4, overlap = 20.25
PHY-3002 : Step(157): len = 6510.4, overlap = 20.25
PHY-3002 : Step(158): len = 6377.7, overlap = 20
PHY-3002 : Step(159): len = 6377.7, overlap = 20
PHY-3002 : Step(160): len = 6430.3, overlap = 18.6562
PHY-3001 : :::3::: Try harder cell spreading with beta_ = 7.51913e-05
PHY-3002 : Step(161): len = 6738.1, overlap = 16.4688
PHY-3002 : Step(162): len = 6868.7, overlap = 15.375
PHY-3002 : Step(163): len = 7149.5, overlap = 15.5938
PHY-3002 : Step(164): len = 7077.6, overlap = 13
PHY-3002 : Step(165): len = 6715.4, overlap = 13.2812
PHY-3001 : :::4::: Try harder cell spreading with beta_ = 0.000150383
PHY-3002 : Step(166): len = 6917.4, overlap = 12.3438
PHY-3002 : Step(167): len = 6917.4, overlap = 12.3438
PHY-3001 : :::5::: Try harder cell spreading with beta_ = 0.000300765
PHY-3002 : Step(168): len = 7240.6, overlap = 11.2188
PHY-3002 : Step(169): len = 7362.4, overlap = 10.7812
PHY-3002 : Step(170): len = 7494.7, overlap = 10.0312
OPT-1001 : Start physical optimization ...
OPT-1001 : Total overflow 20.88 peak overflow 2.94
OPT-1001 : Start high-fanout net optimization ...
OPT-1001 : Update timing in global mode
PHY-1001 : Start incremental global routing, caller is place ...
RUN-1001 : Generating global routing grids ...
RUN-1001 : Building simple global routing graph ...
PHY-1001 : Generate routing nets ...
PHY-1001 : Reuse net number 0/451.
PHY-1001 : Global iterations in 16 thread ...
PHY-1002 : len = 7576, over cnt = 26(0%), over = 151, worst = 18
PHY-1001 : End global iterations;  0.025650s wall, 0.015625s user + 0.000000s system = 0.015625s CPU (60.9%)

PHY-1001 : Congestion index: top1 = 16.66, top5 = 4.73, top10 = 2.36, top15 = 1.57.
PHY-1001 : End incremental global routing;  0.094365s wall, 0.062500s user + 0.031250s system = 0.093750s CPU (99.3%)

RUN-1002 : start command "start_timer -report"
TMR-5001 WARNING: No sdc constraints found while initiating timer.
TMR-2505 : Start building timing graph for model audio_speak.
TMR-2506 : Build timing graph completely. Port num: 12, tpin num: 1859, tnet num: 449, tinst num: 404, tnode num: 2411, tedge num: 2924.
TMR-2508 : Levelizing timing graph completed, there are 17 levels in total.
TMR-2501 : Timing graph initialized successfully.
OPT-1001 : End timing update;  0.144647s wall, 0.156250s user + 0.000000s system = 0.156250s CPU (108.0%)

OPT-1001 : 0 high-fanout net processed.
OPT-1001 : End high-fanout net optimization;  0.248041s wall, 0.218750s user + 0.031250s system = 0.250000s CPU (100.8%)

OPT-1001 : Current memory(MB): used = 147, reserve = 117, peak = 147.
OPT-1001 : End physical optimization;  0.257178s wall, 0.218750s user + 0.031250s system = 0.250000s CPU (97.2%)

PHY-3001 : Start packing ...
SYN-4007 : Packing 0 MUX to BLE ...
SYN-4008 : Packed 0 MUX and 0 SEQ to BLE.
SYN-4007 : Packing 205 LUT to BLE ...
SYN-4008 : Packed 205 LUT and 82 SEQ to BLE.
SYN-4003 : Packing 71 remaining SEQ's ...
SYN-4005 : Packed 46 SEQ with LUT/SLICE
SYN-4006 : 87 single LUT's are left
SYN-4006 : 25 single SEQ's are left
SYN-4011 : Packing model "audio_speak" (AL_USER_NORMAL) with 230/278 primitive instances ...
PHY-3001 : End packing;  0.017568s wall, 0.015625s user + 0.000000s system = 0.015625s CPU (88.9%)

PHY-1001 : Populate physical database on model audio_speak.
RUN-1001 : There are total 175 instances
RUN-1001 : 78 mslices, 77 lslices, 13 pads, 0 brams, 0 dsps
RUN-1001 : There are total 372 nets
RUN-1001 : 195 nets have 2 pins
RUN-1001 : 124 nets have [3 - 5] pins
RUN-1001 : 21 nets have [6 - 10] pins
RUN-1001 : 22 nets have [11 - 20] pins
RUN-1001 : 10 nets have [21 - 99] pins
PHY-3001 : design contains 173 instances, 155 slices, 8 macros(28 instances: 17 mslices 11 lslices)
PHY-3001 : Cell area utilization is 2%
PHY-3001 : After packing: Len = 7650.4, Over = 14.75
PHY-3001 : Run with size of 2
PHY-3001 : Cell area utilization is 2%
PHY-3001 : :::0::: Try harder cell spreading with beta_ = 4.04436e-05
PHY-3002 : Step(171): len = 7193.4, overlap = 14.75
PHY-3002 : Step(172): len = 7224.7, overlap = 15.5
PHY-3002 : Step(173): len = 7213.9, overlap = 15
PHY-3001 : :::1::: Try harder cell spreading with beta_ = 8.08872e-05
PHY-3002 : Step(174): len = 7282.1, overlap = 14
PHY-3002 : Step(175): len = 7452.2, overlap = 13.75
PHY-3002 : Step(176): len = 7452.2, overlap = 13.75
PHY-3001 : :::2::: Try harder cell spreading with beta_ = 0.000161774
PHY-3002 : Step(177): len = 7583, overlap = 12.5
PHY-3002 : Step(178): len = 7658.6, overlap = 11.5
PHY-3002 : Step(179): len = 7716.1, overlap = 11.5
PHY-3001 : Legalization ...
PHY-3001 : End legalization;  0.059969s wall, 0.125000s user + 0.031250s system = 0.156250s CPU (260.6%)

PHY-3001 : Trial Legalized: Len = 12864.7
PHY-3001 : Run with size of 2
PHY-3001 : Cell area utilization is 2%
PHY-3001 : :::0::: Try harder cell spreading with beta_ = 0
PHY-3002 : Step(180): len = 9210.5, overlap = 6.75
PHY-3002 : Step(181): len = 7873.5, overlap = 11.25
PHY-3002 : Step(182): len = 7331.8, overlap = 12.75
PHY-3002 : Step(183): len = 7060.7, overlap = 13
PHY-3002 : Step(184): len = 6871.4, overlap = 13
PHY-3002 : Step(185): len = 6863.8, overlap = 12.5
PHY-3001 : :::1::: Try harder cell spreading with beta_ = 3.21482e-05
PHY-3002 : Step(186): len = 6857.4, overlap = 13
PHY-3002 : Step(187): len = 6928.7, overlap = 12.5
PHY-3002 : Step(188): len = 7017.6, overlap = 12
PHY-3001 : :::2::: Try harder cell spreading with beta_ = 6.42964e-05
PHY-3002 : Step(189): len = 7181.4, overlap = 12
PHY-3002 : Step(190): len = 7181.4, overlap = 12
PHY-3001 : Legalization ...
PHY-3001 : End legalization;  0.006163s wall, 0.000000s user + 0.015625s system = 0.015625s CPU (253.5%)

PHY-3001 : Legalized: Len = 10431.8, Over = 0
PHY-3001 : End spreading;  0.002539s wall, 0.000000s user + 0.000000s system = 0.000000s CPU (n/a%)

PHY-3001 : Final: Len = 10431.8, Over = 0
OPT-1001 : Start physical optimization ...
OPT-1001 : Total overflow 0.00 peak overflow 0.00
OPT-1001 : Start high-fanout net optimization ...
OPT-1001 : Update timing in global mode
PHY-1001 : Start incremental global routing, caller is place ...
RUN-1001 : Generating global routing grids ...
PHY-1001 : Generate routing nets ...
PHY-1001 : Reuse net number 21/372.
PHY-1001 : Global iterations in 16 thread ...
PHY-1002 : len = 12096, over cnt = 39(0%), over = 49, worst = 3
PHY-1002 : len = 12344, over cnt = 13(0%), over = 14, worst = 2
PHY-1002 : len = 12528, over cnt = 0(0%), over = 0, worst = 0
PHY-1001 : End global iterations;  0.049716s wall, 0.031250s user + 0.031250s system = 0.062500s CPU (125.7%)

PHY-1001 : Congestion index: top1 = 20.56, top5 = 8.02, top10 = 4.14, top15 = 2.76.
PHY-1001 : End incremental global routing;  0.108471s wall, 0.093750s user + 0.031250s system = 0.125000s CPU (115.2%)

RUN-1002 : start command "start_timer -report"
TMR-5001 WARNING: No sdc constraints found while initiating timer.
TMR-2505 : Start building timing graph for model audio_speak.
TMR-2506 : Build timing graph completely. Port num: 12, tpin num: 1595, tnet num: 370, tinst num: 173, tnode num: 1996, tedge num: 2632.
TMR-2508 : Levelizing timing graph completed, there are 17 levels in total.
TMR-2501 : Timing graph initialized successfully.
OPT-1001 : End timing update;  0.093453s wall, 0.078125s user + 0.015625s system = 0.093750s CPU (100.3%)

OPT-1001 : 0 high-fanout net processed.
OPT-1001 : End high-fanout net optimization;  0.209244s wall, 0.171875s user + 0.046875s system = 0.218750s CPU (104.5%)

OPT-1001 : Current memory(MB): used = 149, reserve = 119, peak = 149.
OPT-1001 : Update timing in Manhattan mode
OPT-1001 : End timing update;  0.000413s wall, 0.000000s user + 0.000000s system = 0.000000s CPU (n/a%)

OPT-1001 : Start pin optimization...
OPT-1001 : skip pin optimization...
RUN-1001 : Generating global routing grids ...
PHY-1001 : Generate routing nets ...
PHY-1001 : Reuse net number 299/372.
PHY-1001 : Global iterations in 16 thread ...
PHY-1002 : len = 12528, over cnt = 0(0%), over = 0, worst = 0
PHY-1001 : End global iterations;  0.001648s wall, 0.000000s user + 0.000000s system = 0.000000s CPU (n/a%)

PHY-1001 : Congestion index: top1 = 20.56, top5 = 8.02, top10 = 4.14, top15 = 2.76.
OPT-1001 : Update timing in Manhattan mode
OPT-1001 : End timing update;  0.000729s wall, 0.000000s user + 0.000000s system = 0.000000s CPU (n/a%)

RUN-1001 : QoR Analysis:
OPT-0007 :   WNS 2147483647 TNS 0 NUM_FEPS 0
RUN-1001 :   No local congestion issue, and most congested 1% tile average routing util is 20.137931
RUN-1001 :   Top critical paths
OPT-1001 : End physical optimization;  0.274387s wall, 0.328125s user + 0.062500s system = 0.390625s CPU (142.4%)

RUN-1003 : finish command "place" in  7.413263s wall, 10.390625s user + 11.062500s system = 21.453125s CPU (289.4%)

RUN-1004 : used memory is 133 MB, reserved memory is 103 MB, peak memory is 150 MB
RUN-1002 : start command "export_db ES8388_place.db"
RUN-1001 : Exported /
RUN-1001 : Exported flow parameters
RUN-1001 : Exported libs
RUN-1001 : Exported entities
RUN-1001 : Exported ports
RUN-1001 : Exported pins
RUN-1001 : Exported instances
RUN-1001 : Exported nets
RUN-1001 : Exported buses
RUN-1001 : Exported models
RUN-1001 : Exported congestions
RUN-1001 : Exported violations
RUN-1001 : Exported IO constraints
RUN-1001 : Exported Inst constraints
RUN-1002 : start command "route"
RUN-1001 : Open license file C:/Anlogic/TD5.6.2/license/Anlogic.lic
RUN-1001 : Print Global Property
RUN-1001 : ---------------------------------------------------------------
RUN-1001 :        Parameters        |  Settings  |  Default Values  |  Note  
RUN-1001 : ---------------------------------------------------------------
RUN-1001 :          message         |  standard  |     standard     |        
RUN-1001 :   mixed_pack_place_flow  |     on     |        on        |        
RUN-1001 :        qor_monitor       |    off     |       off        |        
RUN-1001 :        syn_ip_flow       |    off     |       off        |        
RUN-1001 :          thread          |    auto    |       auto       |        
RUN-1001 : ---------------------------------------------------------------
RUN-1001 : Print Route Property
RUN-1001 : -------------------------------------------------------
RUN-1001 :    Parameters    |  Settings  |  Default Values  |  Note  
RUN-1001 : -------------------------------------------------------
RUN-1001 :      effort      |   medium   |      medium      |        
RUN-1001 :     fix_hold     |    off     |       off        |        
RUN-1001 :    opt_timing    |   medium   |      medium      |        
RUN-1001 :   phy_sim_model  |    off     |       off        |        
RUN-1001 :     priority     |   timing   |      timing      |        
RUN-1001 :     swap_pin     |     on     |        on        |        
RUN-1001 : -------------------------------------------------------
PHY-1001 : Route runs in 16 thread(s)
RUN-1001 : There are total 175 instances
RUN-1001 : 78 mslices, 77 lslices, 13 pads, 0 brams, 0 dsps
RUN-1001 : There are total 372 nets
RUN-1001 : 195 nets have 2 pins
RUN-1001 : 124 nets have [3 - 5] pins
RUN-1001 : 21 nets have [6 - 10] pins
RUN-1001 : 22 nets have [11 - 20] pins
RUN-1001 : 10 nets have [21 - 99] pins
RUN-1002 : start command "start_timer -report"
TMR-5001 WARNING: No sdc constraints found while initiating timer.
TMR-2505 : Start building timing graph for model audio_speak.
TMR-2506 : Build timing graph completely. Port num: 12, tpin num: 1595, tnet num: 370, tinst num: 173, tnode num: 1996, tedge num: 2632.
TMR-2508 : Levelizing timing graph completed, there are 17 levels in total.
TMR-2501 : Timing graph initialized successfully.
PHY-1001 : 78 mslices, 77 lslices, 13 pads, 0 brams, 0 dsps
TMR-2503 : Start to update net delay, extr mode = 3.
TMR-2504 : Update delay of 370 nets completely.
TMR-2502 : Annotate delay completely, extr mode = 3.
TMR-3002 : No user constraint, initiate default constraint.
TMR-1501 : Assign derive clock DeriveClock to 196 clock pins, and constraint 398 relative nodes.
TMR-3003 : Constraints initiated successfully.
TMR-3501 : Forward propagation: start to calculate arrival time...
TMR-3502 : Backward propagation: start to calculate required time...
TMR-3503 : Timing propagation completes.
PHY-1001 : Start global routing, caller is route ...
RUN-1001 : Generating global routing grids ...
PHY-1001 : Generate routing nets ...
PHY-1001 : Global iterations in 16 thread ...
PHY-1002 : len = 12016, over cnt = 38(0%), over = 48, worst = 3
PHY-1002 : len = 12256, over cnt = 12(0%), over = 14, worst = 2
PHY-1002 : len = 12464, over cnt = 0(0%), over = 0, worst = 0
PHY-1001 : End global iterations;  0.048727s wall, 0.062500s user + 0.046875s system = 0.109375s CPU (224.5%)

PHY-1001 : Congestion index: top1 = 20.30, top5 = 7.99, top10 = 4.09, top15 = 2.73.
PHY-1001 : End global routing;  0.104721s wall, 0.093750s user + 0.062500s system = 0.156250s CPU (149.2%)

PHY-1001 : Start detail routing ...
PHY-1001 : Current memory(MB): used = 172, reserve = 142, peak = 187.
PHY-1001 : Detailed router is running in normal mode.
PHY-1001 : Generate detailed routing grids ...
PHY-1001 : Processed IO instance aud_dacdat_syn_4 with INV attribute.
PHY-1001 : Generate nets ...
PHY-1001 : clock net aud_bclk_syn_4 will be merged with clock aud_bclk_dup_1
PHY-1001 : net aud_mclk_dup_1 will be routed on clock mesh
PHY-1001 : net sys_clk_dup_1 will be routed on clock mesh
PHY-1001 : clock net u_pll_clk/clk0_out will be merged with clock u_pll_clk/clk0_buf
PHY-1001 : clock net u_es8388_ctrl/u_es8388_config/u_i2c_dri/dri_clk_syn_4 will be merged with clock u_es8388_ctrl/u_es8388_config/u_i2c_dri/dri_clk
PHY-1001 : Current memory(MB): used = 441, reserve = 416, peak = 441.
PHY-1001 : End build detailed router design. 4.091513s wall, 3.921875s user + 0.156250s system = 4.078125s CPU (99.7%)

PHY-1001 : Detail Route ...
PHY-1001 : ===== Detail Route Phase 1 =====
PHY-1001 : Clock net routing.....
PHY-1001 : Routed 1% nets.
PHY-1022 : len = 7432, over cnt = 0(0%), over = 0, worst = 0, crit = 0
PHY-1001 : End initial clock net routed; 1.197448s wall, 1.125000s user + 0.046875s system = 1.171875s CPU (97.9%)

PHY-1001 : Current memory(MB): used = 473, reserve = 449, peak = 473.
PHY-1001 : End phase 1; 1.201155s wall, 1.140625s user + 0.046875s system = 1.187500s CPU (98.9%)

PHY-1001 : ===== Detail Route Phase 2 =====
PHY-1001 : Initial routing.....
PHY-1001 : Routed 39% nets.
PHY-1001 : Routed 45% nets.
PHY-1001 : Routed 55% nets.
PHY-1001 : Routed 69% nets.
PHY-1001 : Routed 89% nets.
PHY-1022 : len = 57728, over cnt = 27(0%), over = 27, worst = 1, crit = 0
PHY-1001 : Current memory(MB): used = 473, reserve = 449, peak = 473.
PHY-1001 : End initial routed; 0.533885s wall, 0.484375s user + 0.234375s system = 0.718750s CPU (134.6%)

PHY-1001 : Current memory(MB): used = 473, reserve = 449, peak = 473.
PHY-1001 : End phase 2; 0.533943s wall, 0.484375s user + 0.234375s system = 0.718750s CPU (134.6%)

PHY-1001 : ===== Detail Route Phase 3 =====
PHY-1001 : Ripup-reroute.....
PHY-1001 : ===== DR Iter 1 =====
PHY-1022 : len = 57600, over cnt = 5(0%), over = 5, worst = 1, crit = 0
PHY-1001 : End DR Iter 1; 0.017685s wall, 0.015625s user + 0.000000s system = 0.015625s CPU (88.4%)

PHY-1001 : ===== DR Iter 2 =====
PHY-1022 : len = 57616, over cnt = 0(0%), over = 0, worst = 0, crit = 0
PHY-1001 : End DR Iter 2; 0.014571s wall, 0.015625s user + 0.000000s system = 0.015625s CPU (107.2%)

PHY-1001 : Commit to database.....
PHY-1001 : 9 feed throughs used by 7 nets
PHY-1001 : End commit to database; 0.061417s wall, 0.046875s user + 0.015625s system = 0.062500s CPU (101.8%)

PHY-1001 : Current memory(MB): used = 483, reserve = 459, peak = 483.
PHY-1001 : End phase 3; 0.238651s wall, 0.218750s user + 0.015625s system = 0.234375s CPU (98.2%)

PHY-1003 : Routed, final wirelength = 57616
PHY-1001 : Current memory(MB): used = 484, reserve = 459, peak = 484.
PHY-1001 : End export database. 0.003949s wall, 0.000000s user + 0.000000s system = 0.000000s CPU (n/a%)

PHY-1001 : End detail routing;  6.312365s wall, 6.015625s user + 0.453125s system = 6.468750s CPU (102.5%)

RUN-1003 : finish command "route" in  6.608817s wall, 6.281250s user + 0.546875s system = 6.828125s CPU (103.3%)

RUN-1004 : used memory is 422 MB, reserved memory is 398 MB, peak memory is 484 MB
RUN-1002 : start command "report_area -io_info -file ES8388_phy.area"
RUN-1001 : standard
***Report Model: audio_speak Device: EG4S20BG256***

IO Statistics
#IO                        13
  #input                    7
  #output                   5
  #inout                    1

Utilization Statistics
#lut                      273   out of  19600    1.39%
#reg                      153   out of  19600    0.78%
#le                       298
  #lut only               145   out of    298   48.66%
  #reg only                25   out of    298    8.39%
  #lut&reg                128   out of    298   42.95%
#dsp                        0   out of     29    0.00%
#bram                       0   out of     64    0.00%
  #bram9k                   0
  #fifo9k                   0
#bram32k                    0   out of     16    0.00%
#pad                       13   out of    188    6.91%
  #ireg                     2
  #oreg                     3
  #treg                     1
#pll                        1   out of      4   25.00%
#gclk                       3   out of     16   18.75%

Clock Resource Statistics
Index     ClockNet                                           Type               DriverType         Driver                                                          Fanout
#1        aud_bclk_dup_1                                     GCLK               io                 aud_bclk_syn_2.di                                               44
#2        u_es8388_ctrl/u_es8388_config/u_i2c_dri/dri_clk    GCLK               mslice             u_es8388_ctrl/u_es8388_config/u_i2c_dri/dri_clk_reg_syn_9.q1    44
#3        sys_clk_dup_1                                      GCLK               io                 sys_clk_syn_2.di                                                11
#4        aud_mclk_dup_1                                     GCLK               pll                u_pll_clk/pll_inst.clkc1                                        0
#5        u_pll_clk/clk0_buf                                 GCLK               pll                u_pll_clk/pll_inst.clkc0                                        0


Detailed IO Report

     Name       Direction    Location    IOStandard    DriveStrength    PullType     PackReg   
  aud_adcdat      INPUT        R14        LVCMOS25          N/A          PULLUP       IREG     
   aud_bclk       INPUT         M6        LVCMOS25          N/A          PULLUP       NONE     
   aud_lrc        INPUT         M7        LVCMOS25          N/A          PULLUP       IREG     
   sys_clk        INPUT         R7        LVCMOS25          N/A          PULLUP       NONE     
  sys_rst_n       INPUT         A9        LVCMOS25          N/A          PULLUP       NONE     
  volume[1]       INPUT        B10        LVCMOS25          N/A          PULLUP       NONE     
  volume[0]       INPUT        A10        LVCMOS25          N/A          PULLUP       NONE     
  aud_dacdat     OUTPUT         P6        LVCMOS25           8            NONE        OREG     
   aud_mclk      OUTPUT         N5        LVCMOS25           8            NONE        NONE     
   aud_scl       OUTPUT        R12        LVCMOS25           8            NONE        OREG     
    ilaclk       OUTPUT         T5        LVCMOS25           8            NONE        NONE     
     led         OUTPUT        B14        LVCMOS25           8            NONE        NONE     
   aud_sda        INOUT         R9        LVCMOS25           8           PULLUP     OREG;TREG  

Report Hierarchy Area:
+----------------------------------------------------------------------------------------+
|Instance            |Module        |le     |lut     |ripple  |seq     |bram    |dsp     |
+----------------------------------------------------------------------------------------+
|top                 |audio_speak   |298    |245     |28      |159     |0       |0       |
|  u_es8388_ctrl     |es8388_ctrl   |285    |241     |25      |145     |0       |0       |
|    u_audio_receive |audio_receive |76     |47      |12      |53      |0       |0       |
|    u_audio_send    |audio_send    |25     |25      |0       |24      |0       |0       |
|    u_es8388_config |es8388_config |184    |169     |13      |68      |0       |0       |
|      u_i2c_dri     |i2c_dri       |125    |118     |5       |41      |0       |0       |
|      u_i2c_reg_cfg |i2c_reg_cfg   |59     |51      |8       |27      |0       |0       |
|  u_pll_clk         |clk_wiz_0     |1      |1       |0       |0       |0       |0       |
+----------------------------------------------------------------------------------------+


DataNet Average Fanout:

   Index     Fanout    Nets  
    #1         1       180   
    #2         2        81   
    #3         3        34   
    #4         4        9    
    #5        5-10      22   
    #6       11-50      25   
    #7       51-100     1    
  Average     3.16           

RUN-1002 : start command "export_db ES8388_pr.db"
RUN-1001 : Exported /
RUN-1001 : Exported flow parameters
RUN-1001 : Exported libs
RUN-1001 : Exported entities
RUN-1001 : Exported ports
RUN-1001 : Exported pins
RUN-1001 : Exported instances
RUN-1001 : Exported nets
RUN-1001 : Exported buses
RUN-1001 : Exported models
RUN-1001 : Exported congestions
RUN-1001 : Exported violations
RUN-1001 : Exported IO constraints
RUN-1001 : Exported Inst constraints
RUN-1002 : start command "export_bid ES8388_inst.bid"
RUN-1002 : start command "bitgen -bit ES8388.bit -unused_io_status pulldown"
BIT-1003 : Start to generate bitstream. 
BIT-1002 : Bitgen processed 175 unused pads, reserve input tri_state with pulldown
BIT-1002 : Init instances with 16 threads.
BIT-1002 : Init instances completely, inst num: 348
BIT-1002 : Init pips with 16 threads.
BIT-1002 : Init pips completely, net num: 372, pip num: 3871
BIT-1002 : Init feedthrough with 16 threads.
BIT-1002 : Init feedthrough completely, num: 9
BIT-1003 : Multithreading accelaration with 16 threads.
BIT-1003 : Generate bitstream completely, there are 892 valid insts, and 10926 bits set as '1'.
BIT-1004 : PLL setting string = 0010
BIT-1004 : Generate bits file ES8388.bit.
RUN-1003 : finish command "bitgen -bit ES8388.bit -unused_io_status pulldown" in  1.332734s wall, 7.171875s user + 0.359375s system = 7.531250s CPU (565.1%)

RUN-1004 : used memory is 429 MB, reserved memory is 409 MB, peak memory is 623 MB
RUN-1002 : start command "backup_run_log run.log ../.logs/phy_1/td_20250608_153548.log"
