============================================================
   Tang Dynasty, V5.6.71036
      Copyright (c) 2012-2023 Anlogic Inc.
   Executable = C:/Anlogic/TD5.6.2/bin/td.exe
   Built at =   20:34:38 Mar 21 2023
   Run by =     Frank
   Run Date =   Sun Jun  8 15:20:26 2025

   Run on =     FRANK
============================================================
RUN-1002 : start command "open_project ES8388.prj"
RUN-1001 : Print Global Property
RUN-1001 : ---------------------------------------------------------------
RUN-1001 :        Parameters        |  Settings  |  Default Values  |  Note  
RUN-1001 : ---------------------------------------------------------------
RUN-1001 :          message         |  standard  |     standard     |        
RUN-1001 :   mixed_pack_place_flow  |     on     |        on        |        
RUN-1001 :        qor_monitor       |    off     |       off        |        
RUN-1001 :        syn_ip_flow       |    off     |       off        |        
RUN-1001 :          thread          |    auto    |       auto       |        
RUN-1001 : ---------------------------------------------------------------
RUN-1001 : Print Design Property
RUN-1001 : --------------------------------------------------------------
RUN-1001 :        Parameters       |  Settings  |  Default Values  |  Note  
RUN-1001 : --------------------------------------------------------------
RUN-1001 :   default_reg_initial   |    auto    |       auto       |        
RUN-1001 :        infer_add        |     on     |        on        |        
RUN-1001 :        infer_fsm        |    off     |       off        |        
RUN-1001 :        infer_mult       |     on     |        on        |        
RUN-1001 :        infer_ram        |     on     |        on        |        
RUN-1001 :        infer_reg        |     on     |        on        |        
RUN-1001 :   infer_reg_init_value  |     on     |        on        |        
RUN-1001 :        infer_rom        |     on     |        on        |        
RUN-1001 :      infer_shifter      |     on     |        on        |        
RUN-1001 : --------------------------------------------------------------
RUN-1001 : Print Rtl Property
RUN-1001 : --------------------------------------------------------------
RUN-1001 :        Parameters       |  Settings  |  Default Values  |  Note  
RUN-1001 : --------------------------------------------------------------
RUN-1001 :       compress_add      |   ripple   |      ripple      |        
RUN-1001 :        elf_sload        |    off     |       off        |        
RUN-1001 :       fix_undriven      |     0      |        0         |        
RUN-1001 :         flatten         |    off     |       off        |        
RUN-1001 :       gate_sharing      |     on     |        on        |        
RUN-1001 :    hdl_warning_level    |   normal   |      normal      |        
RUN-1001 :   impl_internal_tribuf  |     on     |        on        |        
RUN-1001 :      impl_set_reset     |     on     |        on        |        
RUN-1001 :        infer_gsr        |    off     |       off        |        
RUN-1001 :      keep_hierarchy     |    auto    |       auto       |        
RUN-1001 :        max_fanout       |    9999    |       9999       |        
RUN-1001 :      max_oh2bin_len     |     10     |        10        |        
RUN-1001 :       merge_equal       |     on     |        on        |        
RUN-1001 :       merge_equiv       |     on     |        on        |        
RUN-1001 :        merge_mux        |    off     |       off        |        
RUN-1001 :     min_control_set     |     8      |        8         |        
RUN-1001 :      min_ripple_len     |    auto    |       auto       |        
RUN-1001 :       oh2bin_ratio      |    0.08    |       0.08       |        
RUN-1001 :     opt_adder_fanout    |     on     |        on        |        
RUN-1001 :        opt_arith        |     on     |        on        |        
RUN-1001 :       opt_big_gate      |    off     |       off        |        
RUN-1001 :        opt_const        |     on     |        on        |        
RUN-1001 :      opt_const_mult     |     on     |        on        |        
RUN-1001 :       opt_lessthan      |     on     |        on        |        
RUN-1001 :         opt_mux         |    off     |       off        |        
RUN-1001 :         opt_ram         |    high    |       high       |        
RUN-1001 :      rtl_sim_model      |    off     |       off        |        
RUN-1001 :         seq_syn         |     on     |        on        |        
RUN-1001 : --------------------------------------------------------------
HDL-1007 : analyze verilog file ../../al_ip/clk_wiz_0.v
HDL-1007 : undeclared symbol 'open', assumed default net type 'wire' in ../../al_ip/clk_wiz_0.v(80)
HDL-1007 : analyze verilog file ../../../RTL/audio_receive.v
HDL-1007 : analyze verilog file ../../../RTL/audio_send.v
HDL-1007 : analyze verilog file ../../../RTL/audio_speak.v
HDL-1007 : undeclared symbol 'chipwatcherclk', assumed default net type 'wire' in ../../../RTL/audio_speak.v(37)
HDL-1007 : analyze verilog file ../../../RTL/es8388_config.v
HDL-1007 : analyze verilog file ../../../RTL/es8388_ctrl.v
HDL-1007 : analyze verilog file ../../../RTL/i2c_dri.v
HDL-1007 : analyze verilog file ../../../RTL/i2c_reg_cfg.v
RUN-1001 : Project manager successfully analyzed 8 source files.
RUN-1002 : start command "import_device eagle_s20.db -package EG4S20BG256"
ARC-1001 : Device Initialization.
ARC-1001 : ------------------------------------------------------------------
ARC-1001 :            OPTION            |          IO          |   SETTING   
ARC-1001 : ------------------------------------------------------------------
ARC-1001 :   cso_b/cclk/mosi/miso/dout  |  T3/R11/T10/P10/S11  |    gpio    
ARC-1001 :             done             |         P13          |    gpio    
ARC-1001 :           program_b          |          T2          |  dedicate  
ARC-1001 :        tdi/tms/tck/tdo       |   C12/A15/C14/E14    |  dedicate  
ARC-1001 : ------------------------------------------------------------------
ARC-1004 : Device setting, marked 5 dedicate IOs in total.
RUN-1002 : start command "import_db ../syn_1/ES8388_gate.db"
RUN-1001 : Importing database generated by Tang Dynasty, V5.6.71036.
RUN-1001 : Database version number 46146.
RUN-1001 : Import flow parameters
RUN-1001 : Import IO constraints
RUN-1001 : Import Inst constraints
RUN-1001 : Import design success TD_VERSION=5.6.71036 , DB_VERSION=46146
RUN-1002 : start command "place"
RUN-1001 : Open license file C:/Anlogic/TD5.6.2/license/Anlogic.lic
RUN-1001 : Print Global Property
RUN-1001 : ---------------------------------------------------------------
RUN-1001 :        Parameters        |  Settings  |  Default Values  |  Note  
RUN-1001 : ---------------------------------------------------------------
RUN-1001 :          message         |  standard  |     standard     |        
RUN-1001 :   mixed_pack_place_flow  |     on     |        on        |        
RUN-1001 :        qor_monitor       |    off     |       off        |        
RUN-1001 :        syn_ip_flow       |    off     |       off        |        
RUN-1001 :          thread          |    auto    |       auto       |        
RUN-1001 : ---------------------------------------------------------------
RUN-1001 : Print Place Property
RUN-1001 : --------------------------------------------------------------
RUN-1001 :        Parameters       |  Settings  |  Default Values  |  Note  
RUN-1001 : --------------------------------------------------------------
RUN-1001 :      detailed_place     |     on     |        on        |        
RUN-1001 :          effort         |   medium   |      medium      |        
RUN-1001 :         fix_hold        |    off     |       off        |        
RUN-1001 :       legalization      |    ori     |       ori        |        
RUN-1001 :      new_spreading      |     on     |        on        |        
RUN-1001 :        opt_timing       |   medium   |      medium      |        
RUN-1001 :   post_clock_route_opt  |    off     |       off        |        
RUN-1001 :       pr_strategy       |     1      |        1         |        
RUN-1001 :        relaxation       |    1.00    |       1.00       |        
RUN-1001 :         retiming        |    off     |       off        |        
RUN-1001 : --------------------------------------------------------------
PHY-3001 : Placer runs in 16 thread(s).
RUN-1002 : start command "legalize_phy_inst"
SYN-1011 : Flatten model audio_speak
RUN-1002 : start command "phys_opt -simplify_lut"
SYN-4016 : Net u_pll_clk/clk0_out driven by BUFG (0 clock/control pins, 1 other pins).
SYN-4027 : Net aud_mclk_dup_1 is clkc1 of pll u_pll_clk/pll_inst.
SYN-4019 : Net sys_clk_dup_1 is refclk of pll u_pll_clk/pll_inst.
SYN-4020 : Net sys_clk_dup_1 is fbclk of pll u_pll_clk/pll_inst.
SYN-4024 : Net "aud_bclk_dup_1" drives clk pins.
SYN-4024 : Net "u_es8388_ctrl/u_es8388_config/u_i2c_dri/dri_clk" drives clk pins.
SYN-4025 : Tag rtl::Net aud_bclk_dup_1 as clock net
SYN-4025 : Tag rtl::Net aud_mclk_dup_1 as clock net
SYN-4025 : Tag rtl::Net sys_clk_dup_1 as clock net
SYN-4025 : Tag rtl::Net u_es8388_ctrl/u_es8388_config/u_i2c_dri/dri_clk as clock net
SYN-4025 : Tag rtl::Net u_pll_clk/clk0_out as clock net
SYN-4026 : Tagged 5 rtl::Net as clock net
SYN-4015 : Create BUFG instance for clk Net aud_bclk_dup_1 to drive 80 clock pins.
SYN-4015 : Create BUFG instance for clk Net u_es8388_ctrl/u_es8388_config/u_i2c_dri/dri_clk to drive 59 clock pins.
PHY-1001 : Populate physical database on model audio_speak.
RUN-1001 : There are total 387 instances
RUN-0007 : 197 luts, 145 seqs, 17 mslices, 8 lslices, 13 pads, 0 brams, 0 dsps
RUN-1001 : There are total 425 nets
RUN-1001 : 264 nets have 2 pins
RUN-1001 : 110 nets have [3 - 5] pins
RUN-1001 : 20 nets have [6 - 10] pins
RUN-1001 : 19 nets have [11 - 20] pins
RUN-1001 : 11 nets have [21 - 99] pins
RUN-1001 : 1 nets have 100+ pins
RUN-1001 : Report Control nets information:
RUN-1001 : DFF Distribution
RUN-1001 : ----------------------------------
RUN-1001 :   CE   |  SSR  |  ASR  |  DFF Count  
RUN-1001 : ----------------------------------
RUN-1001 :   No   |  No   |  No   |      0      
RUN-1001 :   No   |  No   |  Yes  |     73      
RUN-1001 :   No   |  Yes  |  No   |      0      
RUN-1001 :   Yes  |  No   |  No   |      0      
RUN-1001 :   Yes  |  No   |  Yes  |     72      
RUN-1001 :   Yes  |  Yes  |  No   |      0      
RUN-1001 : ----------------------------------
RUN-0007 : Control Group Statistic
RUN-0007 : ---------------------------
RUN-0007 :   #CLK  |  #CE  |  #SSR/ASR  
RUN-0007 : ---------------------------
RUN-0007 :    3    |   5   |     2      
RUN-0007 : ---------------------------
RUN-0007 : Control Set = 7
PHY-3001 : Initial placement ...
PHY-3001 : design contains 385 instances, 197 luts, 145 seqs, 25 slices, 7 macros(25 instances: 17 mslices 8 lslices)
PHY-0007 : Cell area utilization is 1%
PHY-3001 : Global placement ...
PHY-3001 : Initial: Len = 108055
PHY-3001 : Clustering ...
PHY-3001 : Level 0 #clusters 385.
PHY-3001 : End clustering;  0.000021s wall, 0.000000s user + 0.000000s system = 0.000000s CPU (n/a%)

PHY-3001 : Run with size of 4
PHY-3001 : Cell area utilization is 1%
PHY-3001 : :::0::: Try harder cell spreading with beta_ = 0
PHY-3002 : Step(1): len = 63314.9, overlap = 0
PHY-3002 : Step(2): len = 40461.9, overlap = 0
PHY-3002 : Step(3): len = 27404.7, overlap = 0
PHY-3002 : Step(4): len = 19966.8, overlap = 0
PHY-3002 : Step(5): len = 16910.7, overlap = 0
PHY-3002 : Step(6): len = 14789, overlap = 0
PHY-3002 : Step(7): len = 12400.6, overlap = 0
PHY-3002 : Step(8): len = 12207.6, overlap = 0
PHY-3002 : Step(9): len = 11055.5, overlap = 0
PHY-3002 : Step(10): len = 10770.8, overlap = 0
PHY-3002 : Step(11): len = 9993.9, overlap = 0
PHY-3002 : Step(12): len = 9699.5, overlap = 0
PHY-3002 : Step(13): len = 9670.1, overlap = 0
PHY-3002 : Step(14): len = 8737.9, overlap = 0
PHY-3002 : Step(15): len = 8752.7, overlap = 0
PHY-3002 : Step(16): len = 8528, overlap = 0
PHY-3002 : Step(17): len = 8732.1, overlap = 0
PHY-3002 : Step(18): len = 8151, overlap = 0.125
PHY-3002 : Step(19): len = 8012.7, overlap = 0
PHY-3002 : Step(20): len = 7572.6, overlap = 0
PHY-3002 : Step(21): len = 6840.2, overlap = 0
PHY-3002 : Step(22): len = 6840.2, overlap = 0
PHY-3002 : Step(23): len = 6524.8, overlap = 0
PHY-3002 : Step(24): len = 6485.8, overlap = 0
PHY-3002 : Step(25): len = 6485.8, overlap = 0
PHY-3001 : Legalization ...
PHY-3001 : End legalization;  0.004157s wall, 0.000000s user + 0.000000s system = 0.000000s CPU (n/a%)

PHY-3001 : Run with size of 4
PHY-3001 : Cell area utilization is 1%
PHY-3001 : :::0::: Try harder cell spreading with beta_ = 0
PHY-3002 : Step(26): len = 6260.1, overlap = 5.46875
PHY-3002 : Step(27): len = 6260.1, overlap = 5.46875
PHY-3002 : Step(28): len = 6162.5, overlap = 5.625
PHY-3002 : Step(29): len = 6162.5, overlap = 5.625
PHY-3002 : Step(30): len = 6034, overlap = 5.65625
PHY-3002 : Step(31): len = 6034, overlap = 5.65625
PHY-3002 : Step(32): len = 5986.5, overlap = 5.53125
PHY-3002 : Step(33): len = 5986.5, overlap = 5.53125
PHY-3002 : Step(34): len = 5892.4, overlap = 5.34375
PHY-3002 : Step(35): len = 5892.4, overlap = 5.34375
PHY-3002 : Step(36): len = 5870.3, overlap = 4.9375
PHY-3002 : Step(37): len = 5870.3, overlap = 4.9375
PHY-3002 : Step(38): len = 5801.4, overlap = 4.9375
PHY-3002 : Step(39): len = 5801.4, overlap = 4.9375
PHY-3002 : Step(40): len = 5765.9, overlap = 4.9375
PHY-3002 : Step(41): len = 5765.9, overlap = 4.9375
PHY-3002 : Step(42): len = 5762.1, overlap = 4.9375
PHY-3002 : Step(43): len = 5762.1, overlap = 4.9375
PHY-3002 : Step(44): len = 5721.8, overlap = 4.9375
PHY-3002 : Step(45): len = 5721.8, overlap = 4.9375
PHY-3002 : Step(46): len = 5700.4, overlap = 4.9375
PHY-3002 : Step(47): len = 5700.4, overlap = 4.9375
PHY-3002 : Step(48): len = 5677, overlap = 4.9375
PHY-3002 : Step(49): len = 5677, overlap = 4.9375
PHY-3002 : Step(50): len = 5662.4, overlap = 4.9375
PHY-3002 : Step(51): len = 5662.4, overlap = 4.9375
PHY-3002 : Step(52): len = 5646, overlap = 4.9375
PHY-3002 : Step(53): len = 5646, overlap = 4.9375
PHY-3002 : Step(54): len = 5638.2, overlap = 4.9375
PHY-3002 : Step(55): len = 5638.2, overlap = 4.9375
PHY-3002 : Step(56): len = 5627.1, overlap = 5.03125
PHY-3002 : Step(57): len = 5627.1, overlap = 5.03125
PHY-3002 : Step(58): len = 5619.3, overlap = 5.46875
PHY-3002 : Step(59): len = 5619.3, overlap = 5.46875
PHY-3002 : Step(60): len = 5607.3, overlap = 6.28125
PHY-3002 : Step(61): len = 5607.3, overlap = 6.28125
PHY-3002 : Step(62): len = 5603.5, overlap = 7.40625
PHY-3001 : Run with size of 2
PHY-3001 : Cell area utilization is 1%
PHY-3001 : :::0::: Try harder cell spreading with beta_ = 1.25348e-05
PHY-3002 : Step(63): len = 5779.2, overlap = 15.1562
PHY-3002 : Step(64): len = 5779.2, overlap = 15.1562
PHY-3001 : :::1::: Try harder cell spreading with beta_ = 2.50697e-05
PHY-3002 : Step(65): len = 6218.5, overlap = 15.875
PHY-3002 : Step(66): len = 6372.9, overlap = 15.6875
PHY-3002 : Step(67): len = 6869.6, overlap = 15.9062
PHY-3002 : Step(68): len = 6858.6, overlap = 13.3125
PHY-3002 : Step(69): len = 6295.2, overlap = 15.5625
PHY-3002 : Step(70): len = 6295.2, overlap = 15.5625
PHY-3002 : Step(71): len = 6298.9, overlap = 15.3438
PHY-3001 : :::2::: Try harder cell spreading with beta_ = 5.01393e-05
PHY-3002 : Step(72): len = 6418.3, overlap = 14.9375
PHY-3002 : Step(73): len = 6418.3, overlap = 14.9375
PHY-3001 : :::3::: Try harder cell spreading with beta_ = 0.000100279
PHY-3002 : Step(74): len = 6670, overlap = 13.9062
PHY-3002 : Step(75): len = 6670, overlap = 13.9062
PHY-3002 : Step(76): len = 6601.2, overlap = 13.5312
PHY-3001 : :::4::: Try harder cell spreading with beta_ = 0.000200557
PHY-3002 : Step(77): len = 6820, overlap = 13.0312
PHY-3002 : Step(78): len = 6952.3, overlap = 12.875
OPT-1001 : Start physical optimization ...
OPT-1001 : Total overflow 21.84 peak overflow 4.47
OPT-1001 : Start high-fanout net optimization ...
OPT-1001 : Update timing in global mode
PHY-1001 : Start incremental global routing, caller is place ...
RUN-1001 : Generating global routing grids ...
RUN-1001 : Building simple global routing graph ...
PHY-1001 : Generate routing nets ...
PHY-1001 : Reuse net number 0/425.
PHY-1001 : Global iterations in 16 thread ...
PHY-1002 : len = 7280, over cnt = 27(0%), over = 152, worst = 21
PHY-1001 : End global iterations;  0.022542s wall, 0.031250s user + 0.031250s system = 0.062500s CPU (277.3%)

PHY-1001 : Congestion index: top1 = 15.46, top5 = 4.50, top10 = 2.25, top15 = 1.50.
PHY-1001 : End incremental global routing;  0.086841s wall, 0.046875s user + 0.062500s system = 0.109375s CPU (125.9%)

RUN-1002 : start command "start_timer -report"
TMR-5001 WARNING: No sdc constraints found while initiating timer.
TMR-2505 : Start building timing graph for model audio_speak.
TMR-2506 : Build timing graph completely. Port num: 12, tpin num: 1776, tnet num: 423, tinst num: 385, tnode num: 2304, tedge num: 2788.
TMR-2508 : Levelizing timing graph completed, there are 17 levels in total.
TMR-2501 : Timing graph initialized successfully.
OPT-1001 : End timing update;  0.157627s wall, 0.156250s user + 0.000000s system = 0.156250s CPU (99.1%)

OPT-1001 : 0 high-fanout net processed.
OPT-1001 : End high-fanout net optimization;  0.252809s wall, 0.218750s user + 0.062500s system = 0.281250s CPU (111.3%)

OPT-1001 : Current memory(MB): used = 149, reserve = 117, peak = 149.
OPT-1001 : End physical optimization;  0.261255s wall, 0.250000s user + 0.109375s system = 0.359375s CPU (137.6%)

PHY-3001 : Start packing ...
SYN-4007 : Packing 0 MUX to BLE ...
SYN-4008 : Packed 0 MUX and 0 SEQ to BLE.
SYN-4007 : Packing 197 LUT to BLE ...
SYN-4008 : Packed 197 LUT and 82 SEQ to BLE.
SYN-4003 : Packing 63 remaining SEQ's ...
SYN-4005 : Packed 43 SEQ with LUT/SLICE
SYN-4006 : 80 single LUT's are left
SYN-4006 : 20 single SEQ's are left
SYN-4011 : Packing model "audio_speak" (AL_USER_NORMAL) with 217/262 primitive instances ...
PHY-3001 : End packing;  0.022937s wall, 0.015625s user + 0.000000s system = 0.015625s CPU (68.1%)

PHY-1001 : Populate physical database on model audio_speak.
RUN-1001 : There are total 167 instances
RUN-1001 : 73 mslices, 74 lslices, 13 pads, 0 brams, 0 dsps
RUN-1001 : There are total 346 nets
RUN-1001 : 174 nets have 2 pins
RUN-1001 : 118 nets have [3 - 5] pins
RUN-1001 : 23 nets have [6 - 10] pins
RUN-1001 : 21 nets have [11 - 20] pins
RUN-1001 : 10 nets have [21 - 99] pins
PHY-3001 : design contains 165 instances, 147 slices, 7 macros(25 instances: 17 mslices 8 lslices)
PHY-3001 : Cell area utilization is 1%
PHY-3001 : After packing: Len = 7048.6, Over = 16.75
PHY-3001 : Run with size of 2
PHY-3001 : Cell area utilization is 1%
PHY-3001 : :::0::: Try harder cell spreading with beta_ = 2.57746e-05
PHY-3002 : Step(79): len = 6720.2, overlap = 15.75
PHY-3002 : Step(80): len = 6744.7, overlap = 15.5
PHY-3002 : Step(81): len = 6752.2, overlap = 16
PHY-3001 : :::1::: Try harder cell spreading with beta_ = 5.15491e-05
PHY-3002 : Step(82): len = 6891.6, overlap = 14.75
PHY-3002 : Step(83): len = 6988.8, overlap = 14.75
PHY-3002 : Step(84): len = 7157.3, overlap = 14.25
PHY-3001 : :::2::: Try harder cell spreading with beta_ = 0.000103098
PHY-3002 : Step(85): len = 7169.5, overlap = 13.5
PHY-3002 : Step(86): len = 7240.6, overlap = 13.5
PHY-3002 : Step(87): len = 7306, overlap = 13.25
PHY-3001 : Legalization ...
PHY-3001 : End legalization;  0.053724s wall, 0.078125s user + 0.078125s system = 0.156250s CPU (290.8%)

PHY-3001 : Trial Legalized: Len = 10940.9
PHY-3001 : Run with size of 2
PHY-3001 : Cell area utilization is 1%
PHY-3001 : :::0::: Try harder cell spreading with beta_ = 0
PHY-3002 : Step(88): len = 8451.7, overlap = 5
PHY-3002 : Step(89): len = 7405.9, overlap = 12
PHY-3002 : Step(90): len = 6908.7, overlap = 14.75
PHY-3002 : Step(91): len = 6809.9, overlap = 16.75
PHY-3002 : Step(92): len = 6463.9, overlap = 17
PHY-3002 : Step(93): len = 6448.1, overlap = 16.75
PHY-3002 : Step(94): len = 6437.6, overlap = 17
PHY-3001 : :::1::: Try harder cell spreading with beta_ = 2.26782e-05
PHY-3002 : Step(95): len = 6367.3, overlap = 16.25
PHY-3002 : Step(96): len = 6442.9, overlap = 16.25
PHY-3002 : Step(97): len = 6540.1, overlap = 16.25
PHY-3002 : Step(98): len = 6621.1, overlap = 16.25
PHY-3002 : Step(99): len = 6659.8, overlap = 15.75
PHY-3001 : :::2::: Try harder cell spreading with beta_ = 4.53564e-05
PHY-3002 : Step(100): len = 6630, overlap = 15.25
PHY-3002 : Step(101): len = 6630, overlap = 15.25
PHY-3001 : Legalization ...
PHY-3001 : End legalization;  0.006555s wall, 0.000000s user + 0.000000s system = 0.000000s CPU (n/a%)

PHY-3001 : Legalized: Len = 9845, Over = 0
PHY-3001 : End spreading;  0.002583s wall, 0.000000s user + 0.015625s system = 0.015625s CPU (604.9%)

PHY-3001 : Final: Len = 9845, Over = 0
OPT-1001 : Start physical optimization ...
OPT-1001 : Total overflow 0.00 peak overflow 0.00
OPT-1001 : Start high-fanout net optimization ...
OPT-1001 : Update timing in global mode
PHY-1001 : Start incremental global routing, caller is place ...
RUN-1001 : Generating global routing grids ...
PHY-1001 : Generate routing nets ...
PHY-1001 : Reuse net number 11/346.
PHY-1001 : Global iterations in 16 thread ...
PHY-1002 : len = 11552, over cnt = 37(0%), over = 53, worst = 4
PHY-1002 : len = 11912, over cnt = 3(0%), over = 3, worst = 1
PHY-1002 : len = 11960, over cnt = 0(0%), over = 0, worst = 0
PHY-1001 : End global iterations;  0.046634s wall, 0.015625s user + 0.046875s system = 0.062500s CPU (134.0%)

PHY-1001 : Congestion index: top1 = 19.96, top5 = 7.48, top10 = 3.85, top15 = 2.57.
PHY-1001 : End incremental global routing;  0.115241s wall, 0.093750s user + 0.046875s system = 0.140625s CPU (122.0%)

RUN-1002 : start command "start_timer -report"
TMR-5001 WARNING: No sdc constraints found while initiating timer.
TMR-2505 : Start building timing graph for model audio_speak.
TMR-2506 : Build timing graph completely. Port num: 12, tpin num: 1521, tnet num: 344, tinst num: 165, tnode num: 1907, tedge num: 2510.
TMR-2508 : Levelizing timing graph completed, there are 17 levels in total.
TMR-2501 : Timing graph initialized successfully.
OPT-1001 : End timing update;  0.125398s wall, 0.093750s user + 0.031250s system = 0.125000s CPU (99.7%)

OPT-1001 : 0 high-fanout net processed.
OPT-1001 : End high-fanout net optimization;  0.249875s wall, 0.187500s user + 0.078125s system = 0.265625s CPU (106.3%)

OPT-1001 : Current memory(MB): used = 151, reserve = 118, peak = 151.
OPT-1001 : Update timing in Manhattan mode
OPT-1001 : End timing update;  0.000582s wall, 0.000000s user + 0.000000s system = 0.000000s CPU (n/a%)

OPT-1001 : Start pin optimization...
OPT-1001 : skip pin optimization...
RUN-1001 : Generating global routing grids ...
PHY-1001 : Generate routing nets ...
PHY-1001 : Reuse net number 273/346.
PHY-1001 : Global iterations in 16 thread ...
PHY-1002 : len = 11960, over cnt = 0(0%), over = 0, worst = 0
PHY-1001 : End global iterations;  0.002702s wall, 0.000000s user + 0.000000s system = 0.000000s CPU (n/a%)

PHY-1001 : Congestion index: top1 = 19.96, top5 = 7.48, top10 = 3.85, top15 = 2.57.
OPT-1001 : Update timing in Manhattan mode
OPT-1001 : End timing update;  0.000765s wall, 0.000000s user + 0.000000s system = 0.000000s CPU (n/a%)

RUN-1001 : QoR Analysis:
OPT-0007 :   WNS 2147483647 TNS 0 NUM_FEPS 0
RUN-1001 :   No local congestion issue, and most congested 1% tile average routing util is 19.586207
RUN-1001 :   Top critical paths
OPT-1001 : End physical optimization;  0.333124s wall, 0.265625s user + 0.078125s system = 0.343750s CPU (103.2%)

RUN-1003 : finish command "place" in  4.413356s wall, 6.437500s user + 6.109375s system = 12.546875s CPU (284.3%)

RUN-1004 : used memory is 135 MB, reserved memory is 103 MB, peak memory is 151 MB
RUN-1002 : start command "export_db ES8388_place.db"
RUN-1001 : Exported /
RUN-1001 : Exported flow parameters
RUN-1001 : Exported libs
RUN-1001 : Exported entities
RUN-1001 : Exported ports
RUN-1001 : Exported pins
RUN-1001 : Exported instances
RUN-1001 : Exported nets
RUN-1001 : Exported buses
RUN-1001 : Exported models
RUN-1001 : Exported congestions
RUN-1001 : Exported violations
RUN-1001 : Exported IO constraints
RUN-1001 : Exported Inst constraints
RUN-1002 : start command "route"
RUN-1001 : Open license file C:/Anlogic/TD5.6.2/license/Anlogic.lic
RUN-1001 : Print Global Property
RUN-1001 : ---------------------------------------------------------------
RUN-1001 :        Parameters        |  Settings  |  Default Values  |  Note  
RUN-1001 : ---------------------------------------------------------------
RUN-1001 :          message         |  standard  |     standard     |        
RUN-1001 :   mixed_pack_place_flow  |     on     |        on        |        
RUN-1001 :        qor_monitor       |    off     |       off        |        
RUN-1001 :        syn_ip_flow       |    off     |       off        |        
RUN-1001 :          thread          |    auto    |       auto       |        
RUN-1001 : ---------------------------------------------------------------
RUN-1001 : Print Route Property
RUN-1001 : -------------------------------------------------------
RUN-1001 :    Parameters    |  Settings  |  Default Values  |  Note  
RUN-1001 : -------------------------------------------------------
RUN-1001 :      effort      |   medium   |      medium      |        
RUN-1001 :     fix_hold     |    off     |       off        |        
RUN-1001 :    opt_timing    |   medium   |      medium      |        
RUN-1001 :   phy_sim_model  |    off     |       off        |        
RUN-1001 :     priority     |   timing   |      timing      |        
RUN-1001 :     swap_pin     |     on     |        on        |        
RUN-1001 : -------------------------------------------------------
PHY-1001 : Route runs in 16 thread(s)
RUN-1001 : There are total 167 instances
RUN-1001 : 73 mslices, 74 lslices, 13 pads, 0 brams, 0 dsps
RUN-1001 : There are total 346 nets
RUN-1001 : 174 nets have 2 pins
RUN-1001 : 118 nets have [3 - 5] pins
RUN-1001 : 23 nets have [6 - 10] pins
RUN-1001 : 21 nets have [11 - 20] pins
RUN-1001 : 10 nets have [21 - 99] pins
RUN-1002 : start command "start_timer -report"
TMR-5001 WARNING: No sdc constraints found while initiating timer.
TMR-2505 : Start building timing graph for model audio_speak.
TMR-2506 : Build timing graph completely. Port num: 12, tpin num: 1521, tnet num: 344, tinst num: 165, tnode num: 1907, tedge num: 2510.
TMR-2508 : Levelizing timing graph completed, there are 17 levels in total.
TMR-2501 : Timing graph initialized successfully.
PHY-1001 : 73 mslices, 74 lslices, 13 pads, 0 brams, 0 dsps
TMR-2503 : Start to update net delay, extr mode = 3.
TMR-2504 : Update delay of 344 nets completely.
TMR-2502 : Annotate delay completely, extr mode = 3.
TMR-3002 : No user constraint, initiate default constraint.
TMR-1501 : Assign derive clock DeriveClock to 188 clock pins, and constraint 383 relative nodes.
TMR-3003 : Constraints initiated successfully.
TMR-3501 : Forward propagation: start to calculate arrival time...
TMR-3502 : Backward propagation: start to calculate required time...
TMR-3503 : Timing propagation completes.
PHY-1001 : Start global routing, caller is route ...
RUN-1001 : Generating global routing grids ...
PHY-1001 : Generate routing nets ...
PHY-1001 : Global iterations in 16 thread ...
PHY-1002 : len = 11440, over cnt = 35(0%), over = 50, worst = 4
PHY-1002 : len = 11704, over cnt = 3(0%), over = 3, worst = 1
PHY-1002 : len = 11736, over cnt = 1(0%), over = 1, worst = 1
PHY-1002 : len = 11752, over cnt = 0(0%), over = 0, worst = 0
PHY-1001 : End global iterations;  0.084977s wall, 0.078125s user + 0.000000s system = 0.078125s CPU (91.9%)

PHY-1001 : Congestion index: top1 = 19.70, top5 = 7.50, top10 = 3.80, top15 = 2.54.
PHY-1001 : End global routing;  0.168261s wall, 0.156250s user + 0.015625s system = 0.171875s CPU (102.1%)

PHY-1001 : Start detail routing ...
PHY-1001 : Current memory(MB): used = 174, reserve = 142, peak = 188.
PHY-1001 : Detailed router is running in normal mode.
PHY-1001 : Generate detailed routing grids ...
PHY-1001 : Processed IO instance aud_dacdat_syn_4 with INV attribute.
PHY-1001 : Generate nets ...
PHY-1001 : clock net aud_bclk_syn_4 will be merged with clock aud_bclk_dup_1
PHY-1001 : net aud_mclk_dup_1 will be routed on clock mesh
PHY-1001 : net sys_clk_dup_1 will be routed on clock mesh
PHY-1001 : clock net u_pll_clk/clk0_out will be merged with clock u_pll_clk/clk0_buf
PHY-1001 : clock net u_es8388_ctrl/u_es8388_config/u_i2c_dri/dri_clk_syn_4 will be merged with clock u_es8388_ctrl/u_es8388_config/u_i2c_dri/dri_clk
PHY-1001 : Current memory(MB): used = 442, reserve = 414, peak = 442.
PHY-1001 : End build detailed router design. 5.060361s wall, 4.953125s user + 0.031250s system = 4.984375s CPU (98.5%)

PHY-1001 : Detail Route ...
PHY-1001 : ===== Detail Route Phase 1 =====
PHY-1001 : Clock net routing.....
PHY-1001 : Routed 1% nets.
PHY-1022 : len = 7112, over cnt = 0(0%), over = 0, worst = 0, crit = 0
PHY-1001 : End initial clock net routed; 1.730485s wall, 1.671875s user + 0.062500s system = 1.734375s CPU (100.2%)

PHY-1001 : Current memory(MB): used = 474, reserve = 447, peak = 474.
PHY-1001 : End phase 1; 1.737648s wall, 1.671875s user + 0.062500s system = 1.734375s CPU (99.8%)

PHY-1001 : ===== Detail Route Phase 2 =====
PHY-1001 : Initial routing.....
PHY-1001 : Routed 40% nets.
PHY-1001 : Routed 47% nets.
PHY-1001 : Routed 56% nets.
PHY-1001 : Routed 68% nets.
PHY-1001 : Routed 89% nets.
PHY-1022 : len = 55312, over cnt = 24(0%), over = 24, worst = 1, crit = 0
PHY-1001 : Current memory(MB): used = 474, reserve = 447, peak = 474.
PHY-1001 : End initial routed; 0.807104s wall, 0.734375s user + 0.281250s system = 1.015625s CPU (125.8%)

PHY-1001 : Current memory(MB): used = 474, reserve = 447, peak = 474.
PHY-1001 : End phase 2; 0.807165s wall, 0.734375s user + 0.281250s system = 1.015625s CPU (125.8%)

PHY-1001 : ===== Detail Route Phase 3 =====
PHY-1001 : Ripup-reroute.....
PHY-1001 : ===== DR Iter 1 =====
PHY-1022 : len = 55240, over cnt = 5(0%), over = 5, worst = 1, crit = 0
PHY-1001 : End DR Iter 1; 0.024875s wall, 0.031250s user + 0.000000s system = 0.031250s CPU (125.6%)

PHY-1001 : ===== DR Iter 2 =====
PHY-1022 : len = 55296, over cnt = 0(0%), over = 0, worst = 0, crit = 0
PHY-1001 : End DR Iter 2; 0.015083s wall, 0.015625s user + 0.000000s system = 0.015625s CPU (103.6%)

PHY-1001 : Commit to database.....
PHY-1001 : 6 feed throughs used by 6 nets
PHY-1001 : End commit to database; 0.094765s wall, 0.093750s user + 0.000000s system = 0.093750s CPU (98.9%)

PHY-1001 : Current memory(MB): used = 485, reserve = 457, peak = 485.
PHY-1001 : End phase 3; 0.293006s wall, 0.296875s user + 0.000000s system = 0.296875s CPU (101.3%)

PHY-1003 : Routed, final wirelength = 55296
PHY-1001 : Current memory(MB): used = 485, reserve = 457, peak = 485.
PHY-1001 : End export database. 0.013685s wall, 0.015625s user + 0.000000s system = 0.015625s CPU (114.2%)

PHY-1001 : End detail routing;  8.300973s wall, 8.046875s user + 0.375000s system = 8.421875s CPU (101.5%)

RUN-1003 : finish command "route" in  8.684270s wall, 8.421875s user + 0.390625s system = 8.812500s CPU (101.5%)

RUN-1004 : used memory is 425 MB, reserved memory is 396 MB, peak memory is 485 MB
RUN-1002 : start command "report_area -io_info -file ES8388_phy.area"
RUN-1001 : standard
***Report Model: audio_speak Device: EG4S20BG256***

IO Statistics
#IO                        13
  #input                    7
  #output                   5
  #inout                    1

Utilization Statistics
#lut                      259   out of  19600    1.32%
#reg                      145   out of  19600    0.74%
#le                       279
  #lut only               134   out of    279   48.03%
  #reg only                20   out of    279    7.17%
  #lut&reg                125   out of    279   44.80%
#dsp                        0   out of     29    0.00%
#bram                       0   out of     64    0.00%
  #bram9k                   0
  #fifo9k                   0
#bram32k                    0   out of     16    0.00%
#pad                       13   out of    188    6.91%
  #ireg                     2
  #oreg                     3
  #treg                     1
#pll                        1   out of      4   25.00%
#gclk                       3   out of     16   18.75%

Clock Resource Statistics
Index     ClockNet                                           Type               DriverType         Driver                                                          Fanout
#1        aud_bclk_dup_1                                     GCLK               io                 aud_bclk_syn_2.di                                               45
#2        u_es8388_ctrl/u_es8388_config/u_i2c_dri/dri_clk    GCLK               mslice             u_es8388_ctrl/u_es8388_config/u_i2c_dri/dri_clk_reg_syn_9.q1    43
#3        sys_clk_dup_1                                      GCLK               io                 sys_clk_syn_2.di                                                7
#4        aud_mclk_dup_1                                     GCLK               pll                u_pll_clk/pll_inst.clkc1                                        0
#5        u_pll_clk/clk0_buf                                 GCLK               pll                u_pll_clk/pll_inst.clkc0                                        0


Detailed IO Report

     Name       Direction    Location    IOStandard    DriveStrength    PullType     PackReg   
  aud_adcdat      INPUT        R14        LVCMOS25          N/A          PULLUP       IREG     
   aud_bclk       INPUT         M6        LVCMOS25          N/A          PULLUP       NONE     
   aud_lrc        INPUT         M7        LVCMOS25          N/A          PULLUP       IREG     
   sys_clk        INPUT         R7        LVCMOS25          N/A          PULLUP       NONE     
  sys_rst_n       INPUT         A9        LVCMOS25          N/A          PULLUP       NONE     
  volume[1]       INPUT        B10        LVCMOS25          N/A          PULLUP       NONE     
  volume[0]       INPUT        A10        LVCMOS25          N/A          PULLUP       NONE     
  aud_dacdat     OUTPUT         P6        LVCMOS25           8            NONE        OREG     
   aud_mclk      OUTPUT         N5        LVCMOS25           8            NONE        NONE     
   aud_scl       OUTPUT        R12        LVCMOS25           8            NONE        OREG     
    ilaclk       OUTPUT         T5        LVCMOS25           8            NONE        NONE     
     led         OUTPUT        B14        LVCMOS25           8            NONE        NONE     
   aud_sda        INOUT         R9        LVCMOS25           8           PULLUP     OREG;TREG  

Report Hierarchy Area:
+----------------------------------------------------------------------------------------+
|Instance            |Module        |le     |lut     |ripple  |seq     |bram    |dsp     |
+----------------------------------------------------------------------------------------+
|top                 |audio_speak   |279    |234     |25      |151     |0       |0       |
|  u_es8388_ctrl     |es8388_ctrl   |278    |233     |25      |145     |0       |0       |
|    u_audio_receive |audio_receive |76     |47      |12      |53      |0       |0       |
|    u_audio_send    |audio_send    |26     |26      |0       |24      |0       |0       |
|    u_es8388_config |es8388_config |176    |160     |13      |68      |0       |0       |
|      u_i2c_dri     |i2c_dri       |119    |112     |5       |42      |0       |0       |
|      u_i2c_reg_cfg |i2c_reg_cfg   |57     |48      |8       |26      |0       |0       |
|  u_pll_clk         |clk_wiz_0     |1      |1       |0       |0       |0       |0       |
+----------------------------------------------------------------------------------------+


DataNet Average Fanout:

   Index     Fanout    Nets  
    #1         1       159   
    #2         2        88   
    #3         3        25   
    #4         4        5    
    #5        5-10      24   
    #6       11-50      24   
    #7       51-100     1    
  Average     3.27           

RUN-1002 : start command "export_db ES8388_pr.db"
RUN-1001 : Exported /
RUN-1001 : Exported flow parameters
RUN-1001 : Exported libs
RUN-1001 : Exported entities
RUN-1001 : Exported ports
RUN-1001 : Exported pins
RUN-1001 : Exported instances
RUN-1001 : Exported nets
RUN-1001 : Exported buses
RUN-1001 : Exported models
RUN-1001 : Exported congestions
RUN-1001 : Exported violations
RUN-1001 : Exported IO constraints
RUN-1001 : Exported Inst constraints
RUN-1002 : start command "export_bid ES8388_inst.bid"
RUN-1002 : start command "bitgen -bit ES8388.bit -unused_io_status pulldown"
BIT-1003 : Start to generate bitstream. 
BIT-1002 : Bitgen processed 175 unused pads, reserve input tri_state with pulldown
BIT-1002 : Init instances with 16 threads.
BIT-1002 : Init instances completely, inst num: 340
BIT-1002 : Init pips with 16 threads.
BIT-1002 : Init pips completely, net num: 346, pip num: 3689
BIT-1002 : Init feedthrough completely, num: 6
BIT-1003 : Multithreading accelaration with 16 threads.
BIT-1003 : Generate bitstream completely, there are 821 valid insts, and 10372 bits set as '1'.
BIT-1004 : PLL setting string = 0010
BIT-1004 : Generate bits file ES8388.bit.
RUN-1003 : finish command "bitgen -bit ES8388.bit -unused_io_status pulldown" in  1.278785s wall, 6.671875s user + 0.734375s system = 7.406250s CPU (579.2%)

RUN-1004 : used memory is 430 MB, reserved memory is 407 MB, peak memory is 624 MB
RUN-1002 : start command "backup_run_log run.log ../.logs/phy_1/td_20250608_152026.log"
