============================================================
   Tang Dynasty, V5.6.56362
   Copyright (c) 2012-2022 Anlogic
   Executable = C:/Anlogic/TD5.6.56362/bin/td.exe
   Built at =   19:51:00 Jul 25 2022
   Run by =     Frank
   Run Date =   Mon Jun  9 10:34:02 2025

   Run on =     DESKTOP-C83U48A
============================================================
RUN-1002 : start command "open_project ES8388.prj"
RUN-1001 : Print Global Property
RUN-1001 : ---------------------------------------------------------------
RUN-1001 :        Parameters        |  Settings  |  Default Values  |  Note  
RUN-1001 : ---------------------------------------------------------------
RUN-1001 :          message         |  standard  |     standard     |        
RUN-1001 :   mixed_pack_place_flow  |     on     |        on        |        
RUN-1001 :        syn_ip_flow       |    off     |       off        |        
RUN-1001 :          thread          |    auto    |       auto       |        
RUN-1001 : ---------------------------------------------------------------
RUN-1001 : Print Design Property
RUN-1001 : --------------------------------------------------------------
RUN-1001 :        Parameters       |  Settings  |  Default Values  |  Note  
RUN-1001 : --------------------------------------------------------------
RUN-1001 :   default_reg_initial   |    auto    |       auto       |        
RUN-1001 :        infer_add        |     on     |        on        |        
RUN-1001 :        infer_fsm        |    off     |       off        |        
RUN-1001 :        infer_mult       |     on     |        on        |        
RUN-1001 :        infer_ram        |     on     |        on        |        
RUN-1001 :        infer_reg        |     on     |        on        |        
RUN-1001 :   infer_reg_init_value  |     on     |        on        |        
RUN-1001 :        infer_rom        |     on     |        on        |        
RUN-1001 :      infer_shifter      |     on     |        on        |        
RUN-1001 : --------------------------------------------------------------
RUN-1001 : Print Rtl Property
RUN-1001 : --------------------------------------------------------------
RUN-1001 :        Parameters       |  Settings  |  Default Values  |  Note  
RUN-1001 : --------------------------------------------------------------
RUN-1001 :       compress_add      |   ripple   |      ripple      |        
RUN-1001 :        elf_sload        |    off     |       off        |        
RUN-1001 :       fix_undriven      |     0      |        0         |        
RUN-1001 :         flatten         |    off     |       off        |        
RUN-1001 :       gate_sharing      |     on     |        on        |        
RUN-1001 :    hdl_warning_level    |   normal   |      normal      |        
RUN-1001 :   impl_internal_tribuf  |     on     |        on        |        
RUN-1001 :      impl_set_reset     |     on     |        on        |        
RUN-1001 :        infer_gsr        |    off     |       off        |        
RUN-1001 :      keep_hierarchy     |    auto    |       auto       |        
RUN-1001 :        max_fanout       |    9999    |       9999       |        
RUN-1001 :      max_oh2bin_len     |     10     |        10        |        
RUN-1001 :       merge_equal       |     on     |        on        |        
RUN-1001 :       merge_equiv       |     on     |        on        |        
RUN-1001 :        merge_mux        |    off     |       off        |        
RUN-1001 :     min_control_set     |     8      |        8         |        
RUN-1001 :      min_ripple_len     |    auto    |       auto       |        
RUN-1001 :       oh2bin_ratio      |    0.08    |       0.08       |        
RUN-1001 :     opt_adder_fanout    |     on     |        on        |        
RUN-1001 :        opt_arith        |     on     |        on        |        
RUN-1001 :       opt_big_gate      |    off     |       off        |        
RUN-1001 :        opt_const        |     on     |        on        |        
RUN-1001 :      opt_const_mult     |     on     |        on        |        
RUN-1001 :       opt_lessthan      |     on     |        on        |        
RUN-1001 :         opt_mux         |    off     |       off        |        
RUN-1001 :         opt_ram         |    high    |       high       |        
RUN-1001 :      rtl_sim_model      |    off     |       off        |        
RUN-1001 :         seq_syn         |     on     |        on        |        
RUN-1001 : --------------------------------------------------------------
HDL-1007 : analyze verilog file ../../al_ip/clk_wiz_0.v
HDL-1007 : undeclared symbol 'open', assumed default net type 'wire' in ../../al_ip/clk_wiz_0.v(80)
HDL-1007 : analyze verilog file ../../../RTL/audio_receive.v
HDL-1007 : analyze verilog file ../../../RTL/audio_send.v
HDL-1007 : analyze verilog file ../../../RTL/audio_speak.v
HDL-1007 : undeclared symbol 'chipwatcherclk', assumed default net type 'wire' in ../../../RTL/audio_speak.v(47)
HDL-1007 : analyze verilog file ../../../RTL/es8388_config.v
HDL-1007 : analyze verilog file ../../../RTL/es8388_ctrl.v
HDL-1007 : analyze verilog file ../../../RTL/i2c_dri.v
HDL-1007 : analyze verilog file ../../../RTL/i2c_reg_cfg.v
RUN-1001 : Project manager successfully analyzed 8 source files.
RUN-1002 : start command "import_device eagle_s20.db -package EG4S20BG256"
ARC-1001 : Device Initialization.
ARC-1001 : ------------------------------------------------------------------
ARC-1001 :            OPTION            |          IO          |   SETTING   
ARC-1001 : ------------------------------------------------------------------
ARC-1001 :   cso_b/cclk/mosi/miso/dout  |  T3/R11/T10/P10/S11  |    gpio    
ARC-1001 :             done             |         P13          |    gpio    
ARC-1001 :           program_b          |          T2          |  dedicate  
ARC-1001 :        tdi/tms/tck/tdo       |   C12/A15/C14/E14    |  dedicate  
ARC-1001 : ------------------------------------------------------------------
ARC-1004 : Device setting, marked 5 dedicate IOs in total.
RUN-1002 : start command "import_db ../syn_1/ES8388_gate.db"
RUN-1001 : Importing database generated by Tang Dynasty, V5.6.56362.
RUN-1001 : Database version number 46140.
RUN-1001 : Import flow parameters
RUN-1001 : Import timing constraints
RUN-1001 : Import IO constraints
RUN-1001 : Import Inst constraints
RUN-1001 : Import design success TD_VERSION=5.6.56362 , DB_VERSION=46140
RUN-1002 : start command "read_sdc"
USR-1002 : read_sdc file_name -help -h -eco
USR-1009 : NO module with IP_SDC ...
RUN-1104 : Import SDC file  finished, there are 0 nets kept by constraints.
RUN-1002 : start command "place"
RUN-1001 : Open license file C:/Anlogic/TD5.6.56362/license/Anlogic.lic
RUN-1001 : Print Global Property
RUN-1001 : ---------------------------------------------------------------
RUN-1001 :        Parameters        |  Settings  |  Default Values  |  Note  
RUN-1001 : ---------------------------------------------------------------
RUN-1001 :          message         |  standard  |     standard     |        
RUN-1001 :   mixed_pack_place_flow  |     on     |        on        |        
RUN-1001 :        syn_ip_flow       |    off     |       off        |        
RUN-1001 :          thread          |    auto    |       auto       |        
RUN-1001 : ---------------------------------------------------------------
RUN-1001 : Print Place Property
RUN-1001 : --------------------------------------------------------------
RUN-1001 :        Parameters       |  Settings  |  Default Values  |  Note  
RUN-1001 : --------------------------------------------------------------
RUN-1001 :      detailed_place     |     on     |        on        |        
RUN-1001 :          effort         |   medium   |      medium      |        
RUN-1001 :         fix_hold        |    off     |       off        |        
RUN-1001 :       legalization      |    ori     |       ori        |        
RUN-1001 :      new_spreading      |     on     |        on        |        
RUN-1001 :        opt_timing       |   medium   |      medium      |        
RUN-1001 :   post_clock_route_opt  |    off     |       off        |        
RUN-1001 :       pr_strategy       |     1      |        1         |        
RUN-1001 :        relaxation       |    1.00    |       1.00       |        
RUN-1001 :         retiming        |    off     |       off        |        
RUN-1001 : --------------------------------------------------------------
PHY-3001 : Placer runs in 16 thread(s).
RUN-1002 : start command "legalize_phy_inst"
SYN-1011 : Flatten model audio_speak
RUN-1002 : start command "phys_opt -simplify_lut"
SYN-4016 : Net u_pll_clk/clk0_out driven by BUFG (0 clock/control pins, 1 other pins).
SYN-4027 : Net aud_mclk_dup_1 is clkc1 of pll u_pll_clk/pll_inst.
SYN-4019 : Net sys_clk_dup_1 is refclk of pll u_pll_clk/pll_inst.
SYN-4020 : Net sys_clk_dup_1 is fbclk of pll u_pll_clk/pll_inst.
SYN-4024 : Net "aud_bclk_dup_1" drives clk pins.
SYN-4024 : Net "u_es8388_ctrl/u_es8388_config/u_i2c_dri/dri_clk" drives clk pins.
SYN-4025 : Tag rtl::Net aud_bclk_dup_1 as clock net
SYN-4025 : Tag rtl::Net aud_mclk_dup_1 as clock net
SYN-4025 : Tag rtl::Net sys_clk_dup_1 as clock net
SYN-4025 : Tag rtl::Net u_es8388_ctrl/u_es8388_config/u_i2c_dri/dri_clk as clock net
SYN-4025 : Tag rtl::Net u_pll_clk/clk0_out as clock net
SYN-4026 : Tagged 5 rtl::Net as clock net
SYN-4015 : Create BUFG instance for clk Net aud_bclk_dup_1 to drive 80 clock pins.
SYN-4015 : Create BUFG instance for clk Net u_es8388_ctrl/u_es8388_config/u_i2c_dri/dri_clk to drive 57 clock pins.
PHY-1001 : Populate physical database on model audio_speak.
RUN-1001 : There are total 402 instances
RUN-0007 : 198 luts, 156 seqs, 17 mslices, 11 lslices, 13 pads, 0 brams, 0 dsps
RUN-1001 : There are total 441 nets
RUN-1001 : 280 nets have 2 pins
RUN-1001 : 108 nets have [3 - 5] pins
RUN-1001 : 24 nets have [6 - 10] pins
RUN-1001 : 16 nets have [11 - 20] pins
RUN-1001 : 12 nets have [21 - 99] pins
RUN-1001 : 1 nets have 100+ pins
RUN-1001 : Report Control nets information:
RUN-1001 : DFF Distribution
RUN-1001 : ----------------------------------
RUN-1001 :   CE   |  SSR  |  ASR  |  DFF Count  
RUN-1001 : ----------------------------------
RUN-1001 :   No   |  No   |  No   |      0      
RUN-1001 :   No   |  No   |  Yes  |     76      
RUN-1001 :   No   |  Yes  |  No   |      0      
RUN-1001 :   Yes  |  No   |  No   |      8      
RUN-1001 :   Yes  |  No   |  Yes  |     72      
RUN-1001 :   Yes  |  Yes  |  No   |      0      
RUN-1001 : ----------------------------------
RUN-0007 : Control Group Statistic
RUN-0007 : ---------------------------
RUN-0007 :   #CLK  |  #CE  |  #SSR/ASR  
RUN-0007 : ---------------------------
RUN-0007 :    3    |   6   |     2      
RUN-0007 : ---------------------------
RUN-0007 : Control Set = 8
PHY-3001 : Initial placement ...
PHY-3001 : design contains 400 instances, 198 luts, 156 seqs, 28 slices, 8 macros(28 instances: 17 mslices 11 lslices)
PHY-0007 : Cell area utilization is 1%
PHY-3001 : Start timing update ...
RUN-1002 : start command "start_timer -report"
TMR-2505 : Start building timing graph for model audio_speak.
TMR-2506 : Build timing graph completely. Port num: 12, tpin num: 1822, tnet num: 439, tinst num: 400, tnode num: 2364, tedge num: 2872.
TMR-2508 : Levelizing timing graph completed, there are 19 levels in total.
TMR-2501 : Timing graph initialized successfully.
TMR-2503 : Start to update net delay, extr mode = 2.
TMR-2504 : Update delay of 439 nets completely.
TMR-2502 : Annotate delay completely, extr mode = 2.
TMR-3001 : Initiate 0 clocks from SDC.
TMR-3004 : Map sdc constraints, there are 0 constraints in total.
TMR-3003 : Constraints initiated successfully.
TMR-3501 : Forward propagation: start to calculate arrival time...
TMR-3502 : Backward propagation: start to calculate required time...
TMR-3503 : Timing propagation completes.
PHY-3001 : End timing update;  0.062305s wall, 0.031250s user + 0.000000s system = 0.031250s CPU (50.2%)

PHY-3001 : Global placement ...
PHY-3001 : Initial: Len = 106227
PHY-3001 : Clustering ...
PHY-3001 : Level 0 #clusters 400.
PHY-3001 : End clustering;  0.000030s wall, 0.000000s user + 0.000000s system = 0.000000s CPU (n/a%)

PHY-3001 : Run with size of 4
PHY-3001 : Cell area utilization is 1%
PHY-3001 : :::0::: Try harder cell spreading with beta_ = 0
PHY-3002 : Step(1): len = 66928.6, overlap = 0
PHY-3002 : Step(2): len = 40422.8, overlap = 0
PHY-3002 : Step(3): len = 27938.3, overlap = 0
PHY-3002 : Step(4): len = 20194.5, overlap = 0
PHY-3002 : Step(5): len = 16259.6, overlap = 0
PHY-3002 : Step(6): len = 13902.5, overlap = 0
PHY-3002 : Step(7): len = 11656.6, overlap = 0
PHY-3002 : Step(8): len = 10673.2, overlap = 0
PHY-3002 : Step(9): len = 10166.1, overlap = 0
PHY-3002 : Step(10): len = 9810.8, overlap = 0
PHY-3002 : Step(11): len = 9177.1, overlap = 0
PHY-3002 : Step(12): len = 8136.7, overlap = 0
PHY-3002 : Step(13): len = 8366.6, overlap = 0
PHY-3002 : Step(14): len = 8558.2, overlap = 0
PHY-3002 : Step(15): len = 7934.1, overlap = 0
PHY-3002 : Step(16): len = 7220.5, overlap = 0
PHY-3002 : Step(17): len = 7533.4, overlap = 0
PHY-3002 : Step(18): len = 7366.4, overlap = 0
PHY-3002 : Step(19): len = 6387, overlap = 0
PHY-3002 : Step(20): len = 5977.9, overlap = 0.0625
PHY-3002 : Step(21): len = 5977.9, overlap = 0.0625
PHY-3002 : Step(22): len = 5320.9, overlap = 0.125
PHY-3002 : Step(23): len = 5272.3, overlap = 0.1875
PHY-3002 : Step(24): len = 5272.3, overlap = 0.1875
PHY-3001 : Legalization ...
PHY-3001 : End legalization;  0.002637s wall, 0.000000s user + 0.000000s system = 0.000000s CPU (n/a%)

PHY-3001 : Run with size of 4
PHY-3001 : Cell area utilization is 1%
PHY-3001 : Update timing in Manhattan mode ...
TMR-2503 : Start to update net delay, extr mode = 3.
TMR-2504 : Update delay of 439 nets completely.
TMR-2502 : Annotate delay completely, extr mode = 3.
TMR-3501 : Forward propagation: start to calculate arrival time...
TMR-3502 : Backward propagation: start to calculate required time...
TMR-3503 : Timing propagation completes.
PHY-3001 : End timing update;  0.006189s wall, 0.000000s user + 0.000000s system = 0.000000s CPU (n/a%)

PHY-3001 : :::0::: Try harder cell spreading with beta_ = 0
PHY-3002 : Step(25): len = 4937.4, overlap = 6.71875
PHY-3002 : Step(26): len = 4937.4, overlap = 6.71875
PHY-3002 : Step(27): len = 4885.1, overlap = 7.40625
PHY-3002 : Step(28): len = 4885.1, overlap = 7.40625
PHY-3002 : Step(29): len = 4775.4, overlap = 7.75
PHY-3002 : Step(30): len = 4775.4, overlap = 7.75
PHY-3002 : Step(31): len = 4712.5, overlap = 7.875
PHY-3002 : Step(32): len = 4712.5, overlap = 7.875
PHY-3002 : Step(33): len = 4679.4, overlap = 7.9375
PHY-3002 : Step(34): len = 4679.4, overlap = 7.9375
PHY-3002 : Step(35): len = 4652, overlap = 7.9375
PHY-3002 : Step(36): len = 4652, overlap = 7.9375
PHY-3002 : Step(37): len = 4632.5, overlap = 8.03125
PHY-3002 : Step(38): len = 4632.5, overlap = 8.03125
PHY-3002 : Step(39): len = 4583.5, overlap = 8.03125
PHY-3002 : Step(40): len = 4583.5, overlap = 8.03125
PHY-3002 : Step(41): len = 4575, overlap = 8.03125
PHY-3002 : Step(42): len = 4575, overlap = 8.03125
PHY-3002 : Step(43): len = 4567.1, overlap = 8.03125
PHY-3002 : Step(44): len = 4567.1, overlap = 8.03125
PHY-3002 : Step(45): len = 4533, overlap = 8.03125
PHY-3002 : Step(46): len = 4533, overlap = 8.03125
PHY-3002 : Step(47): len = 4530.9, overlap = 8.21875
PHY-3002 : Step(48): len = 4530.9, overlap = 8.21875
PHY-3002 : Step(49): len = 4502.8, overlap = 8.21875
PHY-3002 : Step(50): len = 4502.8, overlap = 8.21875
PHY-3002 : Step(51): len = 4507.2, overlap = 8.21875
PHY-3001 : Run with size of 2
PHY-3001 : Cell area utilization is 1%
PHY-3001 : Update timing in Manhattan mode ...
TMR-2503 : Start to update net delay, extr mode = 3.
TMR-2504 : Update delay of 439 nets completely.
TMR-2502 : Annotate delay completely, extr mode = 3.
TMR-3501 : Forward propagation: start to calculate arrival time...
TMR-3502 : Backward propagation: start to calculate required time...
TMR-3503 : Timing propagation completes.
PHY-3001 : End timing update;  0.005592s wall, 0.000000s user + 0.000000s system = 0.000000s CPU (n/a%)

PHY-3001 : :::0::: Try harder cell spreading with beta_ = 1.444e-05
PHY-3002 : Step(52): len = 4652.1, overlap = 19.6562
PHY-3002 : Step(53): len = 4652.1, overlap = 19.6562
PHY-3001 : :::1::: Try harder cell spreading with beta_ = 2.888e-05
PHY-3002 : Step(54): len = 5031.5, overlap = 17.2188
PHY-3002 : Step(55): len = 5122.5, overlap = 17.125
PHY-3002 : Step(56): len = 5743.9, overlap = 15.4688
PHY-3002 : Step(57): len = 5935.7, overlap = 15.8438
PHY-3002 : Step(58): len = 5874.4, overlap = 16.2812
PHY-3002 : Step(59): len = 5842.3, overlap = 15.875
PHY-3002 : Step(60): len = 5727, overlap = 14.6562
PHY-3001 : :::2::: Try harder cell spreading with beta_ = 5.776e-05
PHY-3002 : Step(61): len = 5600.1, overlap = 14.1562
PHY-3002 : Step(62): len = 5600.1, overlap = 14.1562
PHY-3001 : :::3::: Try harder cell spreading with beta_ = 0.00011552
PHY-3002 : Step(63): len = 5741.3, overlap = 12.2812
PHY-3002 : Step(64): len = 5741.3, overlap = 12.2812
PHY-3001 : :::4::: Try harder cell spreading with beta_ = 0.00023104
PHY-3002 : Step(65): len = 6031.8, overlap = 12.5
PHY-3002 : Step(66): len = 6151.6, overlap = 10.5938
PHY-3002 : Step(67): len = 6395.8, overlap = 9.71875
OPT-1001 : Start physical optimization ...
RUN-1002 : start command "start_timer -report"
TMR-2505 : Start building timing graph for model audio_speak.
TMR-2506 : Build timing graph completely. Port num: 12, tpin num: 1822, tnet num: 439, tinst num: 400, tnode num: 2364, tedge num: 2872.
TMR-2508 : Levelizing timing graph completed, there are 19 levels in total.
TMR-2501 : Timing graph initialized successfully.
OPT-1001 : Total overflow 22.19 peak overflow 4.00
OPT-1001 : Start high-fanout net optimization ...
OPT-1001 : Update timing in global mode
PHY-1001 : Start incremental global routing, caller is place ...
RUN-1001 : Generating global routing grids ...
RUN-1001 : Building simple global routing graph ...
PHY-1001 : Generate routing nets ...
PHY-1001 : Reuse net number 0/441.
PHY-1001 : Global iterations in 16 thread ...
PHY-1002 : len = 6024, over cnt = 22(0%), over = 112, worst = 20
PHY-1001 : End global iterations;  0.012204s wall, 0.015625s user + 0.000000s system = 0.015625s CPU (128.0%)

PHY-1001 : Congestion index: top1 = 14.05, top5 = 3.63, top10 = 1.81, top15 = 1.21.
PHY-1001 : End incremental global routing;  0.067018s wall, 0.078125s user + 0.000000s system = 0.078125s CPU (116.6%)

TMR-2503 : Start to update net delay, extr mode = 5.
TMR-2504 : Update delay of 439 nets completely.
TMR-2502 : Annotate delay completely, extr mode = 5.
TMR-3001 : Initiate 0 clocks from SDC.
TMR-3004 : Map sdc constraints, there are 0 constraints in total.
TMR-3003 : Constraints initiated successfully.
TMR-3501 : Forward propagation: start to calculate arrival time...
TMR-3502 : Backward propagation: start to calculate required time...
TMR-3503 : Timing propagation completes.
OPT-1001 : End timing update;  0.008084s wall, 0.000000s user + 0.000000s system = 0.000000s CPU (n/a%)

OPT-1001 : 0 high-fanout net processed.
OPT-1001 : End high-fanout net optimization;  0.081076s wall, 0.093750s user + 0.000000s system = 0.093750s CPU (115.6%)

OPT-1001 : Current memory(MB): used = 144, reserve = 116, peak = 144.
OPT-1001 : Start global optimization ...
OPT-1001 : Start congestion update ...
RUN-1001 : Generating global routing grids ...
PHY-1001 : Generate routing nets ...
PHY-1001 : Reuse net number 204/441.
PHY-1001 : Global iterations in 16 thread ...
PHY-1002 : len = 6024, over cnt = 22(0%), over = 112, worst = 20
PHY-1002 : len = 7336, over cnt = 12(0%), over = 22, worst = 4
PHY-1002 : len = 7672, over cnt = 4(0%), over = 5, worst = 2
PHY-1002 : len = 7752, over cnt = 3(0%), over = 3, worst = 1
PHY-1002 : len = 7864, over cnt = 0(0%), over = 0, worst = 0
PHY-1001 : End global iterations;  0.021859s wall, 0.015625s user + 0.000000s system = 0.015625s CPU (71.5%)

PHY-1001 : Congestion index: top1 = 15.37, top5 = 4.73, top10 = 2.36, top15 = 1.57.
OPT-1001 : End congestion update;  0.064247s wall, 0.046875s user + 0.000000s system = 0.046875s CPU (73.0%)

OPT-1001 : Update timing in Manhattan mode
TMR-2503 : Start to update net delay, extr mode = 3.
TMR-2504 : Update delay of 439 nets completely.
TMR-2502 : Annotate delay completely, extr mode = 3.
TMR-3501 : Forward propagation: start to calculate arrival time...
TMR-3502 : Backward propagation: start to calculate required time...
TMR-3503 : Timing propagation completes.
OPT-1001 : End timing update;  0.005242s wall, 0.000000s user + 0.000000s system = 0.000000s CPU (n/a%)

OPT-0007 : Start: WNS 2147483647 TNS 0 NUM_FEPS 0
OPT-1001 : End global optimization;  0.069604s wall, 0.046875s user + 0.000000s system = 0.046875s CPU (67.3%)

OPT-1001 : Current memory(MB): used = 145, reserve = 118, peak = 145.
OPT-1001 : End physical optimization;  0.220402s wall, 0.187500s user + 0.015625s system = 0.203125s CPU (92.2%)

PHY-3001 : Start packing ...
SYN-4007 : Packing 0 MUX to BLE ...
SYN-4008 : Packed 0 MUX and 0 SEQ to BLE.
SYN-4007 : Packing 198 LUT to BLE ...
SYN-4008 : Packed 198 LUT and 84 SEQ to BLE.
SYN-4003 : Packing 72 remaining SEQ's ...
SYN-4005 : Packed 46 SEQ with LUT/SLICE
SYN-4006 : 78 single LUT's are left
SYN-4006 : 26 single SEQ's are left
SYN-4011 : Packing model "audio_speak" (AL_USER_NORMAL) with 224/272 primitive instances ...
PHY-3001 : End packing;  0.014584s wall, 0.015625s user + 0.000000s system = 0.015625s CPU (107.1%)

PHY-1001 : Populate physical database on model audio_speak.
RUN-1001 : There are total 167 instances
RUN-1001 : 74 mslices, 73 lslices, 13 pads, 0 brams, 0 dsps
RUN-1001 : There are total 357 nets
RUN-1001 : 192 nets have 2 pins
RUN-1001 : 111 nets have [3 - 5] pins
RUN-1001 : 26 nets have [6 - 10] pins
RUN-1001 : 16 nets have [11 - 20] pins
RUN-1001 : 12 nets have [21 - 99] pins
PHY-3001 : design contains 165 instances, 147 slices, 8 macros(28 instances: 17 mslices 11 lslices)
PHY-3001 : Cell area utilization is 1%
PHY-3001 : After packing: Len = 6517.2, Over = 13.25
PHY-3001 : Run with size of 2
PHY-3001 : Cell area utilization is 1%
PHY-3001 : Update timing in Manhattan mode ...
RUN-1002 : start command "start_timer -report"
TMR-2505 : Start building timing graph for model audio_speak.
TMR-2506 : Build timing graph completely. Port num: 12, tpin num: 1533, tnet num: 355, tinst num: 165, tnode num: 1918, tedge num: 2525.
TMR-2508 : Levelizing timing graph completed, there are 17 levels in total.
TMR-2501 : Timing graph initialized successfully.
TMR-2503 : Start to update net delay, extr mode = 3.
TMR-2504 : Update delay of 355 nets completely.
TMR-2502 : Annotate delay completely, extr mode = 3.
TMR-3001 : Initiate 0 clocks from SDC.
TMR-3004 : Map sdc constraints, there are 0 constraints in total.
TMR-3003 : Constraints initiated successfully.
TMR-3501 : Forward propagation: start to calculate arrival time...
TMR-3502 : Backward propagation: start to calculate required time...
TMR-3503 : Timing propagation completes.
PHY-3001 : End timing update;  0.071716s wall, 0.031250s user + 0.000000s system = 0.031250s CPU (43.6%)

PHY-3001 : :::0::: Try harder cell spreading with beta_ = 5.81304e-05
PHY-3002 : Step(68): len = 6062.8, overlap = 13.75
PHY-3002 : Step(69): len = 6119.7, overlap = 13
PHY-3002 : Step(70): len = 6175, overlap = 13
PHY-3001 : :::1::: Try harder cell spreading with beta_ = 0.000116261
PHY-3002 : Step(71): len = 6199.2, overlap = 12.25
PHY-3002 : Step(72): len = 6250.6, overlap = 12
PHY-3002 : Step(73): len = 6339.8, overlap = 12.5
PHY-3001 : :::2::: Try harder cell spreading with beta_ = 0.000232521
PHY-3002 : Step(74): len = 6354.1, overlap = 12.25
PHY-3002 : Step(75): len = 6354.1, overlap = 12.25
PHY-3001 : Legalization ...
PHY-3001 : End legalization;  0.019563s wall, 0.031250s user + 0.015625s system = 0.046875s CPU (239.6%)

PHY-3001 : Trial Legalized: Len = 11297.2
PHY-3001 : Run with size of 2
PHY-3001 : Cell area utilization is 1%
PHY-3001 : Update timing in Manhattan mode ...
TMR-2503 : Start to update net delay, extr mode = 3.
TMR-2504 : Update delay of 355 nets completely.
TMR-2502 : Annotate delay completely, extr mode = 3.
TMR-3501 : Forward propagation: start to calculate arrival time...
TMR-3502 : Backward propagation: start to calculate required time...
TMR-3503 : Timing propagation completes.
PHY-3001 : End timing update;  0.005668s wall, 0.000000s user + 0.000000s system = 0.000000s CPU (n/a%)

PHY-3001 : :::0::: Try harder cell spreading with beta_ = 0
PHY-3002 : Step(76): len = 7884.1, overlap = 6.5
PHY-3002 : Step(77): len = 6526.8, overlap = 12.75
PHY-3002 : Step(78): len = 6079.7, overlap = 13.75
PHY-3002 : Step(79): len = 5834.9, overlap = 13.75
PHY-3002 : Step(80): len = 5830.2, overlap = 14
PHY-3002 : Step(81): len = 5784.6, overlap = 16
PHY-3001 : :::1::: Try harder cell spreading with beta_ = 4.38457e-05
PHY-3002 : Step(82): len = 5710.3, overlap = 13.75
PHY-3002 : Step(83): len = 5821.3, overlap = 13.5
PHY-3002 : Step(84): len = 5767.4, overlap = 13.75
PHY-3001 : :::2::: Try harder cell spreading with beta_ = 8.76915e-05
PHY-3002 : Step(85): len = 5857.6, overlap = 12.75
PHY-3002 : Step(86): len = 5857.6, overlap = 12.75
PHY-3002 : Step(87): len = 5821.4, overlap = 12.75
PHY-3001 : Legalization ...
PHY-3001 : End legalization;  0.003884s wall, 0.000000s user + 0.000000s system = 0.000000s CPU (n/a%)

PHY-3001 : Legalized: Len = 9389.2, Over = 0
PHY-3001 : End spreading;  0.002089s wall, 0.000000s user + 0.000000s system = 0.000000s CPU (n/a%)

PHY-3001 : Final: Len = 9389.2, Over = 0
OPT-1001 : Start physical optimization ...
RUN-1002 : start command "start_timer -report"
TMR-2505 : Start building timing graph for model audio_speak.
TMR-2506 : Build timing graph completely. Port num: 12, tpin num: 1533, tnet num: 355, tinst num: 165, tnode num: 1918, tedge num: 2525.
TMR-2508 : Levelizing timing graph completed, there are 17 levels in total.
TMR-2501 : Timing graph initialized successfully.
OPT-1001 : Total overflow 0.00 peak overflow 0.00
OPT-1001 : Start high-fanout net optimization ...
OPT-1001 : Update timing in global mode
PHY-1001 : Start incremental global routing, caller is place ...
RUN-1001 : Generating global routing grids ...
PHY-1001 : Generate routing nets ...
PHY-1001 : Reuse net number 16/357.
PHY-1001 : Global iterations in 16 thread ...
PHY-1002 : len = 10840, over cnt = 33(0%), over = 47, worst = 4
PHY-1002 : len = 11056, over cnt = 11(0%), over = 12, worst = 2
PHY-1002 : len = 11224, over cnt = 0(0%), over = 0, worst = 0
PHY-1001 : End global iterations;  0.040149s wall, 0.062500s user + 0.031250s system = 0.093750s CPU (233.5%)

PHY-1001 : Congestion index: top1 = 20.95, top5 = 7.48, top10 = 3.77, top15 = 2.52.
PHY-1001 : End incremental global routing;  0.094048s wall, 0.109375s user + 0.031250s system = 0.140625s CPU (149.5%)

TMR-2503 : Start to update net delay, extr mode = 5.
TMR-2504 : Update delay of 355 nets completely.
TMR-2502 : Annotate delay completely, extr mode = 5.
TMR-3001 : Initiate 0 clocks from SDC.
TMR-3004 : Map sdc constraints, there are 0 constraints in total.
TMR-3003 : Constraints initiated successfully.
TMR-3501 : Forward propagation: start to calculate arrival time...
TMR-3502 : Backward propagation: start to calculate required time...
TMR-3503 : Timing propagation completes.
OPT-1001 : End timing update;  0.006653s wall, 0.000000s user + 0.000000s system = 0.000000s CPU (n/a%)

OPT-1001 : 0 high-fanout net processed.
OPT-1001 : End high-fanout net optimization;  0.105642s wall, 0.109375s user + 0.031250s system = 0.140625s CPU (133.1%)

OPT-1001 : Current memory(MB): used = 147, reserve = 120, peak = 148.
OPT-1001 : Start path based optimization ...
OPT-1001 : Start congestion update ...
RUN-1001 : Generating global routing grids ...
PHY-1001 : Generate routing nets ...
PHY-1001 : Reuse net number 299/357.
PHY-1001 : Global iterations in 16 thread ...
PHY-1002 : len = 11224, over cnt = 0(0%), over = 0, worst = 0
PHY-1001 : End global iterations;  0.001154s wall, 0.000000s user + 0.000000s system = 0.000000s CPU (n/a%)

PHY-1001 : Congestion index: top1 = 20.95, top5 = 7.48, top10 = 3.77, top15 = 2.52.
OPT-1001 : End congestion update;  0.048281s wall, 0.031250s user + 0.015625s system = 0.046875s CPU (97.1%)

OPT-1001 : Update timing in Manhattan mode
TMR-2503 : Start to update net delay, extr mode = 3.
TMR-2504 : Update delay of 355 nets completely.
TMR-2502 : Annotate delay completely, extr mode = 3.
TMR-3501 : Forward propagation: start to calculate arrival time...
TMR-3502 : Backward propagation: start to calculate required time...
TMR-3503 : Timing propagation completes.
OPT-1001 : End timing update;  0.005119s wall, 0.015625s user + 0.000000s system = 0.015625s CPU (305.2%)

OPT-0007 : Start: WNS 2147483647 TNS 0 NUM_FEPS 0
OPT-1001 : End path based optimization;  0.053507s wall, 0.046875s user + 0.015625s system = 0.062500s CPU (116.8%)

OPT-1001 : Current memory(MB): used = 148, reserve = 120, peak = 148.
OPT-1001 : Update timing in Manhattan mode
TMR-2503 : Start to update net delay, extr mode = 3.
TMR-2504 : Update delay of 355 nets completely.
TMR-2502 : Annotate delay completely, extr mode = 3.
TMR-3501 : Forward propagation: start to calculate arrival time...
TMR-3502 : Backward propagation: start to calculate required time...
TMR-3503 : Timing propagation completes.
OPT-1001 : End timing update;  0.003366s wall, 0.000000s user + 0.000000s system = 0.000000s CPU (n/a%)

OPT-1001 : Start pin optimization...
OPT-1001 : skip pin optimization...
OPT-1001 : Update timing in global mode
PHY-1001 : Start incremental global routing, caller is place ...
RUN-1001 : Generating global routing grids ...
PHY-1001 : Generate routing nets ...
PHY-1001 : Reuse net number 299/357.
PHY-1001 : Global iterations in 16 thread ...
PHY-1002 : len = 11224, over cnt = 0(0%), over = 0, worst = 0
PHY-1001 : End global iterations;  0.002904s wall, 0.000000s user + 0.015625s system = 0.015625s CPU (538.1%)

PHY-1001 : Congestion index: top1 = 20.95, top5 = 7.48, top10 = 3.77, top15 = 2.52.
PHY-1001 : End incremental global routing;  0.052245s wall, 0.031250s user + 0.015625s system = 0.046875s CPU (89.7%)

TMR-2503 : Start to update net delay, extr mode = 5.
TMR-2504 : Update delay of 355 nets completely.
TMR-2502 : Annotate delay completely, extr mode = 5.
TMR-3501 : Forward propagation: start to calculate arrival time...
TMR-3502 : Backward propagation: start to calculate required time...
TMR-3503 : Timing propagation completes.
OPT-1001 : End timing update;  0.007408s wall, 0.015625s user + 0.000000s system = 0.015625s CPU (210.9%)

RUN-1001 : Generating global routing grids ...
PHY-1001 : Generate routing nets ...
PHY-1001 : Reuse net number 299/357.
PHY-1001 : Global iterations in 16 thread ...
PHY-1002 : len = 11224, over cnt = 0(0%), over = 0, worst = 0
PHY-1001 : End global iterations;  0.001801s wall, 0.000000s user + 0.000000s system = 0.000000s CPU (n/a%)

PHY-1001 : Congestion index: top1 = 20.95, top5 = 7.48, top10 = 3.77, top15 = 2.52.
OPT-1001 : Update timing in Manhattan mode
TMR-2503 : Start to update net delay, extr mode = 3.
TMR-2504 : Update delay of 355 nets completely.
TMR-2502 : Annotate delay completely, extr mode = 3.
TMR-3501 : Forward propagation: start to calculate arrival time...
TMR-3502 : Backward propagation: start to calculate required time...
TMR-3503 : Timing propagation completes.
OPT-1001 : End timing update;  0.006191s wall, 0.015625s user + 0.000000s system = 0.015625s CPU (252.4%)

RUN-1001 : QoR Analysis:
OPT-0007 :   WNS 2147483647 TNS 0 NUM_FEPS 0
RUN-1001 :   No local congestion issue, and most congested 1% tile average routing util is 20.482759
RUN-1001 :   Top critical paths
OPT-1001 : End physical optimization;  0.351970s wall, 0.453125s user + 0.078125s system = 0.531250s CPU (150.9%)

RUN-1003 : finish command "place" in  2.379357s wall, 3.062500s user + 1.968750s system = 5.031250s CPU (211.5%)

RUN-1004 : used memory is 136 MB, reserved memory is 108 MB, peak memory is 148 MB
RUN-1002 : start command "export_db ES8388_place.db"
RUN-1001 : Exported /
RUN-1001 : Exported flow parameters
RUN-1001 : Exported libs
RUN-1001 : Exported entities
RUN-1001 : Exported ports
RUN-1001 : Exported pins
RUN-1001 : Exported instances
RUN-1001 : Exported nets
RUN-1001 : Exported buses
RUN-1001 : Exported models
RUN-1001 : Exported congestions
RUN-1001 : Exported violations
RUN-1001 : Exported timing constraints
RUN-1001 : Exported IO constraints
RUN-1001 : Exported Inst constraints
RUN-1002 : start command "route"
RUN-1001 : Open license file C:/Anlogic/TD5.6.56362/license/Anlogic.lic
RUN-1001 : Print Global Property
RUN-1001 : ---------------------------------------------------------------
RUN-1001 :        Parameters        |  Settings  |  Default Values  |  Note  
RUN-1001 : ---------------------------------------------------------------
RUN-1001 :          message         |  standard  |     standard     |        
RUN-1001 :   mixed_pack_place_flow  |     on     |        on        |        
RUN-1001 :        syn_ip_flow       |    off     |       off        |        
RUN-1001 :          thread          |    auto    |       auto       |        
RUN-1001 : ---------------------------------------------------------------
RUN-1001 : Print Route Property
RUN-1001 : -------------------------------------------------------
RUN-1001 :    Parameters    |  Settings  |  Default Values  |  Note  
RUN-1001 : -------------------------------------------------------
RUN-1001 :      effort      |   medium   |      medium      |        
RUN-1001 :     fix_hold     |    off     |       off        |        
RUN-1001 :    opt_timing    |   medium   |      medium      |        
RUN-1001 :   phy_sim_model  |    off     |       off        |        
RUN-1001 :     priority     |   timing   |      timing      |        
RUN-1001 :     swap_pin     |     on     |        on        |        
RUN-1001 : -------------------------------------------------------
PHY-1001 : Route runs in 16 thread(s)
RUN-1001 : There are total 167 instances
RUN-1001 : 74 mslices, 73 lslices, 13 pads, 0 brams, 0 dsps
RUN-1001 : There are total 357 nets
RUN-1001 : 192 nets have 2 pins
RUN-1001 : 111 nets have [3 - 5] pins
RUN-1001 : 26 nets have [6 - 10] pins
RUN-1001 : 16 nets have [11 - 20] pins
RUN-1001 : 12 nets have [21 - 99] pins
RUN-1002 : start command "start_timer -report"
TMR-2505 : Start building timing graph for model audio_speak.
TMR-2506 : Build timing graph completely. Port num: 12, tpin num: 1533, tnet num: 355, tinst num: 165, tnode num: 1918, tedge num: 2525.
TMR-2508 : Levelizing timing graph completed, there are 17 levels in total.
TMR-2501 : Timing graph initialized successfully.
PHY-1001 : 74 mslices, 73 lslices, 13 pads, 0 brams, 0 dsps
TMR-2503 : Start to update net delay, extr mode = 3.
TMR-2504 : Update delay of 355 nets completely.
TMR-2502 : Annotate delay completely, extr mode = 3.
TMR-3001 : Initiate 0 clocks from SDC.
TMR-3004 : Map sdc constraints, there are 0 constraints in total.
TMR-3003 : Constraints initiated successfully.
TMR-3501 : Forward propagation: start to calculate arrival time...
TMR-3502 : Backward propagation: start to calculate required time...
TMR-3503 : Timing propagation completes.
PHY-1001 : Start global routing, caller is route ...
RUN-1001 : Generating global routing grids ...
PHY-1001 : Generate routing nets ...
PHY-1001 : Global iterations in 16 thread ...
PHY-1002 : len = 10656, over cnt = 36(0%), over = 46, worst = 3
PHY-1002 : len = 10864, over cnt = 13(0%), over = 14, worst = 2
PHY-1002 : len = 11008, over cnt = 3(0%), over = 3, worst = 1
PHY-1002 : len = 11056, over cnt = 0(0%), over = 0, worst = 0
PHY-1001 : End global iterations;  0.042531s wall, 0.031250s user + 0.000000s system = 0.031250s CPU (73.5%)

PHY-1001 : Congestion index: top1 = 20.56, top5 = 7.42, top10 = 3.72, top15 = 2.48.
PHY-1001 : End global routing;  0.094254s wall, 0.093750s user + 0.000000s system = 0.093750s CPU (99.5%)

PHY-1001 : Start detail routing ...
PHY-1001 : Current memory(MB): used = 168, reserve = 141, peak = 183.
PHY-1001 : Detailed router is running in normal mode.
PHY-1001 : Generate detailed routing grids ...
PHY-1001 : Generate nets ...
PHY-1001 : clock net aud_bclk_syn_4 will be merged with clock aud_bclk_dup_1
PHY-1001 : net aud_mclk_dup_1 will be routed on clock mesh
PHY-1001 : net sys_clk_dup_1 will be routed on clock mesh
PHY-1001 : clock net u_pll_clk/clk0_out will be merged with clock u_pll_clk/clk0_buf
PHY-1001 : clock net u_es8388_ctrl/u_es8388_config/u_i2c_dri/dri_clk_syn_4 will be merged with clock u_es8388_ctrl/u_es8388_config/u_i2c_dri/dri_clk
PHY-1001 : Current memory(MB): used = 436, reserve = 412, peak = 436.
PHY-1001 : End build detailed router design. 3.099072s wall, 3.078125s user + 0.031250s system = 3.109375s CPU (100.3%)

PHY-1001 : Detail Route ...
PHY-1001 : ===== Detail Route Phase 1 =====
PHY-1001 : Clock net routing.....
PHY-1001 : Routed 1% nets.
PHY-1022 : len = 6120, over cnt = 0(0%), over = 0, worst = 0, crit = 0
PHY-1001 : End initial clock net routed; 1.400070s wall, 1.375000s user + 0.015625s system = 1.390625s CPU (99.3%)

PHY-1001 : Current memory(MB): used = 468, reserve = 445, peak = 468.
PHY-1001 : End phase 1; 1.406355s wall, 1.390625s user + 0.015625s system = 1.406250s CPU (100.0%)

PHY-1001 : ===== Detail Route Phase 2 =====
PHY-1001 : Initial routing.....
PHY-1001 : Routed 28% nets.
PHY-1001 : Routed 35% nets.
PHY-1001 : Routed 56% nets.
PHY-1001 : Routed 56% nets.
PHY-1001 : Routed 57% nets.
PHY-1001 : Patch 119 net; 0.069940s wall, 0.078125s user + 0.000000s system = 0.078125s CPU (111.7%)

PHY-1022 : len = 49824, over cnt = 29(0%), over = 29, worst = 1, crit = 0
PHY-1001 : Current memory(MB): used = 468, reserve = 445, peak = 468.
PHY-1001 : End initial routed; 0.508179s wall, 0.515625s user + 0.031250s system = 0.546875s CPU (107.6%)

PHY-1001 : Update timing.....
PHY-1001 : 0/326(0%) critical/total net(s).
RUN-1001 : ------------------------------------------
RUN-1001 :   Type   |    WNS(ns)    |  TNS(ns)  |  FEP  
RUN-1001 : ------------------------------------------
RUN-1001 :   Setup  |  2147483.647  |   0.000   |   0   
RUN-1001 :   Hold   |  2147483.647  |   0.000   |   0   
RUN-1001 : ------------------------------------------
PHY-1001 : End update timing; 0.084635s wall, 0.093750s user + 0.000000s system = 0.093750s CPU (110.8%)

PHY-1001 : Current memory(MB): used = 469, reserve = 446, peak = 469.
PHY-1001 : End phase 2; 0.592944s wall, 0.609375s user + 0.031250s system = 0.640625s CPU (108.0%)

PHY-1001 : ===== Detail Route Phase 3 =====
PHY-1001 : Optimize timing.....
PHY-1022 : len = 49824, over cnt = 29(0%), over = 29, worst = 1, crit = 0
PHY-1001 : End optimize timing; 0.003978s wall, 0.000000s user + 0.000000s system = 0.000000s CPU (n/a%)

PHY-1001 : Ripup-reroute.....
PHY-1001 : ===== DR Iter 1 =====
PHY-1022 : len = 49792, over cnt = 11(0%), over = 11, worst = 1, crit = 0
PHY-1001 : End DR Iter 1; 0.015742s wall, 0.015625s user + 0.000000s system = 0.015625s CPU (99.3%)

PHY-1001 : ===== DR Iter 2 =====
PHY-1022 : len = 49856, over cnt = 0(0%), over = 0, worst = 0, crit = 0
PHY-1001 : End DR Iter 2; 0.015270s wall, 0.015625s user + 0.000000s system = 0.015625s CPU (102.3%)

PHY-1001 : Update timing.....
PHY-1001 : 0/326(0%) critical/total net(s).
RUN-1001 : ------------------------------------------
RUN-1001 :   Type   |    WNS(ns)    |  TNS(ns)  |  FEP  
RUN-1001 : ------------------------------------------
RUN-1001 :   Setup  |  2147483.647  |   0.000   |   0   
RUN-1001 :   Hold   |  2147483.647  |   0.000   |   0   
RUN-1001 : ------------------------------------------
PHY-1001 : End update timing; 0.083110s wall, 0.078125s user + 0.000000s system = 0.078125s CPU (94.0%)

PHY-1001 : Commit to database.....
PHY-1001 : 9 feed throughs used by 8 nets
PHY-1001 : End commit to database; 0.040626s wall, 0.031250s user + 0.000000s system = 0.031250s CPU (76.9%)

PHY-1001 : Current memory(MB): used = 479, reserve = 456, peak = 479.
PHY-1001 : End phase 3; 0.265279s wall, 0.250000s user + 0.000000s system = 0.250000s CPU (94.2%)

PHY-1003 : Routed, final wirelength = 49856
PHY-1001 : Current memory(MB): used = 480, reserve = 457, peak = 480.
PHY-1001 : End export database. 0.007870s wall, 0.015625s user + 0.000000s system = 0.015625s CPU (198.5%)

PHY-1001 : End detail routing;  5.585197s wall, 5.546875s user + 0.093750s system = 5.640625s CPU (101.0%)

RUN-1003 : finish command "route" in  5.806331s wall, 5.765625s user + 0.093750s system = 5.859375s CPU (100.9%)

RUN-1004 : used memory is 418 MB, reserved memory is 395 MB, peak memory is 480 MB
RUN-1002 : start command "report_area -io_info -file ES8388_phy.area"
RUN-1001 : standard
***Report Model: audio_speak Device: EG4S20BG256***

IO Statistics
#IO                        13
  #input                    7
  #output                   5
  #inout                    1

Utilization Statistics
#lut                      263   out of  19600    1.34%
#reg                      156   out of  19600    0.80%
#le                       289
  #lut only               133   out of    289   46.02%
  #reg only                26   out of    289    9.00%
  #lut&reg                130   out of    289   44.98%
#dsp                        0   out of     29    0.00%
#bram                       0   out of     64    0.00%
  #bram9k                   0
  #fifo9k                   0
#bram32k                    0   out of     16    0.00%
#pad                       13   out of    188    6.91%
  #ireg                     0
  #oreg                     0
  #treg                     0
#pll                        1   out of      4   25.00%
#gclk                       5   out of     16   31.25%

Clock Resource Statistics
Index     ClockNet                                           Type               DriverType         Driver                                                          Fanout
#1        u_es8388_ctrl/u_es8388_config/u_i2c_dri/dri_clk    GCLK               lslice             u_es8388_ctrl/u_es8388_config/u_i2c_dri/dri_clk_reg_syn_9.q1    42
#2        aud_bclk_dup_1                                     GCLK               io                 aud_bclk_syn_2.di                                               41
#3        sys_clk_dup_1                                      GCLK               io                 sys_clk_syn_2.di                                                11
#4        aud_mclk_dup_1                                     GCLK               pll                u_pll_clk/pll_inst.clkc1                                        0
#5        u_pll_clk/clk0_buf                                 GCLK               pll                u_pll_clk/pll_inst.clkc0                                        0


Detailed IO Report

     Name       Direction    Location    IOStandard    DriveStrength    PullType    PackReg  
  aud_adcdat      INPUT        R14        LVCMOS25          N/A          PULLUP      NONE    
   aud_bclk       INPUT         M6        LVCMOS25          N/A          PULLUP      NONE    
   aud_lrc        INPUT         M7        LVCMOS25          N/A          PULLUP      NONE    
   sys_clk        INPUT         R7        LVCMOS25          N/A          PULLUP      NONE    
  aud_dacdat     OUTPUT         P6        LVCMOS25           8            NONE       NONE    
   aud_mclk      OUTPUT         N5        LVCMOS25           8            NONE       NONE    
   aud_scl       OUTPUT        R12        LVCMOS25           8            NONE       NONE    
     led         OUTPUT        B14        LVCMOS25           8            NONE       NONE    
   aud_sda        INOUT         R9        LVCMOS25           8           PULLUP      NONE    

Report Hierarchy Area:
+----------------------------------------------------------------------------------------+
|Instance            |Module        |le     |lut     |ripple  |seq     |bram    |dsp     |
+----------------------------------------------------------------------------------------+
|top                 |audio_speak   |289    |235     |28      |156     |0       |0       |
|  u_es8388_ctrl     |es8388_ctrl   |276    |231     |25      |148     |0       |0       |
|    u_audio_receive |audio_receive |77     |47      |12      |55      |0       |0       |
|    u_audio_send    |audio_send    |26     |26      |0       |25      |0       |0       |
|    u_es8388_config |es8388_config |173    |158     |13      |68      |0       |0       |
|      u_i2c_dri     |i2c_dri       |112    |105     |5       |41      |0       |0       |
|      u_i2c_reg_cfg |i2c_reg_cfg   |61     |53      |8       |27      |0       |0       |
|  u_pll_clk         |clk_wiz_0     |1      |1       |0       |0       |0       |0       |
+----------------------------------------------------------------------------------------+


DataNet Average Fanout:

   Index     Fanout    Nets  
    #1         1       181   
    #2         2        74   
    #3         3        27   
    #4         4        10   
    #5        5-10      27   
    #6       11-50      21   
    #7       51-100     1    
  Average     3.15           

RUN-1002 : start command "export_db ES8388_pr.db"
RUN-1001 : Exported /
RUN-1001 : Exported flow parameters
RUN-1001 : Exported libs
RUN-1001 : Exported entities
RUN-1001 : Exported ports
RUN-1001 : Exported pins
RUN-1001 : Exported instances
RUN-1001 : Exported nets
RUN-1001 : Exported buses
RUN-1001 : Exported models
RUN-1001 : Exported congestions
RUN-1001 : Exported violations
RUN-1001 : Exported timing constraints
RUN-1001 : Exported IO constraints
RUN-1001 : Exported Inst constraints
RUN-1002 : start command "export_bid ES8388_inst.bid"
RUN-1002 : start command "bitgen -bit ES8388.bit -unused_io_status pulldown"
BIT-1003 : Start to generate bitstream. 
BIT-1002 : Bitgen processed 175 unused pads, reserve input tri_state with pulldown
BIT-1002 : Init instances with 16 threads.
BIT-1002 : Init instances completely, inst num: 340
BIT-1002 : Init pips with 16 threads.
BIT-1002 : Init pips completely, net num: 357, pip num: 3580
BIT-1002 : Init feedthrough with 16 threads.
BIT-1002 : Init feedthrough completely, num: 9
BIT-1003 : Multithreading accelaration with 16 threads.
BIT-1003 : Generate bitstream completely, there are 825 valid insts, and 10395 bits set as '1'.
BIT-1004 : PLL setting string = 0010
BIT-1004 : Generate bits file ES8388.bit.
RUN-1002 : start command "backup_run_log run.log ../.logs/phy_1/td_20250609_103402.log"
