============================================================
   Tang Dynasty, V5.6.56362
   Copyright (c) 2012-2022 Anlogic
   Executable = C:/Anlogic/TD5.6.56362/bin/td.exe
   Built at =   19:51:00 Jul 25 2022
   Run by =     Frank
   Run Date =   Sat Jun  7 15:25:34 2025

   Run on =     DESKTOP-C83U48A
============================================================
RUN-1002 : start command "open_project ES8388.prj"
RUN-1001 : Print Global Property
RUN-1001 : ---------------------------------------------------------------
RUN-1001 :        Parameters        |  Settings  |  Default Values  |  Note  
RUN-1001 : ---------------------------------------------------------------
RUN-1001 :          message         |  standard  |     standard     |        
RUN-1001 :   mixed_pack_place_flow  |     on     |        on        |        
RUN-1001 :        syn_ip_flow       |    off     |       off        |        
RUN-1001 :          thread          |    auto    |       auto       |        
RUN-1001 : ---------------------------------------------------------------
RUN-1001 : Print Design Property
RUN-1001 : --------------------------------------------------------------
RUN-1001 :        Parameters       |  Settings  |  Default Values  |  Note  
RUN-1001 : --------------------------------------------------------------
RUN-1001 :   default_reg_initial   |    auto    |       auto       |        
RUN-1001 :        infer_add        |     on     |        on        |        
RUN-1001 :        infer_fsm        |    off     |       off        |        
RUN-1001 :        infer_mult       |     on     |        on        |        
RUN-1001 :        infer_ram        |     on     |        on        |        
RUN-1001 :        infer_reg        |     on     |        on        |        
RUN-1001 :   infer_reg_init_value  |     on     |        on        |        
RUN-1001 :        infer_rom        |     on     |        on        |        
RUN-1001 :      infer_shifter      |     on     |        on        |        
RUN-1001 : --------------------------------------------------------------
RUN-1001 : Print Rtl Property
RUN-1001 : --------------------------------------------------------------
RUN-1001 :        Parameters       |  Settings  |  Default Values  |  Note  
RUN-1001 : --------------------------------------------------------------
RUN-1001 :       compress_add      |   ripple   |      ripple      |        
RUN-1001 :        elf_sload        |    off     |       off        |        
RUN-1001 :       fix_undriven      |     0      |        0         |        
RUN-1001 :         flatten         |    off     |       off        |        
RUN-1001 :       gate_sharing      |     on     |        on        |        
RUN-1001 :    hdl_warning_level    |   normal   |      normal      |        
RUN-1001 :   impl_internal_tribuf  |     on     |        on        |        
RUN-1001 :      impl_set_reset     |     on     |        on        |        
RUN-1001 :        infer_gsr        |    off     |       off        |        
RUN-1001 :      keep_hierarchy     |    auto    |       auto       |        
RUN-1001 :        max_fanout       |    9999    |       9999       |        
RUN-1001 :      max_oh2bin_len     |     10     |        10        |        
RUN-1001 :       merge_equal       |     on     |        on        |        
RUN-1001 :       merge_equiv       |     on     |        on        |        
RUN-1001 :        merge_mux        |    off     |       off        |        
RUN-1001 :     min_control_set     |     8      |        8         |        
RUN-1001 :      min_ripple_len     |    auto    |       auto       |        
RUN-1001 :       oh2bin_ratio      |    0.08    |       0.08       |        
RUN-1001 :     opt_adder_fanout    |     on     |        on        |        
RUN-1001 :        opt_arith        |     on     |        on        |        
RUN-1001 :       opt_big_gate      |    off     |       off        |        
RUN-1001 :        opt_const        |     on     |        on        |        
RUN-1001 :      opt_const_mult     |     on     |        on        |        
RUN-1001 :       opt_lessthan      |     on     |        on        |        
RUN-1001 :         opt_mux         |    off     |       off        |        
RUN-1001 :         opt_ram         |    high    |       high       |        
RUN-1001 :      rtl_sim_model      |    off     |       off        |        
RUN-1001 :         seq_syn         |     on     |        on        |        
RUN-1001 : --------------------------------------------------------------
HDL-1007 : analyze verilog file ../../al_ip/clk_wiz_0.v
HDL-1007 : undeclared symbol 'open', assumed default net type 'wire' in ../../al_ip/clk_wiz_0.v(82)
HDL-1007 : analyze verilog file ../../../RTL/audio_receive.v
HDL-1007 : analyze verilog file ../../../RTL/audio_send.v
HDL-1007 : analyze verilog file ../../../RTL/audio_speak.v
HDL-1007 : undeclared symbol 'chipwatcherclk', assumed default net type 'wire' in ../../../RTL/audio_speak.v(37)
HDL-1007 : analyze verilog file ../../../RTL/es8388_config.v
HDL-1007 : analyze verilog file ../../../RTL/es8388_ctrl.v
HDL-1007 : analyze verilog file ../../../RTL/i2c_dri.v
HDL-1007 : analyze verilog file ../../../RTL/i2c_reg_cfg.v
RUN-1001 : Project manager successfully analyzed 8 source files.
RUN-1002 : start command "import_device eagle_s20.db -package EG4S20BG256"
ARC-1001 : Device Initialization.
ARC-1001 : ------------------------------------------------------------------
ARC-1001 :            OPTION            |          IO          |   SETTING   
ARC-1001 : ------------------------------------------------------------------
ARC-1001 :   cso_b/cclk/mosi/miso/dout  |  T3/R11/T10/P10/S11  |    gpio    
ARC-1001 :             done             |         P13          |    gpio    
ARC-1001 :           program_b          |          T2          |  dedicate  
ARC-1001 :        tdi/tms/tck/tdo       |   C12/A15/C14/E14    |  dedicate  
ARC-1001 : ------------------------------------------------------------------
ARC-1004 : Device setting, marked 5 dedicate IOs in total.
RUN-1002 : start command "import_db ../syn_1/ES8388_gate.db"
RUN-1001 : Importing database generated by Tang Dynasty, V5.6.56362.
RUN-1001 : Database version number 46140.
RUN-1001 : Import flow parameters
RUN-1001 : Import timing constraints
RUN-1001 : Import IO constraints
RUN-1001 : Import Inst constraints
RUN-1001 : Import design success TD_VERSION=5.6.56362 , DB_VERSION=46140
RUN-1002 : start command "read_sdc"
USR-1002 : read_sdc file_name -help -h -eco
USR-1009 : NO module with IP_SDC ...
RUN-1104 : Import SDC file  finished, there are 0 nets kept by constraints.
RUN-1002 : start command "place"
RUN-1001 : Open license file C:/Anlogic/TD5.6.56362/license/Anlogic.lic
RUN-1001 : Print Global Property
RUN-1001 : ---------------------------------------------------------------
RUN-1001 :        Parameters        |  Settings  |  Default Values  |  Note  
RUN-1001 : ---------------------------------------------------------------
RUN-1001 :          message         |  standard  |     standard     |        
RUN-1001 :   mixed_pack_place_flow  |     on     |        on        |        
RUN-1001 :        syn_ip_flow       |    off     |       off        |        
RUN-1001 :          thread          |    auto    |       auto       |        
RUN-1001 : ---------------------------------------------------------------
RUN-1001 : Print Place Property
RUN-1001 : --------------------------------------------------------------
RUN-1001 :        Parameters       |  Settings  |  Default Values  |  Note  
RUN-1001 : --------------------------------------------------------------
RUN-1001 :      detailed_place     |     on     |        on        |        
RUN-1001 :          effort         |   medium   |      medium      |        
RUN-1001 :         fix_hold        |    off     |       off        |        
RUN-1001 :       legalization      |    ori     |       ori        |        
RUN-1001 :      new_spreading      |     on     |        on        |        
RUN-1001 :        opt_timing       |   medium   |      medium      |        
RUN-1001 :   post_clock_route_opt  |    off     |       off        |        
RUN-1001 :       pr_strategy       |     1      |        1         |        
RUN-1001 :        relaxation       |    1.00    |       1.00       |        
RUN-1001 :         retiming        |    off     |       off        |        
RUN-1001 : --------------------------------------------------------------
PHY-3001 : Placer runs in 16 thread(s).
RUN-1002 : start command "legalize_phy_inst"
SYN-1011 : Flatten model audio_speak
RUN-1002 : start command "phys_opt -simplify_lut"
SYN-4016 : Net u_pll_clk/clk0_out driven by BUFG (0 clock/control pins, 1 other pins).
SYN-4027 : Net aud_mclk_dup_1 is clkc1 of pll u_pll_clk/pll_inst.
SYN-4019 : Net sys_clk_dup_1 is refclk of pll u_pll_clk/pll_inst.
SYN-4020 : Net sys_clk_dup_1 is fbclk of pll u_pll_clk/pll_inst.
SYN-4024 : Net "aud_bclk_dup_1" drives clk pins.
SYN-4024 : Net "u_es8388_ctrl/u_es8388_config/u_i2c_dri/dri_clk" drives clk pins.
SYN-4025 : Tag rtl::Net aud_bclk_dup_1 as clock net
SYN-4025 : Tag rtl::Net aud_mclk_dup_1 as clock net
SYN-4025 : Tag rtl::Net sys_clk_dup_1 as clock net
SYN-4025 : Tag rtl::Net u_es8388_ctrl/u_es8388_config/u_i2c_dri/dri_clk as clock net
SYN-4025 : Tag rtl::Net u_pll_clk/clk0_out as clock net
SYN-4026 : Tagged 5 rtl::Net as clock net
SYN-4015 : Create BUFG instance for clk Net aud_bclk_dup_1 to drive 80 clock pins.
SYN-4015 : Create BUFG instance for clk Net u_es8388_ctrl/u_es8388_config/u_i2c_dri/dri_clk to drive 57 clock pins.
PHY-1001 : Populate physical database on model audio_speak.
RUN-1001 : There are total 417 instances
RUN-0007 : 224 luts, 148 seqs, 17 mslices, 8 lslices, 13 pads, 0 brams, 0 dsps
RUN-1001 : There are total 451 nets
RUN-1001 : 294 nets have 2 pins
RUN-1001 : 101 nets have [3 - 5] pins
RUN-1001 : 28 nets have [6 - 10] pins
RUN-1001 : 13 nets have [11 - 20] pins
RUN-1001 : 14 nets have [21 - 99] pins
RUN-1001 : 1 nets have 100+ pins
RUN-1001 : Report Control nets information:
RUN-1001 : DFF Distribution
RUN-1001 : ----------------------------------
RUN-1001 :   CE   |  SSR  |  ASR  |  DFF Count  
RUN-1001 : ----------------------------------
RUN-1001 :   No   |  No   |  No   |      0      
RUN-1001 :   No   |  No   |  Yes  |     76      
RUN-1001 :   No   |  Yes  |  No   |      0      
RUN-1001 :   Yes  |  No   |  No   |      0      
RUN-1001 :   Yes  |  No   |  Yes  |     72      
RUN-1001 :   Yes  |  Yes  |  No   |      0      
RUN-1001 : ----------------------------------
RUN-0007 : Control Group Statistic
RUN-0007 : ---------------------------
RUN-0007 :   #CLK  |  #CE  |  #SSR/ASR  
RUN-0007 : ---------------------------
RUN-0007 :    3    |   5   |     2      
RUN-0007 : ---------------------------
RUN-0007 : Control Set = 7
PHY-3001 : Initial placement ...
PHY-3001 : design contains 415 instances, 224 luts, 148 seqs, 25 slices, 7 macros(25 instances: 17 mslices 8 lslices)
PHY-0007 : Cell area utilization is 1%
PHY-3001 : Start timing update ...
RUN-1002 : start command "start_timer -report"
TMR-2505 : Start building timing graph for model audio_speak.
TMR-2506 : Build timing graph completely. Port num: 12, tpin num: 1879, tnet num: 449, tinst num: 415, tnode num: 2397, tedge num: 2943.
TMR-2508 : Levelizing timing graph completed, there are 19 levels in total.
TMR-2501 : Timing graph initialized successfully.
TMR-2503 : Start to update net delay, extr mode = 2.
TMR-2504 : Update delay of 449 nets completely.
TMR-2502 : Annotate delay completely, extr mode = 2.
TMR-3001 : Initiate 0 clocks from SDC.
TMR-3004 : Map sdc constraints, there are 0 constraints in total.
TMR-3003 : Constraints initiated successfully.
TMR-3501 : Forward propagation: start to calculate arrival time...
TMR-3502 : Backward propagation: start to calculate required time...
TMR-3503 : Timing propagation completes.
PHY-3001 : End timing update;  0.073120s wall, 0.078125s user + 0.000000s system = 0.078125s CPU (106.8%)

PHY-3001 : Global placement ...
PHY-3001 : Initial: Len = 109133
PHY-3001 : Clustering ...
PHY-3001 : Level 0 #clusters 415.
PHY-3001 : End clustering;  0.000038s wall, 0.000000s user + 0.000000s system = 0.000000s CPU (n/a%)

PHY-3001 : Run with size of 4
PHY-3001 : Cell area utilization is 1%
PHY-3001 : :::0::: Try harder cell spreading with beta_ = 0
PHY-3002 : Step(1): len = 65721.1, overlap = 0
PHY-3002 : Step(2): len = 39513.2, overlap = 0
PHY-3002 : Step(3): len = 26470.4, overlap = 0
PHY-3002 : Step(4): len = 18933.4, overlap = 0
PHY-3002 : Step(5): len = 15286.3, overlap = 0
PHY-3002 : Step(6): len = 12925.2, overlap = 0
PHY-3002 : Step(7): len = 11022.9, overlap = 0
PHY-3002 : Step(8): len = 10569, overlap = 0
PHY-3002 : Step(9): len = 9708.3, overlap = 0
PHY-3002 : Step(10): len = 8588.1, overlap = 0
PHY-3002 : Step(11): len = 8341.1, overlap = 0
PHY-3002 : Step(12): len = 8318.9, overlap = 0
PHY-3002 : Step(13): len = 7762.7, overlap = 0
PHY-3002 : Step(14): len = 7177.7, overlap = 0.1875
PHY-3002 : Step(15): len = 6735.9, overlap = 0.1875
PHY-3002 : Step(16): len = 6618.1, overlap = 1.0625
PHY-3002 : Step(17): len = 6310.6, overlap = 1.5625
PHY-3002 : Step(18): len = 6116, overlap = 1.5
PHY-3002 : Step(19): len = 5434.9, overlap = 1.84375
PHY-3002 : Step(20): len = 5434.9, overlap = 1.84375
PHY-3002 : Step(21): len = 5098.9, overlap = 1.9375
PHY-3002 : Step(22): len = 5096.1, overlap = 2.21875
PHY-3002 : Step(23): len = 5096.1, overlap = 2.21875
PHY-3001 : Legalization ...
PHY-3001 : End legalization;  0.002896s wall, 0.000000s user + 0.000000s system = 0.000000s CPU (n/a%)

PHY-3001 : Run with size of 4
PHY-3001 : Cell area utilization is 1%
PHY-3001 : Update timing in Manhattan mode ...
TMR-2503 : Start to update net delay, extr mode = 3.
TMR-2504 : Update delay of 449 nets completely.
TMR-2502 : Annotate delay completely, extr mode = 3.
TMR-3501 : Forward propagation: start to calculate arrival time...
TMR-3502 : Backward propagation: start to calculate required time...
TMR-3503 : Timing propagation completes.
PHY-3001 : End timing update;  0.006475s wall, 0.015625s user + 0.000000s system = 0.015625s CPU (241.3%)

PHY-3001 : :::0::: Try harder cell spreading with beta_ = 0
PHY-3002 : Step(24): len = 4815.7, overlap = 12.3438
PHY-3002 : Step(25): len = 4825.8, overlap = 12.3438
PHY-3002 : Step(26): len = 4825.8, overlap = 12.3438
PHY-3001 : Run with size of 2
PHY-3001 : Cell area utilization is 1%
PHY-3001 : Update timing in Manhattan mode ...
TMR-2503 : Start to update net delay, extr mode = 3.
TMR-2504 : Update delay of 449 nets completely.
TMR-2502 : Annotate delay completely, extr mode = 3.
TMR-3501 : Forward propagation: start to calculate arrival time...
TMR-3502 : Backward propagation: start to calculate required time...
TMR-3503 : Timing propagation completes.
PHY-3001 : End timing update;  0.006250s wall, 0.000000s user + 0.000000s system = 0.000000s CPU (n/a%)

PHY-3001 : :::0::: Try harder cell spreading with beta_ = 1.27093e-05
PHY-3002 : Step(27): len = 5012.5, overlap = 21.0625
PHY-3002 : Step(28): len = 5012.5, overlap = 21.0625
PHY-3001 : :::1::: Try harder cell spreading with beta_ = 2.54187e-05
PHY-3002 : Step(29): len = 5365.1, overlap = 20.2188
PHY-3002 : Step(30): len = 5514.7, overlap = 19.5312
PHY-3002 : Step(31): len = 5992.4, overlap = 14.125
PHY-3002 : Step(32): len = 5927.2, overlap = 13.4688
PHY-3002 : Step(33): len = 5375, overlap = 12.25
PHY-3002 : Step(34): len = 5337.7, overlap = 12.125
PHY-3002 : Step(35): len = 5271.9, overlap = 12.4062
PHY-3001 : :::2::: Try harder cell spreading with beta_ = 5.08374e-05
PHY-3002 : Step(36): len = 5705, overlap = 10.2812
PHY-3002 : Step(37): len = 5773.1, overlap = 10.125
PHY-3002 : Step(38): len = 6115.9, overlap = 8.875
OPT-1001 : Start physical optimization ...
RUN-1002 : start command "start_timer -report"
TMR-2505 : Start building timing graph for model audio_speak.
TMR-2506 : Build timing graph completely. Port num: 12, tpin num: 1879, tnet num: 449, tinst num: 415, tnode num: 2397, tedge num: 2943.
TMR-2508 : Levelizing timing graph completed, there are 19 levels in total.
TMR-2501 : Timing graph initialized successfully.
OPT-1001 : Total overflow 23.38 peak overflow 3.53
OPT-1001 : Start high-fanout net optimization ...
OPT-1001 : Update timing in global mode
PHY-1001 : Start incremental global routing, caller is place ...
RUN-1001 : Generating global routing grids ...
RUN-1001 : Building simple global routing graph ...
PHY-1001 : Generate routing nets ...
PHY-1001 : Reuse net number 0/451.
PHY-1001 : Global iterations in 16 thread ...
PHY-1002 : len = 6536, over cnt = 33(0%), over = 160, worst = 15
PHY-1001 : End global iterations;  0.020418s wall, 0.062500s user + 0.000000s system = 0.062500s CPU (306.1%)

PHY-1001 : Congestion index: top1 = 17.54, top5 = 4.52, top10 = 2.25, top15 = 1.50.
PHY-1001 : End incremental global routing;  0.083173s wall, 0.093750s user + 0.015625s system = 0.109375s CPU (131.5%)

TMR-2503 : Start to update net delay, extr mode = 5.
TMR-2504 : Update delay of 449 nets completely.
TMR-2502 : Annotate delay completely, extr mode = 5.
TMR-3001 : Initiate 0 clocks from SDC.
TMR-3004 : Map sdc constraints, there are 0 constraints in total.
TMR-3003 : Constraints initiated successfully.
TMR-3501 : Forward propagation: start to calculate arrival time...
TMR-3502 : Backward propagation: start to calculate required time...
TMR-3503 : Timing propagation completes.
OPT-1001 : End timing update;  0.009090s wall, 0.015625s user + 0.000000s system = 0.015625s CPU (171.9%)

OPT-1001 : 0 high-fanout net processed.
OPT-1001 : End high-fanout net optimization;  0.098563s wall, 0.109375s user + 0.015625s system = 0.125000s CPU (126.8%)

OPT-1001 : Current memory(MB): used = 145, reserve = 116, peak = 145.
OPT-1001 : Start global optimization ...
OPT-1001 : Start congestion update ...
RUN-1001 : Generating global routing grids ...
PHY-1001 : Generate routing nets ...
PHY-1001 : Reuse net number 226/451.
PHY-1001 : Global iterations in 16 thread ...
PHY-1002 : len = 6536, over cnt = 33(0%), over = 160, worst = 15
PHY-1002 : len = 8448, over cnt = 17(0%), over = 19, worst = 2
PHY-1002 : len = 8592, over cnt = 2(0%), over = 2, worst = 1
PHY-1002 : len = 8624, over cnt = 0(0%), over = 0, worst = 0
PHY-1001 : End global iterations;  0.038642s wall, 0.031250s user + 0.000000s system = 0.031250s CPU (80.9%)

PHY-1001 : Congestion index: top1 = 19.07, top5 = 5.53, top10 = 2.76, top15 = 1.84.
OPT-1001 : End congestion update;  0.102179s wall, 0.109375s user + 0.000000s system = 0.109375s CPU (107.0%)

OPT-1001 : Update timing in Manhattan mode
TMR-2503 : Start to update net delay, extr mode = 3.
TMR-2504 : Update delay of 449 nets completely.
TMR-2502 : Annotate delay completely, extr mode = 3.
TMR-3501 : Forward propagation: start to calculate arrival time...
TMR-3502 : Backward propagation: start to calculate required time...
TMR-3503 : Timing propagation completes.
OPT-1001 : End timing update;  0.008602s wall, 0.000000s user + 0.000000s system = 0.000000s CPU (n/a%)

OPT-0007 : Start: WNS 2147483647 TNS 0 NUM_FEPS 0
OPT-1001 : End global optimization;  0.110944s wall, 0.109375s user + 0.000000s system = 0.109375s CPU (98.6%)

OPT-1001 : Current memory(MB): used = 146, reserve = 117, peak = 146.
OPT-1001 : End physical optimization;  0.288445s wall, 0.281250s user + 0.031250s system = 0.312500s CPU (108.3%)

PHY-3001 : Start packing ...
SYN-4007 : Packing 0 MUX to BLE ...
SYN-4008 : Packed 0 MUX and 0 SEQ to BLE.
SYN-4007 : Packing 224 LUT to BLE ...
SYN-4008 : Packed 224 LUT and 84 SEQ to BLE.
SYN-4003 : Packing 64 remaining SEQ's ...
SYN-4005 : Packed 57 SEQ with LUT/SLICE
SYN-4006 : 93 single LUT's are left
SYN-4006 : 7 single SEQ's are left
SYN-4011 : Packing model "audio_speak" (AL_USER_NORMAL) with 231/276 primitive instances ...
PHY-3001 : End packing;  0.016337s wall, 0.015625s user + 0.000000s system = 0.015625s CPU (95.6%)

PHY-1001 : Populate physical database on model audio_speak.
RUN-1001 : There are total 169 instances
RUN-1001 : 74 mslices, 75 lslices, 13 pads, 0 brams, 0 dsps
RUN-1001 : There are total 367 nets
RUN-1001 : 207 nets have 2 pins
RUN-1001 : 105 nets have [3 - 5] pins
RUN-1001 : 27 nets have [6 - 10] pins
RUN-1001 : 14 nets have [11 - 20] pins
RUN-1001 : 14 nets have [21 - 99] pins
PHY-3001 : design contains 167 instances, 149 slices, 7 macros(25 instances: 17 mslices 8 lslices)
PHY-3001 : Cell area utilization is 2%
PHY-3001 : After packing: Len = 6204.4, Over = 12.75
PHY-3001 : Run with size of 2
PHY-3001 : Cell area utilization is 2%
PHY-3001 : Update timing in Manhattan mode ...
RUN-1002 : start command "start_timer -report"
TMR-2505 : Start building timing graph for model audio_speak.
TMR-2506 : Build timing graph completely. Port num: 12, tpin num: 1590, tnet num: 365, tinst num: 167, tnode num: 1955, tedge num: 2593.
TMR-2508 : Levelizing timing graph completed, there are 17 levels in total.
TMR-2501 : Timing graph initialized successfully.
TMR-2503 : Start to update net delay, extr mode = 3.
TMR-2504 : Update delay of 365 nets completely.
TMR-2502 : Annotate delay completely, extr mode = 3.
TMR-3001 : Initiate 0 clocks from SDC.
TMR-3004 : Map sdc constraints, there are 0 constraints in total.
TMR-3003 : Constraints initiated successfully.
TMR-3501 : Forward propagation: start to calculate arrival time...
TMR-3502 : Backward propagation: start to calculate required time...
TMR-3503 : Timing propagation completes.
PHY-3001 : End timing update;  0.084225s wall, 0.093750s user + 0.000000s system = 0.093750s CPU (111.3%)

PHY-3001 : :::0::: Try harder cell spreading with beta_ = 1.95915e-05
PHY-3002 : Step(39): len = 5933.7, overlap = 12.75
PHY-3002 : Step(40): len = 5925.6, overlap = 14.25
PHY-3002 : Step(41): len = 5909.4, overlap = 14.75
PHY-3001 : :::1::: Try harder cell spreading with beta_ = 3.9183e-05
PHY-3002 : Step(42): len = 6071, overlap = 14.5
PHY-3002 : Step(43): len = 6166.4, overlap = 14.25
PHY-3002 : Step(44): len = 6299.7, overlap = 13
PHY-3001 : :::2::: Try harder cell spreading with beta_ = 7.8366e-05
PHY-3002 : Step(45): len = 6434.9, overlap = 12.75
PHY-3002 : Step(46): len = 6462, overlap = 12.75
PHY-3002 : Step(47): len = 6516.1, overlap = 13.25
PHY-3001 : Legalization ...
PHY-3001 : End legalization;  0.025621s wall, 0.015625s user + 0.093750s system = 0.109375s CPU (426.9%)

PHY-3001 : Trial Legalized: Len = 10968.4
PHY-3001 : Run with size of 2
PHY-3001 : Cell area utilization is 2%
PHY-3001 : Update timing in Manhattan mode ...
TMR-2503 : Start to update net delay, extr mode = 3.
TMR-2504 : Update delay of 365 nets completely.
TMR-2502 : Annotate delay completely, extr mode = 3.
TMR-3501 : Forward propagation: start to calculate arrival time...
TMR-3502 : Backward propagation: start to calculate required time...
TMR-3503 : Timing propagation completes.
PHY-3001 : End timing update;  0.007076s wall, 0.000000s user + 0.000000s system = 0.000000s CPU (n/a%)

PHY-3001 : :::0::: Try harder cell spreading with beta_ = 0.00420977
PHY-3002 : Step(48): len = 10188.3, overlap = 0.5
PHY-3002 : Step(49): len = 9641.4, overlap = 0.75
PHY-3002 : Step(50): len = 8682, overlap = 3.75
PHY-3002 : Step(51): len = 8545.2, overlap = 3.75
PHY-3002 : Step(52): len = 8248.4, overlap = 4.75
PHY-3002 : Step(53): len = 7877.3, overlap = 5.5
PHY-3002 : Step(54): len = 7852, overlap = 6
PHY-3002 : Step(55): len = 7606.6, overlap = 7.75
PHY-3002 : Step(56): len = 7586.4, overlap = 7.75
PHY-3002 : Step(57): len = 7585.2, overlap = 7.75
PHY-3001 : :::1::: Try harder cell spreading with beta_ = 0.00841953
PHY-3002 : Step(58): len = 7585.8, overlap = 7.5
PHY-3002 : Step(59): len = 7583.3, overlap = 7.75
PHY-3001 : :::2::: Try harder cell spreading with beta_ = 0.0168391
PHY-3002 : Step(60): len = 7579.1, overlap = 7.75
PHY-3002 : Step(61): len = 7569.6, overlap = 7.75
PHY-3001 : Legalization ...
PHY-3001 : End legalization;  0.004407s wall, 0.015625s user + 0.000000s system = 0.015625s CPU (354.5%)

PHY-3001 : Legalized: Len = 9147.5, Over = 0
PHY-3001 : End spreading;  0.004638s wall, 0.000000s user + 0.000000s system = 0.000000s CPU (n/a%)

PHY-3001 : Final: Len = 9147.5, Over = 0
OPT-1001 : Start physical optimization ...
RUN-1002 : start command "start_timer -report"
TMR-2505 : Start building timing graph for model audio_speak.
TMR-2506 : Build timing graph completely. Port num: 12, tpin num: 1590, tnet num: 365, tinst num: 167, tnode num: 1955, tedge num: 2593.
TMR-2508 : Levelizing timing graph completed, there are 17 levels in total.
TMR-2501 : Timing graph initialized successfully.
OPT-1001 : Total overflow 0.00 peak overflow 0.00
OPT-1001 : Start high-fanout net optimization ...
OPT-1001 : Update timing in global mode
PHY-1001 : Start incremental global routing, caller is place ...
RUN-1001 : Generating global routing grids ...
PHY-1001 : Generate routing nets ...
PHY-1001 : Reuse net number 18/367.
PHY-1001 : Global iterations in 16 thread ...
PHY-1002 : len = 11240, over cnt = 33(0%), over = 43, worst = 3
PHY-1002 : len = 11424, over cnt = 2(0%), over = 2, worst = 1
PHY-1002 : len = 11456, over cnt = 0(0%), over = 0, worst = 0
PHY-1001 : End global iterations;  0.037446s wall, 0.046875s user + 0.015625s system = 0.062500s CPU (166.9%)

PHY-1001 : Congestion index: top1 = 19.53, top5 = 7.89, top10 = 3.99, top15 = 2.66.
PHY-1001 : End incremental global routing;  0.092117s wall, 0.093750s user + 0.015625s system = 0.109375s CPU (118.7%)

TMR-2503 : Start to update net delay, extr mode = 5.
TMR-2504 : Update delay of 365 nets completely.
TMR-2502 : Annotate delay completely, extr mode = 5.
TMR-3001 : Initiate 0 clocks from SDC.
TMR-3004 : Map sdc constraints, there are 0 constraints in total.
TMR-3003 : Constraints initiated successfully.
TMR-3501 : Forward propagation: start to calculate arrival time...
TMR-3502 : Backward propagation: start to calculate required time...
TMR-3503 : Timing propagation completes.
OPT-1001 : End timing update;  0.009273s wall, 0.000000s user + 0.000000s system = 0.000000s CPU (n/a%)

OPT-1001 : 0 high-fanout net processed.
OPT-1001 : End high-fanout net optimization;  0.107444s wall, 0.109375s user + 0.015625s system = 0.125000s CPU (116.3%)

OPT-1001 : Current memory(MB): used = 149, reserve = 119, peak = 149.
OPT-1001 : Start path based optimization ...
OPT-1001 : Start congestion update ...
RUN-1001 : Generating global routing grids ...
PHY-1001 : Generate routing nets ...
PHY-1001 : Reuse net number 303/367.
PHY-1001 : Global iterations in 16 thread ...
PHY-1002 : len = 11456, over cnt = 0(0%), over = 0, worst = 0
PHY-1001 : End global iterations;  0.002946s wall, 0.000000s user + 0.000000s system = 0.000000s CPU (n/a%)

PHY-1001 : Congestion index: top1 = 19.53, top5 = 7.89, top10 = 3.99, top15 = 2.66.
OPT-1001 : End congestion update;  0.054305s wall, 0.046875s user + 0.000000s system = 0.046875s CPU (86.3%)

OPT-1001 : Update timing in Manhattan mode
TMR-2503 : Start to update net delay, extr mode = 3.
TMR-2504 : Update delay of 365 nets completely.
TMR-2502 : Annotate delay completely, extr mode = 3.
TMR-3501 : Forward propagation: start to calculate arrival time...
TMR-3502 : Backward propagation: start to calculate required time...
TMR-3503 : Timing propagation completes.
OPT-1001 : End timing update;  0.006150s wall, 0.015625s user + 0.000000s system = 0.015625s CPU (254.1%)

OPT-0007 : Start: WNS 2147483647 TNS 0 NUM_FEPS 0
OPT-1001 : End path based optimization;  0.060570s wall, 0.062500s user + 0.000000s system = 0.062500s CPU (103.2%)

OPT-1001 : Current memory(MB): used = 149, reserve = 120, peak = 149.
OPT-1001 : Update timing in Manhattan mode
TMR-2503 : Start to update net delay, extr mode = 3.
TMR-2504 : Update delay of 365 nets completely.
TMR-2502 : Annotate delay completely, extr mode = 3.
TMR-3501 : Forward propagation: start to calculate arrival time...
TMR-3502 : Backward propagation: start to calculate required time...
TMR-3503 : Timing propagation completes.
OPT-1001 : End timing update;  0.005765s wall, 0.000000s user + 0.000000s system = 0.000000s CPU (n/a%)

OPT-1001 : Start pin optimization...
OPT-1001 : skip pin optimization...
OPT-1001 : Update timing in global mode
PHY-1001 : Start incremental global routing, caller is place ...
RUN-1001 : Generating global routing grids ...
PHY-1001 : Generate routing nets ...
PHY-1001 : Reuse net number 303/367.
PHY-1001 : Global iterations in 16 thread ...
PHY-1002 : len = 11456, over cnt = 0(0%), over = 0, worst = 0
PHY-1001 : End global iterations;  0.003661s wall, 0.015625s user + 0.000000s system = 0.015625s CPU (426.8%)

PHY-1001 : Congestion index: top1 = 19.53, top5 = 7.89, top10 = 3.99, top15 = 2.66.
PHY-1001 : End incremental global routing;  0.059247s wall, 0.062500s user + 0.000000s system = 0.062500s CPU (105.5%)

TMR-2503 : Start to update net delay, extr mode = 5.
TMR-2504 : Update delay of 365 nets completely.
TMR-2502 : Annotate delay completely, extr mode = 5.
TMR-3501 : Forward propagation: start to calculate arrival time...
TMR-3502 : Backward propagation: start to calculate required time...
TMR-3503 : Timing propagation completes.
OPT-1001 : End timing update;  0.006459s wall, 0.000000s user + 0.000000s system = 0.000000s CPU (n/a%)

RUN-1001 : Generating global routing grids ...
PHY-1001 : Generate routing nets ...
PHY-1001 : Reuse net number 303/367.
PHY-1001 : Global iterations in 16 thread ...
PHY-1002 : len = 11456, over cnt = 0(0%), over = 0, worst = 0
PHY-1001 : End global iterations;  0.002359s wall, 0.000000s user + 0.000000s system = 0.000000s CPU (n/a%)

PHY-1001 : Congestion index: top1 = 19.53, top5 = 7.89, top10 = 3.99, top15 = 2.66.
OPT-1001 : Update timing in Manhattan mode
TMR-2503 : Start to update net delay, extr mode = 3.
TMR-2504 : Update delay of 365 nets completely.
TMR-2502 : Annotate delay completely, extr mode = 3.
TMR-3501 : Forward propagation: start to calculate arrival time...
TMR-3502 : Backward propagation: start to calculate required time...
TMR-3503 : Timing propagation completes.
OPT-1001 : End timing update;  0.005548s wall, 0.015625s user + 0.000000s system = 0.015625s CPU (281.6%)

RUN-1001 : QoR Analysis:
OPT-0007 :   WNS 2147483647 TNS 0 NUM_FEPS 0
RUN-1001 :   No local congestion issue, and most congested 1% tile average routing util is 19.034483
RUN-1001 :   Top critical paths
OPT-1001 : End physical optimization;  0.368289s wall, 0.359375s user + 0.031250s system = 0.390625s CPU (106.1%)

RUN-1003 : finish command "place" in  2.217827s wall, 2.859375s user + 1.250000s system = 4.109375s CPU (185.3%)

RUN-1004 : used memory is 133 MB, reserved memory is 104 MB, peak memory is 150 MB
RUN-1002 : start command "export_db ES8388_place.db"
RUN-1001 : Exported /
RUN-1001 : Exported flow parameters
RUN-1001 : Exported libs
RUN-1001 : Exported entities
RUN-1001 : Exported ports
RUN-1001 : Exported pins
RUN-1001 : Exported instances
RUN-1001 : Exported nets
RUN-1001 : Exported buses
RUN-1001 : Exported models
RUN-1001 : Exported congestions
RUN-1001 : Exported violations
RUN-1001 : Exported timing constraints
RUN-1001 : Exported IO constraints
RUN-1001 : Exported Inst constraints
RUN-1002 : start command "route"
RUN-1001 : Open license file C:/Anlogic/TD5.6.56362/license/Anlogic.lic
RUN-1001 : Print Global Property
RUN-1001 : ---------------------------------------------------------------
RUN-1001 :        Parameters        |  Settings  |  Default Values  |  Note  
RUN-1001 : ---------------------------------------------------------------
RUN-1001 :          message         |  standard  |     standard     |        
RUN-1001 :   mixed_pack_place_flow  |     on     |        on        |        
RUN-1001 :        syn_ip_flow       |    off     |       off        |        
RUN-1001 :          thread          |    auto    |       auto       |        
RUN-1001 : ---------------------------------------------------------------
RUN-1001 : Print Route Property
RUN-1001 : -------------------------------------------------------
RUN-1001 :    Parameters    |  Settings  |  Default Values  |  Note  
RUN-1001 : -------------------------------------------------------
RUN-1001 :      effort      |   medium   |      medium      |        
RUN-1001 :     fix_hold     |    off     |       off        |        
RUN-1001 :    opt_timing    |   medium   |      medium      |        
RUN-1001 :   phy_sim_model  |    off     |       off        |        
RUN-1001 :     priority     |   timing   |      timing      |        
RUN-1001 :     swap_pin     |     on     |        on        |        
RUN-1001 : -------------------------------------------------------
PHY-1001 : Route runs in 16 thread(s)
RUN-1001 : There are total 169 instances
RUN-1001 : 74 mslices, 75 lslices, 13 pads, 0 brams, 0 dsps
RUN-1001 : There are total 367 nets
RUN-1001 : 207 nets have 2 pins
RUN-1001 : 105 nets have [3 - 5] pins
RUN-1001 : 27 nets have [6 - 10] pins
RUN-1001 : 14 nets have [11 - 20] pins
RUN-1001 : 14 nets have [21 - 99] pins
RUN-1002 : start command "start_timer -report"
TMR-2505 : Start building timing graph for model audio_speak.
TMR-2506 : Build timing graph completely. Port num: 12, tpin num: 1590, tnet num: 365, tinst num: 167, tnode num: 1955, tedge num: 2593.
TMR-2508 : Levelizing timing graph completed, there are 17 levels in total.
TMR-2501 : Timing graph initialized successfully.
PHY-1001 : 74 mslices, 75 lslices, 13 pads, 0 brams, 0 dsps
TMR-2503 : Start to update net delay, extr mode = 3.
TMR-2504 : Update delay of 365 nets completely.
TMR-2502 : Annotate delay completely, extr mode = 3.
TMR-3001 : Initiate 0 clocks from SDC.
TMR-3004 : Map sdc constraints, there are 0 constraints in total.
TMR-3003 : Constraints initiated successfully.
TMR-3501 : Forward propagation: start to calculate arrival time...
TMR-3502 : Backward propagation: start to calculate required time...
TMR-3503 : Timing propagation completes.
PHY-1001 : Start global routing, caller is route ...
RUN-1001 : Generating global routing grids ...
PHY-1001 : Generate routing nets ...
PHY-1001 : Global iterations in 16 thread ...
PHY-1002 : len = 10968, over cnt = 40(0%), over = 50, worst = 3
PHY-1002 : len = 11240, over cnt = 4(0%), over = 4, worst = 1
PHY-1002 : len = 11288, over cnt = 1(0%), over = 1, worst = 1
PHY-1002 : len = 11304, over cnt = 0(0%), over = 0, worst = 0
PHY-1001 : End global iterations;  0.064611s wall, 0.062500s user + 0.062500s system = 0.125000s CPU (193.5%)

PHY-1001 : Congestion index: top1 = 19.68, top5 = 7.81, top10 = 3.94, top15 = 2.63.
PHY-1001 : End global routing;  0.128356s wall, 0.093750s user + 0.093750s system = 0.187500s CPU (146.1%)

PHY-1001 : Start detail routing ...
PHY-1001 : Current memory(MB): used = 170, reserve = 141, peak = 186.
PHY-1001 : Detailed router is running in normal mode.
PHY-1001 : Generate detailed routing grids ...
PHY-1001 : Generate nets ...
PHY-1001 : clock net aud_bclk_syn_4 will be merged with clock aud_bclk_dup_1
PHY-1001 : net aud_mclk_dup_1 will be routed on clock mesh
PHY-1001 : net sys_clk_dup_1 will be routed on clock mesh
PHY-1001 : clock net u_pll_clk/clk0_out will be merged with clock u_pll_clk/clk0_buf
PHY-1001 : clock net u_es8388_ctrl/u_es8388_config/u_i2c_dri/dri_clk_syn_4 will be merged with clock u_es8388_ctrl/u_es8388_config/u_i2c_dri/dri_clk
PHY-1001 : Current memory(MB): used = 438, reserve = 414, peak = 438.
PHY-1001 : End build detailed router design. 3.406635s wall, 3.218750s user + 0.156250s system = 3.375000s CPU (99.1%)

PHY-1001 : Detail Route ...
PHY-1001 : ===== Detail Route Phase 1 =====
PHY-1001 : Clock net routing.....
PHY-1001 : Routed 1% nets.
PHY-1022 : len = 6216, over cnt = 0(0%), over = 0, worst = 0, crit = 0
PHY-1001 : End initial clock net routed; 1.603092s wall, 1.578125s user + 0.015625s system = 1.593750s CPU (99.4%)

PHY-1001 : Current memory(MB): used = 469, reserve = 446, peak = 469.
PHY-1001 : End phase 1; 1.609885s wall, 1.593750s user + 0.015625s system = 1.609375s CPU (100.0%)

PHY-1001 : ===== Detail Route Phase 2 =====
PHY-1001 : Initial routing.....
PHY-1001 : Routed 48% nets.
PHY-1001 : Routed 49% nets.
PHY-1001 : Routed 49% nets.
PHY-1001 : Patch 153 net; 0.145480s wall, 0.156250s user + 0.000000s system = 0.156250s CPU (107.4%)

PHY-1022 : len = 53912, over cnt = 21(0%), over = 21, worst = 1, crit = 0
PHY-1001 : Current memory(MB): used = 470, reserve = 446, peak = 470.
PHY-1001 : End initial routed; 0.570510s wall, 0.500000s user + 0.062500s system = 0.562500s CPU (98.6%)

PHY-1001 : Update timing.....
PHY-1001 : 0/337(0%) critical/total net(s).
RUN-1001 : ------------------------------------------
RUN-1001 :   Type   |    WNS(ns)    |  TNS(ns)  |  FEP  
RUN-1001 : ------------------------------------------
RUN-1001 :   Setup  |  2147483.647  |   0.000   |   0   
RUN-1001 :   Hold   |  2147483.647  |   0.000   |   0   
RUN-1001 : ------------------------------------------
PHY-1001 : End update timing; 0.105400s wall, 0.109375s user + 0.000000s system = 0.109375s CPU (103.8%)

PHY-1001 : Current memory(MB): used = 471, reserve = 447, peak = 471.
PHY-1001 : End phase 2; 0.676072s wall, 0.609375s user + 0.062500s system = 0.671875s CPU (99.4%)

PHY-1001 : ===== Detail Route Phase 3 =====
PHY-1001 : Optimize timing.....
PHY-1022 : len = 53912, over cnt = 21(0%), over = 21, worst = 1, crit = 0
PHY-1001 : End optimize timing; 0.008249s wall, 0.015625s user + 0.000000s system = 0.015625s CPU (189.4%)

PHY-1001 : Ripup-reroute.....
PHY-1001 : ===== DR Iter 1 =====
PHY-1022 : len = 53992, over cnt = 4(0%), over = 4, worst = 1, crit = 0
PHY-1001 : End DR Iter 1; 0.018814s wall, 0.031250s user + 0.000000s system = 0.031250s CPU (166.1%)

PHY-1001 : ===== DR Iter 2 =====
PHY-1022 : len = 54008, over cnt = 0(0%), over = 0, worst = 0, crit = 0
PHY-1001 : End DR Iter 2; 0.018869s wall, 0.031250s user + 0.000000s system = 0.031250s CPU (165.6%)

PHY-1001 : Update timing.....
PHY-1001 : 0/337(0%) critical/total net(s).
RUN-1001 : ------------------------------------------
RUN-1001 :   Type   |    WNS(ns)    |  TNS(ns)  |  FEP  
RUN-1001 : ------------------------------------------
RUN-1001 :   Setup  |  2147483.647  |   0.000   |   0   
RUN-1001 :   Hold   |  2147483.647  |   0.000   |   0   
RUN-1001 : ------------------------------------------
PHY-1001 : End update timing; 0.108300s wall, 0.109375s user + 0.000000s system = 0.109375s CPU (101.0%)

PHY-1001 : Commit to database.....
PHY-1001 : 10 feed throughs used by 8 nets
PHY-1001 : End commit to database; 0.045744s wall, 0.046875s user + 0.000000s system = 0.046875s CPU (102.5%)

PHY-1001 : Current memory(MB): used = 481, reserve = 457, peak = 481.
PHY-1001 : End phase 3; 0.339032s wall, 0.359375s user + 0.000000s system = 0.359375s CPU (106.0%)

PHY-1003 : Routed, final wirelength = 54008
PHY-1001 : Current memory(MB): used = 481, reserve = 457, peak = 481.
PHY-1001 : End export database. 0.007496s wall, 0.000000s user + 0.000000s system = 0.000000s CPU (n/a%)

PHY-1001 : End detail routing;  6.275210s wall, 6.031250s user + 0.234375s system = 6.265625s CPU (99.8%)

RUN-1003 : finish command "route" in  6.542862s wall, 6.265625s user + 0.328125s system = 6.593750s CPU (100.8%)

RUN-1004 : used memory is 420 MB, reserved memory is 395 MB, peak memory is 481 MB
RUN-1002 : start command "report_area -io_info -file ES8388_phy.area"
RUN-1001 : standard
***Report Model: audio_speak Device: EG4S20BG256***

IO Statistics
#IO                        13
  #input                    7
  #output                   5
  #inout                    1

Utilization Statistics
#lut                      282   out of  19600    1.44%
#reg                      148   out of  19600    0.76%
#le                       289
  #lut only               141   out of    289   48.79%
  #reg only                 7   out of    289    2.42%
  #lut&reg                141   out of    289   48.79%
#dsp                        0   out of     29    0.00%
#bram                       0   out of     64    0.00%
  #bram9k                   0
  #fifo9k                   0
#bram32k                    0   out of     16    0.00%
#pad                       13   out of    188    6.91%
  #ireg                     0
  #oreg                     0
  #treg                     0
#pll                        1   out of      4   25.00%
#gclk                       5   out of     16   31.25%

Clock Resource Statistics
Index     ClockNet                                           Type               DriverType         Driver                                                          Fanout
#1        aud_bclk_dup_1                                     GCLK               io                 aud_bclk_syn_2.di                                               43
#2        u_es8388_ctrl/u_es8388_config/u_i2c_dri/dri_clk    GCLK               mslice             u_es8388_ctrl/u_es8388_config/u_i2c_dri/dri_clk_reg_syn_9.q0    39
#3        sys_clk_dup_1                                      GCLK               io                 sys_clk_syn_2.di                                                7
#4        aud_mclk_dup_1                                     GCLK               pll                u_pll_clk/pll_inst.clkc1                                        0
#5        u_pll_clk/clk0_buf                                 GCLK               pll                u_pll_clk/pll_inst.clkc0                                        0


Detailed IO Report

     Name       Direction    Location    IOStandard    DriveStrength    PullType    PackReg  
  aud_adcdat      INPUT        R14        LVCMOS25          N/A          PULLUP      NONE    
   aud_bclk       INPUT         M6        LVCMOS25          N/A          PULLUP      NONE    
   aud_lrc        INPUT         M7        LVCMOS25          N/A          PULLUP      NONE    
   sys_clk        INPUT         R7        LVCMOS25          N/A          PULLUP      NONE    
  sys_rst_n       INPUT         A9        LVCMOS25          N/A          PULLUP      NONE    
  aud_dacdat     OUTPUT         P6        LVCMOS25           8            NONE       NONE    
   aud_mclk      OUTPUT         N5        LVCMOS25           8            NONE       NONE    
   aud_scl       OUTPUT        R12        LVCMOS25           8            NONE       NONE    
     led         OUTPUT        B14        LVCMOS25           8            NONE       NONE    
   aud_sda        INOUT         R9        LVCMOS25           8           PULLUP      NONE    

Report Hierarchy Area:
+----------------------------------------------------------------------------------------+
|Instance            |Module        |le     |lut     |ripple  |seq     |bram    |dsp     |
+----------------------------------------------------------------------------------------+
|top                 |audio_speak   |289    |257     |25      |148     |0       |0       |
|  u_es8388_ctrl     |es8388_ctrl   |289    |257     |25      |148     |0       |0       |
|    u_audio_receive |audio_receive |77     |62      |12      |54      |0       |0       |
|    u_audio_send    |audio_send    |27     |27      |0       |26      |0       |0       |
|    u_es8388_config |es8388_config |185    |168     |13      |68      |0       |0       |
|      u_i2c_dri     |i2c_dri       |125    |118     |5       |44      |0       |0       |
|      u_i2c_reg_cfg |i2c_reg_cfg   |60     |50      |8       |24      |0       |0       |
|  u_pll_clk         |clk_wiz_0     |0      |0       |0       |0       |0       |0       |
+----------------------------------------------------------------------------------------+


DataNet Average Fanout:

   Index     Fanout    Nets  
    #1         1       195   
    #2         2        75   
    #3         3        22   
    #4         4        8    
    #5        5-10      28   
    #6       11-50      21   
    #7       51-100     1    
  Average     3.21           

RUN-1002 : start command "export_db ES8388_pr.db"
RUN-1001 : Exported /
RUN-1001 : Exported flow parameters
RUN-1001 : Exported libs
RUN-1001 : Exported entities
RUN-1001 : Exported ports
RUN-1001 : Exported pins
RUN-1001 : Exported instances
RUN-1001 : Exported nets
RUN-1001 : Exported buses
RUN-1001 : Exported models
RUN-1001 : Exported congestions
RUN-1001 : Exported violations
RUN-1001 : Exported timing constraints
RUN-1001 : Exported IO constraints
RUN-1001 : Exported Inst constraints
RUN-1002 : start command "export_bid ES8388_inst.bid"
RUN-1002 : start command "bitgen -bit ES8388.bit"
BIT-1003 : Start to generate bitstream. 
BIT-1002 : Init instances with 16 threads.
BIT-1002 : Init instances completely, inst num: 167
BIT-1002 : Init pips with 16 threads.
BIT-1002 : Init pips completely, net num: 367, pip num: 3755
BIT-1002 : Init feedthrough with 16 threads.
BIT-1002 : Init feedthrough completely, num: 10
BIT-1003 : Multithreading accelaration with 16 threads.
BIT-1003 : Generate bitstream completely, there are 733 valid insts, and 10404 bits set as '1'.
BIT-1004 : PLL setting string = 0001
BIT-1004 : Generate bits file ES8388.bit.
RUN-1003 : finish command "bitgen -bit ES8388.bit" in  1.100755s wall, 5.781250s user + 0.734375s system = 6.515625s CPU (591.9%)

RUN-1004 : used memory is 426 MB, reserved memory is 401 MB, peak memory is 622 MB
RUN-1002 : start command "backup_run_log run.log ../.logs/phy_1/td_20250607_152534.log"
