============================================================
   Tang Dynasty, V5.6.71036
      Copyright (c) 2012-2023 Anlogic Inc.
   Executable = D:/1.career/Anlogic/TD5.6.2/bin/td.exe
   Built at =   20:34:38 Mar 21 2023
   Run by =     tamochi
   Run Date =   Wed Oct 29 17:12:28 2025

   Run on =     TAMOWIN
============================================================
RUN-1002 : start command "open_project ES8388.prj"
RUN-1001 : Print Global Property
RUN-1001 : ---------------------------------------------------------------
RUN-1001 :        Parameters        |  Settings  |  Default Values  |  Note  
RUN-1001 : ---------------------------------------------------------------
RUN-1001 :          message         |  standard  |     standard     |        
RUN-1001 :   mixed_pack_place_flow  |     on     |        on        |        
RUN-1001 :        qor_monitor       |    off     |       off        |        
RUN-1001 :        syn_ip_flow       |    off     |       off        |        
RUN-1001 :          thread          |    auto    |       auto       |        
RUN-1001 : ---------------------------------------------------------------
RUN-1001 : Print Design Property
RUN-1001 : --------------------------------------------------------------
RUN-1001 :        Parameters       |  Settings  |  Default Values  |  Note  
RUN-1001 : --------------------------------------------------------------
RUN-1001 :   default_reg_initial   |    auto    |       auto       |        
RUN-1001 :        infer_add        |     on     |        on        |        
RUN-1001 :        infer_fsm        |    off     |       off        |        
RUN-1001 :        infer_mult       |     on     |        on        |        
RUN-1001 :        infer_ram        |     on     |        on        |        
RUN-1001 :        infer_reg        |     on     |        on        |        
RUN-1001 :   infer_reg_init_value  |     on     |        on        |        
RUN-1001 :        infer_rom        |     on     |        on        |        
RUN-1001 :      infer_shifter      |     on     |        on        |        
RUN-1001 : --------------------------------------------------------------
RUN-1001 : Print Rtl Property
RUN-1001 : --------------------------------------------------------------
RUN-1001 :        Parameters       |  Settings  |  Default Values  |  Note  
RUN-1001 : --------------------------------------------------------------
RUN-1001 :       compress_add      |   ripple   |      ripple      |        
RUN-1001 :        elf_sload        |    off     |       off        |        
RUN-1001 :       fix_undriven      |     0      |        0         |        
RUN-1001 :         flatten         |    off     |       off        |        
RUN-1001 :       gate_sharing      |     on     |        on        |        
RUN-1001 :    hdl_warning_level    |   normal   |      normal      |        
RUN-1001 :   impl_internal_tribuf  |     on     |        on        |        
RUN-1001 :      impl_set_reset     |     on     |        on        |        
RUN-1001 :        infer_gsr        |    off     |       off        |        
RUN-1001 :      keep_hierarchy     |    auto    |       auto       |        
RUN-1001 :        max_fanout       |    9999    |       9999       |        
RUN-1001 :      max_oh2bin_len     |     10     |        10        |        
RUN-1001 :       merge_equal       |     on     |        on        |        
RUN-1001 :       merge_equiv       |     on     |        on        |        
RUN-1001 :        merge_mux        |    off     |       off        |        
RUN-1001 :     min_control_set     |     8      |        8         |        
RUN-1001 :      min_ripple_len     |    auto    |       auto       |        
RUN-1001 :       oh2bin_ratio      |    0.08    |       0.08       |        
RUN-1001 :     opt_adder_fanout    |     on     |        on        |        
RUN-1001 :        opt_arith        |     on     |        on        |        
RUN-1001 :       opt_big_gate      |    off     |       off        |        
RUN-1001 :        opt_const        |     on     |        on        |        
RUN-1001 :      opt_const_mult     |     on     |        on        |        
RUN-1001 :       opt_lessthan      |     on     |        on        |        
RUN-1001 :         opt_mux         |    off     |       off        |        
RUN-1001 :         opt_ram         |    high    |       high       |        
RUN-1001 :      rtl_sim_model      |    off     |       off        |        
RUN-1001 :         seq_syn         |     on     |        on        |        
RUN-1001 : --------------------------------------------------------------
HDL-1007 : analyze verilog file ../../al_ip/clk_wiz_0.v
HDL-1007 : undeclared symbol 'open', assumed default net type 'wire' in ../../al_ip/clk_wiz_0.v(80)
HDL-1007 : analyze verilog file ../../../RTL/audio_receive.v
HDL-1007 : analyze verilog file ../../../RTL/audio_send.v
HDL-1007 : analyze verilog file ../../../RTL/audio_speak.v
HDL-1007 : undeclared symbol 'chipwatcherclk', assumed default net type 'wire' in ../../../RTL/audio_speak.v(47)
HDL-1007 : analyze verilog file ../../../RTL/es8388_config.v
HDL-1007 : analyze verilog file ../../../RTL/es8388_ctrl.v
HDL-1007 : analyze verilog file ../../../RTL/i2c_dri.v
HDL-1007 : analyze verilog file ../../../RTL/i2c_reg_cfg.v
RUN-1001 : Project manager successfully analyzed 8 source files.
RUN-1002 : start command "import_device eagle_s20.db -package EG4S20BG256"
ARC-1001 : Device Initialization.
ARC-1001 : ------------------------------------------------------------------
ARC-1001 :            OPTION            |          IO          |   SETTING   
ARC-1001 : ------------------------------------------------------------------
ARC-1001 :   cso_b/cclk/mosi/miso/dout  |  T3/R11/T10/P10/S11  |    gpio    
ARC-1001 :             done             |         P13          |    gpio    
ARC-1001 :           program_b          |          T2          |  dedicate  
ARC-1001 :        tdi/tms/tck/tdo       |   C12/A15/C14/E14    |  dedicate  
ARC-1001 : ------------------------------------------------------------------
ARC-1004 : Device setting, marked 5 dedicate IOs in total.
RUN-1002 : start command "import_db ../syn_1/ES8388_gate.db"
RUN-1001 : Importing database generated by Tang Dynasty, V5.6.71036.
RUN-1001 : Database version number 46146.
RUN-1001 : Import flow parameters
RUN-1001 : Import IO constraints
RUN-1001 : Import Inst constraints
RUN-1001 : Import design success TD_VERSION=5.6.71036 , DB_VERSION=46146
RUN-1002 : start command "place"
RUN-1001 : Open license file D:/1.career/Anlogic/TD5.6.2/license/Anlogic.lic
RUN-1001 : Print Global Property
RUN-1001 : ---------------------------------------------------------------
RUN-1001 :        Parameters        |  Settings  |  Default Values  |  Note  
RUN-1001 : ---------------------------------------------------------------
RUN-1001 :          message         |  standard  |     standard     |        
RUN-1001 :   mixed_pack_place_flow  |     on     |        on        |        
RUN-1001 :        qor_monitor       |    off     |       off        |        
RUN-1001 :        syn_ip_flow       |    off     |       off        |        
RUN-1001 :          thread          |    auto    |       auto       |        
RUN-1001 : ---------------------------------------------------------------
RUN-1001 : Print Place Property
RUN-1001 : --------------------------------------------------------------
RUN-1001 :        Parameters       |  Settings  |  Default Values  |  Note  
RUN-1001 : --------------------------------------------------------------
RUN-1001 :      detailed_place     |     on     |        on        |        
RUN-1001 :          effort         |   medium   |      medium      |        
RUN-1001 :         fix_hold        |    off     |       off        |        
RUN-1001 :       legalization      |    ori     |       ori        |        
RUN-1001 :      new_spreading      |     on     |        on        |        
RUN-1001 :        opt_timing       |   medium   |      medium      |        
RUN-1001 :   post_clock_route_opt  |    off     |       off        |        
RUN-1001 :       pr_strategy       |     1      |        1         |        
RUN-1001 :        relaxation       |    1.00    |       1.00       |        
RUN-1001 :         retiming        |    off     |       off        |        
RUN-1001 : --------------------------------------------------------------
PHY-3001 : Placer runs in 16 thread(s).
RUN-1002 : start command "legalize_phy_inst"
SYN-1011 : Flatten model audio_speak
RUN-1002 : start command "phys_opt -simplify_lut"
SYN-4016 : Net u_pll_clk/clk0_out driven by BUFG (0 clock/control pins, 1 other pins).
SYN-4027 : Net aud_mclk_dup_1 is clkc1 of pll u_pll_clk/pll_inst.
SYN-4019 : Net sys_clk_dup_1 is refclk of pll u_pll_clk/pll_inst.
SYN-4020 : Net sys_clk_dup_1 is fbclk of pll u_pll_clk/pll_inst.
SYN-4024 : Net "aud_bclk_dup_1" drives clk pins.
SYN-4024 : Net "u_es8388_ctrl/u_es8388_config/u_i2c_dri/dri_clk" drives clk pins.
SYN-4025 : Tag rtl::Net aud_bclk_dup_1 as clock net
SYN-4025 : Tag rtl::Net aud_mclk_dup_1 as clock net
SYN-4025 : Tag rtl::Net sys_clk_dup_1 as clock net
SYN-4025 : Tag rtl::Net u_es8388_ctrl/u_es8388_config/u_i2c_dri/dri_clk as clock net
SYN-4025 : Tag rtl::Net u_pll_clk/clk0_out as clock net
SYN-4026 : Tagged 5 rtl::Net as clock net
SYN-4015 : Create BUFG instance for clk Net aud_bclk_dup_1 to drive 80 clock pins.
SYN-4015 : Create BUFG instance for clk Net u_es8388_ctrl/u_es8388_config/u_i2c_dri/dri_clk to drive 59 clock pins.
PHY-1001 : Populate physical database on model audio_speak.
RUN-1001 : There are total 400 instances
RUN-0007 : 199 luts, 153 seqs, 17 mslices, 11 lslices, 13 pads, 0 brams, 0 dsps
RUN-1001 : There are total 445 nets
RUN-1001 : 283 nets have 2 pins
RUN-1001 : 109 nets have [3 - 5] pins
RUN-1001 : 21 nets have [6 - 10] pins
RUN-1001 : 20 nets have [11 - 20] pins
RUN-1001 : 11 nets have [21 - 99] pins
RUN-1001 : 1 nets have 100+ pins
RUN-1001 : Report Control nets information:
RUN-1001 : DFF Distribution
RUN-1001 : ----------------------------------
RUN-1001 :   CE   |  SSR  |  ASR  |  DFF Count  
RUN-1001 : ----------------------------------
RUN-1001 :   No   |  No   |  No   |      0      
RUN-1001 :   No   |  No   |  Yes  |     73      
RUN-1001 :   No   |  Yes  |  No   |      0      
RUN-1001 :   Yes  |  No   |  No   |      8      
RUN-1001 :   Yes  |  No   |  Yes  |     72      
RUN-1001 :   Yes  |  Yes  |  No   |      0      
RUN-1001 : ----------------------------------
RUN-0007 : Control Group Statistic
RUN-0007 : ---------------------------
RUN-0007 :   #CLK  |  #CE  |  #SSR/ASR  
RUN-0007 : ---------------------------
RUN-0007 :    3    |   6   |     2      
RUN-0007 : ---------------------------
RUN-0007 : Control Set = 8
PHY-3001 : Initial placement ...
PHY-3001 : design contains 398 instances, 199 luts, 153 seqs, 28 slices, 8 macros(28 instances: 17 mslices 11 lslices)
PHY-0007 : Cell area utilization is 1%
PHY-3001 : Global placement ...
PHY-3001 : Initial: Len = 110063
PHY-3001 : Clustering ...
PHY-3001 : Level 0 #clusters 398.
PHY-3001 : End clustering;  0.000015s wall, 0.000000s user + 0.000000s system = 0.000000s CPU (n/a%)

PHY-3001 : Run with size of 4
PHY-3001 : Cell area utilization is 1%
PHY-3001 : :::0::: Try harder cell spreading with beta_ = 0
PHY-3002 : Step(1): len = 65602, overlap = 0
PHY-3002 : Step(2): len = 40936.6, overlap = 0
PHY-3002 : Step(3): len = 27794.6, overlap = 0
PHY-3002 : Step(4): len = 20602.9, overlap = 0
PHY-3002 : Step(5): len = 16994.8, overlap = 0
PHY-3002 : Step(6): len = 14807, overlap = 0
PHY-3002 : Step(7): len = 13180.8, overlap = 0
PHY-3002 : Step(8): len = 12145.5, overlap = 0
PHY-3002 : Step(9): len = 11892.2, overlap = 0
PHY-3002 : Step(10): len = 11009.6, overlap = 0
PHY-3002 : Step(11): len = 10139.9, overlap = 0
PHY-3002 : Step(12): len = 10196.9, overlap = 0
PHY-3002 : Step(13): len = 9968.1, overlap = 0
PHY-3002 : Step(14): len = 9797.7, overlap = 0
PHY-3002 : Step(15): len = 8983.2, overlap = 0.0625
PHY-3002 : Step(16): len = 9096.6, overlap = 0.125
PHY-3002 : Step(17): len = 9153.9, overlap = 0
PHY-3002 : Step(18): len = 8200.7, overlap = 0
PHY-3002 : Step(19): len = 7451.7, overlap = 0
PHY-3002 : Step(20): len = 7473.2, overlap = 0
PHY-3002 : Step(21): len = 7505.4, overlap = 0
PHY-3001 : Legalization ...
PHY-3001 : End legalization;  0.002818s wall, 0.000000s user + 0.000000s system = 0.000000s CPU (n/a%)

PHY-3001 : Run with size of 4
PHY-3001 : Cell area utilization is 1%
PHY-3001 : :::0::: Try harder cell spreading with beta_ = 0
PHY-3002 : Step(22): len = 6812.6, overlap = 6.90625
PHY-3002 : Step(23): len = 6768.2, overlap = 7
PHY-3002 : Step(24): len = 6774.6, overlap = 7
PHY-3002 : Step(25): len = 6760.7, overlap = 7
PHY-3002 : Step(26): len = 6688.1, overlap = 6.96875
PHY-3002 : Step(27): len = 6697.6, overlap = 6.96875
PHY-3002 : Step(28): len = 6430.7, overlap = 7.0625
PHY-3002 : Step(29): len = 6430.7, overlap = 7.0625
PHY-3002 : Step(30): len = 6096.1, overlap = 7.15625
PHY-3002 : Step(31): len = 6140.3, overlap = 7.0625
PHY-3002 : Step(32): len = 6140.3, overlap = 7.0625
PHY-3001 : Run with size of 2
PHY-3001 : Cell area utilization is 1%
PHY-3001 : :::0::: Try harder cell spreading with beta_ = 2.1767e-05
PHY-3002 : Step(33): len = 6591.4, overlap = 13.7812
PHY-3002 : Step(34): len = 6591.4, overlap = 13.7812
PHY-3002 : Step(35): len = 6389.2, overlap = 13.4375
PHY-3001 : :::1::: Try harder cell spreading with beta_ = 4.3534e-05
PHY-3002 : Step(36): len = 7176.3, overlap = 12.3125
PHY-3002 : Step(37): len = 7300.2, overlap = 12.25
PHY-3002 : Step(38): len = 7163.9, overlap = 11.4062
PHY-3002 : Step(39): len = 7288.1, overlap = 10.7812
PHY-3002 : Step(40): len = 7338.7, overlap = 9.96875
PHY-3001 : :::2::: Try harder cell spreading with beta_ = 8.7068e-05
PHY-3002 : Step(41): len = 7125.6, overlap = 11.0625
PHY-3002 : Step(42): len = 7125.6, overlap = 11.0625
PHY-3002 : Step(43): len = 7090.1, overlap = 10.25
OPT-1001 : Start physical optimization ...
OPT-1001 : Total overflow 24.66 peak overflow 3.19
OPT-1001 : Start high-fanout net optimization ...
OPT-1001 : Update timing in global mode
PHY-1001 : Start incremental global routing, caller is place ...
RUN-1001 : Generating global routing grids ...
RUN-1001 : Building simple global routing graph ...
PHY-1001 : Generate routing nets ...
PHY-1001 : Reuse net number 0/445.
PHY-1001 : Global iterations in 16 thread ...
PHY-1002 : len = 7416, over cnt = 24(0%), over = 148, worst = 14
PHY-1001 : End global iterations;  0.013378s wall, 0.015625s user + 0.000000s system = 0.015625s CPU (116.8%)

PHY-1001 : Congestion index: top1 = 14.70, top5 = 4.34, top10 = 2.17, top15 = 1.45.
PHY-1001 : End incremental global routing;  0.055030s wall, 0.031250s user + 0.031250s system = 0.062500s CPU (113.6%)

RUN-1002 : start command "start_timer -report"
TMR-5001 WARNING: No sdc constraints found while initiating timer.
TMR-2505 : Start building timing graph for model audio_speak.
TMR-2506 : Build timing graph completely. Port num: 12, tpin num: 1838, tnet num: 443, tinst num: 398, tnode num: 2390, tedge num: 2894.
TMR-2508 : Levelizing timing graph completed, there are 17 levels in total.
TMR-2501 : Timing graph initialized successfully.
OPT-1001 : End timing update;  0.087946s wall, 0.078125s user + 0.000000s system = 0.078125s CPU (88.8%)

OPT-1001 : 0 high-fanout net processed.
OPT-1001 : End high-fanout net optimization;  0.148107s wall, 0.125000s user + 0.031250s system = 0.156250s CPU (105.5%)

OPT-1001 : Current memory(MB): used = 146, reserve = 117, peak = 146.
OPT-1001 : End physical optimization;  0.151885s wall, 0.125000s user + 0.031250s system = 0.156250s CPU (102.9%)

PHY-3001 : Start packing ...
SYN-4007 : Packing 0 MUX to BLE ...
SYN-4008 : Packed 0 MUX and 0 SEQ to BLE.
SYN-4007 : Packing 199 LUT to BLE ...
SYN-4008 : Packed 199 LUT and 82 SEQ to BLE.
SYN-4003 : Packing 71 remaining SEQ's ...
SYN-4005 : Packed 50 SEQ with LUT/SLICE
SYN-4006 : 81 single LUT's are left
SYN-4006 : 21 single SEQ's are left
SYN-4011 : Packing model "audio_speak" (AL_USER_NORMAL) with 220/268 primitive instances ...
PHY-3001 : End packing;  0.010074s wall, 0.000000s user + 0.000000s system = 0.000000s CPU (n/a%)

PHY-1001 : Populate physical database on model audio_speak.
RUN-1001 : There are total 171 instances
RUN-1001 : 75 mslices, 76 lslices, 13 pads, 0 brams, 0 dsps
RUN-1001 : There are total 366 nets
RUN-1001 : 202 nets have 2 pins
RUN-1001 : 109 nets have [3 - 5] pins
RUN-1001 : 23 nets have [6 - 10] pins
RUN-1001 : 22 nets have [11 - 20] pins
RUN-1001 : 10 nets have [21 - 99] pins
PHY-3001 : design contains 169 instances, 151 slices, 8 macros(28 instances: 17 mslices 11 lslices)
PHY-3001 : Cell area utilization is 2%
PHY-3001 : After packing: Len = 7383.2, Over = 15.5
PHY-3001 : Run with size of 2
PHY-3001 : Cell area utilization is 2%
PHY-3001 : :::0::: Try harder cell spreading with beta_ = 2.13208e-05
PHY-3002 : Step(44): len = 7077.7, overlap = 15.5
PHY-3002 : Step(45): len = 7085.9, overlap = 14.75
PHY-3002 : Step(46): len = 7120.9, overlap = 15.5
PHY-3001 : :::1::: Try harder cell spreading with beta_ = 4.26415e-05
PHY-3002 : Step(47): len = 7360.4, overlap = 14.25
PHY-3002 : Step(48): len = 7476.6, overlap = 14.25
PHY-3002 : Step(49): len = 7653.3, overlap = 12.25
PHY-3001 : :::2::: Try harder cell spreading with beta_ = 8.52831e-05
PHY-3002 : Step(50): len = 7710, overlap = 12.75
PHY-3002 : Step(51): len = 7710, overlap = 12.75
PHY-3002 : Step(52): len = 7753.5, overlap = 12.25
PHY-3001 : Legalization ...
PHY-3001 : End legalization;  0.028475s wall, 0.031250s user + 0.031250s system = 0.062500s CPU (219.5%)

PHY-3001 : Trial Legalized: Len = 11912.9
PHY-3001 : Run with size of 2
PHY-3001 : Cell area utilization is 2%
PHY-3001 : :::0::: Try harder cell spreading with beta_ = 0.00484722
PHY-3002 : Step(53): len = 11143.2, overlap = 1.75
PHY-3002 : Step(54): len = 10715.1, overlap = 2.5
PHY-3002 : Step(55): len = 10185.8, overlap = 2.75
PHY-3002 : Step(56): len = 9919.1, overlap = 3.75
PHY-3002 : Step(57): len = 9529.1, overlap = 4.5
PHY-3002 : Step(58): len = 9133.6, overlap = 5.25
PHY-3002 : Step(59): len = 9068.4, overlap = 5.25
PHY-3002 : Step(60): len = 9094, overlap = 5
PHY-3002 : Step(61): len = 9016.7, overlap = 4.5
PHY-3001 : :::1::: Try harder cell spreading with beta_ = 0.00969445
PHY-3002 : Step(62): len = 9012.5, overlap = 4.5
PHY-3002 : Step(63): len = 8967.8, overlap = 4.5
PHY-3001 : :::2::: Try harder cell spreading with beta_ = 0.0156856
PHY-3002 : Step(64): len = 8966.4, overlap = 4.25
PHY-3002 : Step(65): len = 8965.3, overlap = 4
PHY-3001 : Legalization ...
PHY-3001 : End legalization;  0.004097s wall, 0.015625s user + 0.000000s system = 0.015625s CPU (381.4%)

PHY-3001 : Legalized: Len = 10486.1, Over = 0
PHY-3001 : End spreading;  0.001886s wall, 0.000000s user + 0.000000s system = 0.000000s CPU (n/a%)

PHY-3001 : Final: Len = 10486.1, Over = 0
OPT-1001 : Start physical optimization ...
OPT-1001 : Total overflow 0.00 peak overflow 0.00
OPT-1001 : Start high-fanout net optimization ...
OPT-1001 : Update timing in global mode
PHY-1001 : Start incremental global routing, caller is place ...
RUN-1001 : Generating global routing grids ...
PHY-1001 : Generate routing nets ...
PHY-1001 : Reuse net number 18/366.
PHY-1001 : Global iterations in 16 thread ...
PHY-1002 : len = 12160, over cnt = 33(0%), over = 50, worst = 4
PHY-1002 : len = 12480, over cnt = 4(0%), over = 5, worst = 2
PHY-1002 : len = 12528, over cnt = 2(0%), over = 2, worst = 1
PHY-1002 : len = 12560, over cnt = 0(0%), over = 0, worst = 0
PHY-1001 : End global iterations;  0.033876s wall, 0.031250s user + 0.000000s system = 0.031250s CPU (92.2%)

PHY-1001 : Congestion index: top1 = 19.94, top5 = 7.71, top10 = 4.08, top15 = 2.72.
PHY-1001 : End incremental global routing;  0.076753s wall, 0.078125s user + 0.000000s system = 0.078125s CPU (101.8%)

RUN-1002 : start command "start_timer -report"
TMR-5001 WARNING: No sdc constraints found while initiating timer.
TMR-2505 : Start building timing graph for model audio_speak.
TMR-2506 : Build timing graph completely. Port num: 12, tpin num: 1571, tnet num: 364, tinst num: 169, tnode num: 1969, tedge num: 2599.
TMR-2508 : Levelizing timing graph completed, there are 17 levels in total.
TMR-2501 : Timing graph initialized successfully.
OPT-1001 : End timing update;  0.062171s wall, 0.046875s user + 0.000000s system = 0.046875s CPU (75.4%)

OPT-1001 : 0 high-fanout net processed.
OPT-1001 : End high-fanout net optimization;  0.143595s wall, 0.125000s user + 0.000000s system = 0.125000s CPU (87.1%)

OPT-1001 : Current memory(MB): used = 148, reserve = 118, peak = 148.
OPT-1001 : Update timing in Manhattan mode
OPT-1001 : End timing update;  0.000242s wall, 0.000000s user + 0.000000s system = 0.000000s CPU (n/a%)

OPT-1001 : Start pin optimization...
OPT-1001 : skip pin optimization...
RUN-1001 : Generating global routing grids ...
PHY-1001 : Generate routing nets ...
PHY-1001 : Reuse net number 299/366.
PHY-1001 : Global iterations in 16 thread ...
PHY-1002 : len = 12560, over cnt = 0(0%), over = 0, worst = 0
PHY-1001 : End global iterations;  0.001057s wall, 0.000000s user + 0.000000s system = 0.000000s CPU (n/a%)

PHY-1001 : Congestion index: top1 = 19.94, top5 = 7.71, top10 = 4.08, top15 = 2.72.
OPT-1001 : Update timing in Manhattan mode
OPT-1001 : End timing update;  0.000585s wall, 0.000000s user + 0.000000s system = 0.000000s CPU (n/a%)

RUN-1001 : QoR Analysis:
OPT-0007 :   WNS 2147483647 TNS 0 NUM_FEPS 0
RUN-1001 :   No local congestion issue, and most congested 1% tile average routing util is 19.551724
RUN-1001 :   Top critical paths
OPT-1001 : End physical optimization;  0.191831s wall, 0.171875s user + 0.000000s system = 0.171875s CPU (89.6%)

RUN-1003 : finish command "place" in  1.748759s wall, 1.781250s user + 2.187500s system = 3.968750s CPU (226.9%)

RUN-1004 : used memory is 137 MB, reserved memory is 107 MB, peak memory is 149 MB
RUN-1002 : start command "export_db ES8388_place.db"
RUN-1001 : Exported /
RUN-1001 : Exported flow parameters
RUN-1001 : Exported libs
RUN-1001 : Exported entities
RUN-1001 : Exported ports
RUN-1001 : Exported pins
RUN-1001 : Exported instances
RUN-1001 : Exported nets
RUN-1001 : Exported buses
RUN-1001 : Exported models
RUN-1001 : Exported congestions
RUN-1001 : Exported violations
RUN-1001 : Exported IO constraints
RUN-1001 : Exported Inst constraints
RUN-1002 : start command "route"
RUN-1001 : Open license file D:/1.career/Anlogic/TD5.6.2/license/Anlogic.lic
RUN-1001 : Print Global Property
RUN-1001 : ---------------------------------------------------------------
RUN-1001 :        Parameters        |  Settings  |  Default Values  |  Note  
RUN-1001 : ---------------------------------------------------------------
RUN-1001 :          message         |  standard  |     standard     |        
RUN-1001 :   mixed_pack_place_flow  |     on     |        on        |        
RUN-1001 :        qor_monitor       |    off     |       off        |        
RUN-1001 :        syn_ip_flow       |    off     |       off        |        
RUN-1001 :          thread          |    auto    |       auto       |        
RUN-1001 : ---------------------------------------------------------------
RUN-1001 : Print Route Property
RUN-1001 : -------------------------------------------------------
RUN-1001 :    Parameters    |  Settings  |  Default Values  |  Note  
RUN-1001 : -------------------------------------------------------
RUN-1001 :      effort      |   medium   |      medium      |        
RUN-1001 :     fix_hold     |    off     |       off        |        
RUN-1001 :    opt_timing    |   medium   |      medium      |        
RUN-1001 :   phy_sim_model  |    off     |       off        |        
RUN-1001 :     priority     |   timing   |      timing      |        
RUN-1001 :     swap_pin     |     on     |        on        |        
RUN-1001 : -------------------------------------------------------
PHY-1001 : Route runs in 16 thread(s)
RUN-1001 : There are total 171 instances
RUN-1001 : 75 mslices, 76 lslices, 13 pads, 0 brams, 0 dsps
RUN-1001 : There are total 366 nets
RUN-1001 : 202 nets have 2 pins
RUN-1001 : 109 nets have [3 - 5] pins
RUN-1001 : 23 nets have [6 - 10] pins
RUN-1001 : 22 nets have [11 - 20] pins
RUN-1001 : 10 nets have [21 - 99] pins
RUN-1002 : start command "start_timer -report"
TMR-5001 WARNING: No sdc constraints found while initiating timer.
TMR-2505 : Start building timing graph for model audio_speak.
TMR-2506 : Build timing graph completely. Port num: 12, tpin num: 1571, tnet num: 364, tinst num: 169, tnode num: 1969, tedge num: 2599.
TMR-2508 : Levelizing timing graph completed, there are 17 levels in total.
TMR-2501 : Timing graph initialized successfully.
PHY-1001 : 75 mslices, 76 lslices, 13 pads, 0 brams, 0 dsps
TMR-2503 : Start to update net delay, extr mode = 3.
TMR-2504 : Update delay of 364 nets completely.
TMR-2502 : Annotate delay completely, extr mode = 3.
TMR-3002 : No user constraint, initiate default constraint.
TMR-1501 : Assign derive clock DeriveClock to 192 clock pins, and constraint 395 relative nodes.
TMR-3003 : Constraints initiated successfully.
TMR-3501 : Forward propagation: start to calculate arrival time...
TMR-3502 : Backward propagation: start to calculate required time...
TMR-3503 : Timing propagation completes.
PHY-1001 : Start global routing, caller is route ...
RUN-1001 : Generating global routing grids ...
PHY-1001 : Generate routing nets ...
PHY-1001 : Global iterations in 16 thread ...
PHY-1002 : len = 12096, over cnt = 32(0%), over = 46, worst = 4
PHY-1002 : len = 12352, over cnt = 5(0%), over = 5, worst = 1
PHY-1002 : len = 12432, over cnt = 0(0%), over = 0, worst = 0
PHY-1001 : End global iterations;  0.028660s wall, 0.015625s user + 0.000000s system = 0.015625s CPU (54.5%)

PHY-1001 : Congestion index: top1 = 19.68, top5 = 7.71, top10 = 4.02, top15 = 2.69.
PHY-1001 : End global routing;  0.069646s wall, 0.046875s user + 0.015625s system = 0.062500s CPU (89.7%)

PHY-1001 : Start detail routing ...
PHY-1001 : Current memory(MB): used = 172, reserve = 142, peak = 187.
PHY-1001 : Detailed router is running in normal mode.
PHY-1001 : Generate detailed routing grids ...
PHY-1001 : Processed IO instance aud_dacdat_syn_4 with INV attribute.
PHY-1001 : Generate nets ...
PHY-1001 : clock net aud_bclk_syn_4 will be merged with clock aud_bclk_dup_1
PHY-1001 : net aud_mclk_dup_1 will be routed on clock mesh
PHY-1001 : net sys_clk_dup_1 will be routed on clock mesh
PHY-1001 : clock net u_pll_clk/clk0_out will be merged with clock u_pll_clk/clk0_buf
PHY-1001 : clock net u_es8388_ctrl/u_es8388_config/u_i2c_dri/dri_clk_syn_4 will be merged with clock u_es8388_ctrl/u_es8388_config/u_i2c_dri/dri_clk
PHY-1001 : Current memory(MB): used = 439, reserve = 413, peak = 439.
PHY-1001 : End build detailed router design. 2.679733s wall, 2.609375s user + 0.078125s system = 2.687500s CPU (100.3%)

PHY-1001 : Detail Route ...
PHY-1001 : ===== Detail Route Phase 1 =====
PHY-1001 : Clock net routing.....
PHY-1001 : Routed 1% nets.
PHY-1022 : len = 7240, over cnt = 0(0%), over = 0, worst = 0, crit = 0
PHY-1001 : End initial clock net routed; 0.934608s wall, 0.906250s user + 0.015625s system = 0.921875s CPU (98.6%)

PHY-1001 : Current memory(MB): used = 471, reserve = 446, peak = 471.
PHY-1001 : End phase 1; 0.937197s wall, 0.921875s user + 0.015625s system = 0.937500s CPU (100.0%)

PHY-1001 : ===== Detail Route Phase 2 =====
PHY-1001 : Initial routing.....
PHY-1001 : Routed 36% nets.
PHY-1001 : Routed 43% nets.
PHY-1001 : Routed 53% nets.
PHY-1001 : Routed 68% nets.
PHY-1001 : Routed 89% nets.
PHY-1022 : len = 63128, over cnt = 22(0%), over = 22, worst = 1, crit = 0
PHY-1001 : Current memory(MB): used = 471, reserve = 446, peak = 471.
PHY-1001 : End initial routed; 0.424421s wall, 0.437500s user + 0.046875s system = 0.484375s CPU (114.1%)

PHY-1001 : Current memory(MB): used = 471, reserve = 446, peak = 471.
PHY-1001 : End phase 2; 0.424472s wall, 0.437500s user + 0.046875s system = 0.484375s CPU (114.1%)

PHY-1001 : ===== Detail Route Phase 3 =====
PHY-1001 : Ripup-reroute.....
PHY-1001 : ===== DR Iter 1 =====
PHY-1022 : len = 63016, over cnt = 1(0%), over = 1, worst = 1, crit = 0
PHY-1001 : End DR Iter 1; 0.012402s wall, 0.000000s user + 0.000000s system = 0.000000s CPU (n/a%)

PHY-1001 : ===== DR Iter 2 =====
PHY-1022 : len = 63032, over cnt = 0(0%), over = 0, worst = 0, crit = 0
PHY-1001 : End DR Iter 2; 0.008387s wall, 0.000000s user + 0.000000s system = 0.000000s CPU (n/a%)

PHY-1001 : Commit to database.....
PHY-1001 : 8 feed throughs used by 7 nets
PHY-1001 : End commit to database; 0.048389s wall, 0.031250s user + 0.000000s system = 0.031250s CPU (64.6%)

PHY-1001 : Current memory(MB): used = 480, reserve = 456, peak = 480.
PHY-1001 : End phase 3; 0.159618s wall, 0.140625s user + 0.000000s system = 0.140625s CPU (88.1%)

PHY-1003 : Routed, final wirelength = 63032
PHY-1001 : Current memory(MB): used = 480, reserve = 456, peak = 480.
PHY-1001 : End export database. 0.004026s wall, 0.000000s user + 0.000000s system = 0.000000s CPU (n/a%)

PHY-1001 : End detail routing;  4.367691s wall, 4.265625s user + 0.140625s system = 4.406250s CPU (100.9%)

RUN-1003 : finish command "route" in  4.554063s wall, 4.437500s user + 0.156250s system = 4.593750s CPU (100.9%)

RUN-1004 : used memory is 434 MB, reserved memory is 409 MB, peak memory is 481 MB
RUN-1002 : start command "report_area -io_info -file ES8388_phy.area"
RUN-1001 : standard
***Report Model: audio_speak Device: EG4S20BG256***

IO Statistics
#IO                        13
  #input                    7
  #output                   5
  #inout                    1

Utilization Statistics
#lut                      267   out of  19600    1.36%
#reg                      153   out of  19600    0.78%
#le                       288
  #lut only               135   out of    288   46.88%
  #reg only                21   out of    288    7.29%
  #lut&reg                132   out of    288   45.83%
#dsp                        0   out of     29    0.00%
#bram                       0   out of     64    0.00%
  #bram9k                   0
  #fifo9k                   0
#bram32k                    0   out of     16    0.00%
#pad                       13   out of    188    6.91%
  #ireg                     2
  #oreg                     3
  #treg                     1
#pll                        1   out of      4   25.00%
#gclk                       3   out of     16   18.75%

Clock Resource Statistics
Index     ClockNet                                           Type               DriverType         Driver                                                          Fanout
#1        aud_bclk_dup_1                                     GCLK               io                 aud_bclk_syn_2.di                                               45
#2        u_es8388_ctrl/u_es8388_config/u_i2c_dri/dri_clk    GCLK               mslice             u_es8388_ctrl/u_es8388_config/u_i2c_dri/dri_clk_reg_syn_9.q0    41
#3        sys_clk_dup_1                                      GCLK               io                 sys_clk_syn_2.di                                                11
#4        aud_mclk_dup_1                                     GCLK               pll                u_pll_clk/pll_inst.clkc1                                        0
#5        u_pll_clk/clk0_buf                                 GCLK               pll                u_pll_clk/pll_inst.clkc0                                        0


Detailed IO Report

     Name       Direction    Location    IOStandard    DriveStrength    PullType     PackReg   
  aud_adcdat      INPUT        R14        LVCMOS25          N/A          PULLUP       IREG     
   aud_bclk       INPUT         M6        LVCMOS25          N/A          PULLUP       NONE     
   aud_lrc        INPUT         M7        LVCMOS25          N/A          PULLUP       IREG     
   sys_clk        INPUT         R7        LVCMOS25          N/A          PULLUP       NONE     
  sys_rst_n       INPUT         A9        LVCMOS25          N/A          PULLUP       NONE     
  volume[1]       INPUT        B10        LVCMOS25          N/A          PULLUP       NONE     
  volume[0]       INPUT        A10        LVCMOS25          N/A          PULLUP       NONE     
  aud_dacdat     OUTPUT         P6        LVCMOS25           8            NONE        OREG     
   aud_mclk      OUTPUT         N5        LVCMOS25           8            NONE        NONE     
   aud_scl       OUTPUT        R12        LVCMOS25           8            NONE        OREG     
    ilaclk       OUTPUT         T5        LVCMOS25           8            NONE        NONE     
     led         OUTPUT        B14        LVCMOS25           8            NONE        NONE     
   aud_sda        INOUT         R9        LVCMOS25           8           PULLUP     OREG;TREG  

Report Hierarchy Area:
+----------------------------------------------------------------------------------------+
|Instance            |Module        |le     |lut     |ripple  |seq     |bram    |dsp     |
+----------------------------------------------------------------------------------------+
|top                 |audio_speak   |288    |239     |28      |159     |0       |0       |
|  u_es8388_ctrl     |es8388_ctrl   |275    |235     |25      |145     |0       |0       |
|    u_audio_receive |audio_receive |72     |48      |12      |53      |0       |0       |
|    u_audio_send    |audio_send    |26     |26      |0       |24      |0       |0       |
|    u_es8388_config |es8388_config |177    |161     |13      |68      |0       |0       |
|      u_i2c_dri     |i2c_dri       |120    |113     |5       |42      |0       |0       |
|      u_i2c_reg_cfg |i2c_reg_cfg   |57     |48      |8       |26      |0       |0       |
|  u_pll_clk         |clk_wiz_0     |1      |1       |0       |0       |0       |0       |
+----------------------------------------------------------------------------------------+


DataNet Average Fanout:

   Index     Fanout    Nets  
    #1         1       187   
    #2         2        74   
    #3         3        28   
    #4         4        7    
    #5        5-10      25   
    #6       11-50      24   
    #7       51-100     1    
  Average     3.16           

RUN-1002 : start command "export_db ES8388_pr.db"
RUN-1001 : Exported /
RUN-1001 : Exported flow parameters
RUN-1001 : Exported libs
RUN-1001 : Exported entities
RUN-1001 : Exported ports
RUN-1001 : Exported pins
RUN-1001 : Exported instances
RUN-1001 : Exported nets
RUN-1001 : Exported buses
RUN-1001 : Exported models
RUN-1001 : Exported congestions
RUN-1001 : Exported violations
RUN-1001 : Exported IO constraints
RUN-1001 : Exported Inst constraints
RUN-1002 : start command "export_bid ES8388_inst.bid"
RUN-1002 : start command "bitgen -bit ES8388.bit -unused_io_status pulldown"
BIT-1003 : Start to generate bitstream. 
BIT-1002 : Bitgen processed 175 unused pads, reserve input tri_state with pulldown
BIT-1002 : Init instances with 16 threads.
BIT-1002 : Init instances completely, inst num: 344
BIT-1002 : Init pips with 16 threads.
BIT-1002 : Init pips completely, net num: 366, pip num: 3988
BIT-1002 : Init feedthrough completely, num: 8
BIT-1003 : Multithreading accelaration with 16 threads.
BIT-1003 : Generate bitstream completely, there are 973 valid insts, and 11117 bits set as '1'.
BIT-1004 : PLL setting string = 0010
BIT-1004 : Generate bits file ES8388.bit.
RUN-1002 : start command "backup_run_log run.log ../.logs/phy_1/td_20251029_171228.log"
