============================================================
   Tang Dynasty, V5.6.71036
      Copyright (c) 2012-2023 Anlogic Inc.
   Executable = D:/1.career/Anlogic/TD5.6.2/bin/td.exe
   Built at =   20:34:38 Mar 21 2023
   Run by =     tamochi
   Run Date =   Mon Nov 24 18:19:25 2025

   Run on =     TAMOWIN
============================================================
RUN-1002 : start command "open_project ES8388.prj"
RUN-1001 : Print Global Property
RUN-1001 : ---------------------------------------------------------------
RUN-1001 :        Parameters        |  Settings  |  Default Values  |  Note  
RUN-1001 : ---------------------------------------------------------------
RUN-1001 :          message         |  standard  |     standard     |        
RUN-1001 :   mixed_pack_place_flow  |     on     |        on        |        
RUN-1001 :        qor_monitor       |    off     |       off        |        
RUN-1001 :        syn_ip_flow       |    off     |       off        |        
RUN-1001 :          thread          |    auto    |       auto       |        
RUN-1001 : ---------------------------------------------------------------
RUN-1001 : Print Design Property
RUN-1001 : --------------------------------------------------------------
RUN-1001 :        Parameters       |  Settings  |  Default Values  |  Note  
RUN-1001 : --------------------------------------------------------------
RUN-1001 :   default_reg_initial   |    auto    |       auto       |        
RUN-1001 :        infer_add        |     on     |        on        |        
RUN-1001 :        infer_fsm        |    off     |       off        |        
RUN-1001 :        infer_mult       |     on     |        on        |        
RUN-1001 :        infer_ram        |     on     |        on        |        
RUN-1001 :        infer_reg        |     on     |        on        |        
RUN-1001 :   infer_reg_init_value  |     on     |        on        |        
RUN-1001 :        infer_rom        |     on     |        on        |        
RUN-1001 :      infer_shifter      |     on     |        on        |        
RUN-1001 : --------------------------------------------------------------
RUN-1001 : Print Rtl Property
RUN-1001 : --------------------------------------------------------------
RUN-1001 :        Parameters       |  Settings  |  Default Values  |  Note  
RUN-1001 : --------------------------------------------------------------
RUN-1001 :       compress_add      |   ripple   |      ripple      |        
RUN-1001 :        elf_sload        |    off     |       off        |        
RUN-1001 :       fix_undriven      |     0      |        0         |        
RUN-1001 :         flatten         |    off     |       off        |        
RUN-1001 :       gate_sharing      |     on     |        on        |        
RUN-1001 :    hdl_warning_level    |   normal   |      normal      |        
RUN-1001 :   impl_internal_tribuf  |     on     |        on        |        
RUN-1001 :      impl_set_reset     |     on     |        on        |        
RUN-1001 :        infer_gsr        |    off     |       off        |        
RUN-1001 :      keep_hierarchy     |    auto    |       auto       |        
RUN-1001 :        max_fanout       |    9999    |       9999       |        
RUN-1001 :      max_oh2bin_len     |     10     |        10        |        
RUN-1001 :       merge_equal       |     on     |        on        |        
RUN-1001 :       merge_equiv       |     on     |        on        |        
RUN-1001 :        merge_mux        |    off     |       off        |        
RUN-1001 :     min_control_set     |     8      |        8         |        
RUN-1001 :      min_ripple_len     |    auto    |       auto       |        
RUN-1001 :       oh2bin_ratio      |    0.08    |       0.08       |        
RUN-1001 :     opt_adder_fanout    |     on     |        on        |        
RUN-1001 :        opt_arith        |     on     |        on        |        
RUN-1001 :       opt_big_gate      |    off     |       off        |        
RUN-1001 :        opt_const        |     on     |        on        |        
RUN-1001 :      opt_const_mult     |     on     |        on        |        
RUN-1001 :       opt_lessthan      |     on     |        on        |        
RUN-1001 :         opt_mux         |    off     |       off        |        
RUN-1001 :         opt_ram         |    high    |       high       |        
RUN-1001 :      rtl_sim_model      |    off     |       off        |        
RUN-1001 :         seq_syn         |     on     |        on        |        
RUN-1001 : --------------------------------------------------------------
HDL-1007 : analyze verilog file ../../al_ip/clk_wiz_0.v
HDL-1007 : undeclared symbol 'open', assumed default net type 'wire' in ../../al_ip/clk_wiz_0.v(80)
HDL-1007 : analyze verilog file ../../../RTL/audio_receive.v
HDL-1007 : analyze verilog file ../../../RTL/audio_send.v
HDL-1007 : analyze verilog file ../../../RTL/audio_speak.v
HDL-1007 : undeclared symbol 'chipwatcherclk', assumed default net type 'wire' in ../../../RTL/audio_speak.v(74)
HDL-1007 : analyze verilog file ../../../RTL/es8388_config.v
HDL-1007 : analyze verilog file ../../../RTL/es8388_ctrl.v
HDL-1007 : analyze verilog file ../../../RTL/i2c_dri.v
HDL-1007 : analyze verilog file ../../../RTL/i2c_reg_cfg.v
HDL-1007 : analyze verilog file ../../../RTL/audio_eq.v
RUN-1001 : Project manager successfully analyzed 9 source files.
RUN-1002 : start command "import_device eagle_s20.db -package EG4S20BG256"
ARC-1001 : Device Initialization.
ARC-1001 : ------------------------------------------------------------------
ARC-1001 :            OPTION            |          IO          |   SETTING   
ARC-1001 : ------------------------------------------------------------------
ARC-1001 :   cso_b/cclk/mosi/miso/dout  |  T3/R11/T10/P10/S11  |    gpio    
ARC-1001 :             done             |         P13          |    gpio    
ARC-1001 :           program_b          |          T2          |  dedicate  
ARC-1001 :        tdi/tms/tck/tdo       |   C12/A15/C14/E14    |  dedicate  
ARC-1001 : ------------------------------------------------------------------
ARC-1004 : Device setting, marked 5 dedicate IOs in total.
RUN-1002 : start command "import_db ../syn_1/ES8388_gate.db"
RUN-1001 : Importing database generated by Tang Dynasty, V5.6.71036.
RUN-1001 : Database version number 46146.
RUN-1001 : Import flow parameters
RUN-1001 : Import IO constraints
RUN-1001 : Import Inst constraints
RUN-1001 : Import design success TD_VERSION=5.6.71036 , DB_VERSION=46146
RUN-1002 : start command "place"
RUN-1001 : Open license file D:/1.career/Anlogic/TD5.6.2/license/Anlogic.lic
RUN-1001 : Print Global Property
RUN-1001 : ---------------------------------------------------------------
RUN-1001 :        Parameters        |  Settings  |  Default Values  |  Note  
RUN-1001 : ---------------------------------------------------------------
RUN-1001 :          message         |  standard  |     standard     |        
RUN-1001 :   mixed_pack_place_flow  |     on     |        on        |        
RUN-1001 :        qor_monitor       |    off     |       off        |        
RUN-1001 :        syn_ip_flow       |    off     |       off        |        
RUN-1001 :          thread          |    auto    |       auto       |        
RUN-1001 : ---------------------------------------------------------------
RUN-1001 : Print Place Property
RUN-1001 : --------------------------------------------------------------
RUN-1001 :        Parameters       |  Settings  |  Default Values  |  Note  
RUN-1001 : --------------------------------------------------------------
RUN-1001 :      detailed_place     |     on     |        on        |        
RUN-1001 :          effort         |   medium   |      medium      |        
RUN-1001 :         fix_hold        |    off     |       off        |        
RUN-1001 :       legalization      |    ori     |       ori        |        
RUN-1001 :      new_spreading      |     on     |        on        |        
RUN-1001 :        opt_timing       |   medium   |      medium      |        
RUN-1001 :   post_clock_route_opt  |    off     |       off        |        
RUN-1001 :       pr_strategy       |     1      |        1         |        
RUN-1001 :        relaxation       |    1.00    |       1.00       |        
RUN-1001 :         retiming        |    off     |       off        |        
RUN-1001 : --------------------------------------------------------------
PHY-3001 : Placer runs in 16 thread(s).
RUN-1002 : start command "legalize_phy_inst"
SYN-1011 : Flatten model audio_speak
RUN-1002 : start command "phys_opt -simplify_lut"
SYN-4016 : Net u_pll_clk/clk0_out driven by BUFG (0 clock/control pins, 1 other pins).
SYN-4027 : Net aud_mclk_dup_1 is clkc1 of pll u_pll_clk/pll_inst.
SYN-4019 : Net sys_clk_dup_1 is refclk of pll u_pll_clk/pll_inst.
SYN-4020 : Net sys_clk_dup_1 is fbclk of pll u_pll_clk/pll_inst.
SYN-4024 : Net "aud_bclk_dup_1" drives clk pins.
SYN-4024 : Net "u_es8388_ctrl/u_es8388_config/u_i2c_dri/dri_clk" drives clk pins.
SYN-4025 : Tag rtl::Net aud_bclk_dup_1 as clock net
SYN-4025 : Tag rtl::Net aud_mclk_dup_1 as clock net
SYN-4025 : Tag rtl::Net sys_clk_dup_1 as clock net
SYN-4025 : Tag rtl::Net u_es8388_ctrl/u_es8388_config/u_i2c_dri/dri_clk as clock net
SYN-4025 : Tag rtl::Net u_pll_clk/clk0_out as clock net
SYN-4026 : Tagged 5 rtl::Net as clock net
SYN-4015 : Create BUFG instance for clk Net aud_bclk_dup_1 to drive 153 clock pins.
SYN-4015 : Create BUFG instance for clk Net u_es8388_ctrl/u_es8388_config/u_i2c_dri/dri_clk to drive 64 clock pins.
PHY-1001 : Populate physical database on model audio_speak.
RUN-1001 : There are total 693 instances
RUN-0007 : 329 luts, 214 seqs, 76 mslices, 42 lslices, 25 pads, 0 brams, 0 dsps
RUN-1001 : There are total 943 nets
RUN-1001 : 575 nets have 2 pins
RUN-1001 : 277 nets have [3 - 5] pins
RUN-1001 : 48 nets have [6 - 10] pins
RUN-1001 : 21 nets have [11 - 20] pins
RUN-1001 : 19 nets have [21 - 99] pins
RUN-1001 : 3 nets have 100+ pins
RUN-1001 : Report Control nets information:
RUN-1001 : DFF Distribution
RUN-1001 : ----------------------------------
RUN-1001 :   CE   |  SSR  |  ASR  |  DFF Count  
RUN-1001 : ----------------------------------
RUN-1001 :   No   |  No   |  No   |      0      
RUN-1001 :   No   |  No   |  Yes  |     77      
RUN-1001 :   No   |  Yes  |  No   |      0      
RUN-1001 :   Yes  |  No   |  No   |      0      
RUN-1001 :   Yes  |  No   |  Yes  |     137     
RUN-1001 :   Yes  |  Yes  |  No   |      0      
RUN-1001 : ----------------------------------
RUN-0007 : Control Group Statistic
RUN-0007 : ---------------------------
RUN-0007 :   #CLK  |  #CE  |  #SSR/ASR  
RUN-0007 : ---------------------------
RUN-0007 :    3    |   7   |     2      
RUN-0007 : ---------------------------
RUN-0007 : Control Set = 9
PHY-3001 : Initial placement ...
PHY-3001 : design contains 691 instances, 329 luts, 214 seqs, 118 slices, 17 macros(118 instances: 76 mslices 42 lslices)
PHY-0007 : Cell area utilization is 2%
PHY-3001 : Global placement ...
PHY-3001 : Initial: Len = 242802
PHY-3001 : Clustering ...
PHY-3001 : Level 0 #clusters 691.
PHY-3001 : End clustering;  0.000014s wall, 0.000000s user + 0.000000s system = 0.000000s CPU (n/a%)

PHY-3001 : Run with size of 4
PHY-3001 : Cell area utilization is 2%
PHY-3001 : :::0::: Try harder cell spreading with beta_ = 0
PHY-3002 : Step(1): len = 153834, overlap = 0
PHY-3002 : Step(2): len = 92134, overlap = 0
PHY-3002 : Step(3): len = 64288.1, overlap = 0
PHY-3002 : Step(4): len = 49439, overlap = 1.9375
PHY-3002 : Step(5): len = 40974.3, overlap = 8.03125
PHY-3002 : Step(6): len = 33879.6, overlap = 12.375
PHY-3002 : Step(7): len = 29428.5, overlap = 15
PHY-3002 : Step(8): len = 27674.4, overlap = 14.8438
PHY-3002 : Step(9): len = 25897.5, overlap = 14.9062
PHY-3002 : Step(10): len = 24173, overlap = 11.4062
PHY-3002 : Step(11): len = 21784.9, overlap = 7.5625
PHY-3002 : Step(12): len = 21549.6, overlap = 5.21875
PHY-3002 : Step(13): len = 20513.1, overlap = 5.40625
PHY-3002 : Step(14): len = 19054.6, overlap = 10.1875
PHY-3002 : Step(15): len = 17904.7, overlap = 15.1875
PHY-3002 : Step(16): len = 17844, overlap = 17.2188
PHY-3002 : Step(17): len = 16637.3, overlap = 20.9688
PHY-3002 : Step(18): len = 16476.8, overlap = 22.0312
PHY-3002 : Step(19): len = 16248.5, overlap = 20.9688
PHY-3002 : Step(20): len = 15117.7, overlap = 22.5
PHY-3002 : Step(21): len = 14336.2, overlap = 22.3438
PHY-3002 : Step(22): len = 14684.1, overlap = 23.3438
PHY-3002 : Step(23): len = 14684.1, overlap = 23.3438
PHY-3001 : Legalization ...
PHY-3001 : End legalization;  0.003012s wall, 0.015625s user + 0.000000s system = 0.015625s CPU (518.7%)

PHY-3001 : Run with size of 4
PHY-3001 : Cell area utilization is 3%
PHY-3001 : :::0::: Try harder cell spreading with beta_ = 2.17252e-05
PHY-3002 : Step(24): len = 13478.3, overlap = 40.0312
PHY-3002 : Step(25): len = 13851.5, overlap = 39.5625
PHY-3002 : Step(26): len = 13851.5, overlap = 39.5625
PHY-3001 : :::1::: Try harder cell spreading with beta_ = 4.34505e-05
PHY-3002 : Step(27): len = 13360.3, overlap = 38.7188
PHY-3002 : Step(28): len = 13360.3, overlap = 38.7188
PHY-3001 : :::2::: Try harder cell spreading with beta_ = 8.6901e-05
PHY-3002 : Step(29): len = 14420.7, overlap = 37.875
PHY-3002 : Step(30): len = 14722.5, overlap = 37.8438
PHY-3002 : Step(31): len = 14749.4, overlap = 35.5625
PHY-3002 : Step(32): len = 14918.2, overlap = 35.3125
PHY-3002 : Step(33): len = 14287.4, overlap = 32.9688
PHY-3002 : Step(34): len = 14208.7, overlap = 14.4375
PHY-3002 : Step(35): len = 14303, overlap = 13.3438
PHY-3002 : Step(36): len = 14113.6, overlap = 14.0938
PHY-3001 : :::3::: Try harder cell spreading with beta_ = 0.000173802
PHY-3002 : Step(37): len = 13884.7, overlap = 13.8125
PHY-3002 : Step(38): len = 13866.8, overlap = 14.875
PHY-3002 : Step(39): len = 13859.5, overlap = 14.875
PHY-3001 : :::4::: Try harder cell spreading with beta_ = 0.000347604
PHY-3002 : Step(40): len = 13721.8, overlap = 16.9062
PHY-3002 : Step(41): len = 13721.8, overlap = 16.9062
PHY-3001 : Run with size of 2
PHY-3001 : Cell area utilization is 3%
PHY-3001 : :::0::: Try harder cell spreading with beta_ = 4.96317e-06
PHY-3002 : Step(42): len = 13719.5, overlap = 49.0625
PHY-3002 : Step(43): len = 13859.1, overlap = 49.25
PHY-3001 : :::1::: Try harder cell spreading with beta_ = 9.92635e-06
PHY-3002 : Step(44): len = 14534, overlap = 47.1562
PHY-3002 : Step(45): len = 14960.8, overlap = 47.2812
PHY-3001 : :::2::: Try harder cell spreading with beta_ = 1.98527e-05
PHY-3002 : Step(46): len = 16891, overlap = 49.625
PHY-3002 : Step(47): len = 17265.3, overlap = 49.0938
PHY-3002 : Step(48): len = 17195.6, overlap = 47.625
PHY-3002 : Step(49): len = 17307.3, overlap = 43.3438
PHY-3002 : Step(50): len = 17504.6, overlap = 32.0938
PHY-3001 : :::3::: Try harder cell spreading with beta_ = 3.97054e-05
PHY-3002 : Step(51): len = 19264.7, overlap = 28.8438
PHY-3002 : Step(52): len = 19644.8, overlap = 28.5
PHY-3002 : Step(53): len = 20228, overlap = 27.25
PHY-3001 : :::4::: Try harder cell spreading with beta_ = 7.94108e-05
PHY-3002 : Step(54): len = 21406.3, overlap = 24.0625
PHY-3002 : Step(55): len = 21809.1, overlap = 19.4375
PHY-3002 : Step(56): len = 21486.2, overlap = 20.4688
PHY-3002 : Step(57): len = 20968, overlap = 21.8438
PHY-3002 : Step(58): len = 20633.3, overlap = 24.3438
PHY-3002 : Step(59): len = 20466.8, overlap = 24.0625
PHY-3002 : Step(60): len = 19663.3, overlap = 27
PHY-3002 : Step(61): len = 19544.4, overlap = 26.8438
PHY-3002 : Step(62): len = 19710.5, overlap = 27.8125
PHY-3002 : Step(63): len = 19870.8, overlap = 27.6562
PHY-3002 : Step(64): len = 19899.2, overlap = 26.3438
PHY-3002 : Step(65): len = 19531.4, overlap = 29.75
PHY-3002 : Step(66): len = 18967.7, overlap = 30.625
PHY-3001 : :::5::: Try harder cell spreading with beta_ = 0.000158822
PHY-3002 : Step(67): len = 19778.3, overlap = 30.75
PHY-3002 : Step(68): len = 20050.3, overlap = 25.5312
PHY-3002 : Step(69): len = 20127.8, overlap = 25.7188
PHY-3001 : :::6::: Try harder cell spreading with beta_ = 0.000317643
PHY-3002 : Step(70): len = 20039.2, overlap = 23.1875
PHY-3002 : Step(71): len = 20063.6, overlap = 23.1562
PHY-3002 : Step(72): len = 20196.1, overlap = 23.2188
OPT-1001 : Start physical optimization ...
OPT-1001 : Total overflow 58.16 peak overflow 3.91
OPT-1001 : Start high-fanout net optimization ...
OPT-1001 : Update timing in global mode
PHY-1001 : Start incremental global routing, caller is place ...
RUN-1001 : Generating global routing grids ...
RUN-1001 : Building simple global routing graph ...
PHY-1001 : Generate routing nets ...
PHY-1001 : Reuse net number 0/943.
PHY-1001 : Global iterations in 16 thread ...
PHY-1002 : len = 22120, over cnt = 96(0%), over = 549, worst = 19
PHY-1001 : End global iterations;  0.034910s wall, 0.046875s user + 0.000000s system = 0.046875s CPU (134.3%)

PHY-1001 : Congestion index: top1 = 36.79, top5 = 13.66, top10 = 7.39, top15 = 4.93.
PHY-1001 : End incremental global routing;  0.081353s wall, 0.093750s user + 0.000000s system = 0.093750s CPU (115.2%)

RUN-1002 : start command "start_timer -report"
TMR-5001 WARNING: No sdc constraints found while initiating timer.
TMR-2505 : Start building timing graph for model audio_speak.
TMR-2506 : Build timing graph completely. Port num: 23, tpin num: 3614, tnet num: 941, tinst num: 691, tnode num: 4453, tedge num: 6474.
TMR-2508 : Levelizing timing graph completed, there are 49 levels in total.
TMR-2501 : Timing graph initialized successfully.
OPT-1001 : End timing update;  0.155217s wall, 0.156250s user + 0.000000s system = 0.156250s CPU (100.7%)

OPT-1001 : 0 high-fanout net processed.
OPT-1001 : End high-fanout net optimization;  0.246653s wall, 0.265625s user + 0.000000s system = 0.265625s CPU (107.7%)

OPT-1001 : Current memory(MB): used = 157, reserve = 127, peak = 157.
OPT-1001 : End physical optimization;  0.253493s wall, 0.265625s user + 0.000000s system = 0.265625s CPU (104.8%)

PHY-3001 : Start packing ...
SYN-4007 : Packing 0 MUX to BLE ...
SYN-4008 : Packed 0 MUX and 0 SEQ to BLE.
SYN-4007 : Packing 329 LUT to BLE ...
SYN-4008 : Packed 329 LUT and 142 SEQ to BLE.
SYN-4003 : Packing 72 remaining SEQ's ...
SYN-4005 : Packed 34 SEQ with LUT/SLICE
SYN-4006 : 159 single LUT's are left
SYN-4006 : 38 single SEQ's are left
SYN-4011 : Packing model "audio_speak" (AL_USER_NORMAL) with 367/517 primitive instances ...
PHY-3001 : End packing;  0.016878s wall, 0.015625s user + 0.000000s system = 0.015625s CPU (92.6%)

PHY-1001 : Populate physical database on model audio_speak.
RUN-1001 : There are total 350 instances
RUN-1001 : 159 mslices, 159 lslices, 25 pads, 0 brams, 0 dsps
RUN-1001 : There are total 805 nets
RUN-1001 : 417 nets have 2 pins
RUN-1001 : 296 nets have [3 - 5] pins
RUN-1001 : 49 nets have [6 - 10] pins
RUN-1001 : 26 nets have [11 - 20] pins
RUN-1001 : 15 nets have [21 - 99] pins
RUN-1001 : 2 nets have 100+ pins
PHY-3001 : design contains 348 instances, 318 slices, 17 macros(118 instances: 76 mslices 42 lslices)
PHY-3001 : Cell area utilization is 4%
PHY-3001 : After packing: Len = 20240.4, Over = 26
PHY-3001 : Run with size of 2
PHY-3001 : Cell area utilization is 4%
PHY-3001 : :::0::: Try harder cell spreading with beta_ = 2.07562e-05
PHY-3002 : Step(73): len = 19018.9, overlap = 27.75
PHY-3002 : Step(74): len = 18780.2, overlap = 28
PHY-3002 : Step(75): len = 18601.6, overlap = 29.25
PHY-3001 : :::1::: Try harder cell spreading with beta_ = 4.15125e-05
PHY-3002 : Step(76): len = 19617.2, overlap = 27.5
PHY-3002 : Step(77): len = 19855.8, overlap = 26.75
PHY-3002 : Step(78): len = 19884.3, overlap = 26.75
PHY-3001 : :::2::: Try harder cell spreading with beta_ = 8.30249e-05
PHY-3002 : Step(79): len = 20899.8, overlap = 22
PHY-3002 : Step(80): len = 21212.2, overlap = 21.75
PHY-3002 : Step(81): len = 21441.3, overlap = 21.25
PHY-3001 : Legalization ...
PHY-3001 : End legalization;  0.067779s wall, 0.078125s user + 0.203125s system = 0.281250s CPU (415.0%)

PHY-3001 : Trial Legalized: Len = 28669.5
PHY-3001 : Run with size of 2
PHY-3001 : Cell area utilization is 4%
PHY-3001 : :::0::: Try harder cell spreading with beta_ = 0.00332401
PHY-3002 : Step(82): len = 27663.4, overlap = 1.5
PHY-3002 : Step(83): len = 26881.3, overlap = 2.5
PHY-3002 : Step(84): len = 25026.9, overlap = 3.25
PHY-3002 : Step(85): len = 24714.4, overlap = 4.25
PHY-3002 : Step(86): len = 24654.9, overlap = 4.5
PHY-3002 : Step(87): len = 24326, overlap = 6.5
PHY-3002 : Step(88): len = 24096, overlap = 6.5
PHY-3002 : Step(89): len = 23931.7, overlap = 5
PHY-3002 : Step(90): len = 23823.7, overlap = 5
PHY-3002 : Step(91): len = 23770.1, overlap = 6.75
PHY-3001 : :::1::: Try harder cell spreading with beta_ = 0.00664801
PHY-3002 : Step(92): len = 23813.2, overlap = 7
PHY-3002 : Step(93): len = 23834.3, overlap = 7
PHY-3001 : :::2::: Try harder cell spreading with beta_ = 0.013296
PHY-3002 : Step(94): len = 23802.2, overlap = 7.25
PHY-3002 : Step(95): len = 23776.1, overlap = 7.25
PHY-3001 : Legalization ...
PHY-3001 : End legalization;  0.004172s wall, 0.000000s user + 0.000000s system = 0.000000s CPU (n/a%)

PHY-3001 : Legalized: Len = 26000.9, Over = 0
PHY-3001 : End spreading;  0.002496s wall, 0.015625s user + 0.000000s system = 0.015625s CPU (626.0%)

PHY-3001 : Final: Len = 26000.9, Over = 0
OPT-1001 : Start physical optimization ...
OPT-1001 : Total overflow 0.00 peak overflow 0.00
OPT-1001 : Start high-fanout net optimization ...
OPT-1001 : Update timing in global mode
PHY-1001 : Start incremental global routing, caller is place ...
RUN-1001 : Generating global routing grids ...
PHY-1001 : Generate routing nets ...
PHY-1001 : Reuse net number 45/805.
PHY-1001 : Global iterations in 16 thread ...
PHY-1002 : len = 31080, over cnt = 111(0%), over = 193, worst = 7
PHY-1002 : len = 32512, over cnt = 27(0%), over = 28, worst = 2
PHY-1002 : len = 32864, over cnt = 4(0%), over = 4, worst = 1
PHY-1002 : len = 32896, over cnt = 1(0%), over = 1, worst = 1
PHY-1002 : len = 32928, over cnt = 0(0%), over = 0, worst = 0
PHY-1001 : End global iterations;  0.073711s wall, 0.109375s user + 0.031250s system = 0.140625s CPU (190.8%)

PHY-1001 : Congestion index: top1 = 30.19, top5 = 18.39, top10 = 10.51, top15 = 7.15.
PHY-1001 : End incremental global routing;  0.124079s wall, 0.156250s user + 0.031250s system = 0.187500s CPU (151.1%)

RUN-1002 : start command "start_timer -report"
TMR-5001 WARNING: No sdc constraints found while initiating timer.
TMR-2505 : Start building timing graph for model audio_speak.
TMR-2506 : Build timing graph completely. Port num: 23, tpin num: 3153, tnet num: 803, tinst num: 348, tnode num: 3755, tedge num: 5933.
TMR-2508 : Levelizing timing graph completed, there are 47 levels in total.
TMR-2501 : Timing graph initialized successfully.
OPT-1001 : End timing update;  0.130817s wall, 0.125000s user + 0.000000s system = 0.125000s CPU (95.6%)

OPT-1001 : 0 high-fanout net processed.
OPT-1001 : End high-fanout net optimization;  0.264873s wall, 0.296875s user + 0.031250s system = 0.328125s CPU (123.9%)

OPT-1001 : Current memory(MB): used = 160, reserve = 130, peak = 160.
OPT-1001 : Update timing in Manhattan mode
OPT-1001 : End timing update;  0.000733s wall, 0.000000s user + 0.000000s system = 0.000000s CPU (n/a%)

OPT-1001 : Start pin optimization...
OPT-1001 : skip pin optimization...
RUN-1001 : Generating global routing grids ...
PHY-1001 : Generate routing nets ...
PHY-1001 : Reuse net number 681/805.
PHY-1001 : Global iterations in 16 thread ...
PHY-1002 : len = 32928, over cnt = 0(0%), over = 0, worst = 0
PHY-1001 : End global iterations;  0.002284s wall, 0.000000s user + 0.000000s system = 0.000000s CPU (n/a%)

PHY-1001 : Congestion index: top1 = 30.19, top5 = 18.39, top10 = 10.51, top15 = 7.15.
OPT-1001 : Update timing in Manhattan mode
OPT-1001 : End timing update;  0.001165s wall, 0.000000s user + 0.000000s system = 0.000000s CPU (n/a%)

RUN-1001 : QoR Analysis:
OPT-0007 :   WNS 2147483647 TNS 0 NUM_FEPS 0
RUN-1001 :   No local congestion issue, and most congested 1% tile average routing util is 29.758621
RUN-1001 :   Top critical paths
OPT-1001 : End physical optimization;  0.324165s wall, 0.328125s user + 0.031250s system = 0.359375s CPU (110.9%)

RUN-1003 : finish command "place" in  2.617292s wall, 4.109375s user + 3.265625s system = 7.375000s CPU (281.8%)

RUN-1004 : used memory is 144 MB, reserved memory is 114 MB, peak memory is 161 MB
RUN-1002 : start command "export_db ES8388_place.db"
RUN-1001 : Exported /
RUN-1001 : Exported flow parameters
RUN-1001 : Exported libs
RUN-1001 : Exported entities
RUN-1001 : Exported ports
RUN-1001 : Exported pins
RUN-1001 : Exported instances
RUN-1001 : Exported nets
RUN-1001 : Exported buses
RUN-1001 : Exported models
RUN-1001 : Exported congestions
RUN-1001 : Exported violations
RUN-1001 : Exported IO constraints
RUN-1001 : Exported Inst constraints
RUN-1002 : start command "route"
RUN-1001 : Open license file D:/1.career/Anlogic/TD5.6.2/license/Anlogic.lic
RUN-1001 : Print Global Property
RUN-1001 : ---------------------------------------------------------------
RUN-1001 :        Parameters        |  Settings  |  Default Values  |  Note  
RUN-1001 : ---------------------------------------------------------------
RUN-1001 :          message         |  standard  |     standard     |        
RUN-1001 :   mixed_pack_place_flow  |     on     |        on        |        
RUN-1001 :        qor_monitor       |    off     |       off        |        
RUN-1001 :        syn_ip_flow       |    off     |       off        |        
RUN-1001 :          thread          |    auto    |       auto       |        
RUN-1001 : ---------------------------------------------------------------
RUN-1001 : Print Route Property
RUN-1001 : -------------------------------------------------------
RUN-1001 :    Parameters    |  Settings  |  Default Values  |  Note  
RUN-1001 : -------------------------------------------------------
RUN-1001 :      effort      |   medium   |      medium      |        
RUN-1001 :     fix_hold     |    off     |       off        |        
RUN-1001 :    opt_timing    |   medium   |      medium      |        
RUN-1001 :   phy_sim_model  |    off     |       off        |        
RUN-1001 :     priority     |   timing   |      timing      |        
RUN-1001 :     swap_pin     |     on     |        on        |        
RUN-1001 : -------------------------------------------------------
PHY-1001 : Route runs in 16 thread(s)
RUN-1001 : There are total 350 instances
RUN-1001 : 159 mslices, 159 lslices, 25 pads, 0 brams, 0 dsps
RUN-1001 : There are total 805 nets
RUN-1001 : 417 nets have 2 pins
RUN-1001 : 296 nets have [3 - 5] pins
RUN-1001 : 49 nets have [6 - 10] pins
RUN-1001 : 26 nets have [11 - 20] pins
RUN-1001 : 15 nets have [21 - 99] pins
RUN-1001 : 2 nets have 100+ pins
RUN-1002 : start command "start_timer -report"
TMR-5001 WARNING: No sdc constraints found while initiating timer.
TMR-2505 : Start building timing graph for model audio_speak.
TMR-2506 : Build timing graph completely. Port num: 23, tpin num: 3153, tnet num: 803, tinst num: 348, tnode num: 3755, tedge num: 5933.
TMR-2508 : Levelizing timing graph completed, there are 47 levels in total.
TMR-2501 : Timing graph initialized successfully.
PHY-1001 : 159 mslices, 159 lslices, 25 pads, 0 brams, 0 dsps
TMR-2503 : Start to update net delay, extr mode = 3.
TMR-2504 : Update delay of 803 nets completely.
TMR-2502 : Annotate delay completely, extr mode = 3.
TMR-3002 : No user constraint, initiate default constraint.
TMR-1501 : Assign derive clock DeriveClock to 286 clock pins, and constraint 599 relative nodes.
TMR-3003 : Constraints initiated successfully.
TMR-3501 : Forward propagation: start to calculate arrival time...
TMR-3502 : Backward propagation: start to calculate required time...
TMR-3503 : Timing propagation completes.
PHY-1001 : Start global routing, caller is route ...
RUN-1001 : Generating global routing grids ...
PHY-1001 : Generate routing nets ...
PHY-1001 : Global iterations in 16 thread ...
PHY-1002 : len = 30896, over cnt = 113(0%), over = 196, worst = 7
PHY-1002 : len = 32064, over cnt = 46(0%), over = 65, worst = 5
PHY-1002 : len = 32920, over cnt = 0(0%), over = 0, worst = 0
PHY-1001 : End global iterations;  0.062527s wall, 0.109375s user + 0.046875s system = 0.156250s CPU (249.9%)

PHY-1001 : Congestion index: top1 = 29.98, top5 = 18.38, top10 = 10.50, top15 = 7.14.
PHY-1001 : End global routing;  0.107286s wall, 0.156250s user + 0.046875s system = 0.203125s CPU (189.3%)

PHY-1001 : Start detail routing ...
PHY-1001 : Current memory(MB): used = 186, reserve = 156, peak = 200.
PHY-1001 : Detailed router is running in normal mode.
PHY-1001 : Generate detailed routing grids ...
PHY-1001 : Processed IO instance aud_dacdat_syn_4 with INV attribute.
PHY-1001 : Generate nets ...
PHY-1001 : clock net aud_bclk_syn_4 will be merged with clock aud_bclk_dup_1
PHY-1001 : net aud_mclk_dup_1 will be routed on clock mesh
PHY-1001 : net sys_clk_dup_1 will be routed on clock mesh
PHY-1001 : clock net u_pll_clk/clk0_out will be merged with clock u_pll_clk/clk0_buf
PHY-1001 : clock net u_es8388_ctrl/u_es8388_config/u_i2c_dri/dri_clk_syn_4 will be merged with clock u_es8388_ctrl/u_es8388_config/u_i2c_dri/dri_clk
PHY-1001 : Current memory(MB): used = 453, reserve = 428, peak = 453.
PHY-1001 : End build detailed router design. 2.674269s wall, 2.531250s user + 0.062500s system = 2.593750s CPU (97.0%)

PHY-1001 : Detail Route ...
PHY-1001 : ===== Detail Route Phase 1 =====
PHY-1001 : Clock net routing.....
PHY-1001 : Routed 0% nets.
PHY-1022 : len = 10264, over cnt = 0(0%), over = 0, worst = 0, crit = 0
PHY-1001 : End initial clock net routed; 0.897022s wall, 0.890625s user + 0.000000s system = 0.890625s CPU (99.3%)

PHY-1001 : Current memory(MB): used = 485, reserve = 462, peak = 485.
PHY-1001 : End phase 1; 0.899533s wall, 0.890625s user + 0.000000s system = 0.890625s CPU (99.0%)

PHY-1001 : ===== Detail Route Phase 2 =====
PHY-1001 : Initial routing.....
PHY-1001 : Routed 32% nets.
PHY-1001 : Routed 38% nets.
PHY-1001 : Routed 48% nets.
PHY-1001 : Routed 61% nets.
PHY-1001 : Routed 83% nets.
PHY-1022 : len = 120112, over cnt = 25(0%), over = 25, worst = 1, crit = 0
PHY-1001 : Current memory(MB): used = 485, reserve = 462, peak = 485.
PHY-1001 : End initial routed; 0.748018s wall, 0.953125s user + 0.062500s system = 1.015625s CPU (135.8%)

PHY-1001 : Current memory(MB): used = 485, reserve = 462, peak = 485.
PHY-1001 : End phase 2; 0.748070s wall, 0.953125s user + 0.062500s system = 1.015625s CPU (135.8%)

PHY-1001 : ===== Detail Route Phase 3 =====
PHY-1001 : Ripup-reroute.....
PHY-1001 : ===== DR Iter 1 =====
PHY-1022 : len = 119904, over cnt = 4(0%), over = 4, worst = 1, crit = 0
PHY-1001 : End DR Iter 1; 0.012783s wall, 0.015625s user + 0.000000s system = 0.015625s CPU (122.2%)

PHY-1001 : ===== DR Iter 2 =====
PHY-1022 : len = 119848, over cnt = 0(0%), over = 0, worst = 0, crit = 0
PHY-1001 : End DR Iter 2; 0.010538s wall, 0.015625s user + 0.000000s system = 0.015625s CPU (148.3%)

PHY-1001 : Commit to database.....
PHY-1001 : 3 feed throughs used by 3 nets
PHY-1001 : End commit to database; 0.075307s wall, 0.078125s user + 0.000000s system = 0.078125s CPU (103.7%)

PHY-1001 : Current memory(MB): used = 497, reserve = 472, peak = 497.
PHY-1001 : End phase 3; 0.196198s wall, 0.187500s user + 0.000000s system = 0.187500s CPU (95.6%)

PHY-1003 : Routed, final wirelength = 119848
PHY-1001 : Current memory(MB): used = 497, reserve = 472, peak = 497.
PHY-1001 : End export database. 0.004984s wall, 0.015625s user + 0.000000s system = 0.015625s CPU (313.5%)

PHY-1001 : End detail routing;  4.687902s wall, 4.718750s user + 0.140625s system = 4.859375s CPU (103.7%)

RUN-1003 : finish command "route" in  4.984821s wall, 5.062500s user + 0.187500s system = 5.250000s CPU (105.3%)

RUN-1004 : used memory is 435 MB, reserved memory is 410 MB, peak memory is 497 MB
RUN-1002 : start command "report_area -io_info -file ES8388_phy.area"
RUN-1001 : standard
***Report Model: audio_speak Device: EG4S20BG256***

IO Statistics
#IO                        25
  #input                   12
  #output                  12
  #inout                    1

Utilization Statistics
#lut                      579   out of  19600    2.95%
#reg                      229   out of  19600    1.17%
#le                       617
  #lut only               388   out of    617   62.88%
  #reg only                38   out of    617    6.16%
  #lut&reg                191   out of    617   30.96%
#dsp                        0   out of     29    0.00%
#bram                       0   out of     64    0.00%
  #bram9k                   0
  #fifo9k                   0
#bram32k                    0   out of     16    0.00%
#pad                       25   out of    188   13.30%
  #ireg                     4
  #oreg                     3
  #treg                     1
#pll                        1   out of      4   25.00%
#gclk                       3   out of     16   18.75%

Clock Resource Statistics
Index     ClockNet                                           Type               DriverType         Driver                                                          Fanout
#1        aud_bclk_dup_1                                     GCLK               io                 aud_bclk_syn_2.di                                               83
#2        u_es8388_ctrl/u_es8388_config/u_i2c_dri/dri_clk    GCLK               mslice             u_es8388_ctrl/u_es8388_config/u_i2c_dri/dri_clk_reg_syn_9.q1    48
#3        sys_clk_dup_1                                      GCLK               io                 sys_clk_syn_2.di                                                13
#4        aud_mclk_dup_1                                     GCLK               pll                u_pll_clk/pll_inst.clkc1                                        0
#5        u_pll_clk/clk0_buf                                 GCLK               pll                u_pll_clk/pll_inst.clkc0                                        0


Detailed IO Report

       Name          Direction    Location    IOStandard    DriveStrength    PullType     PackReg   
    aud_adcdat         INPUT        R14        LVCMOS25          N/A          PULLUP       IREG     
     aud_bclk          INPUT         M6        LVCMOS25          N/A          PULLUP       NONE     
      aud_lrc          INPUT         M7        LVCMOS25          N/A          PULLUP       IREG     
   sw_bass_down        INPUT        A10        LVCMOS25          N/A          PULLUP       NONE     
    sw_bass_up         INPUT        B10        LVCMOS25          N/A          PULLUP       NONE     
  sw_treble_down       INPUT        A11        LVCMOS25          N/A          PULLUP       NONE     
   sw_treble_up        INPUT        A12        LVCMOS25          N/A          PULLUP       NONE     
    switch_mute        INPUT        A14        LVCMOS25          N/A          PULLUP       NONE     
      sys_clk          INPUT         R7        LVCMOS25          N/A          PULLUP       NONE     
     sys_rst_n         INPUT         A9        LVCMOS25          N/A          PULLUP       NONE     
     volume[1]         INPUT        A13        LVCMOS25          N/A          PULLUP       IREG     
     volume[0]         INPUT        B12        LVCMOS25          N/A          PULLUP       IREG     
    aud_dacdat        OUTPUT         P6        LVCMOS25           8            NONE        OREG     
     aud_mclk         OUTPUT         N5        LVCMOS25           8            NONE        NONE     
      aud_scl         OUTPUT        R12        LVCMOS25           8            NONE        OREG     
      ilaclk          OUTPUT         T5        LVCMOS25           8            NONE        NONE     
        led           OUTPUT        B14        LVCMOS25           8            NONE        NONE     
   led_bass_down      OUTPUT        B15        LVCMOS25           8            NONE        NONE     
    led_bass_up       OUTPUT        B16        LVCMOS25           8            NONE        NONE     
     led_mute         OUTPUT        F16        LVCMOS25           8            NONE        NONE     
  led_treble_down     OUTPUT        C15        LVCMOS25           8            NONE        NONE     
   led_treble_up      OUTPUT        C16        LVCMOS25           8            NONE        NONE     
    led_vol[1]        OUTPUT        E16        LVCMOS25           8            NONE        NONE     
    led_vol[0]        OUTPUT        E13        LVCMOS25           8            NONE        NONE     
      aud_sda          INOUT         R9        LVCMOS25           8           PULLUP     OREG;TREG  

Report Hierarchy Area:
+----------------------------------------------------------------------------------------+
|Instance            |Module        |le     |lut     |ripple  |seq     |bram    |dsp     |
+----------------------------------------------------------------------------------------+
|top                 |audio_speak   |617    |461     |118     |237     |0       |0       |
|  u_audio_eq        |audio_eq      |256    |147     |81      |72      |0       |0       |
|  u_es8388_ctrl     |es8388_ctrl   |350    |308     |32      |149     |0       |0       |
|    u_audio_receive |audio_receive |92     |70      |12      |54      |0       |0       |
|    u_audio_send    |audio_send    |41     |41      |0       |24      |0       |0       |
|    u_es8388_config |es8388_config |217    |197     |20      |71      |0       |0       |
|      u_i2c_dri     |i2c_dri       |136    |126     |10      |42      |0       |0       |
|      u_i2c_reg_cfg |i2c_reg_cfg   |81     |71      |10      |29      |0       |0       |
|  u_pll_clk         |clk_wiz_0     |1      |1       |0       |0       |0       |0       |
+----------------------------------------------------------------------------------------+


DataNet Average Fanout:

   Index     Fanout     Nets  
    #1          1       390   
    #2          2       213   
    #3          3        64   
    #4          4        19   
    #5        5-10       51   
    #6        11-50      35   
    #7       101-500     1    
  Average     2.82            

RUN-1002 : start command "export_db ES8388_pr.db"
RUN-1001 : Exported /
RUN-1001 : Exported flow parameters
RUN-1001 : Exported libs
RUN-1001 : Exported entities
RUN-1001 : Exported ports
RUN-1001 : Exported pins
RUN-1001 : Exported instances
RUN-1001 : Exported nets
RUN-1001 : Exported buses
RUN-1001 : Exported models
RUN-1001 : Exported congestions
RUN-1001 : Exported violations
RUN-1001 : Exported IO constraints
RUN-1001 : Exported Inst constraints
RUN-1002 : start command "export_bid ES8388_inst.bid"
RUN-1002 : start command "bitgen -bit ES8388.bit -unused_io_status pulldown"
BIT-1003 : Start to generate bitstream. 
BIT-1002 : Bitgen processed 163 unused pads, reserve input tri_state with pulldown
BIT-1002 : Init instances with 16 threads.
BIT-1002 : Init instances completely, inst num: 511
BIT-1002 : Init pips with 16 threads.
BIT-1002 : Init pips completely, net num: 805, pip num: 7677
BIT-1002 : Init feedthrough completely, num: 3
BIT-1003 : Multithreading accelaration with 16 threads.
BIT-1003 : Generate bitstream completely, there are 1286 valid insts, and 22234 bits set as '1'.
BIT-1004 : PLL setting string = 0010
BIT-1004 : Generate bits file ES8388.bit.
RUN-1003 : finish command "bitgen -bit ES8388.bit -unused_io_status pulldown" in  1.122405s wall, 10.843750s user + 0.078125s system = 10.921875s CPU (973.1%)

RUN-1004 : used memory is 435 MB, reserved memory is 416 MB, peak memory is 633 MB
RUN-1002 : start command "backup_run_log run.log ../.logs/phy_1/td_20251124_181925.log"
