============================================================
   Tang Dynasty, V5.6.71036
      Copyright (c) 2012-2023 Anlogic Inc.
   Executable = D:/1.career/Anlogic/TD5.6.2/bin/td.exe
   Built at =   20:34:38 Mar 21 2023
   Run by =     tamochi
   Run Date =   Mon Nov 24 19:37:32 2025

   Run on =     TAMOWIN
============================================================
RUN-1002 : start command "open_project ES8388.prj"
RUN-1001 : Print Global Property
RUN-1001 : ---------------------------------------------------------------
RUN-1001 :        Parameters        |  Settings  |  Default Values  |  Note  
RUN-1001 : ---------------------------------------------------------------
RUN-1001 :          message         |  standard  |     standard     |        
RUN-1001 :   mixed_pack_place_flow  |     on     |        on        |        
RUN-1001 :        qor_monitor       |    off     |       off        |        
RUN-1001 :        syn_ip_flow       |    off     |       off        |        
RUN-1001 :          thread          |    auto    |       auto       |        
RUN-1001 : ---------------------------------------------------------------
RUN-1001 : Print Design Property
RUN-1001 : --------------------------------------------------------------
RUN-1001 :        Parameters       |  Settings  |  Default Values  |  Note  
RUN-1001 : --------------------------------------------------------------
RUN-1001 :   default_reg_initial   |    auto    |       auto       |        
RUN-1001 :        infer_add        |     on     |        on        |        
RUN-1001 :        infer_fsm        |    off     |       off        |        
RUN-1001 :        infer_mult       |     on     |        on        |        
RUN-1001 :        infer_ram        |     on     |        on        |        
RUN-1001 :        infer_reg        |     on     |        on        |        
RUN-1001 :   infer_reg_init_value  |     on     |        on        |        
RUN-1001 :        infer_rom        |     on     |        on        |        
RUN-1001 :      infer_shifter      |     on     |        on        |        
RUN-1001 : --------------------------------------------------------------
RUN-1001 : Print Rtl Property
RUN-1001 : --------------------------------------------------------------
RUN-1001 :        Parameters       |  Settings  |  Default Values  |  Note  
RUN-1001 : --------------------------------------------------------------
RUN-1001 :       compress_add      |   ripple   |      ripple      |        
RUN-1001 :        elf_sload        |    off     |       off        |        
RUN-1001 :       fix_undriven      |     0      |        0         |        
RUN-1001 :         flatten         |    off     |       off        |        
RUN-1001 :       gate_sharing      |     on     |        on        |        
RUN-1001 :    hdl_warning_level    |   normal   |      normal      |        
RUN-1001 :   impl_internal_tribuf  |     on     |        on        |        
RUN-1001 :      impl_set_reset     |     on     |        on        |        
RUN-1001 :        infer_gsr        |    off     |       off        |        
RUN-1001 :      keep_hierarchy     |    auto    |       auto       |        
RUN-1001 :        max_fanout       |    9999    |       9999       |        
RUN-1001 :      max_oh2bin_len     |     10     |        10        |        
RUN-1001 :       merge_equal       |     on     |        on        |        
RUN-1001 :       merge_equiv       |     on     |        on        |        
RUN-1001 :        merge_mux        |    off     |       off        |        
RUN-1001 :     min_control_set     |     8      |        8         |        
RUN-1001 :      min_ripple_len     |    auto    |       auto       |        
RUN-1001 :       oh2bin_ratio      |    0.08    |       0.08       |        
RUN-1001 :     opt_adder_fanout    |     on     |        on        |        
RUN-1001 :        opt_arith        |     on     |        on        |        
RUN-1001 :       opt_big_gate      |    off     |       off        |        
RUN-1001 :        opt_const        |     on     |        on        |        
RUN-1001 :      opt_const_mult     |     on     |        on        |        
RUN-1001 :       opt_lessthan      |     on     |        on        |        
RUN-1001 :         opt_mux         |    off     |       off        |        
RUN-1001 :         opt_ram         |    high    |       high       |        
RUN-1001 :      rtl_sim_model      |    off     |       off        |        
RUN-1001 :         seq_syn         |     on     |        on        |        
RUN-1001 : --------------------------------------------------------------
HDL-1007 : analyze verilog file ../../al_ip/clk_wiz_0.v
HDL-1007 : undeclared symbol 'open', assumed default net type 'wire' in ../../al_ip/clk_wiz_0.v(80)
HDL-1007 : analyze verilog file ../../../RTL/audio_receive.v
HDL-1007 : analyze verilog file ../../../RTL/audio_send.v
HDL-1007 : analyze verilog file ../../../RTL/audio_speak.v
HDL-1007 : undeclared symbol 'chipwatcherclk', assumed default net type 'wire' in ../../../RTL/audio_speak.v(64)
HDL-1007 : analyze verilog file ../../../RTL/es8388_config.v
HDL-1007 : analyze verilog file ../../../RTL/es8388_ctrl.v
HDL-1007 : analyze verilog file ../../../RTL/i2c_dri.v
HDL-1007 : analyze verilog file ../../../RTL/i2c_reg_cfg.v
HDL-1007 : analyze verilog file ../../../RTL/audio_eq.v
HDL-1007 : analyze verilog file ../../../RTL/audio_led_visualizer.v
RUN-1001 : Project manager successfully analyzed 10 source files.
RUN-1002 : start command "import_device eagle_s20.db -package EG4S20BG256"
ARC-1001 : Device Initialization.
ARC-1001 : ------------------------------------------------------------------
ARC-1001 :            OPTION            |          IO          |   SETTING   
ARC-1001 : ------------------------------------------------------------------
ARC-1001 :   cso_b/cclk/mosi/miso/dout  |  T3/R11/T10/P10/S11  |    gpio    
ARC-1001 :             done             |         P13          |    gpio    
ARC-1001 :           program_b          |          T2          |  dedicate  
ARC-1001 :        tdi/tms/tck/tdo       |   C12/A15/C14/E14    |  dedicate  
ARC-1001 : ------------------------------------------------------------------
ARC-1004 : Device setting, marked 5 dedicate IOs in total.
RUN-1002 : start command "import_db ../syn_1/ES8388_gate.db"
RUN-1001 : Importing database generated by Tang Dynasty, V5.6.71036.
RUN-1001 : Database version number 46146.
RUN-1001 : Import flow parameters
RUN-1001 : Import IO constraints
RUN-1001 : Import Inst constraints
RUN-1001 : Import design success TD_VERSION=5.6.71036 , DB_VERSION=46146
RUN-1002 : start command "place"
RUN-1001 : Open license file D:/1.career/Anlogic/TD5.6.2/license/Anlogic.lic
RUN-1001 : Print Global Property
RUN-1001 : ---------------------------------------------------------------
RUN-1001 :        Parameters        |  Settings  |  Default Values  |  Note  
RUN-1001 : ---------------------------------------------------------------
RUN-1001 :          message         |  standard  |     standard     |        
RUN-1001 :   mixed_pack_place_flow  |     on     |        on        |        
RUN-1001 :        qor_monitor       |    off     |       off        |        
RUN-1001 :        syn_ip_flow       |    off     |       off        |        
RUN-1001 :          thread          |    auto    |       auto       |        
RUN-1001 : ---------------------------------------------------------------
RUN-1001 : Print Place Property
RUN-1001 : --------------------------------------------------------------
RUN-1001 :        Parameters       |  Settings  |  Default Values  |  Note  
RUN-1001 : --------------------------------------------------------------
RUN-1001 :      detailed_place     |     on     |        on        |        
RUN-1001 :          effort         |   medium   |      medium      |        
RUN-1001 :         fix_hold        |    off     |       off        |        
RUN-1001 :       legalization      |    ori     |       ori        |        
RUN-1001 :      new_spreading      |     on     |        on        |        
RUN-1001 :        opt_timing       |   medium   |      medium      |        
RUN-1001 :   post_clock_route_opt  |    off     |       off        |        
RUN-1001 :       pr_strategy       |     1      |        1         |        
RUN-1001 :        relaxation       |    1.00    |       1.00       |        
RUN-1001 :         retiming        |    off     |       off        |        
RUN-1001 : --------------------------------------------------------------
PHY-3001 : Placer runs in 16 thread(s).
RUN-1002 : start command "legalize_phy_inst"
SYN-1011 : Flatten model audio_speak
RUN-1002 : start command "phys_opt -simplify_lut"
SYN-4016 : Net u_pll_clk/clk0_out driven by BUFG (0 clock/control pins, 1 other pins).
SYN-4027 : Net aud_mclk_dup_1 is clkc1 of pll u_pll_clk/pll_inst.
SYN-4019 : Net sys_clk_dup_1 is refclk of pll u_pll_clk/pll_inst.
SYN-4020 : Net sys_clk_dup_1 is fbclk of pll u_pll_clk/pll_inst.
SYN-4024 : Net "aud_bclk_dup_1" drives clk pins.
SYN-4024 : Net "u_es8388_ctrl/u_es8388_config/u_i2c_dri/dri_clk" drives clk pins.
SYN-4025 : Tag rtl::Net aud_bclk_dup_1 as clock net
SYN-4025 : Tag rtl::Net aud_mclk_dup_1 as clock net
SYN-4025 : Tag rtl::Net sys_clk_dup_1 as clock net
SYN-4025 : Tag rtl::Net u_es8388_ctrl/u_es8388_config/u_i2c_dri/dri_clk as clock net
SYN-4025 : Tag rtl::Net u_pll_clk/clk0_out as clock net
SYN-4026 : Tagged 5 rtl::Net as clock net
SYN-4015 : Create BUFG instance for clk Net aud_bclk_dup_1 to drive 153 clock pins.
SYN-4015 : Create BUFG instance for clk Net u_es8388_ctrl/u_es8388_config/u_i2c_dri/dri_clk to drive 64 clock pins.
PHY-1001 : Populate physical database on model audio_speak.
RUN-1001 : There are total 1020 instances
RUN-0007 : 439 luts, 290 seqs, 164 mslices, 94 lslices, 26 pads, 0 brams, 0 dsps
RUN-1001 : There are total 1348 nets
RUN-1001 : 878 nets have 2 pins
RUN-1001 : 345 nets have [3 - 5] pins
RUN-1001 : 52 nets have [6 - 10] pins
RUN-1001 : 44 nets have [11 - 20] pins
RUN-1001 : 25 nets have [21 - 99] pins
RUN-1001 : 4 nets have 100+ pins
RUN-1001 : Report Control nets information:
RUN-1001 : DFF Distribution
RUN-1001 : ----------------------------------
RUN-1001 :   CE   |  SSR  |  ASR  |  DFF Count  
RUN-1001 : ----------------------------------
RUN-1001 :   No   |  No   |  No   |      0      
RUN-1001 :   No   |  No   |  Yes  |     134     
RUN-1001 :   No   |  Yes  |  No   |      0      
RUN-1001 :   Yes  |  No   |  No   |      8      
RUN-1001 :   Yes  |  No   |  Yes  |     148     
RUN-1001 :   Yes  |  Yes  |  No   |      0      
RUN-1001 : ----------------------------------
RUN-0007 : Control Group Statistic
RUN-0007 : ---------------------------
RUN-0007 :   #CLK  |  #CE  |  #SSR/ASR  
RUN-0007 : ---------------------------
RUN-0007 :    3    |   9   |     2      
RUN-0007 : ---------------------------
RUN-0007 : Control Set = 11
PHY-3001 : Initial placement ...
PHY-3001 : design contains 1018 instances, 439 luts, 290 seqs, 258 slices, 33 macros(258 instances: 164 mslices 94 lslices)
PHY-0007 : Cell area utilization is 4%
PHY-3001 : Global placement ...
PHY-3001 : Initial: Len = 304417
PHY-3001 : Clustering ...
PHY-3001 : Level 0 #clusters 1018.
PHY-3001 : End clustering;  0.000015s wall, 0.000000s user + 0.000000s system = 0.000000s CPU (n/a%)

PHY-3001 : Run with size of 4
PHY-3001 : Cell area utilization is 4%
PHY-3001 : :::0::: Try harder cell spreading with beta_ = 0
PHY-3002 : Step(1): len = 202284, overlap = 0
PHY-3002 : Step(2): len = 128495, overlap = 0
PHY-3002 : Step(3): len = 96373, overlap = 0
PHY-3002 : Step(4): len = 79396.8, overlap = 0.09375
PHY-3002 : Step(5): len = 66522, overlap = 1.625
PHY-3002 : Step(6): len = 57611.5, overlap = 0.53125
PHY-3002 : Step(7): len = 54185.7, overlap = 0
PHY-3002 : Step(8): len = 49776.7, overlap = 0
PHY-3002 : Step(9): len = 42580.1, overlap = 0.4375
PHY-3002 : Step(10): len = 39379.4, overlap = 6.875
PHY-3002 : Step(11): len = 36942.1, overlap = 16.7812
PHY-3002 : Step(12): len = 34005.5, overlap = 22.3438
PHY-3002 : Step(13): len = 31574.1, overlap = 12.4375
PHY-3002 : Step(14): len = 29523.5, overlap = 10.4688
PHY-3002 : Step(15): len = 26529.5, overlap = 14.9375
PHY-3002 : Step(16): len = 26686.8, overlap = 17.4062
PHY-3002 : Step(17): len = 26039.4, overlap = 35.9062
PHY-3001 : :::1::: Try harder cell spreading with beta_ = 9.05283e-05
PHY-3002 : Step(18): len = 25528.7, overlap = 12.8438
PHY-3002 : Step(19): len = 24819.2, overlap = 12.625
PHY-3002 : Step(20): len = 24191.9, overlap = 12.2188
PHY-3002 : Step(21): len = 24221.1, overlap = 10.5
PHY-3002 : Step(22): len = 24959.2, overlap = 10.8438
PHY-3002 : Step(23): len = 25222.9, overlap = 12.1562
PHY-3002 : Step(24): len = 25683.2, overlap = 13.125
PHY-3002 : Step(25): len = 23531.8, overlap = 8
PHY-3002 : Step(26): len = 22042.8, overlap = 8.78125
PHY-3002 : Step(27): len = 21780.1, overlap = 11.2188
PHY-3002 : Step(28): len = 21119, overlap = 16.125
PHY-3002 : Step(29): len = 20997, overlap = 17.2188
PHY-3002 : Step(30): len = 20588.5, overlap = 17.7188
PHY-3002 : Step(31): len = 20649.4, overlap = 18.25
PHY-3002 : Step(32): len = 20139.5, overlap = 12.7188
PHY-3001 : :::2::: Try harder cell spreading with beta_ = 0.000181057
PHY-3002 : Step(33): len = 19817, overlap = 12.25
PHY-3002 : Step(34): len = 19556.4, overlap = 11.9375
PHY-3001 : :::3::: Try harder cell spreading with beta_ = 0.000362113
PHY-3002 : Step(35): len = 19547.7, overlap = 12.0312
PHY-3002 : Step(36): len = 19776.8, overlap = 12.2188
PHY-3001 : Legalization ...
PHY-3001 : End legalization;  0.002785s wall, 0.015625s user + 0.000000s system = 0.015625s CPU (561.0%)

PHY-3001 : Run with size of 4
PHY-3001 : Cell area utilization is 6%
PHY-3001 : :::0::: Try harder cell spreading with beta_ = 1.99589e-06
PHY-3002 : Step(37): len = 19372.3, overlap = 44
PHY-3002 : Step(38): len = 19372.3, overlap = 44
PHY-3001 : :::1::: Try harder cell spreading with beta_ = 3.99177e-06
PHY-3002 : Step(39): len = 19235.7, overlap = 44
PHY-3002 : Step(40): len = 19235.7, overlap = 44
PHY-3001 : :::2::: Try harder cell spreading with beta_ = 7.98355e-06
PHY-3002 : Step(41): len = 19639.2, overlap = 44.25
PHY-3002 : Step(42): len = 19639.2, overlap = 44.25
PHY-3001 : Run with size of 2
PHY-3001 : Cell area utilization is 6%
PHY-3001 : :::0::: Try harder cell spreading with beta_ = 6.64946e-06
PHY-3002 : Step(43): len = 20793, overlap = 83.2812
PHY-3002 : Step(44): len = 21105, overlap = 79.5
PHY-3002 : Step(45): len = 21807.7, overlap = 73.5
PHY-3001 : :::1::: Try harder cell spreading with beta_ = 1.32989e-05
PHY-3002 : Step(46): len = 21343.3, overlap = 76.875
PHY-3002 : Step(47): len = 21596.6, overlap = 70.8125
PHY-3002 : Step(48): len = 22519.3, overlap = 70.125
PHY-3001 : :::2::: Try harder cell spreading with beta_ = 2.65979e-05
PHY-3002 : Step(49): len = 24690.7, overlap = 62.625
PHY-3002 : Step(50): len = 24989.4, overlap = 62.4062
PHY-3002 : Step(51): len = 25119.8, overlap = 63.9062
PHY-3002 : Step(52): len = 25430.4, overlap = 59.8438
PHY-3002 : Step(53): len = 24860.8, overlap = 59.2188
PHY-3002 : Step(54): len = 24966.8, overlap = 59.2812
PHY-3002 : Step(55): len = 25042.6, overlap = 57.125
PHY-3001 : :::3::: Try harder cell spreading with beta_ = 5.31957e-05
PHY-3002 : Step(56): len = 25064.7, overlap = 56.0312
PHY-3002 : Step(57): len = 25251.6, overlap = 55.6875
PHY-3002 : Step(58): len = 25361.7, overlap = 55.5938
PHY-3001 : :::4::: Try harder cell spreading with beta_ = 0.000106391
PHY-3002 : Step(59): len = 26404.2, overlap = 52.75
PHY-3002 : Step(60): len = 26772.9, overlap = 53.0938
PHY-3002 : Step(61): len = 27911.3, overlap = 47.5625
PHY-3002 : Step(62): len = 28053.7, overlap = 47.5
PHY-3002 : Step(63): len = 28312.4, overlap = 43.9062
PHY-3002 : Step(64): len = 28349.2, overlap = 42.1875
PHY-3002 : Step(65): len = 28285.5, overlap = 40.6562
PHY-3002 : Step(66): len = 28315.9, overlap = 38.5938
PHY-3002 : Step(67): len = 27633.6, overlap = 36.9375
PHY-3002 : Step(68): len = 27139.3, overlap = 35.6875
PHY-3002 : Step(69): len = 27066.6, overlap = 35.6875
PHY-3001 : :::5::: Try harder cell spreading with beta_ = 0.000212783
PHY-3002 : Step(70): len = 27599.5, overlap = 35.5938
PHY-3002 : Step(71): len = 27665.6, overlap = 35.375
PHY-3002 : Step(72): len = 27890.1, overlap = 36.3438
PHY-3001 : :::6::: Try harder cell spreading with beta_ = 0.000425566
PHY-3002 : Step(73): len = 28241.9, overlap = 34.625
PHY-3002 : Step(74): len = 28342.8, overlap = 34.0625
PHY-3001 : :::7::: Try harder cell spreading with beta_ = 0.000688565
PHY-3002 : Step(75): len = 28581.6, overlap = 35.4375
PHY-3002 : Step(76): len = 29172.5, overlap = 30.1875
PHY-3002 : Step(77): len = 29311.6, overlap = 30.1875
PHY-3001 : :::8::: Try harder cell spreading with beta_ = 0.00137713
PHY-3002 : Step(78): len = 29923.2, overlap = 29.9375
PHY-3002 : Step(79): len = 30307.3, overlap = 30.0312
PHY-3002 : Step(80): len = 30531.5, overlap = 24.25
PHY-3002 : Step(81): len = 30588.7, overlap = 23.625
PHY-3002 : Step(82): len = 30616.4, overlap = 23.625
OPT-1001 : Start physical optimization ...
OPT-1001 : Total overflow 71.75 peak overflow 2.59
OPT-1001 : Start high-fanout net optimization ...
OPT-1001 : Update timing in global mode
PHY-1001 : Start incremental global routing, caller is place ...
RUN-1001 : Generating global routing grids ...
RUN-1001 : Building simple global routing graph ...
PHY-1001 : Generate routing nets ...
PHY-1001 : Reuse net number 0/1348.
PHY-1001 : Global iterations in 16 thread ...
PHY-1002 : len = 35528, over cnt = 142(0%), over = 641, worst = 20
PHY-1001 : End global iterations;  0.053193s wall, 0.046875s user + 0.062500s system = 0.109375s CPU (205.6%)

PHY-1001 : Congestion index: top1 = 32.84, top5 = 18.59, top10 = 11.31, top15 = 7.98.
PHY-1001 : End incremental global routing;  0.101042s wall, 0.109375s user + 0.062500s system = 0.171875s CPU (170.1%)

RUN-1002 : start command "start_timer -report"
TMR-5001 WARNING: No sdc constraints found while initiating timer.
TMR-2505 : Start building timing graph for model audio_speak.
TMR-2506 : Build timing graph completely. Port num: 19, tpin num: 5119, tnet num: 1346, tinst num: 1018, tnode num: 6164, tedge num: 9086.
TMR-2508 : Levelizing timing graph completed, there are 33 levels in total.
TMR-2501 : Timing graph initialized successfully.
OPT-1001 : End timing update;  0.162288s wall, 0.156250s user + 0.000000s system = 0.156250s CPU (96.3%)

OPT-1001 : 0 high-fanout net processed.
OPT-1001 : End high-fanout net optimization;  0.278176s wall, 0.281250s user + 0.062500s system = 0.343750s CPU (123.6%)

OPT-1001 : Current memory(MB): used = 164, reserve = 134, peak = 164.
OPT-1001 : End physical optimization;  0.287397s wall, 0.296875s user + 0.062500s system = 0.359375s CPU (125.0%)

PHY-3001 : Start packing ...
SYN-4007 : Packing 0 MUX to BLE ...
SYN-4008 : Packed 0 MUX and 0 SEQ to BLE.
SYN-4007 : Packing 439 LUT to BLE ...
SYN-4008 : Packed 439 LUT and 203 SEQ to BLE.
SYN-4003 : Packing 87 remaining SEQ's ...
SYN-4005 : Packed 51 SEQ with LUT/SLICE
SYN-4006 : 197 single LUT's are left
SYN-4006 : 36 single SEQ's are left
SYN-4011 : Packing model "audio_speak" (AL_USER_NORMAL) with 475/766 primitive instances ...
PHY-3001 : End packing;  0.022101s wall, 0.015625s user + 0.000000s system = 0.015625s CPU (70.7%)

PHY-1001 : Populate physical database on model audio_speak.
RUN-1001 : There are total 538 instances
RUN-1001 : 252 mslices, 253 lslices, 26 pads, 0 brams, 0 dsps
RUN-1001 : There are total 1149 nets
RUN-1001 : 682 nets have 2 pins
RUN-1001 : 342 nets have [3 - 5] pins
RUN-1001 : 53 nets have [6 - 10] pins
RUN-1001 : 48 nets have [11 - 20] pins
RUN-1001 : 21 nets have [21 - 99] pins
RUN-1001 : 3 nets have 100+ pins
PHY-3001 : design contains 536 instances, 505 slices, 33 macros(258 instances: 164 mslices 94 lslices)
PHY-3001 : Cell area utilization is 6%
PHY-3001 : After packing: Len = 31041.2, Over = 32.75
PHY-3001 : Run with size of 2
PHY-3001 : Cell area utilization is 6%
PHY-3001 : :::0::: Try harder cell spreading with beta_ = 2.95666e-05
PHY-3002 : Step(83): len = 28467, overlap = 34.75
PHY-3002 : Step(84): len = 28275.1, overlap = 35.75
PHY-3002 : Step(85): len = 27798.8, overlap = 40.25
PHY-3001 : :::1::: Try harder cell spreading with beta_ = 5.91332e-05
PHY-3002 : Step(86): len = 28976.5, overlap = 35.25
PHY-3002 : Step(87): len = 29286, overlap = 33.75
PHY-3002 : Step(88): len = 29588.4, overlap = 33.25
PHY-3001 : :::2::: Try harder cell spreading with beta_ = 0.000118266
PHY-3002 : Step(89): len = 30842.8, overlap = 29.75
PHY-3002 : Step(90): len = 31036.2, overlap = 29.25
PHY-3002 : Step(91): len = 31331.4, overlap = 28.5
PHY-3001 : Legalization ...
PHY-3001 : End legalization;  0.072634s wall, 0.062500s user + 0.156250s system = 0.218750s CPU (301.2%)

PHY-3001 : Trial Legalized: Len = 38915.1
PHY-3001 : Run with size of 2
PHY-3001 : Cell area utilization is 6%
PHY-3001 : :::0::: Try harder cell spreading with beta_ = 0.00094394
PHY-3002 : Step(92): len = 37040.3, overlap = 2.5
PHY-3002 : Step(93): len = 35365.7, overlap = 8.5
PHY-3002 : Step(94): len = 34258.3, overlap = 10.5
PHY-3002 : Step(95): len = 33380.4, overlap = 12.75
PHY-3002 : Step(96): len = 32985.2, overlap = 14
PHY-3002 : Step(97): len = 33073.9, overlap = 14.25
PHY-3002 : Step(98): len = 33160.9, overlap = 14.75
PHY-3002 : Step(99): len = 33164.5, overlap = 14.25
PHY-3001 : :::1::: Try harder cell spreading with beta_ = 0.00188788
PHY-3002 : Step(100): len = 33210.6, overlap = 13.5
PHY-3002 : Step(101): len = 33210.6, overlap = 13.5
PHY-3001 : :::2::: Try harder cell spreading with beta_ = 0.00377576
PHY-3002 : Step(102): len = 33386.8, overlap = 13.25
PHY-3002 : Step(103): len = 33442.3, overlap = 13.25
PHY-3001 : Legalization ...
PHY-3001 : End legalization;  0.004182s wall, 0.000000s user + 0.000000s system = 0.000000s CPU (n/a%)

PHY-3001 : Legalized: Len = 36005.7, Over = 0
PHY-3001 : End spreading;  0.002972s wall, 0.015625s user + 0.000000s system = 0.015625s CPU (525.8%)

PHY-3001 : Final: Len = 36005.7, Over = 0
OPT-1001 : Start physical optimization ...
OPT-1001 : Total overflow 0.00 peak overflow 0.00
OPT-1001 : Start high-fanout net optimization ...
OPT-1001 : Update timing in global mode
PHY-1001 : Start incremental global routing, caller is place ...
RUN-1001 : Generating global routing grids ...
PHY-1001 : Generate routing nets ...
PHY-1001 : Reuse net number 57/1149.
PHY-1001 : Global iterations in 16 thread ...
PHY-1002 : len = 44968, over cnt = 116(0%), over = 210, worst = 6
PHY-1002 : len = 46264, over cnt = 50(0%), over = 63, worst = 3
PHY-1002 : len = 46848, over cnt = 9(0%), over = 10, worst = 2
PHY-1002 : len = 46968, over cnt = 2(0%), over = 2, worst = 1
PHY-1002 : len = 47016, over cnt = 0(0%), over = 0, worst = 0
PHY-1001 : End global iterations;  0.109651s wall, 0.109375s user + 0.000000s system = 0.109375s CPU (99.7%)

PHY-1001 : Congestion index: top1 = 29.29, top5 = 19.94, top10 = 13.99, top15 = 10.06.
PHY-1001 : End incremental global routing;  0.163751s wall, 0.156250s user + 0.000000s system = 0.156250s CPU (95.4%)

RUN-1002 : start command "start_timer -report"
TMR-5001 WARNING: No sdc constraints found while initiating timer.
TMR-2505 : Start building timing graph for model audio_speak.
TMR-2506 : Build timing graph completely. Port num: 19, tpin num: 4400, tnet num: 1147, tinst num: 536, tnode num: 5128, tedge num: 8190.
TMR-2508 : Levelizing timing graph completed, there are 32 levels in total.
TMR-2501 : Timing graph initialized successfully.
OPT-1001 : End timing update;  0.144513s wall, 0.156250s user + 0.000000s system = 0.156250s CPU (108.1%)

OPT-1001 : 0 high-fanout net processed.
OPT-1001 : End high-fanout net optimization;  0.321234s wall, 0.312500s user + 0.000000s system = 0.312500s CPU (97.3%)

OPT-1001 : Current memory(MB): used = 168, reserve = 138, peak = 168.
OPT-1001 : Update timing in Manhattan mode
OPT-1001 : End timing update;  0.000986s wall, 0.000000s user + 0.000000s system = 0.000000s CPU (n/a%)

OPT-1001 : Start pin optimization...
OPT-1001 : skip pin optimization...
RUN-1001 : Generating global routing grids ...
PHY-1001 : Generate routing nets ...
PHY-1001 : Reuse net number 972/1149.
PHY-1001 : Global iterations in 16 thread ...
PHY-1002 : len = 47016, over cnt = 0(0%), over = 0, worst = 0
PHY-1001 : End global iterations;  0.003334s wall, 0.000000s user + 0.000000s system = 0.000000s CPU (n/a%)

PHY-1001 : Congestion index: top1 = 29.29, top5 = 19.94, top10 = 13.99, top15 = 10.06.
OPT-1001 : Update timing in Manhattan mode
OPT-1001 : End timing update;  0.001546s wall, 0.000000s user + 0.000000s system = 0.000000s CPU (n/a%)

RUN-1001 : QoR Analysis:
OPT-0007 :   WNS 2147483647 TNS 0 NUM_FEPS 0
RUN-1001 :   No local congestion issue, and most congested 1% tile average routing util is 28.827586
RUN-1001 :   Top critical paths
OPT-1001 : End physical optimization;  0.386069s wall, 0.375000s user + 0.000000s system = 0.375000s CPU (97.1%)

RUN-1003 : finish command "place" in  3.000407s wall, 4.437500s user + 3.640625s system = 8.078125s CPU (269.2%)

RUN-1004 : used memory is 149 MB, reserved memory is 120 MB, peak memory is 169 MB
RUN-1002 : start command "export_db ES8388_place.db"
RUN-1001 : Exported /
RUN-1001 : Exported flow parameters
RUN-1001 : Exported libs
RUN-1001 : Exported entities
RUN-1001 : Exported ports
RUN-1001 : Exported pins
RUN-1001 : Exported instances
RUN-1001 : Exported nets
RUN-1001 : Exported buses
RUN-1001 : Exported models
RUN-1001 : Exported congestions
RUN-1001 : Exported violations
RUN-1001 : Exported IO constraints
RUN-1001 : Exported Inst constraints
RUN-1002 : start command "route"
RUN-1001 : Open license file D:/1.career/Anlogic/TD5.6.2/license/Anlogic.lic
RUN-1001 : Print Global Property
RUN-1001 : ---------------------------------------------------------------
RUN-1001 :        Parameters        |  Settings  |  Default Values  |  Note  
RUN-1001 : ---------------------------------------------------------------
RUN-1001 :          message         |  standard  |     standard     |        
RUN-1001 :   mixed_pack_place_flow  |     on     |        on        |        
RUN-1001 :        qor_monitor       |    off     |       off        |        
RUN-1001 :        syn_ip_flow       |    off     |       off        |        
RUN-1001 :          thread          |    auto    |       auto       |        
RUN-1001 : ---------------------------------------------------------------
RUN-1001 : Print Route Property
RUN-1001 : -------------------------------------------------------
RUN-1001 :    Parameters    |  Settings  |  Default Values  |  Note  
RUN-1001 : -------------------------------------------------------
RUN-1001 :      effort      |   medium   |      medium      |        
RUN-1001 :     fix_hold     |    off     |       off        |        
RUN-1001 :    opt_timing    |   medium   |      medium      |        
RUN-1001 :   phy_sim_model  |    off     |       off        |        
RUN-1001 :     priority     |   timing   |      timing      |        
RUN-1001 :     swap_pin     |     on     |        on        |        
RUN-1001 : -------------------------------------------------------
PHY-1001 : Route runs in 16 thread(s)
RUN-1001 : There are total 538 instances
RUN-1001 : 252 mslices, 253 lslices, 26 pads, 0 brams, 0 dsps
RUN-1001 : There are total 1149 nets
RUN-1001 : 682 nets have 2 pins
RUN-1001 : 342 nets have [3 - 5] pins
RUN-1001 : 53 nets have [6 - 10] pins
RUN-1001 : 48 nets have [11 - 20] pins
RUN-1001 : 21 nets have [21 - 99] pins
RUN-1001 : 3 nets have 100+ pins
RUN-1002 : start command "start_timer -report"
TMR-5001 WARNING: No sdc constraints found while initiating timer.
TMR-2505 : Start building timing graph for model audio_speak.
TMR-2506 : Build timing graph completely. Port num: 19, tpin num: 4400, tnet num: 1147, tinst num: 536, tnode num: 5128, tedge num: 8190.
TMR-2508 : Levelizing timing graph completed, there are 32 levels in total.
TMR-2501 : Timing graph initialized successfully.
PHY-1001 : 252 mslices, 253 lslices, 26 pads, 0 brams, 0 dsps
TMR-2503 : Start to update net delay, extr mode = 3.
TMR-2504 : Update delay of 1147 nets completely.
TMR-2502 : Annotate delay completely, extr mode = 3.
TMR-3002 : No user constraint, initiate default constraint.
TMR-1501 : Assign derive clock DeriveClock to 346 clock pins, and constraint 725 relative nodes.
TMR-3003 : Constraints initiated successfully.
TMR-3501 : Forward propagation: start to calculate arrival time...
TMR-3502 : Backward propagation: start to calculate required time...
TMR-3503 : Timing propagation completes.
PHY-1001 : Start global routing, caller is route ...
RUN-1001 : Generating global routing grids ...
PHY-1001 : Generate routing nets ...
PHY-1001 : Global iterations in 16 thread ...
PHY-1002 : len = 44248, over cnt = 112(0%), over = 210, worst = 6
PHY-1002 : len = 45664, over cnt = 35(0%), over = 43, worst = 2
PHY-1002 : len = 46104, over cnt = 8(0%), over = 9, worst = 2
PHY-1002 : len = 46280, over cnt = 0(0%), over = 0, worst = 0
PHY-1001 : End global iterations;  0.108441s wall, 0.109375s user + 0.000000s system = 0.109375s CPU (100.9%)

PHY-1001 : Congestion index: top1 = 28.73, top5 = 19.81, top10 = 13.76, top15 = 9.91.
PHY-1001 : End global routing;  0.161068s wall, 0.156250s user + 0.000000s system = 0.156250s CPU (97.0%)

PHY-1001 : Start detail routing ...
PHY-1001 : Current memory(MB): used = 194, reserve = 164, peak = 208.
PHY-1001 : Detailed router is running in normal mode.
PHY-1001 : Generate detailed routing grids ...
PHY-1001 : Processed IO instance aud_dacdat_syn_4 with INV attribute.
PHY-1001 : Generate nets ...
PHY-1001 : clock net aud_bclk_syn_4 will be merged with clock aud_bclk_dup_1
PHY-1001 : net aud_mclk_dup_1 will be routed on clock mesh
PHY-1001 : net sys_clk_dup_1 will be routed on clock mesh
PHY-1001 : clock net u_pll_clk/clk0_out will be merged with clock u_pll_clk/clk0_buf
PHY-1001 : clock net u_es8388_ctrl/u_es8388_config/u_i2c_dri/dri_clk_syn_4 will be merged with clock u_es8388_ctrl/u_es8388_config/u_i2c_dri/dri_clk
PHY-1001 : Current memory(MB): used = 460, reserve = 435, peak = 460.
PHY-1001 : End build detailed router design. 2.650691s wall, 2.531250s user + 0.109375s system = 2.640625s CPU (99.6%)

PHY-1001 : Detail Route ...
PHY-1001 : ===== Detail Route Phase 1 =====
PHY-1001 : Clock net routing.....
PHY-1001 : Routed 0% nets.
PHY-1022 : len = 16016, over cnt = 0(0%), over = 0, worst = 0, crit = 0
PHY-1001 : End initial clock net routed; 0.942227s wall, 0.937500s user + 0.000000s system = 0.937500s CPU (99.5%)

PHY-1001 : Current memory(MB): used = 492, reserve = 468, peak = 492.
PHY-1001 : End phase 1; 0.945012s wall, 0.937500s user + 0.000000s system = 0.937500s CPU (99.2%)

PHY-1001 : ===== Detail Route Phase 2 =====
PHY-1001 : Initial routing.....
PHY-1001 : Routed 32% nets.
PHY-1001 : Routed 39% nets.
PHY-1001 : Routed 47% nets.
PHY-1001 : Routed 58% nets.
PHY-1001 : Routed 77% nets.
PHY-1022 : len = 164384, over cnt = 25(0%), over = 25, worst = 1, crit = 0
PHY-1001 : Current memory(MB): used = 492, reserve = 468, peak = 492.
PHY-1001 : End initial routed; 1.029869s wall, 1.328125s user + 0.171875s system = 1.500000s CPU (145.6%)

PHY-1001 : Current memory(MB): used = 492, reserve = 468, peak = 492.
PHY-1001 : End phase 2; 1.029932s wall, 1.328125s user + 0.171875s system = 1.500000s CPU (145.6%)

PHY-1001 : ===== Detail Route Phase 3 =====
PHY-1001 : Ripup-reroute.....
PHY-1001 : ===== DR Iter 1 =====
PHY-1022 : len = 164272, over cnt = 3(0%), over = 3, worst = 1, crit = 0
PHY-1001 : End DR Iter 1; 0.015887s wall, 0.015625s user + 0.000000s system = 0.015625s CPU (98.3%)

PHY-1001 : ===== DR Iter 2 =====
PHY-1022 : len = 164296, over cnt = 0(0%), over = 0, worst = 0, crit = 0
PHY-1001 : End DR Iter 2; 0.012600s wall, 0.015625s user + 0.000000s system = 0.015625s CPU (124.0%)

PHY-1001 : Commit to database.....
PHY-1001 : 5 feed throughs used by 5 nets
PHY-1001 : End commit to database; 0.103164s wall, 0.109375s user + 0.000000s system = 0.109375s CPU (106.0%)

PHY-1001 : Current memory(MB): used = 504, reserve = 480, peak = 504.
PHY-1001 : End phase 3; 0.228640s wall, 0.234375s user + 0.000000s system = 0.234375s CPU (102.5%)

PHY-1003 : Routed, final wirelength = 164296
PHY-1001 : Current memory(MB): used = 505, reserve = 480, peak = 505.
PHY-1001 : End export database. 0.005867s wall, 0.000000s user + 0.000000s system = 0.000000s CPU (n/a%)

PHY-1001 : End detail routing;  5.026805s wall, 5.187500s user + 0.296875s system = 5.484375s CPU (109.1%)

RUN-1003 : finish command "route" in  5.408079s wall, 5.562500s user + 0.296875s system = 5.859375s CPU (108.3%)

RUN-1004 : used memory is 441 MB, reserved memory is 417 MB, peak memory is 505 MB
RUN-1002 : start command "report_area -io_info -file ES8388_phy.area"
RUN-1001 : standard
***Report Model: audio_speak Device: EG4S20BG256***

IO Statistics
#IO                        27
  #input                   13
  #output                  13
  #inout                    1

Utilization Statistics
#lut                      955   out of  19600    4.87%
#reg                      290   out of  19600    1.48%
#le                       991
  #lut only               701   out of    991   70.74%
  #reg only                36   out of    991    3.63%
  #lut&reg                254   out of    991   25.63%
#dsp                        0   out of     29    0.00%
#bram                       0   out of     64    0.00%
  #bram9k                   0
  #fifo9k                   0
#bram32k                    0   out of     16    0.00%
#pad                       26   out of    188   13.83%
  #ireg                     4
  #oreg                     3
  #treg                     1
#pll                        1   out of      4   25.00%
#gclk                       3   out of     16   18.75%

Clock Resource Statistics
Index     ClockNet                                           Type               DriverType         Driver                                                          Fanout
#1        aud_bclk_dup_1                                     GCLK               io                 aud_bclk_syn_2.di                                               83
#2        u_es8388_ctrl/u_es8388_config/u_i2c_dri/dri_clk    GCLK               mslice             u_es8388_ctrl/u_es8388_config/u_i2c_dri/dri_clk_reg_syn_9.q1    47
#3        sys_clk_dup_1                                      GCLK               io                 sys_clk_syn_2.di                                                44
#4        aud_mclk_dup_1                                     GCLK               pll                u_pll_clk/pll_inst.clkc1                                        0
#5        u_pll_clk/clk0_buf                                 GCLK               pll                u_pll_clk/pll_inst.clkc0                                        0


Detailed IO Report

        Name           Direction    Location    IOStandard    DriveStrength    PullType     PackReg   
     aud_adcdat          INPUT        R14        LVCMOS25          N/A          PULLUP       IREG     
      aud_bclk           INPUT         M6        LVCMOS25          N/A          PULLUP       NONE     
       aud_lrc           INPUT         M7        LVCMOS25          N/A          PULLUP       IREG     
    sw_bass_down         INPUT        A10        LVCMOS25          N/A          PULLUP       NONE     
     sw_bass_up          INPUT        B10        LVCMOS25          N/A          PULLUP       NONE     
   sw_treble_down        INPUT        A11        LVCMOS25          N/A          PULLUP       NONE     
    sw_treble_up         INPUT        A12        LVCMOS25          N/A          PULLUP       NONE     
    sw_visualizer        INPUT         A9        LVCMOS25          N/A          PULLUP       NONE     
     switch_mute         INPUT        A14        LVCMOS25          N/A          PULLUP       NONE     
       sys_clk           INPUT         R7        LVCMOS25          N/A          PULLUP       NONE     
      volume[1]          INPUT        A13        LVCMOS25          N/A          PULLUP       IREG     
      volume[0]          INPUT        B12        LVCMOS25          N/A          PULLUP       IREG     
     aud_dacdat         OUTPUT         P6        LVCMOS25           8            NONE        OREG     
      aud_mclk          OUTPUT         N5        LVCMOS25           8            NONE        NONE     
       aud_scl          OUTPUT        R12        LVCMOS25           8            NONE        OREG     
       ilaclk           OUTPUT         T5        LVCMOS25           8            NONE        NONE     
         led            OUTPUT        H16        LVCMOS25           8            N/A         NONE     
  led_visualizer[7]     OUTPUT        B14        LVCMOS25           8            NONE        NONE     
  led_visualizer[6]     OUTPUT        B15        LVCMOS25           8            NONE        NONE     
  led_visualizer[5]     OUTPUT        B16        LVCMOS25           8            NONE        NONE     
  led_visualizer[4]     OUTPUT        C15        LVCMOS25           8            NONE        NONE     
  led_visualizer[3]     OUTPUT        C16        LVCMOS25           8            NONE        NONE     
  led_visualizer[2]     OUTPUT        E13        LVCMOS25           8            NONE        NONE     
  led_visualizer[1]     OUTPUT        E16        LVCMOS25           8            NONE        NONE     
  led_visualizer[0]     OUTPUT        F16        LVCMOS25           8            NONE        NONE     
       aud_sda           INOUT         R9        LVCMOS25           8           PULLUP     OREG;TREG  

Report Hierarchy Area:
+----------------------------------------------------------------------------------------------------+
|Instance                 |Module               |le     |lut     |ripple  |seq     |bram    |dsp     |
+----------------------------------------------------------------------------------------------------+
|top                      |audio_speak          |991    |697     |258     |298     |0       |0       |
|  u_audio_eq             |audio_eq             |195    |119     |56      |76      |0       |0       |
|  u_audio_led_visualizer |audio_led_visualizer |440    |275     |165     |61      |0       |0       |
|  u_es8388_ctrl          |es8388_ctrl          |316    |279     |27      |145     |0       |0       |
|    u_audio_receive      |audio_receive        |85     |65      |12      |48      |0       |0       |
|    u_audio_send         |audio_send           |42     |42      |0       |26      |0       |0       |
|    u_es8388_config      |es8388_config        |189    |172     |15      |71      |0       |0       |
|      u_i2c_dri          |i2c_dri              |112    |103     |7       |42      |0       |0       |
|      u_i2c_reg_cfg      |i2c_reg_cfg          |77     |69      |8       |29      |0       |0       |
|  u_pll_clk              |clk_wiz_0            |1      |1       |0       |0       |0       |0       |
+----------------------------------------------------------------------------------------------------+


DataNet Average Fanout:

   Index     Fanout     Nets  
    #1          1       654   
    #2          2       239   
    #3          3        90   
    #4          4        13   
    #5        5-10       55   
    #6        11-50      63   
    #7       51-100      1    
    #8       101-500     1    
  Average     2.73            

RUN-1002 : start command "export_db ES8388_pr.db"
RUN-1001 : Exported /
RUN-1001 : Exported flow parameters
RUN-1001 : Exported libs
RUN-1001 : Exported entities
RUN-1001 : Exported ports
RUN-1001 : Exported pins
RUN-1001 : Exported instances
RUN-1001 : Exported nets
RUN-1001 : Exported buses
RUN-1001 : Exported models
RUN-1001 : Exported congestions
RUN-1001 : Exported violations
RUN-1001 : Exported IO constraints
RUN-1001 : Exported Inst constraints
RUN-1002 : start command "export_bid ES8388_inst.bid"
RUN-1002 : start command "bitgen -bit ES8388.bit -unused_io_status pulldown"
BIT-1003 : Start to generate bitstream. 
BIT-1002 : Bitgen processed 162 unused pads, reserve input tri_state with pulldown
BIT-1002 : Init instances with 16 threads.
BIT-1002 : Init instances completely, inst num: 698
BIT-1002 : Init pips with 16 threads.
BIT-1002 : Init pips completely, net num: 1149, pip num: 10497
BIT-1002 : Init feedthrough completely, num: 5
BIT-1003 : Multithreading accelaration with 16 threads.
BIT-1003 : Generate bitstream completely, there are 1512 valid insts, and 32458 bits set as '1'.
BIT-1004 : PLL setting string = 0010
BIT-1004 : Generate bits file ES8388.bit.
RUN-1003 : finish command "bitgen -bit ES8388.bit -unused_io_status pulldown" in  1.411473s wall, 13.500000s user + 0.078125s system = 13.578125s CPU (962.0%)

RUN-1004 : used memory is 443 MB, reserved memory is 430 MB, peak memory is 640 MB
RUN-1002 : start command "backup_run_log run.log ../.logs/phy_1/td_20251124_193732.log"
RUN-1001 : Backing up run's log file succeed.
